****                   ADMIXTURE Version 1.3.0                  ****
****                    Copyright 2008-2015                     ****
****           David Alexander, Suyash Shringarpure,            ****
****                John  Novembre, Ken Lange                   ****
****                                                            ****
****                 Please cite our paper!                     ****
****   Information at www.genetics.ucla.edu/software/admixture  ****

Random seed: 1484
Point estimation method: Block relaxation algorithm
Convergence acceleration algorithm: QuasiNewton, 3 secant conditions
Point estimation will terminate when objective function delta < 0.0001
Estimation of standard errors disabled; will compute point estimates only.
Supervised analysis mode.  Examining .pop file...
Size of G: 3717x190081
Performing five EM steps to prime main algorithm
1 (EM) 	Elapsed: 94.124	Loglikelihood: -1.87534e+08	(delta): 8.80006e+08
2 (EM) 	Elapsed: 94.654	Loglikelihood: -1.79449e+08	(delta): 8.08491e+06
3 (EM) 	Elapsed: 95.381	Loglikelihood: -1.76487e+08	(delta): 2.96182e+06
4 (EM) 	Elapsed: 95.335	Loglikelihood: -1.73843e+08	(delta): 2.64358e+06
5 (EM) 	Elapsed: 92.725	Loglikelihood: -1.70836e+08	(delta): 3.007e+06
Initial loglikelihood: -1.70836e+08
Starting main algorithm
1 (QN/Block) 	Elapsed: 238.735	Loglikelihood: -8.3051e+07	(delta): 8.77853e+07
2 (QN/Block) 	Elapsed: 246.051	Loglikelihood: -7.48919e+07	(delta): 8.15912e+06
3 (QN/Block) 	Elapsed: 256.461	Loglikelihood: -7.12628e+07	(delta): 3.62911e+06
4 (QN/Block) 	Elapsed: 257.213	Loglikelihood: -6.94261e+07	(delta): 1.83672e+06
5 (QN/Block) 	Elapsed: 264.152	Loglikelihood: -6.89998e+07	(delta): 426297
6 (QN/Block) 	Elapsed: 273.984	Loglikelihood: -6.89603e+07	(delta): 39450.9
7 (QN/Block) 	Elapsed: 251.154	Loglikelihood: -6.89558e+07	(delta): 4532.95
8 (QN/Block) 	Elapsed: 248.827	Loglikelihood: -6.89545e+07	(delta): 1284.54
9 (QN/Block) 	Elapsed: 258.88	Loglikelihood: -6.89544e+07	(delta): 106.203
10 (QN/Block) 	Elapsed: 273.192	Loglikelihood: -6.89544e+07	(delta): 24.4267
11 (QN/Block) 	Elapsed: 273.184	Loglikelihood: -6.89544e+07	(delta): 7.5523
12 (QN/Block) 	Elapsed: 270.059	Loglikelihood: -6.89544e+07	(delta): 0.780942
13 (QN/Block) 	Elapsed: 242.592	Loglikelihood: -6.89544e+07	(delta): 0.0439345
14 (QN/Block) 	Elapsed: 238.132	Loglikelihood: -6.89544e+07	(delta): 0.065968
15 (QN/Block) 	Elapsed: 242.952	Loglikelihood: -6.89544e+07	(delta): 0.0177701
16 (QN/Block) 	Elapsed: 265.771	Loglikelihood: -6.89544e+07	(delta): 0.0138641
17 (QN/Block) 	Elapsed: 270.151	Loglikelihood: -6.89544e+07	(delta): 0.0120034
18 (QN/Block) 	Elapsed: 254.581	Loglikelihood: -6.89544e+07	(delta): 0.0104068
19 (QN/Block) 	Elapsed: 259.395	Loglikelihood: -6.89544e+07	(delta): 0.00649062
20 (QN/Block) 	Elapsed: 251.392	Loglikelihood: -6.89544e+07	(delta): 9.63062e-05
Summary: 
Converged in 20 iterations (5790.97 sec)
Loglikelihood: -68954377.967315
Fst divergences between estimated populations: 
	Pop0	Pop1	Pop2	
Pop0	
Pop1	0.761	
Pop2	0.303	0.834	
Pop3	0.748	0.801	0.821	
Writing output files.
