****                   ADMIXTURE Version 1.3.0                  ****
****                    Copyright 2008-2015                     ****
****           David Alexander, Suyash Shringarpure,            ****
****                John  Novembre, Ken Lange                   ****
****                                                            ****
****                 Please cite our paper!                     ****
****   Information at www.genetics.ucla.edu/software/admixture  ****

Random seed: 1471
Point estimation method: Block relaxation algorithm
Convergence acceleration algorithm: QuasiNewton, 3 secant conditions
Point estimation will terminate when objective function delta < 0.0001
Estimation of standard errors disabled; will compute point estimates only.
Supervised analysis mode.  Examining .pop file...
Size of G: 3717x190081
Performing five EM steps to prime main algorithm
1 (EM) 	Elapsed: 83.045	Loglikelihood: -1.87777e+08	(delta): 8.82703e+08
2 (EM) 	Elapsed: 82.426	Loglikelihood: -1.79896e+08	(delta): 7.88103e+06
3 (EM) 	Elapsed: 81.048	Loglikelihood: -1.77183e+08	(delta): 2.71321e+06
4 (EM) 	Elapsed: 80.822	Loglikelihood: -1.74883e+08	(delta): 2.29987e+06
5 (EM) 	Elapsed: 81.915	Loglikelihood: -1.7234e+08	(delta): 2.54245e+06
Initial loglikelihood: -1.7234e+08
Starting main algorithm
1 (QN/Block) 	Elapsed: 213.823	Loglikelihood: -8.18159e+07	(delta): 9.05245e+07
2 (QN/Block) 	Elapsed: 218.133	Loglikelihood: -7.42914e+07	(delta): 7.52455e+06
3 (QN/Block) 	Elapsed: 231.353	Loglikelihood: -7.10119e+07	(delta): 3.27947e+06
4 (QN/Block) 	Elapsed: 227.823	Loglikelihood: -6.94877e+07	(delta): 1.52425e+06
5 (QN/Block) 	Elapsed: 228.807	Loglikelihood: -6.89962e+07	(delta): 491504
6 (QN/Block) 	Elapsed: 254.807	Loglikelihood: -6.89572e+07	(delta): 38988
7 (QN/Block) 	Elapsed: 231.897	Loglikelihood: -6.8955e+07	(delta): 2178.17
8 (QN/Block) 	Elapsed: 232.078	Loglikelihood: -6.89546e+07	(delta): 427.93
9 (QN/Block) 	Elapsed: 232.321	Loglikelihood: -6.89545e+07	(delta): 79.1636
10 (QN/Block) 	Elapsed: 253.074	Loglikelihood: -6.89545e+07	(delta): 21.2873
11 (QN/Block) 	Elapsed: 248.043	Loglikelihood: -6.89544e+07	(delta): 13.9455
12 (QN/Block) 	Elapsed: 247.752	Loglikelihood: -6.89544e+07	(delta): 5.52948
13 (QN/Block) 	Elapsed: 251.129	Loglikelihood: -6.89544e+07	(delta): 1.05793
14 (QN/Block) 	Elapsed: 235.027	Loglikelihood: -6.89544e+07	(delta): 0.0479215
15 (QN/Block) 	Elapsed: 237.532	Loglikelihood: -6.89544e+07	(delta): 0.058567
16 (QN/Block) 	Elapsed: 249.022	Loglikelihood: -6.89544e+07	(delta): 0.0961407
17 (QN/Block) 	Elapsed: 231.716	Loglikelihood: -6.89544e+07	(delta): 0.110532
18 (QN/Block) 	Elapsed: 249.555	Loglikelihood: -6.89544e+07	(delta): 0.000174254
19 (QN/Block) 	Elapsed: 229.846	Loglikelihood: -6.89544e+07	(delta): 1.27554e-05
Summary: 
Converged in 19 iterations (5083.96 sec)
Loglikelihood: -68954439.930794
Fst divergences between estimated populations: 
	Pop0	Pop1	Pop2	
Pop0	
Pop1	0.761	
Pop2	0.303	0.834	
Pop3	0.748	0.801	0.821	
Writing output files.
