****                   ADMIXTURE Version 1.3.0                  ****
****                    Copyright 2008-2015                     ****
****           David Alexander, Suyash Shringarpure,            ****
****                John  Novembre, Ken Lange                   ****
****                                                            ****
****                 Please cite our paper!                     ****
****   Information at www.genetics.ucla.edu/software/admixture  ****

Random seed: 1462
Point estimation method: Block relaxation algorithm
Convergence acceleration algorithm: QuasiNewton, 3 secant conditions
Point estimation will terminate when objective function delta < 0.0001
Estimation of standard errors disabled; will compute point estimates only.
Supervised analysis mode.  Examining .pop file...
Size of G: 3717x190081
Performing five EM steps to prime main algorithm
1 (EM) 	Elapsed: 84.318	Loglikelihood: -1.87545e+08	(delta): 8.81503e+08
2 (EM) 	Elapsed: 82.768	Loglikelihood: -1.7945e+08	(delta): 8.09445e+06
3 (EM) 	Elapsed: 80.647	Loglikelihood: -1.76534e+08	(delta): 2.91623e+06
4 (EM) 	Elapsed: 83.639	Loglikelihood: -1.74005e+08	(delta): 2.52899e+06
5 (EM) 	Elapsed: 84.577	Loglikelihood: -1.71155e+08	(delta): 2.84983e+06
Initial loglikelihood: -1.71155e+08
Starting main algorithm
1 (QN/Block) 	Elapsed: 217.098	Loglikelihood: -8.29113e+07	(delta): 8.82438e+07
2 (QN/Block) 	Elapsed: 192.16	Loglikelihood: -7.47273e+07	(delta): 8.18405e+06
3 (QN/Block) 	Elapsed: 225.946	Loglikelihood: -7.11241e+07	(delta): 3.60321e+06
4 (QN/Block) 	Elapsed: 227.437	Loglikelihood: -6.94098e+07	(delta): 1.7143e+06
5 (QN/Block) 	Elapsed: 250.113	Loglikelihood: -6.90284e+07	(delta): 381322
6 (QN/Block) 	Elapsed: 224.577	Loglikelihood: -6.89757e+07	(delta): 52743.8
7 (QN/Block) 	Elapsed: 231.126	Loglikelihood: -6.89582e+07	(delta): 17540.5
8 (QN/Block) 	Elapsed: 226.94	Loglikelihood: -6.89547e+07	(delta): 3431.07
9 (QN/Block) 	Elapsed: 233.889	Loglikelihood: -6.89544e+07	(delta): 325.68
10 (QN/Block) 	Elapsed: 246.524	Loglikelihood: -6.89544e+07	(delta): 32.4982
11 (QN/Block) 	Elapsed: 259.879	Loglikelihood: -6.89544e+07	(delta): 6.00921
12 (QN/Block) 	Elapsed: 264.902	Loglikelihood: -6.89544e+07	(delta): 2.81179
13 (QN/Block) 	Elapsed: 265.896	Loglikelihood: -6.89544e+07	(delta): 0.413125
14 (QN/Block) 	Elapsed: 266.182	Loglikelihood: -6.89544e+07	(delta): 0.0432807
15 (QN/Block) 	Elapsed: 262.311	Loglikelihood: -6.89544e+07	(delta): 0.0680296
16 (QN/Block) 	Elapsed: 266.66	Loglikelihood: -6.89544e+07	(delta): 0.0756351
17 (QN/Block) 	Elapsed: 270.152	Loglikelihood: -6.89544e+07	(delta): 0.0299234
18 (QN/Block) 	Elapsed: 253.533	Loglikelihood: -6.89544e+07	(delta): 0.0497192
19 (QN/Block) 	Elapsed: 273.796	Loglikelihood: -6.89544e+07	(delta): 0.0023714
20 (QN/Block) 	Elapsed: 273.965	Loglikelihood: -6.89544e+07	(delta): 3.8147e-06
Summary: 
Converged in 20 iterations (5524.71 sec)
Loglikelihood: -68954357.499401
Fst divergences between estimated populations: 
	Pop0	Pop1	Pop2	
Pop0	
Pop1	0.761	
Pop2	0.303	0.834	
Pop3	0.748	0.801	0.821	
Writing output files.
