****                   ADMIXTURE Version 1.3.0                  ****
****                    Copyright 2008-2015                     ****
****           David Alexander, Suyash Shringarpure,            ****
****                John  Novembre, Ken Lange                   ****
****                                                            ****
****                 Please cite our paper!                     ****
****   Information at www.genetics.ucla.edu/software/admixture  ****

Random seed: 1426
Point estimation method: Block relaxation algorithm
Convergence acceleration algorithm: QuasiNewton, 3 secant conditions
Point estimation will terminate when objective function delta < 0.0001
Estimation of standard errors disabled; will compute point estimates only.
Supervised analysis mode.  Examining .pop file...
Size of G: 3717x190081
Performing five EM steps to prime main algorithm
1 (EM) 	Elapsed: 142.676	Loglikelihood: -1.87479e+08	(delta): 8.79866e+08
2 (EM) 	Elapsed: 143.335	Loglikelihood: -1.79275e+08	(delta): 8.20374e+06
3 (EM) 	Elapsed: 98.469	Loglikelihood: -1.76178e+08	(delta): 3.09691e+06
4 (EM) 	Elapsed: 91.596	Loglikelihood: -1.73396e+08	(delta): 2.78237e+06
5 (EM) 	Elapsed: 93.309	Loglikelihood: -1.7022e+08	(delta): 3.17575e+06
Initial loglikelihood: -1.7022e+08
Starting main algorithm
1 (QN/Block) 	Elapsed: 251.075	Loglikelihood: -8.3914e+07	(delta): 8.6306e+07
2 (QN/Block) 	Elapsed: 232.068	Loglikelihood: -7.56429e+07	(delta): 8.27108e+06
3 (QN/Block) 	Elapsed: 244.748	Loglikelihood: -7.16654e+07	(delta): 3.97756e+06
4 (QN/Block) 	Elapsed: 344.304	Loglikelihood: -6.95111e+07	(delta): 2.15425e+06
5 (QN/Block) 	Elapsed: 296.881	Loglikelihood: -6.89983e+07	(delta): 512794
6 (QN/Block) 	Elapsed: 261.999	Loglikelihood: -6.89634e+07	(delta): 34972.2
7 (QN/Block) 	Elapsed: 318.468	Loglikelihood: -6.89565e+07	(delta): 6891.89
8 (QN/Block) 	Elapsed: 333.638	Loglikelihood: -6.89546e+07	(delta): 1887.68
9 (QN/Block) 	Elapsed: 249.646	Loglikelihood: -6.89544e+07	(delta): 240.41
10 (QN/Block) 	Elapsed: 338.779	Loglikelihood: -6.89543e+07	(delta): 8.44861
11 (QN/Block) 	Elapsed: 252.44	Loglikelihood: -6.89543e+07	(delta): 0.231313
12 (QN/Block) 	Elapsed: 242.17	Loglikelihood: -6.89543e+07	(delta): 0.119213
13 (QN/Block) 	Elapsed: 290.38	Loglikelihood: -6.89543e+07	(delta): 0.0200742
14 (QN/Block) 	Elapsed: 246.502	Loglikelihood: -6.89543e+07	(delta): 0.0113954
15 (QN/Block) 	Elapsed: 312.079	Loglikelihood: -6.89543e+07	(delta): 0.00251494
16 (QN/Block) 	Elapsed: 247.359	Loglikelihood: -6.89543e+07	(delta): 0.000339836
17 (QN/Block) 	Elapsed: 293.439	Loglikelihood: -6.89543e+07	(delta): 0.000105321
18 (QN/Block) 	Elapsed: 343.518	Loglikelihood: -6.89543e+07	(delta): 1.44839e-05
Summary: 
Converged in 18 iterations (5884.57 sec)
Loglikelihood: -68954343.175565
Fst divergences between estimated populations: 
	Pop0	Pop1	Pop2	
Pop0	
Pop1	0.761	
Pop2	0.303	0.834	
Pop3	0.748	0.801	0.821	
Writing output files.
