****                   ADMIXTURE Version 1.3.0                  ****
****                    Copyright 2008-2015                     ****
****           David Alexander, Suyash Shringarpure,            ****
****                John  Novembre, Ken Lange                   ****
****                                                            ****
****                 Please cite our paper!                     ****
****   Information at www.genetics.ucla.edu/software/admixture  ****

Random seed: 1469
Point estimation method: Block relaxation algorithm
Convergence acceleration algorithm: QuasiNewton, 3 secant conditions
Point estimation will terminate when objective function delta < 0.0001
Estimation of standard errors disabled; will compute point estimates only.
Supervised analysis mode.  Examining .pop file...
Size of G: 3717x190081
Performing five EM steps to prime main algorithm
1 (EM) 	Elapsed: 78.68	Loglikelihood: -1.87757e+08	(delta): 8.79823e+08
2 (EM) 	Elapsed: 79.694	Loglikelihood: -1.79808e+08	(delta): 7.94933e+06
3 (EM) 	Elapsed: 79.81	Loglikelihood: -1.77015e+08	(delta): 2.79259e+06
4 (EM) 	Elapsed: 78.171	Loglikelihood: -1.74631e+08	(delta): 2.38357e+06
5 (EM) 	Elapsed: 78.948	Loglikelihood: -1.71994e+08	(delta): 2.63694e+06
Initial loglikelihood: -1.71994e+08
Starting main algorithm
1 (QN/Block) 	Elapsed: 197.233	Loglikelihood: -8.30119e+07	(delta): 8.89825e+07
2 (QN/Block) 	Elapsed: 198.275	Loglikelihood: -7.47087e+07	(delta): 8.30321e+06
3 (QN/Block) 	Elapsed: 224.397	Loglikelihood: -7.11012e+07	(delta): 3.60748e+06
4 (QN/Block) 	Elapsed: 220.621	Loglikelihood: -6.93788e+07	(delta): 1.72244e+06
5 (QN/Block) 	Elapsed: 227.108	Loglikelihood: -6.9009e+07	(delta): 369845
6 (QN/Block) 	Elapsed: 237.758	Loglikelihood: -6.89658e+07	(delta): 43142.8
7 (QN/Block) 	Elapsed: 224.179	Loglikelihood: -6.89582e+07	(delta): 7608.78
8 (QN/Block) 	Elapsed: 227.369	Loglikelihood: -6.8955e+07	(delta): 3178.44
9 (QN/Block) 	Elapsed: 238.869	Loglikelihood: -6.89545e+07	(delta): 553.897
10 (QN/Block) 	Elapsed: 247.746	Loglikelihood: -6.89544e+07	(delta): 29.0351
11 (QN/Block) 	Elapsed: 241.744	Loglikelihood: -6.89544e+07	(delta): 4.82572
12 (QN/Block) 	Elapsed: 247.359	Loglikelihood: -6.89544e+07	(delta): 2.82759
13 (QN/Block) 	Elapsed: 257.226	Loglikelihood: -6.89544e+07	(delta): 1.76644
14 (QN/Block) 	Elapsed: 245.582	Loglikelihood: -6.89544e+07	(delta): 0.316926
15 (QN/Block) 	Elapsed: 249.562	Loglikelihood: -6.89544e+07	(delta): 0.0216006
16 (QN/Block) 	Elapsed: 251.685	Loglikelihood: -6.89544e+07	(delta): 0.0140757
17 (QN/Block) 	Elapsed: 248.877	Loglikelihood: -6.89544e+07	(delta): 0.0119519
18 (QN/Block) 	Elapsed: 249.968	Loglikelihood: -6.89544e+07	(delta): 0.0102698
19 (QN/Block) 	Elapsed: 230.056	Loglikelihood: -6.89544e+07	(delta): 0.00397736
20 (QN/Block) 	Elapsed: 228.308	Loglikelihood: -6.89544e+07	(delta): 0.000907242
21 (QN/Block) 	Elapsed: 233.65	Loglikelihood: -6.89544e+07	(delta): 6.05434e-05
Summary: 
Converged in 21 iterations (5510 sec)
Loglikelihood: -68954438.080818
Fst divergences between estimated populations: 
	Pop0	Pop1	Pop2	
Pop0	
Pop1	0.761	
Pop2	0.303	0.834	
Pop3	0.748	0.801	0.821	
Writing output files.
