****                   ADMIXTURE Version 1.3.0                  ****
****                    Copyright 2008-2015                     ****
****           David Alexander, Suyash Shringarpure,            ****
****                John  Novembre, Ken Lange                   ****
****                                                            ****
****                 Please cite our paper!                     ****
****   Information at www.genetics.ucla.edu/software/admixture  ****

Random seed: 1422
Point estimation method: Block relaxation algorithm
Convergence acceleration algorithm: QuasiNewton, 3 secant conditions
Point estimation will terminate when objective function delta < 0.0001
Estimation of standard errors disabled; will compute point estimates only.
Supervised analysis mode.  Examining .pop file...
Size of G: 3717x190081
Performing five EM steps to prime main algorithm
1 (EM) 	Elapsed: 94.152	Loglikelihood: -1.87921e+08	(delta): 8.79556e+08
2 (EM) 	Elapsed: 91.472	Loglikelihood: -1.80179e+08	(delta): 7.74213e+06
3 (EM) 	Elapsed: 93.27	Loglikelihood: -1.77535e+08	(delta): 2.64305e+06
4 (EM) 	Elapsed: 126.411	Loglikelihood: -1.75308e+08	(delta): 2.22708e+06
5 (EM) 	Elapsed: 92.326	Loglikelihood: -1.72885e+08	(delta): 2.42345e+06
Initial loglikelihood: -1.72885e+08
Starting main algorithm
1 (QN/Block) 	Elapsed: 257.291	Loglikelihood: -8.34359e+07	(delta): 8.9449e+07
2 (QN/Block) 	Elapsed: 322.449	Loglikelihood: -7.56304e+07	(delta): 7.80553e+06
3 (QN/Block) 	Elapsed: 343.693	Loglikelihood: -7.16392e+07	(delta): 3.99114e+06
4 (QN/Block) 	Elapsed: 279.258	Loglikelihood: -6.97255e+07	(delta): 1.91369e+06
5 (QN/Block) 	Elapsed: 271.21	Loglikelihood: -6.90781e+07	(delta): 647457
6 (QN/Block) 	Elapsed: 297.323	Loglikelihood: -6.89592e+07	(delta): 118890
7 (QN/Block) 	Elapsed: 287.97	Loglikelihood: -6.89551e+07	(delta): 4141.56
8 (QN/Block) 	Elapsed: 345.826	Loglikelihood: -6.89544e+07	(delta): 627.154
9 (QN/Block) 	Elapsed: 352.524	Loglikelihood: -6.89544e+07	(delta): 41.5226
10 (QN/Block) 	Elapsed: 345.318	Loglikelihood: -6.89544e+07	(delta): 2.4381
11 (QN/Block) 	Elapsed: 344.084	Loglikelihood: -6.89544e+07	(delta): 0.114352
12 (QN/Block) 	Elapsed: 345.308	Loglikelihood: -6.89544e+07	(delta): 0.0611099
13 (QN/Block) 	Elapsed: 386.976	Loglikelihood: -6.89544e+07	(delta): 0.00764228
14 (QN/Block) 	Elapsed: 330.095	Loglikelihood: -6.89544e+07	(delta): 0.000682876
15 (QN/Block) 	Elapsed: 282.988	Loglikelihood: -6.89544e+07	(delta): 9.43244e-05
Summary: 
Converged in 15 iterations (5509.13 sec)
Loglikelihood: -68954383.073207
Fst divergences between estimated populations: 
	Pop0	Pop1	Pop2	
Pop0	
Pop1	0.761	
Pop2	0.303	0.834	
Pop3	0.748	0.801	0.821	
Writing output files.
