****                   ADMIXTURE Version 1.3.0                  ****
****                    Copyright 2008-2015                     ****
****           David Alexander, Suyash Shringarpure,            ****
****                John  Novembre, Ken Lange                   ****
****                                                            ****
****                 Please cite our paper!                     ****
****   Information at www.genetics.ucla.edu/software/admixture  ****

Random seed: 1428
Point estimation method: Block relaxation algorithm
Convergence acceleration algorithm: QuasiNewton, 3 secant conditions
Point estimation will terminate when objective function delta < 0.0001
Estimation of standard errors disabled; will compute point estimates only.
Supervised analysis mode.  Examining .pop file...
Size of G: 3717x190081
Performing five EM steps to prime main algorithm
1 (EM) 	Elapsed: 97.972	Loglikelihood: -1.87655e+08	(delta): 8.79007e+08
2 (EM) 	Elapsed: 95.187	Loglikelihood: -1.79843e+08	(delta): 7.81153e+06
3 (EM) 	Elapsed: 113.154	Loglikelihood: -1.77142e+08	(delta): 2.70143e+06
4 (EM) 	Elapsed: 140.275	Loglikelihood: -1.74875e+08	(delta): 2.26706e+06
5 (EM) 	Elapsed: 101.668	Loglikelihood: -1.72409e+08	(delta): 2.46531e+06
Initial loglikelihood: -1.72409e+08
Starting main algorithm
1 (QN/Block) 	Elapsed: 235.176	Loglikelihood: -8.40834e+07	(delta): 8.8326e+07
2 (QN/Block) 	Elapsed: 235.678	Loglikelihood: -7.54773e+07	(delta): 8.60608e+06
3 (QN/Block) 	Elapsed: 343.657	Loglikelihood: -7.15905e+07	(delta): 3.88676e+06
4 (QN/Block) 	Elapsed: 342.383	Loglikelihood: -6.95179e+07	(delta): 2.07268e+06
5 (QN/Block) 	Elapsed: 343.451	Loglikelihood: -6.89945e+07	(delta): 523332
6 (QN/Block) 	Elapsed: 380.662	Loglikelihood: -6.8958e+07	(delta): 36482.3
7 (QN/Block) 	Elapsed: 320.346	Loglikelihood: -6.89551e+07	(delta): 2910.94
8 (QN/Block) 	Elapsed: 246.602	Loglikelihood: -6.89544e+07	(delta): 691.829
9 (QN/Block) 	Elapsed: 247.586	Loglikelihood: -6.89544e+07	(delta): 45.2798
10 (QN/Block) 	Elapsed: 377.21	Loglikelihood: -6.89544e+07	(delta): 10.0368
11 (QN/Block) 	Elapsed: 271.874	Loglikelihood: -6.89544e+07	(delta): 4.6082
12 (QN/Block) 	Elapsed: 380.347	Loglikelihood: -6.89544e+07	(delta): 0.938303
13 (QN/Block) 	Elapsed: 367.041	Loglikelihood: -6.89544e+07	(delta): 0.0384877
14 (QN/Block) 	Elapsed: 379.452	Loglikelihood: -6.89544e+07	(delta): 0.0221384
15 (QN/Block) 	Elapsed: 381.116	Loglikelihood: -6.89544e+07	(delta): 0.0155677
16 (QN/Block) 	Elapsed: 302.846	Loglikelihood: -6.89544e+07	(delta): 0.0129799
17 (QN/Block) 	Elapsed: 300.243	Loglikelihood: -6.89544e+07	(delta): 0.0110015
18 (QN/Block) 	Elapsed: 258.526	Loglikelihood: -6.89544e+07	(delta): 0.0073237
19 (QN/Block) 	Elapsed: 229.344	Loglikelihood: -6.89544e+07	(delta): 0.00182901
20 (QN/Block) 	Elapsed: 250.02	Loglikelihood: -6.89544e+07	(delta): 0.000192478
21 (QN/Block) 	Elapsed: 209.084	Loglikelihood: -6.89544e+07	(delta): 0.000125527
22 (QN/Block) 	Elapsed: 210.037	Loglikelihood: -6.89544e+07	(delta): 4.02331e-06
Summary: 
Converged in 22 iterations (7415.18 sec)
Loglikelihood: -68954380.634259
Fst divergences between estimated populations: 
	Pop0	Pop1	Pop2	
Pop0	
Pop1	0.761	
Pop2	0.303	0.834	
Pop3	0.748	0.801	0.821	
Writing output files.
