****                   ADMIXTURE Version 1.3.0                  ****
****                    Copyright 2008-2015                     ****
****           David Alexander, Suyash Shringarpure,            ****
****                John  Novembre, Ken Lange                   ****
****                                                            ****
****                 Please cite our paper!                     ****
****   Information at www.genetics.ucla.edu/software/admixture  ****

Random seed: 1461
Point estimation method: Block relaxation algorithm
Convergence acceleration algorithm: QuasiNewton, 3 secant conditions
Point estimation will terminate when objective function delta < 0.0001
Estimation of standard errors disabled; will compute point estimates only.
Supervised analysis mode.  Examining .pop file...
Size of G: 3717x190081
Performing five EM steps to prime main algorithm
1 (EM) 	Elapsed: 80.297	Loglikelihood: -1.87506e+08	(delta): 8.7989e+08
2 (EM) 	Elapsed: 79.441	Loglikelihood: -1.79655e+08	(delta): 7.85151e+06
3 (EM) 	Elapsed: 77.456	Loglikelihood: -1.76905e+08	(delta): 2.75001e+06
4 (EM) 	Elapsed: 78.213	Loglikelihood: -1.74546e+08	(delta): 2.35912e+06
5 (EM) 	Elapsed: 77.386	Loglikelihood: -1.71918e+08	(delta): 2.62783e+06
Initial loglikelihood: -1.71918e+08
Starting main algorithm
1 (QN/Block) 	Elapsed: 199.031	Loglikelihood: -8.38241e+07	(delta): 8.80939e+07
2 (QN/Block) 	Elapsed: 195.405	Loglikelihood: -7.51154e+07	(delta): 8.70865e+06
3 (QN/Block) 	Elapsed: 200.374	Loglikelihood: -7.12899e+07	(delta): 3.82559e+06
4 (QN/Block) 	Elapsed: 207.099	Loglikelihood: -6.93803e+07	(delta): 1.90959e+06
5 (QN/Block) 	Elapsed: 220.181	Loglikelihood: -6.90636e+07	(delta): 316719
6 (QN/Block) 	Elapsed: 186.829	Loglikelihood: -6.8993e+07	(delta): 70570.6
7 (QN/Block) 	Elapsed: 186.603	Loglikelihood: -6.89644e+07	(delta): 28597.2
8 (QN/Block) 	Elapsed: 186.784	Loglikelihood: -6.89553e+07	(delta): 9098.93
9 (QN/Block) 	Elapsed: 206.476	Loglikelihood: -6.89544e+07	(delta): 903.135
10 (QN/Block) 	Elapsed: 193.006	Loglikelihood: -6.89544e+07	(delta): 13.5337
11 (QN/Block) 	Elapsed: 187.253	Loglikelihood: -6.89544e+07	(delta): 1.35814
12 (QN/Block) 	Elapsed: 193.564	Loglikelihood: -6.89544e+07	(delta): 0.371011
13 (QN/Block) 	Elapsed: 205.799	Loglikelihood: -6.89544e+07	(delta): 0.0878222
14 (QN/Block) 	Elapsed: 205.007	Loglikelihood: -6.89544e+07	(delta): 0.0607339
15 (QN/Block) 	Elapsed: 186.769	Loglikelihood: -6.89544e+07	(delta): 0.0408813
16 (QN/Block) 	Elapsed: 187.691	Loglikelihood: -6.89544e+07	(delta): 0.0459566
17 (QN/Block) 	Elapsed: 218.179	Loglikelihood: -6.89544e+07	(delta): 0.012989
18 (QN/Block) 	Elapsed: 210.764	Loglikelihood: -6.89544e+07	(delta): 0.00272386
19 (QN/Block) 	Elapsed: 217.416	Loglikelihood: -6.89544e+07	(delta): 2.54065e-05
Summary: 
Converged in 19 iterations (4356.59 sec)
Loglikelihood: -68954367.068630
Fst divergences between estimated populations: 
	Pop0	Pop1	Pop2	
Pop0	
Pop1	0.761	
Pop2	0.303	0.834	
Pop3	0.748	0.801	0.821	
Writing output files.
