****                   ADMIXTURE Version 1.3.0                  ****
****                    Copyright 2008-2015                     ****
****           David Alexander, Suyash Shringarpure,            ****
****                John  Novembre, Ken Lange                   ****
****                                                            ****
****                 Please cite our paper!                     ****
****   Information at www.genetics.ucla.edu/software/admixture  ****

Random seed: 1492
Point estimation method: Block relaxation algorithm
Convergence acceleration algorithm: QuasiNewton, 3 secant conditions
Point estimation will terminate when objective function delta < 0.0001
Estimation of standard errors disabled; will compute point estimates only.
Supervised analysis mode.  Examining .pop file...
Size of G: 3717x190081
Performing five EM steps to prime main algorithm
1 (EM) 	Elapsed: 79.545	Loglikelihood: -1.87974e+08	(delta): 8.792e+08
2 (EM) 	Elapsed: 78.592	Loglikelihood: -1.8011e+08	(delta): 7.864e+06
3 (EM) 	Elapsed: 78.258	Loglikelihood: -1.77509e+08	(delta): 2.60049e+06
4 (EM) 	Elapsed: 78.7	Loglikelihood: -1.75407e+08	(delta): 2.10237e+06
5 (EM) 	Elapsed: 79.052	Loglikelihood: -1.73191e+08	(delta): 2.21561e+06
Initial loglikelihood: -1.73191e+08
Starting main algorithm
1 (QN/Block) 	Elapsed: 197.574	Loglikelihood: -8.40313e+07	(delta): 8.91598e+07
2 (QN/Block) 	Elapsed: 198.164	Loglikelihood: -7.54095e+07	(delta): 8.62177e+06
3 (QN/Block) 	Elapsed: 211.356	Loglikelihood: -7.1528e+07	(delta): 3.88155e+06
4 (QN/Block) 	Elapsed: 219.303	Loglikelihood: -6.94086e+07	(delta): 2.11934e+06
5 (QN/Block) 	Elapsed: 225.381	Loglikelihood: -6.90345e+07	(delta): 374099
6 (QN/Block) 	Elapsed: 244.816	Loglikelihood: -6.8979e+07	(delta): 55492.2
7 (QN/Block) 	Elapsed: 224.957	Loglikelihood: -6.89616e+07	(delta): 17451.2
8 (QN/Block) 	Elapsed: 226.903	Loglikelihood: -6.89551e+07	(delta): 6496.06
9 (QN/Block) 	Elapsed: 246.18	Loglikelihood: -6.89544e+07	(delta): 635.891
10 (QN/Block) 	Elapsed: 241.721	Loglikelihood: -6.89544e+07	(delta): 27.1733
11 (QN/Block) 	Elapsed: 235.57	Loglikelihood: -6.89544e+07	(delta): 1.71222
12 (QN/Block) 	Elapsed: 235.809	Loglikelihood: -6.89544e+07	(delta): 0.224853
13 (QN/Block) 	Elapsed: 233.603	Loglikelihood: -6.89544e+07	(delta): 0.127103
14 (QN/Block) 	Elapsed: 238.555	Loglikelihood: -6.89544e+07	(delta): 0.039419
15 (QN/Block) 	Elapsed: 249.442	Loglikelihood: -6.89544e+07	(delta): 0.0153741
16 (QN/Block) 	Elapsed: 243.892	Loglikelihood: -6.89544e+07	(delta): 0.00726397
17 (QN/Block) 	Elapsed: 229.57	Loglikelihood: -6.89544e+07	(delta): 9.84222e-05
Summary: 
Converged in 17 iterations (4454.35 sec)
Loglikelihood: -68954418.784687
Fst divergences between estimated populations: 
	Pop0	Pop1	Pop2	
Pop0	
Pop1	0.761	
Pop2	0.303	0.834	
Pop3	0.748	0.801	0.821	
Writing output files.
