****                   ADMIXTURE Version 1.3.0                  ****
****                    Copyright 2008-2015                     ****
****           David Alexander, Suyash Shringarpure,            ****
****                John  Novembre, Ken Lange                   ****
****                                                            ****
****                 Please cite our paper!                     ****
****   Information at www.genetics.ucla.edu/software/admixture  ****

Random seed: 1455
Point estimation method: Block relaxation algorithm
Convergence acceleration algorithm: QuasiNewton, 3 secant conditions
Point estimation will terminate when objective function delta < 0.0001
Estimation of standard errors disabled; will compute point estimates only.
Supervised analysis mode.  Examining .pop file...
Size of G: 3717x190081
Performing five EM steps to prime main algorithm
1 (EM) 	Elapsed: 89.92	Loglikelihood: -1.88006e+08	(delta): 8.79232e+08
2 (EM) 	Elapsed: 88.63	Loglikelihood: -1.80308e+08	(delta): 7.69749e+06
3 (EM) 	Elapsed: 89.521	Loglikelihood: -1.77831e+08	(delta): 2.4774e+06
4 (EM) 	Elapsed: 88.211	Loglikelihood: -1.75881e+08	(delta): 1.94957e+06
5 (EM) 	Elapsed: 87.868	Loglikelihood: -1.73867e+08	(delta): 2.01428e+06
Initial loglikelihood: -1.73867e+08
Starting main algorithm
1 (QN/Block) 	Elapsed: 230.578	Loglikelihood: -8.19623e+07	(delta): 9.19046e+07
2 (QN/Block) 	Elapsed: 231.667	Loglikelihood: -7.45886e+07	(delta): 7.37377e+06
3 (QN/Block) 	Elapsed: 242.325	Loglikelihood: -7.13045e+07	(delta): 3.2841e+06
4 (QN/Block) 	Elapsed: 242.408	Loglikelihood: -6.95597e+07	(delta): 1.74473e+06
5 (QN/Block) 	Elapsed: 242.648	Loglikelihood: -6.90321e+07	(delta): 527671
6 (QN/Block) 	Elapsed: 259.353	Loglikelihood: -6.89605e+07	(delta): 71565.1
7 (QN/Block) 	Elapsed: 241.671	Loglikelihood: -6.89554e+07	(delta): 5057.9
8 (QN/Block) 	Elapsed: 246.493	Loglikelihood: -6.89545e+07	(delta): 917.877
9 (QN/Block) 	Elapsed: 255.221	Loglikelihood: -6.89544e+07	(delta): 94.371
10 (QN/Block) 	Elapsed: 234.088	Loglikelihood: -6.89544e+07	(delta): 6.96456
11 (QN/Block) 	Elapsed: 234.5	Loglikelihood: -6.89544e+07	(delta): 0.118337
12 (QN/Block) 	Elapsed: 232.768	Loglikelihood: -6.89544e+07	(delta): 0.10511
13 (QN/Block) 	Elapsed: 245.699	Loglikelihood: -6.89544e+07	(delta): 0.0216176
14 (QN/Block) 	Elapsed: 225.371	Loglikelihood: -6.89544e+07	(delta): 0.000816643
15 (QN/Block) 	Elapsed: 224.078	Loglikelihood: -6.89544e+07	(delta): 0.000174135
16 (QN/Block) 	Elapsed: 225.873	Loglikelihood: -6.89544e+07	(delta): 6.16014e-05
Summary: 
Converged in 16 iterations (4419.48 sec)
Loglikelihood: -68954428.876762
Fst divergences between estimated populations: 
	Pop0	Pop1	Pop2	
Pop0	
Pop1	0.761	
Pop2	0.303	0.834	
Pop3	0.748	0.801	0.821	
Writing output files.
