****                   ADMIXTURE Version 1.3.0                  ****
****                    Copyright 2008-2015                     ****
****           David Alexander, Suyash Shringarpure,            ****
****                John  Novembre, Ken Lange                   ****
****                                                            ****
****                 Please cite our paper!                     ****
****   Information at www.genetics.ucla.edu/software/admixture  ****

Random seed: 1489
Point estimation method: Block relaxation algorithm
Convergence acceleration algorithm: QuasiNewton, 3 secant conditions
Point estimation will terminate when objective function delta < 0.0001
Estimation of standard errors disabled; will compute point estimates only.
Supervised analysis mode.  Examining .pop file...
Size of G: 3717x190081
Performing five EM steps to prime main algorithm
1 (EM) 	Elapsed: 80.854	Loglikelihood: -1.87727e+08	(delta): 8.79175e+08
2 (EM) 	Elapsed: 80.102	Loglikelihood: -1.7981e+08	(delta): 7.91739e+06
3 (EM) 	Elapsed: 80.592	Loglikelihood: -1.77022e+08	(delta): 2.78822e+06
4 (EM) 	Elapsed: 80.027	Loglikelihood: -1.74649e+08	(delta): 2.37296e+06
5 (EM) 	Elapsed: 79.873	Loglikelihood: -1.72027e+08	(delta): 2.62163e+06
Initial loglikelihood: -1.72027e+08
Starting main algorithm
1 (QN/Block) 	Elapsed: 206.512	Loglikelihood: -8.30501e+07	(delta): 8.89771e+07
2 (QN/Block) 	Elapsed: 203.279	Loglikelihood: -7.48656e+07	(delta): 8.18455e+06
3 (QN/Block) 	Elapsed: 220.018	Loglikelihood: -7.13046e+07	(delta): 3.56103e+06
4 (QN/Block) 	Elapsed: 219.674	Loglikelihood: -6.94543e+07	(delta): 1.85029e+06
5 (QN/Block) 	Elapsed: 229.76	Loglikelihood: -6.90144e+07	(delta): 439916
6 (QN/Block) 	Elapsed: 241.134	Loglikelihood: -6.89647e+07	(delta): 49692.8
7 (QN/Block) 	Elapsed: 221.946	Loglikelihood: -6.89568e+07	(delta): 7846.98
8 (QN/Block) 	Elapsed: 221.902	Loglikelihood: -6.89546e+07	(delta): 2210.77
9 (QN/Block) 	Elapsed: 214.26	Loglikelihood: -6.89545e+07	(delta): 153.463
10 (QN/Block) 	Elapsed: 204.678	Loglikelihood: -6.89545e+07	(delta): 2.95964
11 (QN/Block) 	Elapsed: 211.081	Loglikelihood: -6.89545e+07	(delta): 0.307763
12 (QN/Block) 	Elapsed: 219.942	Loglikelihood: -6.89545e+07	(delta): 0.0660297
13 (QN/Block) 	Elapsed: 210.855	Loglikelihood: -6.89545e+07	(delta): 0.0269656
14 (QN/Block) 	Elapsed: 203.127	Loglikelihood: -6.89545e+07	(delta): 0.0204576
15 (QN/Block) 	Elapsed: 213.436	Loglikelihood: -6.89545e+07	(delta): 0.00819312
16 (QN/Block) 	Elapsed: 195.701	Loglikelihood: -6.89545e+07	(delta): 0.00140059
17 (QN/Block) 	Elapsed: 206.614	Loglikelihood: -6.89545e+07	(delta): 0.000512734
18 (QN/Block) 	Elapsed: 187.992	Loglikelihood: -6.89545e+07	(delta): 0.000872746
19 (QN/Block) 	Elapsed: 188.36	Loglikelihood: -6.89545e+07	(delta): 3.9041e-06
Summary: 
Converged in 19 iterations (4594.57 sec)
Loglikelihood: -68954450.298584
Fst divergences between estimated populations: 
	Pop0	Pop1	Pop2	
Pop0	
Pop1	0.761	
Pop2	0.303	0.834	
Pop3	0.748	0.801	0.821	
Writing output files.
