****                   ADMIXTURE Version 1.3.0                  ****
****                    Copyright 2008-2015                     ****
****           David Alexander, Suyash Shringarpure,            ****
****                John  Novembre, Ken Lange                   ****
****                                                            ****
****                 Please cite our paper!                     ****
****   Information at www.genetics.ucla.edu/software/admixture  ****

Random seed: 1404
Point estimation method: Block relaxation algorithm
Convergence acceleration algorithm: QuasiNewton, 3 secant conditions
Point estimation will terminate when objective function delta < 0.0001
Estimation of standard errors disabled; will compute point estimates only.
Supervised analysis mode.  Examining .pop file...
Size of G: 3717x190081
Performing five EM steps to prime main algorithm
1 (EM) 	Elapsed: 132.98	Loglikelihood: -1.87499e+08	(delta): 8.78672e+08
2 (EM) 	Elapsed: 141.637	Loglikelihood: -1.7924e+08	(delta): 8.25873e+06
3 (EM) 	Elapsed: 102.661	Loglikelihood: -1.76133e+08	(delta): 3.10693e+06
4 (EM) 	Elapsed: 135.993	Loglikelihood: -1.73389e+08	(delta): 2.74426e+06
5 (EM) 	Elapsed: 130.308	Loglikelihood: -1.70409e+08	(delta): 2.98043e+06
Initial loglikelihood: -1.70409e+08
Starting main algorithm
1 (QN/Block) 	Elapsed: 233.573	Loglikelihood: -8.38242e+07	(delta): 8.65844e+07
2 (QN/Block) 	Elapsed: 232.522	Loglikelihood: -7.60914e+07	(delta): 7.73273e+06
3 (QN/Block) 	Elapsed: 258.277	Loglikelihood: -7.20043e+07	(delta): 4.08713e+06
4 (QN/Block) 	Elapsed: 298.954	Loglikelihood: -6.96565e+07	(delta): 2.34784e+06
5 (QN/Block) 	Elapsed: 313.85	Loglikelihood: -6.90303e+07	(delta): 626168
6 (QN/Block) 	Elapsed: 318.08	Loglikelihood: -6.89628e+07	(delta): 67469.2
7 (QN/Block) 	Elapsed: 270.736	Loglikelihood: -6.8956e+07	(delta): 6821.5
8 (QN/Block) 	Elapsed: 294.822	Loglikelihood: -6.89545e+07	(delta): 1462.74
9 (QN/Block) 	Elapsed: 324.196	Loglikelihood: -6.89544e+07	(delta): 115.62
10 (QN/Block) 	Elapsed: 361.937	Loglikelihood: -6.89544e+07	(delta): 2.35718
11 (QN/Block) 	Elapsed: 352.02	Loglikelihood: -6.89544e+07	(delta): 0.193896
12 (QN/Block) 	Elapsed: 330.181	Loglikelihood: -6.89544e+07	(delta): 0.0865322
13 (QN/Block) 	Elapsed: 267.837	Loglikelihood: -6.89544e+07	(delta): 0.0268944
14 (QN/Block) 	Elapsed: 349.746	Loglikelihood: -6.89544e+07	(delta): 0.00208367
15 (QN/Block) 	Elapsed: 305.841	Loglikelihood: -6.89544e+07	(delta): 0.000480428
16 (QN/Block) 	Elapsed: 303.75	Loglikelihood: -6.89544e+07	(delta): 0.000134528
17 (QN/Block) 	Elapsed: 250.71	Loglikelihood: -6.89544e+07	(delta): 5.08577e-05
Summary: 
Converged in 17 iterations (5929.01 sec)
Loglikelihood: -68954429.860504
Fst divergences between estimated populations: 
	Pop0	Pop1	Pop2	
Pop0	
Pop1	0.761	
Pop2	0.303	0.834	
Pop3	0.748	0.801	0.821	
Writing output files.
