****                   ADMIXTURE Version 1.3.0                  ****
****                    Copyright 2008-2015                     ****
****           David Alexander, Suyash Shringarpure,            ****
****                John  Novembre, Ken Lange                   ****
****                                                            ****
****                 Please cite our paper!                     ****
****   Information at www.genetics.ucla.edu/software/admixture  ****

Random seed: 1494
Point estimation method: Block relaxation algorithm
Convergence acceleration algorithm: QuasiNewton, 3 secant conditions
Point estimation will terminate when objective function delta < 0.0001
Estimation of standard errors disabled; will compute point estimates only.
Supervised analysis mode.  Examining .pop file...
Size of G: 3717x190081
Performing five EM steps to prime main algorithm
1 (EM) 	Elapsed: 80.559	Loglikelihood: -1.87755e+08	(delta): 8.77859e+08
2 (EM) 	Elapsed: 79.287	Loglikelihood: -1.79826e+08	(delta): 7.92897e+06
3 (EM) 	Elapsed: 75.699	Loglikelihood: -1.77039e+08	(delta): 2.78747e+06
4 (EM) 	Elapsed: 76.193	Loglikelihood: -1.74656e+08	(delta): 2.38259e+06
5 (EM) 	Elapsed: 75.954	Loglikelihood: -1.72029e+08	(delta): 2.62689e+06
Initial loglikelihood: -1.72029e+08
Starting main algorithm
1 (QN/Block) 	Elapsed: 184.251	Loglikelihood: -8.24848e+07	(delta): 8.95443e+07
2 (QN/Block) 	Elapsed: 182.847	Loglikelihood: -7.44874e+07	(delta): 7.99735e+06
3 (QN/Block) 	Elapsed: 191.457	Loglikelihood: -7.12435e+07	(delta): 3.24389e+06
4 (QN/Block) 	Elapsed: 194.936	Loglikelihood: -6.95453e+07	(delta): 1.69825e+06
5 (QN/Block) 	Elapsed: 210.613	Loglikelihood: -6.89977e+07	(delta): 547625
6 (QN/Block) 	Elapsed: 234.978	Loglikelihood: -6.89606e+07	(delta): 37103.9
7 (QN/Block) 	Elapsed: 219.353	Loglikelihood: -6.8956e+07	(delta): 4565.93
8 (QN/Block) 	Elapsed: 222.472	Loglikelihood: -6.89545e+07	(delta): 1510.28
9 (QN/Block) 	Elapsed: 234.459	Loglikelihood: -6.89544e+07	(delta): 90.6891
10 (QN/Block) 	Elapsed: 224.819	Loglikelihood: -6.89544e+07	(delta): 15.31
11 (QN/Block) 	Elapsed: 243.329	Loglikelihood: -6.89544e+07	(delta): 5.88426
12 (QN/Block) 	Elapsed: 242.941	Loglikelihood: -6.89544e+07	(delta): 3.7785
13 (QN/Block) 	Elapsed: 243.864	Loglikelihood: -6.89544e+07	(delta): 1.5948
14 (QN/Block) 	Elapsed: 245.055	Loglikelihood: -6.89544e+07	(delta): 0.0521422
15 (QN/Block) 	Elapsed: 239.428	Loglikelihood: -6.89544e+07	(delta): 0.0264572
16 (QN/Block) 	Elapsed: 217.348	Loglikelihood: -6.89544e+07	(delta): 0.0157535
17 (QN/Block) 	Elapsed: 230.31	Loglikelihood: -6.89544e+07	(delta): 0.0117501
18 (QN/Block) 	Elapsed: 230.578	Loglikelihood: -6.89544e+07	(delta): 0.0101495
19 (QN/Block) 	Elapsed: 212.145	Loglikelihood: -6.89544e+07	(delta): 0.00367512
20 (QN/Block) 	Elapsed: 211.978	Loglikelihood: -6.89544e+07	(delta): 0.000473946
21 (QN/Block) 	Elapsed: 211.461	Loglikelihood: -6.89544e+07	(delta): 0.000192508
22 (QN/Block) 	Elapsed: 212.263	Loglikelihood: -6.89544e+07	(delta): 3.63588e-05
Summary: 
Converged in 22 iterations (5410.97 sec)
Loglikelihood: -68954368.833813
Fst divergences between estimated populations: 
	Pop0	Pop1	Pop2	
Pop0	
Pop1	0.761	
Pop2	0.303	0.834	
Pop3	0.748	0.801	0.821	
Writing output files.
