****                   ADMIXTURE Version 1.3.0                  ****
****                    Copyright 2008-2015                     ****
****           David Alexander, Suyash Shringarpure,            ****
****                John  Novembre, Ken Lange                   ****
****                                                            ****
****                 Please cite our paper!                     ****
****   Information at www.genetics.ucla.edu/software/admixture  ****

Random seed: 1480
Point estimation method: Block relaxation algorithm
Convergence acceleration algorithm: QuasiNewton, 3 secant conditions
Point estimation will terminate when objective function delta < 0.0001
Estimation of standard errors disabled; will compute point estimates only.
Supervised analysis mode.  Examining .pop file...
Size of G: 3717x190081
Performing five EM steps to prime main algorithm
1 (EM) 	Elapsed: 89.302	Loglikelihood: -1.87555e+08	(delta): 8.8226e+08
2 (EM) 	Elapsed: 87.43	Loglikelihood: -1.79344e+08	(delta): 8.21052e+06
3 (EM) 	Elapsed: 84.619	Loglikelihood: -1.76316e+08	(delta): 3.02849e+06
4 (EM) 	Elapsed: 85.61	Loglikelihood: -1.73619e+08	(delta): 2.69729e+06
5 (EM) 	Elapsed: 89.452	Loglikelihood: -1.70548e+08	(delta): 3.07045e+06
Initial loglikelihood: -1.70548e+08
Starting main algorithm
1 (QN/Block) 	Elapsed: 226.996	Loglikelihood: -8.26744e+07	(delta): 8.78739e+07
2 (QN/Block) 	Elapsed: 227.074	Loglikelihood: -7.4569e+07	(delta): 8.10534e+06
3 (QN/Block) 	Elapsed: 246.464	Loglikelihood: -7.11618e+07	(delta): 3.40727e+06
4 (QN/Block) 	Elapsed: 260.894	Loglikelihood: -6.94058e+07	(delta): 1.75603e+06
5 (QN/Block) 	Elapsed: 249.017	Loglikelihood: -6.90107e+07	(delta): 395055
6 (QN/Block) 	Elapsed: 255.876	Loglikelihood: -6.89638e+07	(delta): 46929.5
7 (QN/Block) 	Elapsed: 236.739	Loglikelihood: -6.89554e+07	(delta): 8380.56
8 (QN/Block) 	Elapsed: 239.721	Loglikelihood: -6.89545e+07	(delta): 872.252
9 (QN/Block) 	Elapsed: 253.525	Loglikelihood: -6.89544e+07	(delta): 124.005
10 (QN/Block) 	Elapsed: 237.359	Loglikelihood: -6.89544e+07	(delta): 8.31485
11 (QN/Block) 	Elapsed: 232.497	Loglikelihood: -6.89544e+07	(delta): 3.16307
12 (QN/Block) 	Elapsed: 254.942	Loglikelihood: -6.89544e+07	(delta): 0.183996
13 (QN/Block) 	Elapsed: 257.801	Loglikelihood: -6.89544e+07	(delta): 0.0792938
14 (QN/Block) 	Elapsed: 250.998	Loglikelihood: -6.89544e+07	(delta): 0.0268838
15 (QN/Block) 	Elapsed: 233.974	Loglikelihood: -6.89544e+07	(delta): 0.0525051
16 (QN/Block) 	Elapsed: 249.647	Loglikelihood: -6.89544e+07	(delta): 0.0164247
17 (QN/Block) 	Elapsed: 235.23	Loglikelihood: -6.89544e+07	(delta): 3.20226e-05
Summary: 
Converged in 17 iterations (4748.08 sec)
Loglikelihood: -68954381.159026
Fst divergences between estimated populations: 
	Pop0	Pop1	Pop2	
Pop0	
Pop1	0.761	
Pop2	0.303	0.834	
Pop3	0.748	0.801	0.821	
Writing output files.
