****                   ADMIXTURE Version 1.3.0                  ****
****                    Copyright 2008-2015                     ****
****           David Alexander, Suyash Shringarpure,            ****
****                John  Novembre, Ken Lange                   ****
****                                                            ****
****                 Please cite our paper!                     ****
****   Information at www.genetics.ucla.edu/software/admixture  ****

Random seed: 1444
Point estimation method: Block relaxation algorithm
Convergence acceleration algorithm: QuasiNewton, 3 secant conditions
Point estimation will terminate when objective function delta < 0.0001
Estimation of standard errors disabled; will compute point estimates only.
Supervised analysis mode.  Examining .pop file...
Size of G: 3717x190081
Performing five EM steps to prime main algorithm
1 (EM) 	Elapsed: 82.405	Loglikelihood: -1.8794e+08	(delta): 8.79575e+08
2 (EM) 	Elapsed: 79.898	Loglikelihood: -1.80141e+08	(delta): 7.79913e+06
3 (EM) 	Elapsed: 83.419	Loglikelihood: -1.7756e+08	(delta): 2.58105e+06
4 (EM) 	Elapsed: 83.998	Loglikelihood: -1.75482e+08	(delta): 2.07743e+06
5 (EM) 	Elapsed: 83.869	Loglikelihood: -1.73302e+08	(delta): 2.1808e+06
Initial loglikelihood: -1.73302e+08
Starting main algorithm
1 (QN/Block) 	Elapsed: 229.64	Loglikelihood: -8.27263e+07	(delta): 9.05753e+07
2 (QN/Block) 	Elapsed: 227.807	Loglikelihood: -7.51415e+07	(delta): 7.58486e+06
3 (QN/Block) 	Elapsed: 235.913	Loglikelihood: -7.15154e+07	(delta): 3.6261e+06
4 (QN/Block) 	Elapsed: 238.392	Loglikelihood: -6.96706e+07	(delta): 1.84479e+06
5 (QN/Block) 	Elapsed: 254.374	Loglikelihood: -6.90786e+07	(delta): 591956
6 (QN/Block) 	Elapsed: 243.039	Loglikelihood: -6.89593e+07	(delta): 119338
7 (QN/Block) 	Elapsed: 242.073	Loglikelihood: -6.8955e+07	(delta): 4292.27
8 (QN/Block) 	Elapsed: 258.065	Loglikelihood: -6.89545e+07	(delta): 512.286
9 (QN/Block) 	Elapsed: 264.448	Loglikelihood: -6.89544e+07	(delta): 43.8176
10 (QN/Block) 	Elapsed: 262.822	Loglikelihood: -6.89544e+07	(delta): 11.9454
11 (QN/Block) 	Elapsed: 263.746	Loglikelihood: -6.89544e+07	(delta): 2.7761
12 (QN/Block) 	Elapsed: 244.163	Loglikelihood: -6.89544e+07	(delta): 0.0782103
13 (QN/Block) 	Elapsed: 249.837	Loglikelihood: -6.89544e+07	(delta): 0.011493
14 (QN/Block) 	Elapsed: 239.36	Loglikelihood: -6.89544e+07	(delta): 0.00343631
15 (QN/Block) 	Elapsed: 242.51	Loglikelihood: -6.89544e+07	(delta): 0.00233956
16 (QN/Block) 	Elapsed: 241.436	Loglikelihood: -6.89544e+07	(delta): 0.000432938
17 (QN/Block) 	Elapsed: 238.547	Loglikelihood: -6.89544e+07	(delta): 3.25739e-05
Summary: 
Converged in 17 iterations (4757.96 sec)
Loglikelihood: -68954411.053751
Fst divergences between estimated populations: 
	Pop0	Pop1	Pop2	
Pop0	
Pop1	0.761	
Pop2	0.303	0.834	
Pop3	0.748	0.801	0.821	
Writing output files.
