****                   ADMIXTURE Version 1.3.0                  ****
****                    Copyright 2008-2015                     ****
****           David Alexander, Suyash Shringarpure,            ****
****                John  Novembre, Ken Lange                   ****
****                                                            ****
****                 Please cite our paper!                     ****
****   Information at www.genetics.ucla.edu/software/admixture  ****

Random seed: 1458
Point estimation method: Block relaxation algorithm
Convergence acceleration algorithm: QuasiNewton, 3 secant conditions
Point estimation will terminate when objective function delta < 0.0001
Estimation of standard errors disabled; will compute point estimates only.
Supervised analysis mode.  Examining .pop file...
Size of G: 3717x190081
Performing five EM steps to prime main algorithm
1 (EM) 	Elapsed: 143.719	Loglikelihood: -1.8775e+08	(delta): 8.80886e+08
2 (EM) 	Elapsed: 116.665	Loglikelihood: -1.79852e+08	(delta): 7.89772e+06
3 (EM) 	Elapsed: 95.58	Loglikelihood: -1.77096e+08	(delta): 2.75614e+06
4 (EM) 	Elapsed: 91.033	Loglikelihood: -1.74745e+08	(delta): 2.3513e+06
5 (EM) 	Elapsed: 89.728	Loglikelihood: -1.72142e+08	(delta): 2.60237e+06
Initial loglikelihood: -1.72142e+08
Starting main algorithm
1 (QN/Block) 	Elapsed: 227.463	Loglikelihood: -8.16702e+07	(delta): 9.0472e+07
2 (QN/Block) 	Elapsed: 230.797	Loglikelihood: -7.41168e+07	(delta): 7.55336e+06
3 (QN/Block) 	Elapsed: 245.201	Loglikelihood: -7.09544e+07	(delta): 3.16243e+06
4 (QN/Block) 	Elapsed: 242.783	Loglikelihood: -6.94264e+07	(delta): 1.52799e+06
5 (QN/Block) 	Elapsed: 243.639	Loglikelihood: -6.8994e+07	(delta): 432380
6 (QN/Block) 	Elapsed: 262.857	Loglikelihood: -6.89589e+07	(delta): 35187.4
7 (QN/Block) 	Elapsed: 232.403	Loglikelihood: -6.8956e+07	(delta): 2893.25
8 (QN/Block) 	Elapsed: 231.287	Loglikelihood: -6.89546e+07	(delta): 1344.69
9 (QN/Block) 	Elapsed: 229.119	Loglikelihood: -6.89545e+07	(delta): 139.68
10 (QN/Block) 	Elapsed: 231.1	Loglikelihood: -6.89544e+07	(delta): 44.5782
11 (QN/Block) 	Elapsed: 239.831	Loglikelihood: -6.89544e+07	(delta): 17.9618
12 (QN/Block) 	Elapsed: 220.853	Loglikelihood: -6.89544e+07	(delta): 2.51317
13 (QN/Block) 	Elapsed: 228.511	Loglikelihood: -6.89544e+07	(delta): 0.435052
14 (QN/Block) 	Elapsed: 219.656	Loglikelihood: -6.89544e+07	(delta): 0.0209177
15 (QN/Block) 	Elapsed: 212.595	Loglikelihood: -6.89544e+07	(delta): 0.00292636
16 (QN/Block) 	Elapsed: 212.028	Loglikelihood: -6.89544e+07	(delta): 0.000798315
17 (QN/Block) 	Elapsed: 215.184	Loglikelihood: -6.89544e+07	(delta): 0.000626549
18 (QN/Block) 	Elapsed: 211.515	Loglikelihood: -6.89544e+07	(delta): 0.000425696
19 (QN/Block) 	Elapsed: 196.616	Loglikelihood: -6.89544e+07	(delta): 4.60446e-06
Summary: 
Converged in 19 iterations (5053.65 sec)
Loglikelihood: -68954412.750725
Fst divergences between estimated populations: 
	Pop0	Pop1	Pop2	
Pop0	
Pop1	0.761	
Pop2	0.303	0.834	
Pop3	0.748	0.801	0.821	
Writing output files.
