****                   ADMIXTURE Version 1.3.0                  ****
****                    Copyright 2008-2015                     ****
****           David Alexander, Suyash Shringarpure,            ****
****                John  Novembre, Ken Lange                   ****
****                                                            ****
****                 Please cite our paper!                     ****
****   Information at www.genetics.ucla.edu/software/admixture  ****

Random seed: 1411
Point estimation method: Block relaxation algorithm
Convergence acceleration algorithm: QuasiNewton, 3 secant conditions
Point estimation will terminate when objective function delta < 0.0001
Estimation of standard errors disabled; will compute point estimates only.
Supervised analysis mode.  Examining .pop file...
Size of G: 3717x190081
Performing five EM steps to prime main algorithm
1 (EM) 	Elapsed: 148.648	Loglikelihood: -1.87775e+08	(delta): 8.80798e+08
2 (EM) 	Elapsed: 99.844	Loglikelihood: -1.79767e+08	(delta): 8.00792e+06
3 (EM) 	Elapsed: 116.351	Loglikelihood: -1.76911e+08	(delta): 2.85537e+06
4 (EM) 	Elapsed: 145.771	Loglikelihood: -1.74427e+08	(delta): 2.48454e+06
5 (EM) 	Elapsed: 96.797	Loglikelihood: -1.71648e+08	(delta): 2.77876e+06
Initial loglikelihood: -1.71648e+08
Starting main algorithm
1 (QN/Block) 	Elapsed: 321.156	Loglikelihood: -8.30778e+07	(delta): 8.85701e+07
2 (QN/Block) 	Elapsed: 324.738	Loglikelihood: -7.47688e+07	(delta): 8.30897e+06
3 (QN/Block) 	Elapsed: 343.362	Loglikelihood: -7.12086e+07	(delta): 3.56026e+06
4 (QN/Block) 	Elapsed: 367.757	Loglikelihood: -6.93809e+07	(delta): 1.82771e+06
5 (QN/Block) 	Elapsed: 272.42	Loglikelihood: -6.90347e+07	(delta): 346122
6 (QN/Block) 	Elapsed: 264.979	Loglikelihood: -6.89876e+07	(delta): 47125.8
7 (QN/Block) 	Elapsed: 245.32	Loglikelihood: -6.89679e+07	(delta): 19673.4
8 (QN/Block) 	Elapsed: 245.736	Loglikelihood: -6.8956e+07	(delta): 11923.4
9 (QN/Block) 	Elapsed: 279.663	Loglikelihood: -6.89545e+07	(delta): 1473.42
10 (QN/Block) 	Elapsed: 316.821	Loglikelihood: -6.89544e+07	(delta): 94.6677
11 (QN/Block) 	Elapsed: 350.917	Loglikelihood: -6.89544e+07	(delta): 1.46101
12 (QN/Block) 	Elapsed: 346.889	Loglikelihood: -6.89544e+07	(delta): 0.532993
13 (QN/Block) 	Elapsed: 254.856	Loglikelihood: -6.89544e+07	(delta): 0.137452
14 (QN/Block) 	Elapsed: 249.149	Loglikelihood: -6.89544e+07	(delta): 0.0748149
15 (QN/Block) 	Elapsed: 341.425	Loglikelihood: -6.89544e+07	(delta): 0.0679775
16 (QN/Block) 	Elapsed: 314.426	Loglikelihood: -6.89544e+07	(delta): 0.00347073
17 (QN/Block) 	Elapsed: 282.374	Loglikelihood: -6.89544e+07	(delta): 0.000125542
18 (QN/Block) 	Elapsed: 242.295	Loglikelihood: -6.89544e+07	(delta): 4.48972e-05
Summary: 
Converged in 18 iterations (6208.9 sec)
Loglikelihood: -68954445.389226
Fst divergences between estimated populations: 
	Pop0	Pop1	Pop2	
Pop0	
Pop1	0.761	
Pop2	0.303	0.834	
Pop3	0.748	0.801	0.821	
Writing output files.
