****                   ADMIXTURE Version 1.3.0                  ****
****                    Copyright 2008-2015                     ****
****           David Alexander, Suyash Shringarpure,            ****
****                John  Novembre, Ken Lange                   ****
****                                                            ****
****                 Please cite our paper!                     ****
****   Information at www.genetics.ucla.edu/software/admixture  ****

Random seed: 1419
Point estimation method: Block relaxation algorithm
Convergence acceleration algorithm: QuasiNewton, 3 secant conditions
Point estimation will terminate when objective function delta < 0.0001
Estimation of standard errors disabled; will compute point estimates only.
Supervised analysis mode.  Examining .pop file...
Size of G: 3717x190081
Performing five EM steps to prime main algorithm
1 (EM) 	Elapsed: 134.705	Loglikelihood: -1.87622e+08	(delta): 8.80975e+08
2 (EM) 	Elapsed: 118.964	Loglikelihood: -1.79626e+08	(delta): 7.99569e+06
3 (EM) 	Elapsed: 146.663	Loglikelihood: -1.7675e+08	(delta): 2.87602e+06
4 (EM) 	Elapsed: 137.351	Loglikelihood: -1.74278e+08	(delta): 2.47165e+06
5 (EM) 	Elapsed: 100.397	Loglikelihood: -1.71546e+08	(delta): 2.73235e+06
Initial loglikelihood: -1.71546e+08
Starting main algorithm
1 (QN/Block) 	Elapsed: 300.6	Loglikelihood: -8.31108e+07	(delta): 8.8435e+07
2 (QN/Block) 	Elapsed: 237.703	Loglikelihood: -7.53388e+07	(delta): 7.77203e+06
3 (QN/Block) 	Elapsed: 270.275	Loglikelihood: -7.14973e+07	(delta): 3.84152e+06
4 (QN/Block) 	Elapsed: 309.161	Loglikelihood: -6.96277e+07	(delta): 1.86957e+06
5 (QN/Block) 	Elapsed: 297.525	Loglikelihood: -6.90279e+07	(delta): 599857
6 (QN/Block) 	Elapsed: 309.936	Loglikelihood: -6.89596e+07	(delta): 68274.4
7 (QN/Block) 	Elapsed: 279.426	Loglikelihood: -6.8955e+07	(delta): 4603.61
8 (QN/Block) 	Elapsed: 281.494	Loglikelihood: -6.89545e+07	(delta): 493.819
9 (QN/Block) 	Elapsed: 350.777	Loglikelihood: -6.89544e+07	(delta): 38.2783
10 (QN/Block) 	Elapsed: 361.946	Loglikelihood: -6.89544e+07	(delta): 5.90528
11 (QN/Block) 	Elapsed: 284.026	Loglikelihood: -6.89544e+07	(delta): 4.2441
12 (QN/Block) 	Elapsed: 338.848	Loglikelihood: -6.89544e+07	(delta): 3.58434
13 (QN/Block) 	Elapsed: 355.59	Loglikelihood: -6.89544e+07	(delta): 1.0594
14 (QN/Block) 	Elapsed: 372.369	Loglikelihood: -6.89544e+07	(delta): 0.0569534
15 (QN/Block) 	Elapsed: 332.164	Loglikelihood: -6.89544e+07	(delta): 0.142812
16 (QN/Block) 	Elapsed: 279.48	Loglikelihood: -6.89544e+07	(delta): 0.0161778
17 (QN/Block) 	Elapsed: 338.083	Loglikelihood: -6.89544e+07	(delta): 0.000751972
18 (QN/Block) 	Elapsed: 254.067	Loglikelihood: -6.89544e+07	(delta): 0.000889242
19 (QN/Block) 	Elapsed: 234.856	Loglikelihood: -6.89544e+07	(delta): 0.000570804
20 (QN/Block) 	Elapsed: 230.61	Loglikelihood: -6.89544e+07	(delta): 2.864e-05
Summary: 
Converged in 20 iterations (6887.05 sec)
Loglikelihood: -68954427.436092
Fst divergences between estimated populations: 
	Pop0	Pop1	Pop2	
Pop0	
Pop1	0.761	
Pop2	0.303	0.834	
Pop3	0.748	0.801	0.821	
Writing output files.
