****                   ADMIXTURE Version 1.3.0                  ****
****                    Copyright 2008-2015                     ****
****           David Alexander, Suyash Shringarpure,            ****
****                John  Novembre, Ken Lange                   ****
****                                                            ****
****                 Please cite our paper!                     ****
****   Information at www.genetics.ucla.edu/software/admixture  ****

Random seed: 1491
Point estimation method: Block relaxation algorithm
Convergence acceleration algorithm: QuasiNewton, 3 secant conditions
Point estimation will terminate when objective function delta < 0.0001
Estimation of standard errors disabled; will compute point estimates only.
Supervised analysis mode.  Examining .pop file...
Size of G: 3717x190081
Performing five EM steps to prime main algorithm
1 (EM) 	Elapsed: 75.86	Loglikelihood: -1.87799e+08	(delta): 8.7853e+08
2 (EM) 	Elapsed: 75.547	Loglikelihood: -1.79893e+08	(delta): 7.90596e+06
3 (EM) 	Elapsed: 75.562	Loglikelihood: -1.77217e+08	(delta): 2.67607e+06
4 (EM) 	Elapsed: 75.448	Loglikelihood: -1.7502e+08	(delta): 2.19685e+06
5 (EM) 	Elapsed: 75.875	Loglikelihood: -1.72686e+08	(delta): 2.33416e+06
Initial loglikelihood: -1.72686e+08
Starting main algorithm
1 (QN/Block) 	Elapsed: 192.336	Loglikelihood: -8.31451e+07	(delta): 8.95406e+07
2 (QN/Block) 	Elapsed: 193.518	Loglikelihood: -7.54247e+07	(delta): 7.72034e+06
3 (QN/Block) 	Elapsed: 199.259	Loglikelihood: -7.16429e+07	(delta): 3.78181e+06
4 (QN/Block) 	Elapsed: 199.436	Loglikelihood: -6.96727e+07	(delta): 1.97026e+06
5 (QN/Block) 	Elapsed: 200.775	Loglikelihood: -6.90362e+07	(delta): 636462
6 (QN/Block) 	Elapsed: 201.275	Loglikelihood: -6.89597e+07	(delta): 76535.3
7 (QN/Block) 	Elapsed: 213.037	Loglikelihood: -6.89547e+07	(delta): 4964.68
8 (QN/Block) 	Elapsed: 206.659	Loglikelihood: -6.89544e+07	(delta): 274.484
9 (QN/Block) 	Elapsed: 220.495	Loglikelihood: -6.89544e+07	(delta): 13.2263
10 (QN/Block) 	Elapsed: 208.901	Loglikelihood: -6.89544e+07	(delta): 4.03175
11 (QN/Block) 	Elapsed: 232.793	Loglikelihood: -6.89544e+07	(delta): 3.30677
12 (QN/Block) 	Elapsed: 235.575	Loglikelihood: -6.89544e+07	(delta): 3.71167
13 (QN/Block) 	Elapsed: 244.07	Loglikelihood: -6.89544e+07	(delta): 1.93973
14 (QN/Block) 	Elapsed: 242.941	Loglikelihood: -6.89544e+07	(delta): 0.0759223
15 (QN/Block) 	Elapsed: 236.143	Loglikelihood: -6.89544e+07	(delta): 0.00865689
16 (QN/Block) 	Elapsed: 217.651	Loglikelihood: -6.89544e+07	(delta): 0.00243805
17 (QN/Block) 	Elapsed: 216.076	Loglikelihood: -6.89544e+07	(delta): 0.000255838
18 (QN/Block) 	Elapsed: 212.225	Loglikelihood: -6.89544e+07	(delta): 7.10189e-05
Summary: 
Converged in 18 iterations (4414.83 sec)
Loglikelihood: -68954415.807433
Fst divergences between estimated populations: 
	Pop0	Pop1	Pop2	
Pop0	
Pop1	0.761	
Pop2	0.303	0.834	
Pop3	0.748	0.801	0.821	
Writing output files.
