****                   ADMIXTURE Version 1.3.0                  ****
****                    Copyright 2008-2015                     ****
****           David Alexander, Suyash Shringarpure,            ****
****                John  Novembre, Ken Lange                   ****
****                                                            ****
****                 Please cite our paper!                     ****
****   Information at www.genetics.ucla.edu/software/admixture  ****

Random seed: 1473
Point estimation method: Block relaxation algorithm
Convergence acceleration algorithm: QuasiNewton, 3 secant conditions
Point estimation will terminate when objective function delta < 0.0001
Estimation of standard errors disabled; will compute point estimates only.
Supervised analysis mode.  Examining .pop file...
Size of G: 3717x190081
Performing five EM steps to prime main algorithm
1 (EM) 	Elapsed: 82.733	Loglikelihood: -1.87933e+08	(delta): 8.7972e+08
2 (EM) 	Elapsed: 81.862	Loglikelihood: -1.80192e+08	(delta): 7.74095e+06
3 (EM) 	Elapsed: 83.477	Loglikelihood: -1.77653e+08	(delta): 2.53984e+06
4 (EM) 	Elapsed: 88.413	Loglikelihood: -1.75649e+08	(delta): 2.00402e+06
5 (EM) 	Elapsed: 87.49	Loglikelihood: -1.73593e+08	(delta): 2.05542e+06
Initial loglikelihood: -1.73593e+08
Starting main algorithm
1 (QN/Block) 	Elapsed: 217.97	Loglikelihood: -8.3167e+07	(delta): 9.04262e+07
2 (QN/Block) 	Elapsed: 215.594	Loglikelihood: -7.5235e+07	(delta): 7.93198e+06
3 (QN/Block) 	Elapsed: 232.167	Loglikelihood: -7.16974e+07	(delta): 3.53768e+06
4 (QN/Block) 	Elapsed: 235.141	Loglikelihood: -6.97733e+07	(delta): 1.92405e+06
5 (QN/Block) 	Elapsed: 250.181	Loglikelihood: -6.9103e+07	(delta): 670254
6 (QN/Block) 	Elapsed: 230.982	Loglikelihood: -6.89613e+07	(delta): 141758
7 (QN/Block) 	Elapsed: 230.643	Loglikelihood: -6.89551e+07	(delta): 6191.94
8 (QN/Block) 	Elapsed: 229.355	Loglikelihood: -6.89545e+07	(delta): 582.29
9 (QN/Block) 	Elapsed: 228.168	Loglikelihood: -6.89545e+07	(delta): 59.2309
10 (QN/Block) 	Elapsed: 239.551	Loglikelihood: -6.89544e+07	(delta): 35.5379
11 (QN/Block) 	Elapsed: 243.026	Loglikelihood: -6.89544e+07	(delta): 21.1355
12 (QN/Block) 	Elapsed: 250.678	Loglikelihood: -6.89544e+07	(delta): 5.70591
13 (QN/Block) 	Elapsed: 248.11	Loglikelihood: -6.89544e+07	(delta): 0.315502
14 (QN/Block) 	Elapsed: 229.731	Loglikelihood: -6.89544e+07	(delta): 0.0245306
15 (QN/Block) 	Elapsed: 229.667	Loglikelihood: -6.89544e+07	(delta): 0.016728
16 (QN/Block) 	Elapsed: 248.632	Loglikelihood: -6.89544e+07	(delta): 0.0166105
17 (QN/Block) 	Elapsed: 247.955	Loglikelihood: -6.89544e+07	(delta): 0.0124715
18 (QN/Block) 	Elapsed: 247.818	Loglikelihood: -6.89544e+07	(delta): 0.0117507
19 (QN/Block) 	Elapsed: 248.036	Loglikelihood: -6.89544e+07	(delta): 0.0010013
20 (QN/Block) 	Elapsed: 227.302	Loglikelihood: -6.89544e+07	(delta): 0.00105572
21 (QN/Block) 	Elapsed: 236.439	Loglikelihood: -6.89544e+07	(delta): 1.69873e-06
Summary: 
Converged in 21 iterations (5574.44 sec)
Loglikelihood: -68954389.609205
Fst divergences between estimated populations: 
	Pop0	Pop1	Pop2	
Pop0	
Pop1	0.761	
Pop2	0.303	0.834	
Pop3	0.748	0.801	0.821	
Writing output files.
