****                   ADMIXTURE Version 1.3.0                  ****
****                    Copyright 2008-2015                     ****
****           David Alexander, Suyash Shringarpure,            ****
****                John  Novembre, Ken Lange                   ****
****                                                            ****
****                 Please cite our paper!                     ****
****   Information at www.genetics.ucla.edu/software/admixture  ****

Random seed: 1464
Point estimation method: Block relaxation algorithm
Convergence acceleration algorithm: QuasiNewton, 3 secant conditions
Point estimation will terminate when objective function delta < 0.0001
Estimation of standard errors disabled; will compute point estimates only.
Supervised analysis mode.  Examining .pop file...
Size of G: 3717x190081
Performing five EM steps to prime main algorithm
1 (EM) 	Elapsed: 76.976	Loglikelihood: -1.88086e+08	(delta): 8.78889e+08
2 (EM) 	Elapsed: 76.451	Loglikelihood: -1.80379e+08	(delta): 7.70719e+06
3 (EM) 	Elapsed: 77.041	Loglikelihood: -1.77855e+08	(delta): 2.52452e+06
4 (EM) 	Elapsed: 76.81	Loglikelihood: -1.75846e+08	(delta): 2.00846e+06
5 (EM) 	Elapsed: 76.381	Loglikelihood: -1.73754e+08	(delta): 2.09176e+06
Initial loglikelihood: -1.73754e+08
Starting main algorithm
1 (QN/Block) 	Elapsed: 184.026	Loglikelihood: -8.19067e+07	(delta): 9.18477e+07
2 (QN/Block) 	Elapsed: 183.732	Loglikelihood: -7.4359e+07	(delta): 7.54768e+06
3 (QN/Block) 	Elapsed: 195.508	Loglikelihood: -7.11383e+07	(delta): 3.22065e+06
4 (QN/Block) 	Elapsed: 199.221	Loglikelihood: -6.9434e+07	(delta): 1.70432e+06
5 (QN/Block) 	Elapsed: 197.074	Loglikelihood: -6.90168e+07	(delta): 417211
6 (QN/Block) 	Elapsed: 234.075	Loglikelihood: -6.89629e+07	(delta): 53917.7
7 (QN/Block) 	Elapsed: 215.958	Loglikelihood: -6.89567e+07	(delta): 6210.85
8 (QN/Block) 	Elapsed: 218.219	Loglikelihood: -6.89548e+07	(delta): 1909.67
9 (QN/Block) 	Elapsed: 236.287	Loglikelihood: -6.89544e+07	(delta): 334.031
10 (QN/Block) 	Elapsed: 216.182	Loglikelihood: -6.89544e+07	(delta): 21.1569
11 (QN/Block) 	Elapsed: 218.109	Loglikelihood: -6.89544e+07	(delta): 4.2715
12 (QN/Block) 	Elapsed: 210.787	Loglikelihood: -6.89544e+07	(delta): 0.0822316
13 (QN/Block) 	Elapsed: 208.857	Loglikelihood: -6.89544e+07	(delta): 0.0152447
14 (QN/Block) 	Elapsed: 214.681	Loglikelihood: -6.89544e+07	(delta): 0.00166495
15 (QN/Block) 	Elapsed: 221.399	Loglikelihood: -6.89544e+07	(delta): 0.000244454
16 (QN/Block) 	Elapsed: 227.635	Loglikelihood: -6.89544e+07	(delta): 0.000208497
17 (QN/Block) 	Elapsed: 226.64	Loglikelihood: -6.89544e+07	(delta): 1.1012e-05
Summary: 
Converged in 17 iterations (4147.47 sec)
Loglikelihood: -68954422.091689
Fst divergences between estimated populations: 
	Pop0	Pop1	Pop2	
Pop0	
Pop1	0.761	
Pop2	0.303	0.834	
Pop3	0.748	0.801	0.821	
Writing output files.
