****                   ADMIXTURE Version 1.3.0                  ****
****                    Copyright 2008-2015                     ****
****           David Alexander, Suyash Shringarpure,            ****
****                John  Novembre, Ken Lange                   ****
****                                                            ****
****                 Please cite our paper!                     ****
****   Information at www.genetics.ucla.edu/software/admixture  ****

Random seed: 1425
Point estimation method: Block relaxation algorithm
Convergence acceleration algorithm: QuasiNewton, 3 secant conditions
Point estimation will terminate when objective function delta < 0.0001
Estimation of standard errors disabled; will compute point estimates only.
Supervised analysis mode.  Examining .pop file...
Size of G: 3717x190081
Performing five EM steps to prime main algorithm
1 (EM) 	Elapsed: 97.399	Loglikelihood: -1.87759e+08	(delta): 8.79309e+08
2 (EM) 	Elapsed: 95.215	Loglikelihood: -1.79888e+08	(delta): 7.87083e+06
3 (EM) 	Elapsed: 147.08	Loglikelihood: -1.77135e+08	(delta): 2.75318e+06
4 (EM) 	Elapsed: 114.142	Loglikelihood: -1.74793e+08	(delta): 2.34112e+06
5 (EM) 	Elapsed: 145.693	Loglikelihood: -1.72198e+08	(delta): 2.59513e+06
Initial loglikelihood: -1.72198e+08
Starting main algorithm
1 (QN/Block) 	Elapsed: 238.274	Loglikelihood: -8.24739e+07	(delta): 8.97244e+07
2 (QN/Block) 	Elapsed: 241.127	Loglikelihood: -7.47229e+07	(delta): 7.75107e+06
3 (QN/Block) 	Elapsed: 296.974	Loglikelihood: -7.12212e+07	(delta): 3.50165e+06
4 (QN/Block) 	Elapsed: 269.061	Loglikelihood: -6.94531e+07	(delta): 1.76808e+06
5 (QN/Block) 	Elapsed: 303.321	Loglikelihood: -6.90037e+07	(delta): 449457
6 (QN/Block) 	Elapsed: 381.877	Loglikelihood: -6.89644e+07	(delta): 39236
7 (QN/Block) 	Elapsed: 341.237	Loglikelihood: -6.89575e+07	(delta): 6927.72
8 (QN/Block) 	Elapsed: 345.001	Loglikelihood: -6.89547e+07	(delta): 2772.19
9 (QN/Block) 	Elapsed: 376.463	Loglikelihood: -6.89544e+07	(delta): 341.283
10 (QN/Block) 	Elapsed: 297.331	Loglikelihood: -6.89544e+07	(delta): 8.25293
11 (QN/Block) 	Elapsed: 242.676	Loglikelihood: -6.89544e+07	(delta): 0.361773
12 (QN/Block) 	Elapsed: 346.385	Loglikelihood: -6.89544e+07	(delta): 0.0660415
13 (QN/Block) 	Elapsed: 315.133	Loglikelihood: -6.89544e+07	(delta): 0.0296051
14 (QN/Block) 	Elapsed: 273.326	Loglikelihood: -6.89544e+07	(delta): 0.00888486
15 (QN/Block) 	Elapsed: 299.237	Loglikelihood: -6.89544e+07	(delta): 0.00106038
16 (QN/Block) 	Elapsed: 275.485	Loglikelihood: -6.89544e+07	(delta): 0.000253841
17 (QN/Block) 	Elapsed: 245.943	Loglikelihood: -6.89544e+07	(delta): 0.000533804
18 (QN/Block) 	Elapsed: 250.424	Loglikelihood: -6.89544e+07	(delta): 2.61366e-05
Summary: 
Converged in 18 iterations (6158.32 sec)
Loglikelihood: -68954389.980066
Fst divergences between estimated populations: 
	Pop0	Pop1	Pop2	
Pop0	
Pop1	0.761	
Pop2	0.303	0.834	
Pop3	0.748	0.801	0.821	
Writing output files.
