****                   ADMIXTURE Version 1.3.0                  ****
****                    Copyright 2008-2015                     ****
****           David Alexander, Suyash Shringarpure,            ****
****                John  Novembre, Ken Lange                   ****
****                                                            ****
****                 Please cite our paper!                     ****
****   Information at www.genetics.ucla.edu/software/admixture  ****

Random seed: 1432
Point estimation method: Block relaxation algorithm
Convergence acceleration algorithm: QuasiNewton, 3 secant conditions
Point estimation will terminate when objective function delta < 0.0001
Estimation of standard errors disabled; will compute point estimates only.
Supervised analysis mode.  Examining .pop file...
Size of G: 3717x190081
Performing five EM steps to prime main algorithm
1 (EM) 	Elapsed: 74.868	Loglikelihood: -1.87677e+08	(delta): 8.78878e+08
2 (EM) 	Elapsed: 74.808	Loglikelihood: -1.79598e+08	(delta): 8.07885e+06
3 (EM) 	Elapsed: 74.519	Loglikelihood: -1.7667e+08	(delta): 2.92759e+06
4 (EM) 	Elapsed: 74.539	Loglikelihood: -1.74136e+08	(delta): 2.53479e+06
5 (EM) 	Elapsed: 75.276	Loglikelihood: -1.71344e+08	(delta): 2.79135e+06
Initial loglikelihood: -1.71344e+08
Starting main algorithm
1 (QN/Block) 	Elapsed: 163.138	Loglikelihood: -8.29352e+07	(delta): 8.8409e+07
2 (QN/Block) 	Elapsed: 163.723	Loglikelihood: -7.5127e+07	(delta): 7.80811e+06
3 (QN/Block) 	Elapsed: 174.843	Loglikelihood: -7.14783e+07	(delta): 3.64874e+06
4 (QN/Block) 	Elapsed: 174.8	Loglikelihood: -6.94861e+07	(delta): 1.99218e+06
5 (QN/Block) 	Elapsed: 174.722	Loglikelihood: -6.9034e+07	(delta): 452149
6 (QN/Block) 	Elapsed: 219.04	Loglikelihood: -6.89728e+07	(delta): 61185.7
7 (QN/Block) 	Elapsed: 197.391	Loglikelihood: -6.8959e+07	(delta): 13828.6
8 (QN/Block) 	Elapsed: 202.402	Loglikelihood: -6.89551e+07	(delta): 3870.39
9 (QN/Block) 	Elapsed: 206.891	Loglikelihood: -6.89546e+07	(delta): 474.667
10 (QN/Block) 	Elapsed: 204.866	Loglikelihood: -6.89545e+07	(delta): 122.394
11 (QN/Block) 	Elapsed: 225.812	Loglikelihood: -6.89544e+07	(delta): 56.5011
12 (QN/Block) 	Elapsed: 232.519	Loglikelihood: -6.89544e+07	(delta): 20.4145
13 (QN/Block) 	Elapsed: 216.681	Loglikelihood: -6.89544e+07	(delta): 5.36831
14 (QN/Block) 	Elapsed: 233.694	Loglikelihood: -6.89544e+07	(delta): 2.35895
15 (QN/Block) 	Elapsed: 218.163	Loglikelihood: -6.89544e+07	(delta): 0.26863
16 (QN/Block) 	Elapsed: 223.564	Loglikelihood: -6.89544e+07	(delta): 0.0221321
17 (QN/Block) 	Elapsed: 211.6	Loglikelihood: -6.89544e+07	(delta): 0.0308568
18 (QN/Block) 	Elapsed: 230.252	Loglikelihood: -6.89544e+07	(delta): 0.0124121
19 (QN/Block) 	Elapsed: 237.445	Loglikelihood: -6.89544e+07	(delta): 0.00609757
20 (QN/Block) 	Elapsed: 221.777	Loglikelihood: -6.89544e+07	(delta): 0.000273347
21 (QN/Block) 	Elapsed: 229.263	Loglikelihood: -6.89544e+07	(delta): 1.93566e-05
Summary: 
Converged in 21 iterations (4907.81 sec)
Loglikelihood: -68954402.541888
Fst divergences between estimated populations: 
	Pop0	Pop1	Pop2	
Pop0	
Pop1	0.761	
Pop2	0.303	0.834	
Pop3	0.748	0.801	0.821	
Writing output files.
