****                   ADMIXTURE Version 1.3.0                  ****
****                    Copyright 2008-2015                     ****
****           David Alexander, Suyash Shringarpure,            ****
****                John  Novembre, Ken Lange                   ****
****                                                            ****
****                 Please cite our paper!                     ****
****   Information at www.genetics.ucla.edu/software/admixture  ****

Random seed: 1486
Point estimation method: Block relaxation algorithm
Convergence acceleration algorithm: QuasiNewton, 3 secant conditions
Point estimation will terminate when objective function delta < 0.0001
Estimation of standard errors disabled; will compute point estimates only.
Supervised analysis mode.  Examining .pop file...
Size of G: 3717x190081
Performing five EM steps to prime main algorithm
1 (EM) 	Elapsed: 87.699	Loglikelihood: -1.87955e+08	(delta): 8.7962e+08
2 (EM) 	Elapsed: 84.244	Loglikelihood: -1.8015e+08	(delta): 7.80505e+06
3 (EM) 	Elapsed: 81.163	Loglikelihood: -1.77576e+08	(delta): 2.5739e+06
4 (EM) 	Elapsed: 83.589	Loglikelihood: -1.75486e+08	(delta): 2.0895e+06
5 (EM) 	Elapsed: 85.243	Loglikelihood: -1.73262e+08	(delta): 2.22408e+06
Initial loglikelihood: -1.73262e+08
Starting main algorithm
1 (QN/Block) 	Elapsed: 219.655	Loglikelihood: -8.22664e+07	(delta): 9.09959e+07
2 (QN/Block) 	Elapsed: 216.619	Loglikelihood: -7.47448e+07	(delta): 7.52162e+06
3 (QN/Block) 	Elapsed: 226.15	Loglikelihood: -7.13279e+07	(delta): 3.41688e+06
4 (QN/Block) 	Elapsed: 223.818	Loglikelihood: -6.9605e+07	(delta): 1.7229e+06
5 (QN/Block) 	Elapsed: 218.56	Loglikelihood: -6.90458e+07	(delta): 559130
6 (QN/Block) 	Elapsed: 238.533	Loglikelihood: -6.89583e+07	(delta): 87542.4
7 (QN/Block) 	Elapsed: 232.669	Loglikelihood: -6.89549e+07	(delta): 3419.9
8 (QN/Block) 	Elapsed: 243.729	Loglikelihood: -6.89545e+07	(delta): 423.335
9 (QN/Block) 	Elapsed: 228.303	Loglikelihood: -6.89544e+07	(delta): 35.351
10 (QN/Block) 	Elapsed: 237.055	Loglikelihood: -6.89544e+07	(delta): 7.76735
11 (QN/Block) 	Elapsed: 239.555	Loglikelihood: -6.89544e+07	(delta): 0.114606
12 (QN/Block) 	Elapsed: 224.061	Loglikelihood: -6.89544e+07	(delta): 0.131478
13 (QN/Block) 	Elapsed: 243.589	Loglikelihood: -6.89544e+07	(delta): 0.0365173
14 (QN/Block) 	Elapsed: 249.098	Loglikelihood: -6.89544e+07	(delta): 0.00172213
15 (QN/Block) 	Elapsed: 224.262	Loglikelihood: -6.89544e+07	(delta): 0.000423178
16 (QN/Block) 	Elapsed: 226.73	Loglikelihood: -6.89544e+07	(delta): 5.29587e-05
Summary: 
Converged in 16 iterations (4269.74 sec)
Loglikelihood: -68954420.358339
Fst divergences between estimated populations: 
	Pop0	Pop1	Pop2	
Pop0	
Pop1	0.761	
Pop2	0.303	0.834	
Pop3	0.748	0.801	0.821	
Writing output files.
