****                   ADMIXTURE Version 1.3.0                  ****
****                    Copyright 2008-2015                     ****
****           David Alexander, Suyash Shringarpure,            ****
****                John  Novembre, Ken Lange                   ****
****                                                            ****
****                 Please cite our paper!                     ****
****   Information at www.genetics.ucla.edu/software/admixture  ****

Random seed: 1478
Point estimation method: Block relaxation algorithm
Convergence acceleration algorithm: QuasiNewton, 3 secant conditions
Point estimation will terminate when objective function delta < 0.0001
Estimation of standard errors disabled; will compute point estimates only.
Supervised analysis mode.  Examining .pop file...
Size of G: 3717x190081
Performing five EM steps to prime main algorithm
1 (EM) 	Elapsed: 84.458	Loglikelihood: -1.88004e+08	(delta): 8.79314e+08
2 (EM) 	Elapsed: 84.696	Loglikelihood: -1.80176e+08	(delta): 7.82787e+06
3 (EM) 	Elapsed: 84.622	Loglikelihood: -1.77559e+08	(delta): 2.61647e+06
4 (EM) 	Elapsed: 85.82	Loglikelihood: -1.75417e+08	(delta): 2.14235e+06
5 (EM) 	Elapsed: 88.085	Loglikelihood: -1.73122e+08	(delta): 2.29478e+06
Initial loglikelihood: -1.73122e+08
Starting main algorithm
1 (QN/Block) 	Elapsed: 222.305	Loglikelihood: -8.24737e+07	(delta): 9.06486e+07
2 (QN/Block) 	Elapsed: 219.608	Loglikelihood: -7.51178e+07	(delta): 7.35595e+06
3 (QN/Block) 	Elapsed: 232.079	Loglikelihood: -7.14986e+07	(delta): 3.61914e+06
4 (QN/Block) 	Elapsed: 229.629	Loglikelihood: -6.97194e+07	(delta): 1.77919e+06
5 (QN/Block) 	Elapsed: 227.22	Loglikelihood: -6.90811e+07	(delta): 638301
6 (QN/Block) 	Elapsed: 226.544	Loglikelihood: -6.89603e+07	(delta): 120797
7 (QN/Block) 	Elapsed: 224.297	Loglikelihood: -6.89551e+07	(delta): 5193.16
8 (QN/Block) 	Elapsed: 234.772	Loglikelihood: -6.89545e+07	(delta): 614.864
9 (QN/Block) 	Elapsed: 246.299	Loglikelihood: -6.89545e+07	(delta): 81.2896
10 (QN/Block) 	Elapsed: 240.561	Loglikelihood: -6.89544e+07	(delta): 31.1935
11 (QN/Block) 	Elapsed: 240.166	Loglikelihood: -6.89544e+07	(delta): 16.473
12 (QN/Block) 	Elapsed: 236.985	Loglikelihood: -6.89544e+07	(delta): 7.82356
13 (QN/Block) 	Elapsed: 244.205	Loglikelihood: -6.89544e+07	(delta): 0.786861
14 (QN/Block) 	Elapsed: 229.356	Loglikelihood: -6.89544e+07	(delta): 0.00250453
15 (QN/Block) 	Elapsed: 226.006	Loglikelihood: -6.89544e+07	(delta): 0.00100797
16 (QN/Block) 	Elapsed: 228.351	Loglikelihood: -6.89544e+07	(delta): 0.00123484
17 (QN/Block) 	Elapsed: 227.718	Loglikelihood: -6.89544e+07	(delta): 0.000177488
18 (QN/Block) 	Elapsed: 225.224	Loglikelihood: -6.89544e+07	(delta): 0.000102878
19 (QN/Block) 	Elapsed: 221.941	Loglikelihood: -6.89544e+07	(delta): 3.02494e-06
Summary: 
Converged in 19 iterations (4980.9 sec)
Loglikelihood: -68954397.248174
Fst divergences between estimated populations: 
	Pop0	Pop1	Pop2	
Pop0	
Pop1	0.761	
Pop2	0.303	0.834	
Pop3	0.748	0.801	0.821	
Writing output files.
