****                   ADMIXTURE Version 1.3.0                  ****
****                    Copyright 2008-2015                     ****
****           David Alexander, Suyash Shringarpure,            ****
****                John  Novembre, Ken Lange                   ****
****                                                            ****
****                 Please cite our paper!                     ****
****   Information at www.genetics.ucla.edu/software/admixture  ****

Random seed: 1483
Point estimation method: Block relaxation algorithm
Convergence acceleration algorithm: QuasiNewton, 3 secant conditions
Point estimation will terminate when objective function delta < 0.0001
Estimation of standard errors disabled; will compute point estimates only.
Supervised analysis mode.  Examining .pop file...
Size of G: 3717x190081
Performing five EM steps to prime main algorithm
1 (EM) 	Elapsed: 100.23	Loglikelihood: -1.88042e+08	(delta): 8.79658e+08
2 (EM) 	Elapsed: 94.047	Loglikelihood: -1.80324e+08	(delta): 7.71809e+06
3 (EM) 	Elapsed: 87.821	Loglikelihood: -1.77824e+08	(delta): 2.50007e+06
4 (EM) 	Elapsed: 86.872	Loglikelihood: -1.75843e+08	(delta): 1.98159e+06
5 (EM) 	Elapsed: 88.659	Loglikelihood: -1.7377e+08	(delta): 2.07248e+06
Initial loglikelihood: -1.7377e+08
Starting main algorithm
1 (QN/Block) 	Elapsed: 230.409	Loglikelihood: -8.20797e+07	(delta): 9.16904e+07
2 (QN/Block) 	Elapsed: 233.282	Loglikelihood: -7.43241e+07	(delta): 7.75556e+06
3 (QN/Block) 	Elapsed: 252.225	Loglikelihood: -7.11488e+07	(delta): 3.17533e+06
4 (QN/Block) 	Elapsed: 256.338	Loglikelihood: -6.93711e+07	(delta): 1.77772e+06
5 (QN/Block) 	Elapsed: 268.051	Loglikelihood: -6.90116e+07	(delta): 359450
6 (QN/Block) 	Elapsed: 247.01	Loglikelihood: -6.89688e+07	(delta): 42823.1
7 (QN/Block) 	Elapsed: 242.541	Loglikelihood: -6.89568e+07	(delta): 11986.4
8 (QN/Block) 	Elapsed: 243.576	Loglikelihood: -6.89546e+07	(delta): 2189.11
9 (QN/Block) 	Elapsed: 253.456	Loglikelihood: -6.89544e+07	(delta): 197.295
10 (QN/Block) 	Elapsed: 252.709	Loglikelihood: -6.89544e+07	(delta): 15.3741
11 (QN/Block) 	Elapsed: 246.393	Loglikelihood: -6.89544e+07	(delta): 0.536802
12 (QN/Block) 	Elapsed: 252.734	Loglikelihood: -6.89544e+07	(delta): 0.0948979
13 (QN/Block) 	Elapsed: 246.558	Loglikelihood: -6.89544e+07	(delta): 0.111283
14 (QN/Block) 	Elapsed: 263.272	Loglikelihood: -6.89544e+07	(delta): 0.0356581
15 (QN/Block) 	Elapsed: 257.557	Loglikelihood: -6.89544e+07	(delta): 0.0209729
16 (QN/Block) 	Elapsed: 258.851	Loglikelihood: -6.89544e+07	(delta): 0.0114914
17 (QN/Block) 	Elapsed: 259.631	Loglikelihood: -6.89544e+07	(delta): 0.00747092
18 (QN/Block) 	Elapsed: 243.691	Loglikelihood: -6.89544e+07	(delta): 0.000341266
19 (QN/Block) 	Elapsed: 244.545	Loglikelihood: -6.89544e+07	(delta): 0.000241399
20 (QN/Block) 	Elapsed: 240.867	Loglikelihood: -6.89544e+07	(delta): 0.000140071
21 (QN/Block) 	Elapsed: 242.017	Loglikelihood: -6.89544e+07	(delta): 0.000178292
22 (QN/Block) 	Elapsed: 227.006	Loglikelihood: -6.89544e+07	(delta): 5.84126e-06
Summary: 
Converged in 22 iterations (6112.89 sec)
Loglikelihood: -68954396.497865
Fst divergences between estimated populations: 
	Pop0	Pop1	Pop2	
Pop0	
Pop1	0.761	
Pop2	0.303	0.834	
Pop3	0.748	0.801	0.821	
Writing output files.
