****                   ADMIXTURE Version 1.3.0                  ****
****                    Copyright 2008-2015                     ****
****           David Alexander, Suyash Shringarpure,            ****
****                John  Novembre, Ken Lange                   ****
****                                                            ****
****                 Please cite our paper!                     ****
****   Information at www.genetics.ucla.edu/software/admixture  ****

Random seed: 1410
Point estimation method: Block relaxation algorithm
Convergence acceleration algorithm: QuasiNewton, 3 secant conditions
Point estimation will terminate when objective function delta < 0.0001
Estimation of standard errors disabled; will compute point estimates only.
Supervised analysis mode.  Examining .pop file...
Size of G: 3717x190081
Performing five EM steps to prime main algorithm
1 (EM) 	Elapsed: 137.469	Loglikelihood: -1.8789e+08	(delta): 8.80945e+08
2 (EM) 	Elapsed: 118.803	Loglikelihood: -1.80024e+08	(delta): 7.86525e+06
3 (EM) 	Elapsed: 143.339	Loglikelihood: -1.77365e+08	(delta): 2.65919e+06
4 (EM) 	Elapsed: 140.622	Loglikelihood: -1.75183e+08	(delta): 2.18224e+06
5 (EM) 	Elapsed: 122.749	Loglikelihood: -1.72827e+08	(delta): 2.35559e+06
Initial loglikelihood: -1.72827e+08
Starting main algorithm
1 (QN/Block) 	Elapsed: 322.472	Loglikelihood: -8.2856e+07	(delta): 8.99714e+07
2 (QN/Block) 	Elapsed: 322.124	Loglikelihood: -7.44029e+07	(delta): 8.45311e+06
3 (QN/Block) 	Elapsed: 346.792	Loglikelihood: -7.10781e+07	(delta): 3.32471e+06
4 (QN/Block) 	Elapsed: 320.211	Loglikelihood: -6.93516e+07	(delta): 1.72656e+06
5 (QN/Block) 	Elapsed: 361.124	Loglikelihood: -6.89886e+07	(delta): 363029
6 (QN/Block) 	Elapsed: 331.186	Loglikelihood: -6.89584e+07	(delta): 30200
7 (QN/Block) 	Elapsed: 261.569	Loglikelihood: -6.8955e+07	(delta): 3310.81
8 (QN/Block) 	Elapsed: 304.511	Loglikelihood: -6.89545e+07	(delta): 542.701
9 (QN/Block) 	Elapsed: 385.787	Loglikelihood: -6.89544e+07	(delta): 58.021
10 (QN/Block) 	Elapsed: 383.39	Loglikelihood: -6.89544e+07	(delta): 34.5562
11 (QN/Block) 	Elapsed: 386.674	Loglikelihood: -6.89544e+07	(delta): 19.1765
12 (QN/Block) 	Elapsed: 331.362	Loglikelihood: -6.89544e+07	(delta): 4.26217
13 (QN/Block) 	Elapsed: 271.991	Loglikelihood: -6.89544e+07	(delta): 0.0702279
14 (QN/Block) 	Elapsed: 330.923	Loglikelihood: -6.89544e+07	(delta): 0.271285
15 (QN/Block) 	Elapsed: 267.21	Loglikelihood: -6.89544e+07	(delta): 0.0104162
16 (QN/Block) 	Elapsed: 282.296	Loglikelihood: -6.89544e+07	(delta): 0.00486545
17 (QN/Block) 	Elapsed: 242.352	Loglikelihood: -6.89544e+07	(delta): 0.000858143
18 (QN/Block) 	Elapsed: 233.541	Loglikelihood: -6.89544e+07	(delta): 6.10054e-05
Summary: 
Converged in 18 iterations (6603.08 sec)
Loglikelihood: -68954386.408501
Fst divergences between estimated populations: 
	Pop0	Pop1	Pop2	
Pop0	
Pop1	0.761	
Pop2	0.303	0.834	
Pop3	0.748	0.801	0.821	
Writing output files.
