****                   ADMIXTURE Version 1.3.0                  ****
****                    Copyright 2008-2015                     ****
****           David Alexander, Suyash Shringarpure,            ****
****                John  Novembre, Ken Lange                   ****
****                                                            ****
****                 Please cite our paper!                     ****
****   Information at www.genetics.ucla.edu/software/admixture  ****

Random seed: 1429
Point estimation method: Block relaxation algorithm
Convergence acceleration algorithm: QuasiNewton, 3 secant conditions
Point estimation will terminate when objective function delta < 0.0001
Estimation of standard errors disabled; will compute point estimates only.
Supervised analysis mode.  Examining .pop file...
Size of G: 3717x190081
Performing five EM steps to prime main algorithm
1 (EM) 	Elapsed: 145.102	Loglikelihood: -1.87794e+08	(delta): 8.79711e+08
2 (EM) 	Elapsed: 144.647	Loglikelihood: -1.80004e+08	(delta): 7.78992e+06
3 (EM) 	Elapsed: 144.373	Loglikelihood: -1.77379e+08	(delta): 2.62534e+06
4 (EM) 	Elapsed: 134.088	Loglikelihood: -1.75219e+08	(delta): 2.15999e+06
5 (EM) 	Elapsed: 144.852	Loglikelihood: -1.7289e+08	(delta): 2.32828e+06
Initial loglikelihood: -1.7289e+08
Starting main algorithm
1 (QN/Block) 	Elapsed: 317.643	Loglikelihood: -8.22413e+07	(delta): 9.0649e+07
2 (QN/Block) 	Elapsed: 289.161	Loglikelihood: -7.47308e+07	(delta): 7.51052e+06
3 (QN/Block) 	Elapsed: 305.489	Loglikelihood: -7.1222e+07	(delta): 3.50881e+06
4 (QN/Block) 	Elapsed: 248.051	Loglikelihood: -6.94492e+07	(delta): 1.77283e+06
5 (QN/Block) 	Elapsed: 278.629	Loglikelihood: -6.90103e+07	(delta): 438854
6 (QN/Block) 	Elapsed: 296.01	Loglikelihood: -6.89594e+07	(delta): 50941.6
7 (QN/Block) 	Elapsed: 283.927	Loglikelihood: -6.89555e+07	(delta): 3915.74
8 (QN/Block) 	Elapsed: 345.43	Loglikelihood: -6.89546e+07	(delta): 890.85
9 (QN/Block) 	Elapsed: 320.075	Loglikelihood: -6.89544e+07	(delta): 150.532
10 (QN/Block) 	Elapsed: 360.344	Loglikelihood: -6.89544e+07	(delta): 5.78422
11 (QN/Block) 	Elapsed: 345.59	Loglikelihood: -6.89544e+07	(delta): 0.1975
12 (QN/Block) 	Elapsed: 349.5	Loglikelihood: -6.89544e+07	(delta): 0.0520326
13 (QN/Block) 	Elapsed: 369.074	Loglikelihood: -6.89544e+07	(delta): 0.0214669
14 (QN/Block) 	Elapsed: 346.493	Loglikelihood: -6.89544e+07	(delta): 0.0109546
15 (QN/Block) 	Elapsed: 338.289	Loglikelihood: -6.89544e+07	(delta): 0.00119285
16 (QN/Block) 	Elapsed: 303.573	Loglikelihood: -6.89544e+07	(delta): 0.000742689
17 (QN/Block) 	Elapsed: 243.816	Loglikelihood: -6.89544e+07	(delta): 0.000544399
18 (QN/Block) 	Elapsed: 234.54	Loglikelihood: -6.89544e+07	(delta): 1.82837e-05
Summary: 
Converged in 18 iterations (6536.36 sec)
Loglikelihood: -68954405.736012
Fst divergences between estimated populations: 
	Pop0	Pop1	Pop2	
Pop0	
Pop1	0.761	
Pop2	0.303	0.834	
Pop3	0.748	0.801	0.821	
Writing output files.
