****                   ADMIXTURE Version 1.3.0                  ****
****                    Copyright 2008-2015                     ****
****           David Alexander, Suyash Shringarpure,            ****
****                John  Novembre, Ken Lange                   ****
****                                                            ****
****                 Please cite our paper!                     ****
****   Information at www.genetics.ucla.edu/software/admixture  ****

Random seed: 1463
Point estimation method: Block relaxation algorithm
Convergence acceleration algorithm: QuasiNewton, 3 secant conditions
Point estimation will terminate when objective function delta < 0.0001
Estimation of standard errors disabled; will compute point estimates only.
Supervised analysis mode.  Examining .pop file...
Size of G: 3717x190081
Performing five EM steps to prime main algorithm
1 (EM) 	Elapsed: 74.62	Loglikelihood: -1.87737e+08	(delta): 8.79604e+08
2 (EM) 	Elapsed: 74.153	Loglikelihood: -1.79711e+08	(delta): 8.02638e+06
3 (EM) 	Elapsed: 74.254	Loglikelihood: -1.76907e+08	(delta): 2.8037e+06
4 (EM) 	Elapsed: 74.067	Loglikelihood: -1.74534e+08	(delta): 2.37298e+06
5 (EM) 	Elapsed: 74.12	Loglikelihood: -1.71923e+08	(delta): 2.61125e+06
Initial loglikelihood: -1.71923e+08
Starting main algorithm
1 (QN/Block) 	Elapsed: 163.672	Loglikelihood: -8.20286e+07	(delta): 8.98943e+07
2 (QN/Block) 	Elapsed: 162.965	Loglikelihood: -7.4174e+07	(delta): 7.8546e+06
3 (QN/Block) 	Elapsed: 175.795	Loglikelihood: -7.10002e+07	(delta): 3.17381e+06
4 (QN/Block) 	Elapsed: 202.174	Loglikelihood: -6.96514e+07	(delta): 1.34888e+06
5 (QN/Block) 	Elapsed: 225.304	Loglikelihood: -6.90705e+07	(delta): 580881
6 (QN/Block) 	Elapsed: 223.72	Loglikelihood: -6.89606e+07	(delta): 109917
7 (QN/Block) 	Elapsed: 213.741	Loglikelihood: -6.89547e+07	(delta): 5814.45
8 (QN/Block) 	Elapsed: 211.106	Loglikelihood: -6.89544e+07	(delta): 370.696
9 (QN/Block) 	Elapsed: 211.314	Loglikelihood: -6.89543e+07	(delta): 46.0394
10 (QN/Block) 	Elapsed: 219.192	Loglikelihood: -6.89543e+07	(delta): 9.65522
11 (QN/Block) 	Elapsed: 237.304	Loglikelihood: -6.89543e+07	(delta): 7.47601
12 (QN/Block) 	Elapsed: 236.698	Loglikelihood: -6.89543e+07	(delta): 5.91037
13 (QN/Block) 	Elapsed: 238.279	Loglikelihood: -6.89543e+07	(delta): 5.38593
14 (QN/Block) 	Elapsed: 237.358	Loglikelihood: -6.89543e+07	(delta): 2.7588
15 (QN/Block) 	Elapsed: 226.702	Loglikelihood: -6.89543e+07	(delta): 0.404297
16 (QN/Block) 	Elapsed: 238.421	Loglikelihood: -6.89543e+07	(delta): 0.00357398
17 (QN/Block) 	Elapsed: 229.706	Loglikelihood: -6.89543e+07	(delta): 0.000522643
18 (QN/Block) 	Elapsed: 228.797	Loglikelihood: -6.89543e+07	(delta): 0.000342503
19 (QN/Block) 	Elapsed: 228.774	Loglikelihood: -6.89543e+07	(delta): 0.00028421
20 (QN/Block) 	Elapsed: 232.109	Loglikelihood: -6.89543e+07	(delta): 5.75185e-06
Summary: 
Converged in 20 iterations (4882.03 sec)
Loglikelihood: -68954291.413308
Fst divergences between estimated populations: 
	Pop0	Pop1	Pop2	
Pop0	
Pop1	0.761	
Pop2	0.303	0.834	
Pop3	0.748	0.801	0.821	
Writing output files.
