****                   ADMIXTURE Version 1.3.0                  ****
****                    Copyright 2008-2015                     ****
****           David Alexander, Suyash Shringarpure,            ****
****                John  Novembre, Ken Lange                   ****
****                                                            ****
****                 Please cite our paper!                     ****
****   Information at www.genetics.ucla.edu/software/admixture  ****

Random seed: 1446
Point estimation method: Block relaxation algorithm
Convergence acceleration algorithm: QuasiNewton, 3 secant conditions
Point estimation will terminate when objective function delta < 0.0001
Estimation of standard errors disabled; will compute point estimates only.
Supervised analysis mode.  Examining .pop file...
Size of G: 3717x190081
Performing five EM steps to prime main algorithm
1 (EM) 	Elapsed: 83.404	Loglikelihood: -1.87373e+08	(delta): 8.81392e+08
2 (EM) 	Elapsed: 83.758	Loglikelihood: -1.79088e+08	(delta): 8.28507e+06
3 (EM) 	Elapsed: 86.234	Loglikelihood: -1.75831e+08	(delta): 3.25726e+06
4 (EM) 	Elapsed: 88.943	Loglikelihood: -1.7282e+08	(delta): 3.01133e+06
5 (EM) 	Elapsed: 87.815	Loglikelihood: -1.69376e+08	(delta): 3.44354e+06
Initial loglikelihood: -1.69376e+08
Starting main algorithm
1 (QN/Block) 	Elapsed: 227.549	Loglikelihood: -8.55602e+07	(delta): 8.38159e+07
2 (QN/Block) 	Elapsed: 220.598	Loglikelihood: -7.67829e+07	(delta): 8.77727e+06
3 (QN/Block) 	Elapsed: 235.019	Loglikelihood: -7.2097e+07	(delta): 4.68594e+06
4 (QN/Block) 	Elapsed: 238.142	Loglikelihood: -6.97078e+07	(delta): 2.38923e+06
5 (QN/Block) 	Elapsed: 240.378	Loglikelihood: -6.90379e+07	(delta): 669868
6 (QN/Block) 	Elapsed: 253.919	Loglikelihood: -6.89638e+07	(delta): 74131.6
7 (QN/Block) 	Elapsed: 270.807	Loglikelihood: -6.89558e+07	(delta): 8005.36
8 (QN/Block) 	Elapsed: 270.318	Loglikelihood: -6.89545e+07	(delta): 1252.69
9 (QN/Block) 	Elapsed: 312.865	Loglikelihood: -6.89544e+07	(delta): 148.445
10 (QN/Block) 	Elapsed: 244.736	Loglikelihood: -6.89544e+07	(delta): 9.69144
11 (QN/Block) 	Elapsed: 264.406	Loglikelihood: -6.89544e+07	(delta): 5.54005
12 (QN/Block) 	Elapsed: 261.636	Loglikelihood: -6.89544e+07	(delta): 5.21308
13 (QN/Block) 	Elapsed: 262.864	Loglikelihood: -6.89544e+07	(delta): 4.20598
14 (QN/Block) 	Elapsed: 264.302	Loglikelihood: -6.89543e+07	(delta): 1.84937
15 (QN/Block) 	Elapsed: 266.746	Loglikelihood: -6.89543e+07	(delta): 0.134763
16 (QN/Block) 	Elapsed: 262.391	Loglikelihood: -6.89543e+07	(delta): 0.0163021
17 (QN/Block) 	Elapsed: 232.123	Loglikelihood: -6.89543e+07	(delta): 0.00390133
18 (QN/Block) 	Elapsed: 232.222	Loglikelihood: -6.89543e+07	(delta): 0.00302067
19 (QN/Block) 	Elapsed: 229.225	Loglikelihood: -6.89543e+07	(delta): 0.000218824
20 (QN/Block) 	Elapsed: 222.754	Loglikelihood: -6.89543e+07	(delta): 1.52886e-05
Summary: 
Converged in 20 iterations (5638.26 sec)
Loglikelihood: -68954348.079318
Fst divergences between estimated populations: 
	Pop0	Pop1	Pop2	
Pop0	
Pop1	0.761	
Pop2	0.303	0.834	
Pop3	0.748	0.801	0.821	
Writing output files.
