****                   ADMIXTURE Version 1.3.0                  ****
****                    Copyright 2008-2015                     ****
****           David Alexander, Suyash Shringarpure,            ****
****                John  Novembre, Ken Lange                   ****
****                                                            ****
****                 Please cite our paper!                     ****
****   Information at www.genetics.ucla.edu/software/admixture  ****

Random seed: 1421
Point estimation method: Block relaxation algorithm
Convergence acceleration algorithm: QuasiNewton, 3 secant conditions
Point estimation will terminate when objective function delta < 0.0001
Estimation of standard errors disabled; will compute point estimates only.
Supervised analysis mode.  Examining .pop file...
Size of G: 3717x190081
Performing five EM steps to prime main algorithm
1 (EM) 	Elapsed: 96.104	Loglikelihood: -1.87588e+08	(delta): 8.79308e+08
2 (EM) 	Elapsed: 106.412	Loglikelihood: -1.79588e+08	(delta): 8.00039e+06
3 (EM) 	Elapsed: 93.574	Loglikelihood: -1.76726e+08	(delta): 2.86193e+06
4 (EM) 	Elapsed: 94.147	Loglikelihood: -1.74269e+08	(delta): 2.45751e+06
5 (EM) 	Elapsed: 102.698	Loglikelihood: -1.71549e+08	(delta): 2.7193e+06
Initial loglikelihood: -1.71549e+08
Starting main algorithm
1 (QN/Block) 	Elapsed: 247.121	Loglikelihood: -8.26979e+07	(delta): 8.88514e+07
2 (QN/Block) 	Elapsed: 291.666	Loglikelihood: -7.48235e+07	(delta): 7.8744e+06
3 (QN/Block) 	Elapsed: 244.312	Loglikelihood: -7.1301e+07	(delta): 3.52244e+06
4 (QN/Block) 	Elapsed: 283.604	Loglikelihood: -6.96185e+07	(delta): 1.68253e+06
5 (QN/Block) 	Elapsed: 249.606	Loglikelihood: -6.90017e+07	(delta): 616775
6 (QN/Block) 	Elapsed: 316.819	Loglikelihood: -6.89594e+07	(delta): 42346.4
7 (QN/Block) 	Elapsed: 344.707	Loglikelihood: -6.89557e+07	(delta): 3690.29
8 (QN/Block) 	Elapsed: 346.821	Loglikelihood: -6.89545e+07	(delta): 1228.49
9 (QN/Block) 	Elapsed: 295.231	Loglikelihood: -6.89544e+07	(delta): 70.3699
10 (QN/Block) 	Elapsed: 267.5	Loglikelihood: -6.89544e+07	(delta): 5.89028
11 (QN/Block) 	Elapsed: 282.669	Loglikelihood: -6.89544e+07	(delta): 0.0936764
12 (QN/Block) 	Elapsed: 350.522	Loglikelihood: -6.89544e+07	(delta): 0.0817529
13 (QN/Block) 	Elapsed: 379.456	Loglikelihood: -6.89544e+07	(delta): 0.0024123
14 (QN/Block) 	Elapsed: 342.284	Loglikelihood: -6.89544e+07	(delta): 0.00315697
15 (QN/Block) 	Elapsed: 289.78	Loglikelihood: -6.89544e+07	(delta): 0.000560045
16 (QN/Block) 	Elapsed: 318.648	Loglikelihood: -6.89544e+07	(delta): 0.000504911
17 (QN/Block) 	Elapsed: 353.167	Loglikelihood: -6.89544e+07	(delta): 9.97335e-05
Summary: 
Converged in 17 iterations (5903.58 sec)
Loglikelihood: -68954383.916333
Fst divergences between estimated populations: 
	Pop0	Pop1	Pop2	
Pop0	
Pop1	0.761	
Pop2	0.303	0.834	
Pop3	0.748	0.801	0.821	
Writing output files.
