****                   ADMIXTURE Version 1.3.0                  ****
****                    Copyright 2008-2015                     ****
****           David Alexander, Suyash Shringarpure,            ****
****                John  Novembre, Ken Lange                   ****
****                                                            ****
****                 Please cite our paper!                     ****
****   Information at www.genetics.ucla.edu/software/admixture  ****

Random seed: 1479
Point estimation method: Block relaxation algorithm
Convergence acceleration algorithm: QuasiNewton, 3 secant conditions
Point estimation will terminate when objective function delta < 0.0001
Estimation of standard errors disabled; will compute point estimates only.
Supervised analysis mode.  Examining .pop file...
Size of G: 3717x190081
Performing five EM steps to prime main algorithm
1 (EM) 	Elapsed: 87.904	Loglikelihood: -1.87609e+08	(delta): 8.79177e+08
2 (EM) 	Elapsed: 86.828	Loglikelihood: -1.79562e+08	(delta): 8.04747e+06
3 (EM) 	Elapsed: 86.481	Loglikelihood: -1.76632e+08	(delta): 2.93026e+06
4 (EM) 	Elapsed: 88.276	Loglikelihood: -1.74058e+08	(delta): 2.57359e+06
5 (EM) 	Elapsed: 87.162	Loglikelihood: -1.71148e+08	(delta): 2.91011e+06
Initial loglikelihood: -1.71148e+08
Starting main algorithm
1 (QN/Block) 	Elapsed: 219.116	Loglikelihood: -8.32545e+07	(delta): 8.78934e+07
2 (QN/Block) 	Elapsed: 217.769	Loglikelihood: -7.50939e+07	(delta): 8.16062e+06
3 (QN/Block) 	Elapsed: 230.578	Loglikelihood: -7.12658e+07	(delta): 3.82812e+06
4 (QN/Block) 	Elapsed: 227.902	Loglikelihood: -6.94822e+07	(delta): 1.78364e+06
5 (QN/Block) 	Elapsed: 225.113	Loglikelihood: -6.90041e+07	(delta): 478017
6 (QN/Block) 	Elapsed: 244.303	Loglikelihood: -6.89628e+07	(delta): 41311.5
7 (QN/Block) 	Elapsed: 227.76	Loglikelihood: -6.89565e+07	(delta): 6327.03
8 (QN/Block) 	Elapsed: 228.362	Loglikelihood: -6.89546e+07	(delta): 1890.53
9 (QN/Block) 	Elapsed: 226.952	Loglikelihood: -6.89544e+07	(delta): 219.62
10 (QN/Block) 	Elapsed: 228.052	Loglikelihood: -6.89544e+07	(delta): 8.62642
11 (QN/Block) 	Elapsed: 229.111	Loglikelihood: -6.89544e+07	(delta): 3.83032
12 (QN/Block) 	Elapsed: 247.51	Loglikelihood: -6.89544e+07	(delta): 2.6367
13 (QN/Block) 	Elapsed: 248.926	Loglikelihood: -6.89544e+07	(delta): 2.15524
14 (QN/Block) 	Elapsed: 251.307	Loglikelihood: -6.89544e+07	(delta): 1.0115
15 (QN/Block) 	Elapsed: 247.682	Loglikelihood: -6.89544e+07	(delta): 0.0829178
16 (QN/Block) 	Elapsed: 247.68	Loglikelihood: -6.89544e+07	(delta): 0.00158276
17 (QN/Block) 	Elapsed: 224.523	Loglikelihood: -6.89544e+07	(delta): 0.00276195
18 (QN/Block) 	Elapsed: 223.349	Loglikelihood: -6.89544e+07	(delta): 0.00024493
19 (QN/Block) 	Elapsed: 216.946	Loglikelihood: -6.89544e+07	(delta): 0.000334278
20 (QN/Block) 	Elapsed: 226.818	Loglikelihood: -6.89544e+07	(delta): 6.30319e-06
Summary: 
Converged in 20 iterations (5254.74 sec)
Loglikelihood: -68954370.730088
Fst divergences between estimated populations: 
	Pop0	Pop1	Pop2	
Pop0	
Pop1	0.761	
Pop2	0.303	0.834	
Pop3	0.748	0.801	0.821	
Writing output files.
