****                   ADMIXTURE Version 1.3.0                  ****
****                    Copyright 2008-2015                     ****
****           David Alexander, Suyash Shringarpure,            ****
****                John  Novembre, Ken Lange                   ****
****                                                            ****
****                 Please cite our paper!                     ****
****   Information at www.genetics.ucla.edu/software/admixture  ****

Random seed: 1453
Point estimation method: Block relaxation algorithm
Convergence acceleration algorithm: QuasiNewton, 3 secant conditions
Point estimation will terminate when objective function delta < 0.0001
Estimation of standard errors disabled; will compute point estimates only.
Supervised analysis mode.  Examining .pop file...
Size of G: 3717x190081
Performing five EM steps to prime main algorithm
1 (EM) 	Elapsed: 98.428	Loglikelihood: -1.87735e+08	(delta): 8.79184e+08
2 (EM) 	Elapsed: 96.284	Loglikelihood: -1.79889e+08	(delta): 7.84558e+06
3 (EM) 	Elapsed: 97.175	Loglikelihood: -1.77265e+08	(delta): 2.62416e+06
4 (EM) 	Elapsed: 98.445	Loglikelihood: -1.75149e+08	(delta): 2.11648e+06
5 (EM) 	Elapsed: 100.155	Loglikelihood: -1.72898e+08	(delta): 2.25034e+06
Initial loglikelihood: -1.72898e+08
Starting main algorithm
1 (QN/Block) 	Elapsed: 252.062	Loglikelihood: -8.23481e+07	(delta): 9.05501e+07
2 (QN/Block) 	Elapsed: 251.584	Loglikelihood: -7.47851e+07	(delta): 7.56304e+06
3 (QN/Block) 	Elapsed: 261.384	Loglikelihood: -7.13123e+07	(delta): 3.47274e+06
4 (QN/Block) 	Elapsed: 261.355	Loglikelihood: -6.96036e+07	(delta): 1.70868e+06
5 (QN/Block) 	Elapsed: 261.081	Loglikelihood: -6.90388e+07	(delta): 564876
6 (QN/Block) 	Elapsed: 261.192	Loglikelihood: -6.89604e+07	(delta): 78329
7 (QN/Block) 	Elapsed: 260.572	Loglikelihood: -6.89555e+07	(delta): 4961.99
8 (QN/Block) 	Elapsed: 264.582	Loglikelihood: -6.89546e+07	(delta): 841.164
9 (QN/Block) 	Elapsed: 269.044	Loglikelihood: -6.89545e+07	(delta): 81.9537
10 (QN/Block) 	Elapsed: 260.008	Loglikelihood: -6.89545e+07	(delta): 25.7509
11 (QN/Block) 	Elapsed: 277.088	Loglikelihood: -6.89545e+07	(delta): 17.1217
12 (QN/Block) 	Elapsed: 276.418	Loglikelihood: -6.89545e+07	(delta): 16.5849
13 (QN/Block) 	Elapsed: 272.034	Loglikelihood: -6.89545e+07	(delta): 11.8483
14 (QN/Block) 	Elapsed: 269.513	Loglikelihood: -6.89545e+07	(delta): 5.14435
15 (QN/Block) 	Elapsed: 266.984	Loglikelihood: -6.89545e+07	(delta): 0.423715
16 (QN/Block) 	Elapsed: 262.782	Loglikelihood: -6.89545e+07	(delta): 0.00787309
17 (QN/Block) 	Elapsed: 247.632	Loglikelihood: -6.89545e+07	(delta): 0.000514761
18 (QN/Block) 	Elapsed: 242.779	Loglikelihood: -6.89545e+07	(delta): 0.000584573
19 (QN/Block) 	Elapsed: 245.973	Loglikelihood: -6.89545e+07	(delta): 8.52048e-05
Summary: 
Converged in 19 iterations (5640.6 sec)
Loglikelihood: -68954472.958258
Fst divergences between estimated populations: 
	Pop0	Pop1	Pop2	
Pop0	
Pop1	0.761	
Pop2	0.303	0.834	
Pop3	0.748	0.801	0.821	
Writing output files.
