****                   ADMIXTURE Version 1.3.0                  ****
****                    Copyright 2008-2015                     ****
****           David Alexander, Suyash Shringarpure,            ****
****                John  Novembre, Ken Lange                   ****
****                                                            ****
****                 Please cite our paper!                     ****
****   Information at www.genetics.ucla.edu/software/admixture  ****

Random seed: 1439
Point estimation method: Block relaxation algorithm
Convergence acceleration algorithm: QuasiNewton, 3 secant conditions
Point estimation will terminate when objective function delta < 0.0001
Estimation of standard errors disabled; will compute point estimates only.
Supervised analysis mode.  Examining .pop file...
Size of G: 3717x190081
Performing five EM steps to prime main algorithm
1 (EM) 	Elapsed: 80.292	Loglikelihood: -1.87433e+08	(delta): 8.80723e+08
2 (EM) 	Elapsed: 80.533	Loglikelihood: -1.79376e+08	(delta): 8.05759e+06
3 (EM) 	Elapsed: 80.249	Loglikelihood: -1.76399e+08	(delta): 2.97633e+06
4 (EM) 	Elapsed: 78.421	Loglikelihood: -1.73743e+08	(delta): 2.65578e+06
5 (EM) 	Elapsed: 79.762	Loglikelihood: -1.70714e+08	(delta): 3.02921e+06
Initial loglikelihood: -1.70714e+08
Starting main algorithm
1 (QN/Block) 	Elapsed: 204.251	Loglikelihood: -8.25174e+07	(delta): 8.81968e+07
2 (QN/Block) 	Elapsed: 203.843	Loglikelihood: -7.48616e+07	(delta): 7.65583e+06
3 (QN/Block) 	Elapsed: 220.062	Loglikelihood: -7.13344e+07	(delta): 3.52716e+06
4 (QN/Block) 	Elapsed: 227.609	Loglikelihood: -6.94488e+07	(delta): 1.8856e+06
5 (QN/Block) 	Elapsed: 225.063	Loglikelihood: -6.90122e+07	(delta): 436651
6 (QN/Block) 	Elapsed: 245.605	Loglikelihood: -6.89606e+07	(delta): 51585.9
7 (QN/Block) 	Elapsed: 232.281	Loglikelihood: -6.8956e+07	(delta): 4589.35
8 (QN/Block) 	Elapsed: 243.127	Loglikelihood: -6.89545e+07	(delta): 1504.48
9 (QN/Block) 	Elapsed: 243.654	Loglikelihood: -6.89544e+07	(delta): 149.06
10 (QN/Block) 	Elapsed: 242.83	Loglikelihood: -6.89544e+07	(delta): 2.68754
11 (QN/Block) 	Elapsed: 232.821	Loglikelihood: -6.89544e+07	(delta): 0.122179
12 (QN/Block) 	Elapsed: 244.308	Loglikelihood: -6.89544e+07	(delta): 0.0786473
13 (QN/Block) 	Elapsed: 241.547	Loglikelihood: -6.89544e+07	(delta): 0.0031656
14 (QN/Block) 	Elapsed: 244.002	Loglikelihood: -6.89544e+07	(delta): 0.0007907
15 (QN/Block) 	Elapsed: 245.165	Loglikelihood: -6.89544e+07	(delta): 0.000444859
16 (QN/Block) 	Elapsed: 242.913	Loglikelihood: -6.89544e+07	(delta): 0.000149146
17 (QN/Block) 	Elapsed: 240.997	Loglikelihood: -6.89544e+07	(delta): 5.81145e-05
Summary: 
Converged in 17 iterations (4542.88 sec)
Loglikelihood: -68954360.190881
Fst divergences between estimated populations: 
	Pop0	Pop1	Pop2	
Pop0	
Pop1	0.761	
Pop2	0.303	0.834	
Pop3	0.748	0.801	0.821	
Writing output files.
