****                   ADMIXTURE Version 1.3.0                  ****
****                    Copyright 2008-2015                     ****
****           David Alexander, Suyash Shringarpure,            ****
****                John  Novembre, Ken Lange                   ****
****                                                            ****
****                 Please cite our paper!                     ****
****   Information at www.genetics.ucla.edu/software/admixture  ****

Random seed: 1413
Point estimation method: Block relaxation algorithm
Convergence acceleration algorithm: QuasiNewton, 3 secant conditions
Point estimation will terminate when objective function delta < 0.0001
Estimation of standard errors disabled; will compute point estimates only.
Supervised analysis mode.  Examining .pop file...
Size of G: 3717x190081
Performing five EM steps to prime main algorithm
1 (EM) 	Elapsed: 98.953	Loglikelihood: -1.87713e+08	(delta): 8.78304e+08
2 (EM) 	Elapsed: 147.595	Loglikelihood: -1.79744e+08	(delta): 7.96975e+06
3 (EM) 	Elapsed: 135.671	Loglikelihood: -1.7696e+08	(delta): 2.78394e+06
4 (EM) 	Elapsed: 102.9	Loglikelihood: -1.7459e+08	(delta): 2.37012e+06
5 (EM) 	Elapsed: 146.313	Loglikelihood: -1.71987e+08	(delta): 2.60283e+06
Initial loglikelihood: -1.71987e+08
Starting main algorithm
1 (QN/Block) 	Elapsed: 318.752	Loglikelihood: -8.31465e+07	(delta): 8.88402e+07
2 (QN/Block) 	Elapsed: 302.458	Loglikelihood: -7.54163e+07	(delta): 7.73021e+06
3 (QN/Block) 	Elapsed: 343.313	Loglikelihood: -7.15417e+07	(delta): 3.87462e+06
4 (QN/Block) 	Elapsed: 343.283	Loglikelihood: -6.9609e+07	(delta): 1.93274e+06
5 (QN/Block) 	Elapsed: 287.155	Loglikelihood: -6.90267e+07	(delta): 582273
6 (QN/Block) 	Elapsed: 246.728	Loglikelihood: -6.89641e+07	(delta): 62617
7 (QN/Block) 	Elapsed: 275.127	Loglikelihood: -6.89562e+07	(delta): 7878.65
8 (QN/Block) 	Elapsed: 309.618	Loglikelihood: -6.89546e+07	(delta): 1641.83
9 (QN/Block) 	Elapsed: 268.336	Loglikelihood: -6.89545e+07	(delta): 107.988
10 (QN/Block) 	Elapsed: 247.692	Loglikelihood: -6.89544e+07	(delta): 23.843
11 (QN/Block) 	Elapsed: 377.993	Loglikelihood: -6.89544e+07	(delta): 16.0606
12 (QN/Block) 	Elapsed: 382.578	Loglikelihood: -6.89544e+07	(delta): 11.4241
13 (QN/Block) 	Elapsed: 381.523	Loglikelihood: -6.89544e+07	(delta): 3.78154
14 (QN/Block) 	Elapsed: 339.801	Loglikelihood: -6.89544e+07	(delta): 0.115205
15 (QN/Block) 	Elapsed: 293.286	Loglikelihood: -6.89544e+07	(delta): 0.0187092
16 (QN/Block) 	Elapsed: 275.245	Loglikelihood: -6.89544e+07	(delta): 0.0143211
17 (QN/Block) 	Elapsed: 269.194	Loglikelihood: -6.89544e+07	(delta): 0.0034346
18 (QN/Block) 	Elapsed: 251.214	Loglikelihood: -6.89544e+07	(delta): 0.00205508
19 (QN/Block) 	Elapsed: 225.728	Loglikelihood: -6.89544e+07	(delta): 0.000322029
20 (QN/Block) 	Elapsed: 224.195	Loglikelihood: -6.89544e+07	(delta): 2.04295e-05
Summary: 
Converged in 20 iterations (6841.35 sec)
Loglikelihood: -68954399.101966
Fst divergences between estimated populations: 
	Pop0	Pop1	Pop2	
Pop0	
Pop1	0.761	
Pop2	0.303	0.834	
Pop3	0.748	0.801	0.821	
Writing output files.
