****                   ADMIXTURE Version 1.3.0                  ****
****                    Copyright 2008-2015                     ****
****           David Alexander, Suyash Shringarpure,            ****
****                John  Novembre, Ken Lange                   ****
****                                                            ****
****                 Please cite our paper!                     ****
****   Information at www.genetics.ucla.edu/software/admixture  ****

Random seed: 1450
Point estimation method: Block relaxation algorithm
Convergence acceleration algorithm: QuasiNewton, 3 secant conditions
Point estimation will terminate when objective function delta < 0.0001
Estimation of standard errors disabled; will compute point estimates only.
Supervised analysis mode.  Examining .pop file...
Size of G: 3717x190081
Performing five EM steps to prime main algorithm
1 (EM) 	Elapsed: 93.349	Loglikelihood: -1.87803e+08	(delta): 8.80256e+08
2 (EM) 	Elapsed: 93.749	Loglikelihood: -1.79954e+08	(delta): 7.84913e+06
3 (EM) 	Elapsed: 94.718	Loglikelihood: -1.77303e+08	(delta): 2.65144e+06
4 (EM) 	Elapsed: 94.369	Loglikelihood: -1.75123e+08	(delta): 2.18009e+06
5 (EM) 	Elapsed: 91.623	Loglikelihood: -1.72786e+08	(delta): 2.33661e+06
Initial loglikelihood: -1.72786e+08
Starting main algorithm
1 (QN/Block) 	Elapsed: 222.119	Loglikelihood: -8.24752e+07	(delta): 9.03109e+07
2 (QN/Block) 	Elapsed: 221.704	Loglikelihood: -7.49043e+07	(delta): 7.57094e+06
3 (QN/Block) 	Elapsed: 244.943	Loglikelihood: -7.13011e+07	(delta): 3.60321e+06
4 (QN/Block) 	Elapsed: 246.076	Loglikelihood: -6.95016e+07	(delta): 1.79952e+06
5 (QN/Block) 	Elapsed: 246.734	Loglikelihood: -6.90048e+07	(delta): 496712
6 (QN/Block) 	Elapsed: 268.238	Loglikelihood: -6.89612e+07	(delta): 43606.4
7 (QN/Block) 	Elapsed: 245.548	Loglikelihood: -6.89563e+07	(delta): 4972.75
8 (QN/Block) 	Elapsed: 245.941	Loglikelihood: -6.89546e+07	(delta): 1712.25
9 (QN/Block) 	Elapsed: 253.462	Loglikelihood: -6.89544e+07	(delta): 125.631
10 (QN/Block) 	Elapsed: 264.442	Loglikelihood: -6.89544e+07	(delta): 32.8593
11 (QN/Block) 	Elapsed: 259.706	Loglikelihood: -6.89544e+07	(delta): 17.2983
12 (QN/Block) 	Elapsed: 266.755	Loglikelihood: -6.89544e+07	(delta): 4.14857
13 (QN/Block) 	Elapsed: 243.399	Loglikelihood: -6.89544e+07	(delta): 0.0952952
14 (QN/Block) 	Elapsed: 244.773	Loglikelihood: -6.89544e+07	(delta): 0.0319003
15 (QN/Block) 	Elapsed: 242.929	Loglikelihood: -6.89544e+07	(delta): 0.0860027
16 (QN/Block) 	Elapsed: 250.989	Loglikelihood: -6.89544e+07	(delta): 0.0027636
17 (QN/Block) 	Elapsed: 232.614	Loglikelihood: -6.89544e+07	(delta): 0.000580072
18 (QN/Block) 	Elapsed: 229.471	Loglikelihood: -6.89544e+07	(delta): 6.42985e-05
Summary: 
Converged in 18 iterations (5072.36 sec)
Loglikelihood: -68954373.945006
Fst divergences between estimated populations: 
	Pop0	Pop1	Pop2	
Pop0	
Pop1	0.761	
Pop2	0.303	0.834	
Pop3	0.748	0.801	0.821	
Writing output files.
