****                   ADMIXTURE Version 1.3.0                  ****
****                    Copyright 2008-2015                     ****
****           David Alexander, Suyash Shringarpure,            ****
****                John  Novembre, Ken Lange                   ****
****                                                            ****
****                 Please cite our paper!                     ****
****   Information at www.genetics.ucla.edu/software/admixture  ****

Random seed: 1414
Point estimation method: Block relaxation algorithm
Convergence acceleration algorithm: QuasiNewton, 3 secant conditions
Point estimation will terminate when objective function delta < 0.0001
Estimation of standard errors disabled; will compute point estimates only.
Supervised analysis mode.  Examining .pop file...
Size of G: 3717x190081
Performing five EM steps to prime main algorithm
1 (EM) 	Elapsed: 95.927	Loglikelihood: -1.87682e+08	(delta): 8.80882e+08
2 (EM) 	Elapsed: 141.942	Loglikelihood: -1.79703e+08	(delta): 7.97981e+06
3 (EM) 	Elapsed: 141.992	Loglikelihood: -1.7689e+08	(delta): 2.8126e+06
4 (EM) 	Elapsed: 136.101	Loglikelihood: -1.74486e+08	(delta): 2.40423e+06
5 (EM) 	Elapsed: 98.447	Loglikelihood: -1.7186e+08	(delta): 2.62609e+06
Initial loglikelihood: -1.7186e+08
Starting main algorithm
1 (QN/Block) 	Elapsed: 325.083	Loglikelihood: -8.46736e+07	(delta): 8.7186e+07
2 (QN/Block) 	Elapsed: 323.731	Loglikelihood: -7.56251e+07	(delta): 9.04851e+06
3 (QN/Block) 	Elapsed: 345.854	Loglikelihood: -7.15589e+07	(delta): 4.06623e+06
4 (QN/Block) 	Elapsed: 354.037	Loglikelihood: -6.95292e+07	(delta): 2.02961e+06
5 (QN/Block) 	Elapsed: 319.331	Loglikelihood: -6.90425e+07	(delta): 486743
6 (QN/Block) 	Elapsed: 347.502	Loglikelihood: -6.89696e+07	(delta): 72874.3
7 (QN/Block) 	Elapsed: 351.5	Loglikelihood: -6.89553e+07	(delta): 14344.5
8 (QN/Block) 	Elapsed: 271.125	Loglikelihood: -6.89544e+07	(delta): 889.828
9 (QN/Block) 	Elapsed: 255.968	Loglikelihood: -6.89543e+07	(delta): 59.8682
10 (QN/Block) 	Elapsed: 271.751	Loglikelihood: -6.89543e+07	(delta): 4.90181
11 (QN/Block) 	Elapsed: 249.416	Loglikelihood: -6.89543e+07	(delta): 5.19554
12 (QN/Block) 	Elapsed: 386.035	Loglikelihood: -6.89543e+07	(delta): 2.47057
13 (QN/Block) 	Elapsed: 383.652	Loglikelihood: -6.89543e+07	(delta): 1.57146
14 (QN/Block) 	Elapsed: 386.948	Loglikelihood: -6.89543e+07	(delta): 0.332289
15 (QN/Block) 	Elapsed: 385.238	Loglikelihood: -6.89543e+07	(delta): 0.0161403
16 (QN/Block) 	Elapsed: 321.269	Loglikelihood: -6.89543e+07	(delta): 0.0124967
17 (QN/Block) 	Elapsed: 264.048	Loglikelihood: -6.89543e+07	(delta): 0.0107996
18 (QN/Block) 	Elapsed: 252.208	Loglikelihood: -6.89543e+07	(delta): 0.00724216
19 (QN/Block) 	Elapsed: 225.441	Loglikelihood: -6.89543e+07	(delta): 0.0126551
20 (QN/Block) 	Elapsed: 235.672	Loglikelihood: -6.89543e+07	(delta): 0.000228301
21 (QN/Block) 	Elapsed: 198.668	Loglikelihood: -6.89543e+07	(delta): 0.000247076
22 (QN/Block) 	Elapsed: 199.223	Loglikelihood: -6.89543e+07	(delta): -4.76837e-07
23 (QN/Block) 	Elapsed: 217.471	Loglikelihood: -6.89543e+07	(delta): 6.10948e-07
Summary: 
Converged in 23 iterations (7781.18 sec)
Loglikelihood: -68954317.928780
Fst divergences between estimated populations: 
	Pop0	Pop1	Pop2	
Pop0	
Pop1	0.761	
Pop2	0.303	0.834	
Pop3	0.748	0.801	0.821	
Writing output files.
