****                   ADMIXTURE Version 1.3.0                  ****
****                    Copyright 2008-2015                     ****
****           David Alexander, Suyash Shringarpure,            ****
****                John  Novembre, Ken Lange                   ****
****                                                            ****
****                 Please cite our paper!                     ****
****   Information at www.genetics.ucla.edu/software/admixture  ****

Random seed: 1451
Point estimation method: Block relaxation algorithm
Convergence acceleration algorithm: QuasiNewton, 3 secant conditions
Point estimation will terminate when objective function delta < 0.0001
Estimation of standard errors disabled; will compute point estimates only.
Supervised analysis mode.  Examining .pop file...
Size of G: 3717x190081
Performing five EM steps to prime main algorithm
1 (EM) 	Elapsed: 93.08	Loglikelihood: -1.87661e+08	(delta): 8.7865e+08
2 (EM) 	Elapsed: 90.186	Loglikelihood: -1.79649e+08	(delta): 8.01241e+06
3 (EM) 	Elapsed: 91.581	Loglikelihood: -1.76799e+08	(delta): 2.84986e+06
4 (EM) 	Elapsed: 94.368	Loglikelihood: -1.74342e+08	(delta): 2.45722e+06
5 (EM) 	Elapsed: 93.168	Loglikelihood: -1.71561e+08	(delta): 2.78016e+06
Initial loglikelihood: -1.71561e+08
Starting main algorithm
1 (QN/Block) 	Elapsed: 233.483	Loglikelihood: -8.27214e+07	(delta): 8.884e+07
2 (QN/Block) 	Elapsed: 233.678	Loglikelihood: -7.47022e+07	(delta): 8.01914e+06
3 (QN/Block) 	Elapsed: 247.02	Loglikelihood: -7.10947e+07	(delta): 3.60754e+06
4 (QN/Block) 	Elapsed: 247.497	Loglikelihood: -6.94833e+07	(delta): 1.61136e+06
5 (QN/Block) 	Elapsed: 245.629	Loglikelihood: -6.89927e+07	(delta): 490613
6 (QN/Block) 	Elapsed: 267.639	Loglikelihood: -6.89574e+07	(delta): 35268.8
7 (QN/Block) 	Elapsed: 244.804	Loglikelihood: -6.8955e+07	(delta): 2406.06
8 (QN/Block) 	Elapsed: 245.221	Loglikelihood: -6.89545e+07	(delta): 533.065
9 (QN/Block) 	Elapsed: 245.384	Loglikelihood: -6.89544e+07	(delta): 56.9688
10 (QN/Block) 	Elapsed: 261.653	Loglikelihood: -6.89544e+07	(delta): 18.8624
11 (QN/Block) 	Elapsed: 267.709	Loglikelihood: -6.89544e+07	(delta): 11.6155
12 (QN/Block) 	Elapsed: 255.458	Loglikelihood: -6.89544e+07	(delta): 5.79003
13 (QN/Block) 	Elapsed: 251.759	Loglikelihood: -6.89544e+07	(delta): 0.747116
14 (QN/Block) 	Elapsed: 231.487	Loglikelihood: -6.89544e+07	(delta): 0.0231791
15 (QN/Block) 	Elapsed: 227.6	Loglikelihood: -6.89544e+07	(delta): 0.0312606
16 (QN/Block) 	Elapsed: 243.556	Loglikelihood: -6.89544e+07	(delta): 0.011745
17 (QN/Block) 	Elapsed: 242.426	Loglikelihood: -6.89544e+07	(delta): 0.0118268
18 (QN/Block) 	Elapsed: 225.161	Loglikelihood: -6.89544e+07	(delta): 0.000669017
19 (QN/Block) 	Elapsed: 222.463	Loglikelihood: -6.89544e+07	(delta): 6.6027e-05
Summary: 
Converged in 19 iterations (5283.66 sec)
Loglikelihood: -68954411.451669
Fst divergences between estimated populations: 
	Pop0	Pop1	Pop2	
Pop0	
Pop1	0.761	
Pop2	0.303	0.834	
Pop3	0.748	0.801	0.821	
Writing output files.
