****                   ADMIXTURE Version 1.3.0                  ****
****                    Copyright 2008-2015                     ****
****           David Alexander, Suyash Shringarpure,            ****
****                John  Novembre, Ken Lange                   ****
****                                                            ****
****                 Please cite our paper!                     ****
****   Information at www.genetics.ucla.edu/software/admixture  ****

Random seed: 1436
Point estimation method: Block relaxation algorithm
Convergence acceleration algorithm: QuasiNewton, 3 secant conditions
Point estimation will terminate when objective function delta < 0.0001
Estimation of standard errors disabled; will compute point estimates only.
Supervised analysis mode.  Examining .pop file...
Size of G: 3717x190081
Performing five EM steps to prime main algorithm
1 (EM) 	Elapsed: 79.657	Loglikelihood: -1.8766e+08	(delta): 8.80329e+08
2 (EM) 	Elapsed: 78.764	Loglikelihood: -1.79538e+08	(delta): 8.12203e+06
3 (EM) 	Elapsed: 78.425	Loglikelihood: -1.76569e+08	(delta): 2.96947e+06
4 (EM) 	Elapsed: 78.484	Loglikelihood: -1.73924e+08	(delta): 2.64531e+06
5 (EM) 	Elapsed: 78.976	Loglikelihood: -1.70917e+08	(delta): 3.00705e+06
Initial loglikelihood: -1.70917e+08
Starting main algorithm
1 (QN/Block) 	Elapsed: 202.705	Loglikelihood: -8.4163e+07	(delta): 8.67536e+07
2 (QN/Block) 	Elapsed: 200.533	Loglikelihood: -7.56201e+07	(delta): 8.54294e+06
3 (QN/Block) 	Elapsed: 227.414	Loglikelihood: -7.16898e+07	(delta): 3.93025e+06
4 (QN/Block) 	Elapsed: 247.737	Loglikelihood: -6.95157e+07	(delta): 2.17409e+06
5 (QN/Block) 	Elapsed: 236.08	Loglikelihood: -6.90252e+07	(delta): 490539
6 (QN/Block) 	Elapsed: 239.336	Loglikelihood: -6.89743e+07	(delta): 50846.3
7 (QN/Block) 	Elapsed: 218.921	Loglikelihood: -6.89608e+07	(delta): 13506
8 (QN/Block) 	Elapsed: 240.083	Loglikelihood: -6.89557e+07	(delta): 5174.96
9 (QN/Block) 	Elapsed: 243.309	Loglikelihood: -6.89544e+07	(delta): 1246.83
10 (QN/Block) 	Elapsed: 240.77	Loglikelihood: -6.89544e+07	(delta): 25.6344
11 (QN/Block) 	Elapsed: 223.338	Loglikelihood: -6.89544e+07	(delta): 2.42385
12 (QN/Block) 	Elapsed: 229.853	Loglikelihood: -6.89544e+07	(delta): 0.333947
13 (QN/Block) 	Elapsed: 236.694	Loglikelihood: -6.89544e+07	(delta): 0.121743
14 (QN/Block) 	Elapsed: 241.294	Loglikelihood: -6.89544e+07	(delta): 0.0311261
15 (QN/Block) 	Elapsed: 263.187	Loglikelihood: -6.89544e+07	(delta): 0.0249314
16 (QN/Block) 	Elapsed: 254.498	Loglikelihood: -6.89544e+07	(delta): 0.0106347
17 (QN/Block) 	Elapsed: 254.283	Loglikelihood: -6.89544e+07	(delta): 0.010835
18 (QN/Block) 	Elapsed: 260.213	Loglikelihood: -6.89544e+07	(delta): 0.00726566
19 (QN/Block) 	Elapsed: 242.4	Loglikelihood: -6.89544e+07	(delta): 0.00848585
20 (QN/Block) 	Elapsed: 241.234	Loglikelihood: -6.89544e+07	(delta): 0.000353068
21 (QN/Block) 	Elapsed: 260.917	Loglikelihood: -6.89544e+07	(delta): 7.18683e-05
Summary: 
Converged in 21 iterations (5591.1 sec)
Loglikelihood: -68954387.819831
Fst divergences between estimated populations: 
	Pop0	Pop1	Pop2	
Pop0	
Pop1	0.761	
Pop2	0.303	0.834	
Pop3	0.748	0.801	0.821	
Writing output files.
