****                   ADMIXTURE Version 1.3.0                  ****
****                    Copyright 2008-2015                     ****
****           David Alexander, Suyash Shringarpure,            ****
****                John  Novembre, Ken Lange                   ****
****                                                            ****
****                 Please cite our paper!                     ****
****   Information at www.genetics.ucla.edu/software/admixture  ****

Random seed: 1407
Point estimation method: Block relaxation algorithm
Convergence acceleration algorithm: QuasiNewton, 3 secant conditions
Point estimation will terminate when objective function delta < 0.0001
Estimation of standard errors disabled; will compute point estimates only.
Supervised analysis mode.  Examining .pop file...
Size of G: 3717x190081
Performing five EM steps to prime main algorithm
1 (EM) 	Elapsed: 133.656	Loglikelihood: -1.87794e+08	(delta): 8.80326e+08
2 (EM) 	Elapsed: 141.919	Loglikelihood: -1.80025e+08	(delta): 7.76877e+06
3 (EM) 	Elapsed: 142.367	Loglikelihood: -1.77403e+08	(delta): 2.62181e+06
4 (EM) 	Elapsed: 125.018	Loglikelihood: -1.75218e+08	(delta): 2.18577e+06
5 (EM) 	Elapsed: 132.813	Loglikelihood: -1.72851e+08	(delta): 2.36639e+06
Initial loglikelihood: -1.72851e+08
Starting main algorithm
1 (QN/Block) 	Elapsed: 250.386	Loglikelihood: -8.45721e+07	(delta): 8.82791e+07
2 (QN/Block) 	Elapsed: 232.686	Loglikelihood: -7.63209e+07	(delta): 8.25117e+06
3 (QN/Block) 	Elapsed: 245.95	Loglikelihood: -7.19318e+07	(delta): 4.38908e+06
4 (QN/Block) 	Elapsed: 254.798	Loglikelihood: -6.96171e+07	(delta): 2.31471e+06
5 (QN/Block) 	Elapsed: 250.089	Loglikelihood: -6.90461e+07	(delta): 571045
6 (QN/Block) 	Elapsed: 308.658	Loglikelihood: -6.89719e+07	(delta): 74231.6
7 (QN/Block) 	Elapsed: 293.067	Loglikelihood: -6.8957e+07	(delta): 14890.8
8 (QN/Block) 	Elapsed: 256.733	Loglikelihood: -6.89546e+07	(delta): 2368.1
9 (QN/Block) 	Elapsed: 343.206	Loglikelihood: -6.89544e+07	(delta): 167.135
10 (QN/Block) 	Elapsed: 340.384	Loglikelihood: -6.89544e+07	(delta): 25.8186
11 (QN/Block) 	Elapsed: 288.227	Loglikelihood: -6.89544e+07	(delta): 14.6428
12 (QN/Block) 	Elapsed: 381.933	Loglikelihood: -6.89544e+07	(delta): 9.09117
13 (QN/Block) 	Elapsed: 333.759	Loglikelihood: -6.89544e+07	(delta): 2.36037
14 (QN/Block) 	Elapsed: 263.433	Loglikelihood: -6.89544e+07	(delta): 0.0597425
15 (QN/Block) 	Elapsed: 265.146	Loglikelihood: -6.89544e+07	(delta): 0.0375084
16 (QN/Block) 	Elapsed: 259.938	Loglikelihood: -6.89544e+07	(delta): 0.0328751
17 (QN/Block) 	Elapsed: 242.228	Loglikelihood: -6.89544e+07	(delta): 0.0236559
18 (QN/Block) 	Elapsed: 288.857	Loglikelihood: -6.89544e+07	(delta): 0.0144348
19 (QN/Block) 	Elapsed: 265.092	Loglikelihood: -6.89544e+07	(delta): 0.0172561
20 (QN/Block) 	Elapsed: 259.552	Loglikelihood: -6.89544e+07	(delta): 0.0105762
21 (QN/Block) 	Elapsed: 244.256	Loglikelihood: -6.89544e+07	(delta): 0.00574963
22 (QN/Block) 	Elapsed: 242.314	Loglikelihood: -6.89544e+07	(delta): 2.77907e-05
Summary: 
Converged in 22 iterations (7040.94 sec)
Loglikelihood: -68954383.224641
Fst divergences between estimated populations: 
	Pop0	Pop1	Pop2	
Pop0	
Pop1	0.761	
Pop2	0.303	0.834	
Pop3	0.748	0.801	0.821	
Writing output files.
