****                   ADMIXTURE Version 1.3.0                  ****
****                    Copyright 2008-2015                     ****
****           David Alexander, Suyash Shringarpure,            ****
****                John  Novembre, Ken Lange                   ****
****                                                            ****
****                 Please cite our paper!                     ****
****   Information at www.genetics.ucla.edu/software/admixture  ****

Random seed: 1475
Point estimation method: Block relaxation algorithm
Convergence acceleration algorithm: QuasiNewton, 3 secant conditions
Point estimation will terminate when objective function delta < 0.0001
Estimation of standard errors disabled; will compute point estimates only.
Supervised analysis mode.  Examining .pop file...
Size of G: 3717x190081
Performing five EM steps to prime main algorithm
1 (EM) 	Elapsed: 87.612	Loglikelihood: -1.87784e+08	(delta): 8.80389e+08
2 (EM) 	Elapsed: 85.759	Loglikelihood: -1.79885e+08	(delta): 7.89912e+06
3 (EM) 	Elapsed: 85.019	Loglikelihood: -1.77181e+08	(delta): 2.70338e+06
4 (EM) 	Elapsed: 83.979	Loglikelihood: -1.74957e+08	(delta): 2.2245e+06
5 (EM) 	Elapsed: 84.646	Loglikelihood: -1.7257e+08	(delta): 2.38687e+06
Initial loglikelihood: -1.7257e+08
Starting main algorithm
1 (QN/Block) 	Elapsed: 215.086	Loglikelihood: -8.26974e+07	(delta): 8.98723e+07
2 (QN/Block) 	Elapsed: 218.552	Loglikelihood: -7.52897e+07	(delta): 7.40774e+06
3 (QN/Block) 	Elapsed: 234.685	Loglikelihood: -7.14235e+07	(delta): 3.86626e+06
4 (QN/Block) 	Elapsed: 230.314	Loglikelihood: -6.96784e+07	(delta): 1.74503e+06
5 (QN/Block) 	Elapsed: 231.321	Loglikelihood: -6.90815e+07	(delta): 596923
6 (QN/Block) 	Elapsed: 232.101	Loglikelihood: -6.89599e+07	(delta): 121617
7 (QN/Block) 	Elapsed: 229.845	Loglikelihood: -6.89552e+07	(delta): 4696.13
8 (QN/Block) 	Elapsed: 227.761	Loglikelihood: -6.89544e+07	(delta): 748.547
9 (QN/Block) 	Elapsed: 223.947	Loglikelihood: -6.89544e+07	(delta): 65.1579
10 (QN/Block) 	Elapsed: 250.103	Loglikelihood: -6.89544e+07	(delta): 5.58229
11 (QN/Block) 	Elapsed: 232.102	Loglikelihood: -6.89544e+07	(delta): 5.01735
12 (QN/Block) 	Elapsed: 247.971	Loglikelihood: -6.89544e+07	(delta): 2.43869
13 (QN/Block) 	Elapsed: 247.341	Loglikelihood: -6.89544e+07	(delta): 1.59092
14 (QN/Block) 	Elapsed: 238.407	Loglikelihood: -6.89544e+07	(delta): 0.344562
15 (QN/Block) 	Elapsed: 243.493	Loglikelihood: -6.89544e+07	(delta): 0.00207441
16 (QN/Block) 	Elapsed: 239.292	Loglikelihood: -6.89544e+07	(delta): 0.000318363
17 (QN/Block) 	Elapsed: 231.428	Loglikelihood: -6.89544e+07	(delta): 0.00040254
18 (QN/Block) 	Elapsed: 229.407	Loglikelihood: -6.89544e+07	(delta): 0.000261873
19 (QN/Block) 	Elapsed: 226.46	Loglikelihood: -6.89544e+07	(delta): 1.07288e-05
Summary: 
Converged in 19 iterations (5028.08 sec)
Loglikelihood: -68954352.385149
Fst divergences between estimated populations: 
	Pop0	Pop1	Pop2	
Pop0	
Pop1	0.761	
Pop2	0.303	0.834	
Pop3	0.748	0.801	0.821	
Writing output files.
