****                   ADMIXTURE Version 1.3.0                  ****
****                    Copyright 2008-2015                     ****
****           David Alexander, Suyash Shringarpure,            ****
****                John  Novembre, Ken Lange                   ****
****                                                            ****
****                 Please cite our paper!                     ****
****   Information at www.genetics.ucla.edu/software/admixture  ****

Random seed: 1459
Point estimation method: Block relaxation algorithm
Convergence acceleration algorithm: QuasiNewton, 3 secant conditions
Point estimation will terminate when objective function delta < 0.0001
Estimation of standard errors disabled; will compute point estimates only.
Supervised analysis mode.  Examining .pop file...
Size of G: 3717x190081
Performing five EM steps to prime main algorithm
1 (EM) 	Elapsed: 86.959	Loglikelihood: -1.87441e+08	(delta): 8.78534e+08
2 (EM) 	Elapsed: 90.41	Loglikelihood: -1.79234e+08	(delta): 8.20622e+06
3 (EM) 	Elapsed: 89.456	Loglikelihood: -1.76146e+08	(delta): 3.08857e+06
4 (EM) 	Elapsed: 86.737	Loglikelihood: -1.73382e+08	(delta): 2.76359e+06
5 (EM) 	Elapsed: 86.181	Loglikelihood: -1.70254e+08	(delta): 3.12797e+06
Initial loglikelihood: -1.70254e+08
Starting main algorithm
1 (QN/Block) 	Elapsed: 226.05	Loglikelihood: -8.36747e+07	(delta): 8.65795e+07
2 (QN/Block) 	Elapsed: 222.357	Loglikelihood: -7.54363e+07	(delta): 8.23837e+06
3 (QN/Block) 	Elapsed: 233.763	Loglikelihood: -7.15156e+07	(delta): 3.92074e+06
4 (QN/Block) 	Elapsed: 232.776	Loglikelihood: -6.95102e+07	(delta): 2.00531e+06
5 (QN/Block) 	Elapsed: 226.301	Loglikelihood: -6.90097e+07	(delta): 500527
6 (QN/Block) 	Elapsed: 243.829	Loglikelihood: -6.89636e+07	(delta): 46109
7 (QN/Block) 	Elapsed: 220.6	Loglikelihood: -6.89568e+07	(delta): 6849.08
8 (QN/Block) 	Elapsed: 222.026	Loglikelihood: -6.89546e+07	(delta): 2162.03
9 (QN/Block) 	Elapsed: 222.2	Loglikelihood: -6.89543e+07	(delta): 245.882
10 (QN/Block) 	Elapsed: 242.397	Loglikelihood: -6.89543e+07	(delta): 4.03538
11 (QN/Block) 	Elapsed: 211.391	Loglikelihood: -6.89543e+07	(delta): 0.1425
12 (QN/Block) 	Elapsed: 232.193	Loglikelihood: -6.89543e+07	(delta): 0.116001
13 (QN/Block) 	Elapsed: 240.468	Loglikelihood: -6.89543e+07	(delta): 0.0262808
14 (QN/Block) 	Elapsed: 229.804	Loglikelihood: -6.89543e+07	(delta): 0.0207816
15 (QN/Block) 	Elapsed: 207.841	Loglikelihood: -6.89543e+07	(delta): 0.00351501
16 (QN/Block) 	Elapsed: 223.816	Loglikelihood: -6.89543e+07	(delta): 0.00221129
17 (QN/Block) 	Elapsed: 198.04	Loglikelihood: -6.89543e+07	(delta): 0.000350699
18 (QN/Block) 	Elapsed: 198.32	Loglikelihood: -6.89543e+07	(delta): 0.000424519
19 (QN/Block) 	Elapsed: 199.999	Loglikelihood: -6.89543e+07	(delta): 3.4675e-05
Summary: 
Converged in 19 iterations (4851.55 sec)
Loglikelihood: -68954344.381749
Fst divergences between estimated populations: 
	Pop0	Pop1	Pop2	
Pop0	
Pop1	0.761	
Pop2	0.303	0.834	
Pop3	0.748	0.801	0.821	
Writing output files.
