****                   ADMIXTURE Version 1.3.0                  ****
****                    Copyright 2008-2015                     ****
****           David Alexander, Suyash Shringarpure,            ****
****                John  Novembre, Ken Lange                   ****
****                                                            ****
****                 Please cite our paper!                     ****
****   Information at www.genetics.ucla.edu/software/admixture  ****

Random seed: 1401
Point estimation method: Block relaxation algorithm
Convergence acceleration algorithm: QuasiNewton, 3 secant conditions
Point estimation will terminate when objective function delta < 0.0001
Estimation of standard errors disabled; will compute point estimates only.
Supervised analysis mode.  Examining .pop file...
Size of G: 3717x190081
Performing five EM steps to prime main algorithm
1 (EM) 	Elapsed: 99.112	Loglikelihood: -1.87702e+08	(delta): 8.81583e+08
2 (EM) 	Elapsed: 143.139	Loglikelihood: -1.79706e+08	(delta): 7.99599e+06
3 (EM) 	Elapsed: 137.139	Loglikelihood: -1.76877e+08	(delta): 2.82955e+06
4 (EM) 	Elapsed: 144.517	Loglikelihood: -1.74468e+08	(delta): 2.40826e+06
5 (EM) 	Elapsed: 139.697	Loglikelihood: -1.71827e+08	(delta): 2.64158e+06
Initial loglikelihood: -1.71827e+08
Starting main algorithm
1 (QN/Block) 	Elapsed: 321.085	Loglikelihood: -8.29241e+07	(delta): 8.89026e+07
2 (QN/Block) 	Elapsed: 309.408	Loglikelihood: -7.48121e+07	(delta): 8.11201e+06
3 (QN/Block) 	Elapsed: 317.04	Loglikelihood: -7.12653e+07	(delta): 3.54676e+06
4 (QN/Block) 	Elapsed: 246.835	Loglikelihood: -6.94074e+07	(delta): 1.85787e+06
5 (QN/Block) 	Elapsed: 333.759	Loglikelihood: -6.89886e+07	(delta): 418801
6 (QN/Block) 	Elapsed: 345.678	Loglikelihood: -6.89591e+07	(delta): 29533.7
7 (QN/Block) 	Elapsed: 346.917	Loglikelihood: -6.89558e+07	(delta): 3304.52
8 (QN/Block) 	Elapsed: 343.189	Loglikelihood: -6.89545e+07	(delta): 1298.71
9 (QN/Block) 	Elapsed: 244.856	Loglikelihood: -6.89544e+07	(delta): 87.8248
10 (QN/Block) 	Elapsed: 307.183	Loglikelihood: -6.89544e+07	(delta): 31.776
11 (QN/Block) 	Elapsed: 279.437	Loglikelihood: -6.89544e+07	(delta): 9.0383
12 (QN/Block) 	Elapsed: 263.048	Loglikelihood: -6.89544e+07	(delta): 0.625419
13 (QN/Block) 	Elapsed: 257.297	Loglikelihood: -6.89544e+07	(delta): 0.0386105
14 (QN/Block) 	Elapsed: 262.109	Loglikelihood: -6.89544e+07	(delta): 0.0672512
15 (QN/Block) 	Elapsed: 325.097	Loglikelihood: -6.89544e+07	(delta): 0.045923
16 (QN/Block) 	Elapsed: 323.492	Loglikelihood: -6.89544e+07	(delta): 0.00185438
17 (QN/Block) 	Elapsed: 283.34	Loglikelihood: -6.89544e+07	(delta): 5.09471e-05
Summary: 
Converged in 17 iterations (6002.56 sec)
Loglikelihood: -68954375.673112
Fst divergences between estimated populations: 
	Pop0	Pop1	Pop2	
Pop0	
Pop1	0.761	
Pop2	0.303	0.834	
Pop3	0.748	0.801	0.821	
Writing output files.
