****                   ADMIXTURE Version 1.3.0                  ****
****                    Copyright 2008-2015                     ****
****           David Alexander, Suyash Shringarpure,            ****
****                John  Novembre, Ken Lange                   ****
****                                                            ****
****                 Please cite our paper!                     ****
****   Information at www.genetics.ucla.edu/software/admixture  ****

Random seed: 1435
Point estimation method: Block relaxation algorithm
Convergence acceleration algorithm: QuasiNewton, 3 secant conditions
Point estimation will terminate when objective function delta < 0.0001
Estimation of standard errors disabled; will compute point estimates only.
Supervised analysis mode.  Examining .pop file...
Size of G: 3717x190081
Performing five EM steps to prime main algorithm
1 (EM) 	Elapsed: 79.167	Loglikelihood: -1.87426e+08	(delta): 8.80198e+08
2 (EM) 	Elapsed: 78.081	Loglikelihood: -1.79246e+08	(delta): 8.18041e+06
3 (EM) 	Elapsed: 77.149	Loglikelihood: -1.76109e+08	(delta): 3.13683e+06
4 (EM) 	Elapsed: 78.113	Loglikelihood: -1.73255e+08	(delta): 2.85385e+06
5 (EM) 	Elapsed: 78.56	Loglikelihood: -1.70011e+08	(delta): 3.24398e+06
Initial loglikelihood: -1.70011e+08
Starting main algorithm
1 (QN/Block) 	Elapsed: 196.83	Loglikelihood: -8.40892e+07	(delta): 8.59222e+07
2 (QN/Block) 	Elapsed: 193.569	Loglikelihood: -7.54824e+07	(delta): 8.60682e+06
3 (QN/Block) 	Elapsed: 214.427	Loglikelihood: -7.15948e+07	(delta): 3.88758e+06
4 (QN/Block) 	Elapsed: 211.48	Loglikelihood: -6.94492e+07	(delta): 2.1456e+06
5 (QN/Block) 	Elapsed: 209.391	Loglikelihood: -6.89986e+07	(delta): 450623
6 (QN/Block) 	Elapsed: 216.909	Loglikelihood: -6.89625e+07	(delta): 36032.9
7 (QN/Block) 	Elapsed: 223.543	Loglikelihood: -6.89555e+07	(delta): 6995.02
8 (QN/Block) 	Elapsed: 217.63	Loglikelihood: -6.89545e+07	(delta): 1014.77
9 (QN/Block) 	Elapsed: 239.747	Loglikelihood: -6.89545e+07	(delta): 52.9135
10 (QN/Block) 	Elapsed: 245.726	Loglikelihood: -6.89544e+07	(delta): 9.50063
11 (QN/Block) 	Elapsed: 230.875	Loglikelihood: -6.89544e+07	(delta): 7.34496
12 (QN/Block) 	Elapsed: 242.897	Loglikelihood: -6.89544e+07	(delta): 3.07023
13 (QN/Block) 	Elapsed: 240.398	Loglikelihood: -6.89544e+07	(delta): 0.90326
14 (QN/Block) 	Elapsed: 235.476	Loglikelihood: -6.89544e+07	(delta): 0.0382014
15 (QN/Block) 	Elapsed: 239.157	Loglikelihood: -6.89544e+07	(delta): 0.0392551
16 (QN/Block) 	Elapsed: 247.811	Loglikelihood: -6.89544e+07	(delta): 0.0690223
17 (QN/Block) 	Elapsed: 253.553	Loglikelihood: -6.89544e+07	(delta): 0.10359
18 (QN/Block) 	Elapsed: 256.459	Loglikelihood: -6.89544e+07	(delta): 0.00740291
19 (QN/Block) 	Elapsed: 238.373	Loglikelihood: -6.89544e+07	(delta): 9.30876e-05
Summary: 
Converged in 19 iterations (4917.98 sec)
Loglikelihood: -68954433.988462
Fst divergences between estimated populations: 
	Pop0	Pop1	Pop2	
Pop0	
Pop1	0.761	
Pop2	0.303	0.834	
Pop3	0.748	0.801	0.821	
Writing output files.
