****                   ADMIXTURE Version 1.3.0                  ****
****                    Copyright 2008-2015                     ****
****           David Alexander, Suyash Shringarpure,            ****
****                John  Novembre, Ken Lange                   ****
****                                                            ****
****                 Please cite our paper!                     ****
****   Information at www.genetics.ucla.edu/software/admixture  ****

Random seed: 1472
Point estimation method: Block relaxation algorithm
Convergence acceleration algorithm: QuasiNewton, 3 secant conditions
Point estimation will terminate when objective function delta < 0.0001
Estimation of standard errors disabled; will compute point estimates only.
Supervised analysis mode.  Examining .pop file...
Size of G: 3717x190081
Performing five EM steps to prime main algorithm
1 (EM) 	Elapsed: 80.319	Loglikelihood: -1.874e+08	(delta): 8.81093e+08
2 (EM) 	Elapsed: 81.749	Loglikelihood: -1.79109e+08	(delta): 8.29114e+06
3 (EM) 	Elapsed: 81.778	Loglikelihood: -1.7588e+08	(delta): 3.22867e+06
4 (EM) 	Elapsed: 80.514	Loglikelihood: -1.72882e+08	(delta): 2.99829e+06
5 (EM) 	Elapsed: 81.482	Loglikelihood: -1.69404e+08	(delta): 3.47739e+06
Initial loglikelihood: -1.69404e+08
Starting main algorithm
1 (QN/Block) 	Elapsed: 212.997	Loglikelihood: -8.37756e+07	(delta): 8.56288e+07
2 (QN/Block) 	Elapsed: 216.142	Loglikelihood: -7.53544e+07	(delta): 8.42119e+06
3 (QN/Block) 	Elapsed: 231.269	Loglikelihood: -7.14381e+07	(delta): 3.91635e+06
4 (QN/Block) 	Elapsed: 234.056	Loglikelihood: -6.94007e+07	(delta): 2.03735e+06
5 (QN/Block) 	Elapsed: 236.513	Loglikelihood: -6.89932e+07	(delta): 407512
6 (QN/Block) 	Elapsed: 249.562	Loglikelihood: -6.8964e+07	(delta): 29242
7 (QN/Block) 	Elapsed: 231.263	Loglikelihood: -6.89562e+07	(delta): 7821.18
8 (QN/Block) 	Elapsed: 231.954	Loglikelihood: -6.89546e+07	(delta): 1536.16
9 (QN/Block) 	Elapsed: 252.171	Loglikelihood: -6.89544e+07	(delta): 252.306
10 (QN/Block) 	Elapsed: 238.058	Loglikelihood: -6.89544e+07	(delta): 6.75901
11 (QN/Block) 	Elapsed: 229.692	Loglikelihood: -6.89544e+07	(delta): 0.461068
12 (QN/Block) 	Elapsed: 227.368	Loglikelihood: -6.89544e+07	(delta): 0.0452269
13 (QN/Block) 	Elapsed: 226.846	Loglikelihood: -6.89544e+07	(delta): 0.0185504
14 (QN/Block) 	Elapsed: 251.75	Loglikelihood: -6.89544e+07	(delta): 0.0461984
15 (QN/Block) 	Elapsed: 236.73	Loglikelihood: -6.89544e+07	(delta): 0.000236556
16 (QN/Block) 	Elapsed: 235.398	Loglikelihood: -6.89544e+07	(delta): 7.64132e-05
Summary: 
Converged in 16 iterations (4302.96 sec)
Loglikelihood: -68954355.293928
Fst divergences between estimated populations: 
	Pop0	Pop1	Pop2	
Pop0	
Pop1	0.761	
Pop2	0.303	0.834	
Pop3	0.748	0.801	0.821	
Writing output files.
