****                   ADMIXTURE Version 1.3.0                  ****
****                    Copyright 2008-2015                     ****
****           David Alexander, Suyash Shringarpure,            ****
****                John  Novembre, Ken Lange                   ****
****                                                            ****
****                 Please cite our paper!                     ****
****   Information at www.genetics.ucla.edu/software/admixture  ****

Random seed: 1448
Point estimation method: Block relaxation algorithm
Convergence acceleration algorithm: QuasiNewton, 3 secant conditions
Point estimation will terminate when objective function delta < 0.0001
Estimation of standard errors disabled; will compute point estimates only.
Supervised analysis mode.  Examining .pop file...
Size of G: 3717x190081
Performing five EM steps to prime main algorithm
1 (EM) 	Elapsed: 88.415	Loglikelihood: -1.87602e+08	(delta): 8.78768e+08
2 (EM) 	Elapsed: 92.329	Loglikelihood: -1.7954e+08	(delta): 8.06202e+06
3 (EM) 	Elapsed: 92.714	Loglikelihood: -1.7653e+08	(delta): 3.01032e+06
4 (EM) 	Elapsed: 94.817	Loglikelihood: -1.73827e+08	(delta): 2.7031e+06
5 (EM) 	Elapsed: 94.402	Loglikelihood: -1.70722e+08	(delta): 3.10505e+06
Initial loglikelihood: -1.70722e+08
Starting main algorithm
1 (QN/Block) 	Elapsed: 226.902	Loglikelihood: -8.36935e+07	(delta): 8.70281e+07
2 (QN/Block) 	Elapsed: 219.687	Loglikelihood: -7.50646e+07	(delta): 8.62887e+06
3 (QN/Block) 	Elapsed: 241.334	Loglikelihood: -7.11965e+07	(delta): 3.86806e+06
4 (QN/Block) 	Elapsed: 250.67	Loglikelihood: -6.93475e+07	(delta): 1.84902e+06
5 (QN/Block) 	Elapsed: 259.369	Loglikelihood: -6.90176e+07	(delta): 329966
6 (QN/Block) 	Elapsed: 245.447	Loglikelihood: -6.89762e+07	(delta): 41376.1
7 (QN/Block) 	Elapsed: 246.401	Loglikelihood: -6.89616e+07	(delta): 14582.3
8 (QN/Block) 	Elapsed: 247.11	Loglikelihood: -6.89555e+07	(delta): 6093.88
9 (QN/Block) 	Elapsed: 254.557	Loglikelihood: -6.89546e+07	(delta): 866.693
10 (QN/Block) 	Elapsed: 247.061	Loglikelihood: -6.89545e+07	(delta): 163.555
11 (QN/Block) 	Elapsed: 246.405	Loglikelihood: -6.89545e+07	(delta): 6.46297
12 (QN/Block) 	Elapsed: 246.721	Loglikelihood: -6.89545e+07	(delta): 0.211073
13 (QN/Block) 	Elapsed: 246.026	Loglikelihood: -6.89545e+07	(delta): 0.0729297
14 (QN/Block) 	Elapsed: 246.961	Loglikelihood: -6.89545e+07	(delta): 0.0953306
15 (QN/Block) 	Elapsed: 266.497	Loglikelihood: -6.89545e+07	(delta): 0.00289737
16 (QN/Block) 	Elapsed: 241.418	Loglikelihood: -6.89545e+07	(delta): 0.000221401
17 (QN/Block) 	Elapsed: 235.36	Loglikelihood: -6.89545e+07	(delta): 0.000144377
18 (QN/Block) 	Elapsed: 234.413	Loglikelihood: -6.89545e+07	(delta): 1.71959e-05
Summary: 
Converged in 18 iterations (5039.13 sec)
Loglikelihood: -68954461.261485
Fst divergences between estimated populations: 
	Pop0	Pop1	Pop2	
Pop0	
Pop1	0.761	
Pop2	0.303	0.834	
Pop3	0.748	0.801	0.821	
Writing output files.
