****                   ADMIXTURE Version 1.3.0                  ****
****                    Copyright 2008-2015                     ****
****           David Alexander, Suyash Shringarpure,            ****
****                John  Novembre, Ken Lange                   ****
****                                                            ****
****                 Please cite our paper!                     ****
****   Information at www.genetics.ucla.edu/software/admixture  ****

Random seed: 1467
Point estimation method: Block relaxation algorithm
Convergence acceleration algorithm: QuasiNewton, 3 secant conditions
Point estimation will terminate when objective function delta < 0.0001
Estimation of standard errors disabled; will compute point estimates only.
Supervised analysis mode.  Examining .pop file...
Size of G: 3717x190081
Performing five EM steps to prime main algorithm
1 (EM) 	Elapsed: 80.938	Loglikelihood: -1.87818e+08	(delta): 8.81306e+08
2 (EM) 	Elapsed: 80.343	Loglikelihood: -1.79875e+08	(delta): 7.94365e+06
3 (EM) 	Elapsed: 79.454	Loglikelihood: -1.77117e+08	(delta): 2.75739e+06
4 (EM) 	Elapsed: 80.503	Loglikelihood: -1.74787e+08	(delta): 2.33057e+06
5 (EM) 	Elapsed: 80.095	Loglikelihood: -1.72227e+08	(delta): 2.56024e+06
Initial loglikelihood: -1.72227e+08
Starting main algorithm
1 (QN/Block) 	Elapsed: 206.9	Loglikelihood: -8.30216e+07	(delta): 8.92049e+07
2 (QN/Block) 	Elapsed: 215.858	Loglikelihood: -7.47882e+07	(delta): 8.2334e+06
3 (QN/Block) 	Elapsed: 225.361	Loglikelihood: -7.11491e+07	(delta): 3.63908e+06
4 (QN/Block) 	Elapsed: 215.415	Loglikelihood: -6.93245e+07	(delta): 1.82458e+06
5 (QN/Block) 	Elapsed: 239.949	Loglikelihood: -6.9007e+07	(delta): 317480
6 (QN/Block) 	Elapsed: 251.073	Loglikelihood: -6.89724e+07	(delta): 34655.8
7 (QN/Block) 	Elapsed: 227.706	Loglikelihood: -6.89598e+07	(delta): 12590.9
8 (QN/Block) 	Elapsed: 221.989	Loglikelihood: -6.8955e+07	(delta): 4740.11
9 (QN/Block) 	Elapsed: 247.389	Loglikelihood: -6.89545e+07	(delta): 535.963
10 (QN/Block) 	Elapsed: 257.105	Loglikelihood: -6.89544e+07	(delta): 86.1528
11 (QN/Block) 	Elapsed: 254.11	Loglikelihood: -6.89544e+07	(delta): 21.9595
12 (QN/Block) 	Elapsed: 237.58	Loglikelihood: -6.89544e+07	(delta): 1.65654
13 (QN/Block) 	Elapsed: 257.516	Loglikelihood: -6.89544e+07	(delta): 0.176184
14 (QN/Block) 	Elapsed: 255.151	Loglikelihood: -6.89544e+07	(delta): 0.06885
15 (QN/Block) 	Elapsed: 267.064	Loglikelihood: -6.89544e+07	(delta): 0.0286841
16 (QN/Block) 	Elapsed: 246.27	Loglikelihood: -6.89544e+07	(delta): 0.0310782
17 (QN/Block) 	Elapsed: 261.004	Loglikelihood: -6.89544e+07	(delta): 0.0182317
18 (QN/Block) 	Elapsed: 257.279	Loglikelihood: -6.89544e+07	(delta): 4.24385e-05
Summary: 
Converged in 18 iterations (4911.41 sec)
Loglikelihood: -68954377.906983
Fst divergences between estimated populations: 
	Pop0	Pop1	Pop2	
Pop0	
Pop1	0.761	
Pop2	0.303	0.834	
Pop3	0.748	0.801	0.821	
Writing output files.
