****                   ADMIXTURE Version 1.3.0                  ****
****                    Copyright 2008-2015                     ****
****           David Alexander, Suyash Shringarpure,            ****
****                John  Novembre, Ken Lange                   ****
****                                                            ****
****                 Please cite our paper!                     ****
****   Information at www.genetics.ucla.edu/software/admixture  ****

Random seed: 1406
Point estimation method: Block relaxation algorithm
Convergence acceleration algorithm: QuasiNewton, 3 secant conditions
Point estimation will terminate when objective function delta < 0.0001
Estimation of standard errors disabled; will compute point estimates only.
Supervised analysis mode.  Examining .pop file...
Size of G: 3717x190081
Performing five EM steps to prime main algorithm
1 (EM) 	Elapsed: 143.343	Loglikelihood: -1.8762e+08	(delta): 8.79885e+08
2 (EM) 	Elapsed: 143.957	Loglikelihood: -1.79497e+08	(delta): 8.12301e+06
3 (EM) 	Elapsed: 143.323	Loglikelihood: -1.76557e+08	(delta): 2.94042e+06
4 (EM) 	Elapsed: 105.446	Loglikelihood: -1.74027e+08	(delta): 2.52945e+06
5 (EM) 	Elapsed: 139.392	Loglikelihood: -1.71225e+08	(delta): 2.80253e+06
Initial loglikelihood: -1.71225e+08
Starting main algorithm
1 (QN/Block) 	Elapsed: 326.171	Loglikelihood: -8.34096e+07	(delta): 8.78149e+07
2 (QN/Block) 	Elapsed: 310.169	Loglikelihood: -7.55888e+07	(delta): 7.82077e+06
3 (QN/Block) 	Elapsed: 349.532	Loglikelihood: -7.1561e+07	(delta): 4.02781e+06
4 (QN/Block) 	Elapsed: 302.096	Loglikelihood: -6.96098e+07	(delta): 1.95127e+06
5 (QN/Block) 	Elapsed: 321.226	Loglikelihood: -6.90349e+07	(delta): 574902
6 (QN/Block) 	Elapsed: 312.622	Loglikelihood: -6.89624e+07	(delta): 72467.8
7 (QN/Block) 	Elapsed: 346.221	Loglikelihood: -6.8956e+07	(delta): 6379.59
8 (QN/Block) 	Elapsed: 300.891	Loglikelihood: -6.89545e+07	(delta): 1534.73
9 (QN/Block) 	Elapsed: 345.641	Loglikelihood: -6.89544e+07	(delta): 129.184
10 (QN/Block) 	Elapsed: 345.728	Loglikelihood: -6.89544e+07	(delta): 6.72864
11 (QN/Block) 	Elapsed: 365.551	Loglikelihood: -6.89543e+07	(delta): 3.43051
12 (QN/Block) 	Elapsed: 387.401	Loglikelihood: -6.89543e+07	(delta): 3.58876
13 (QN/Block) 	Elapsed: 364.478	Loglikelihood: -6.89543e+07	(delta): 1.13675
14 (QN/Block) 	Elapsed: 311.6	Loglikelihood: -6.89543e+07	(delta): 0.0348974
15 (QN/Block) 	Elapsed: 299.781	Loglikelihood: -6.89543e+07	(delta): 0.0151855
16 (QN/Block) 	Elapsed: 277.824	Loglikelihood: -6.89543e+07	(delta): 0.0110785
17 (QN/Block) 	Elapsed: 239.597	Loglikelihood: -6.89543e+07	(delta): 0.00877087
18 (QN/Block) 	Elapsed: 243.021	Loglikelihood: -6.89543e+07	(delta): 0.00292127
19 (QN/Block) 	Elapsed: 224.991	Loglikelihood: -6.89543e+07	(delta): 0.000943854
20 (QN/Block) 	Elapsed: 214.821	Loglikelihood: -6.89543e+07	(delta): 9.19402e-06
Summary: 
Converged in 20 iterations (7135.6 sec)
Loglikelihood: -68954342.497259
Fst divergences between estimated populations: 
	Pop0	Pop1	Pop2	
Pop0	
Pop1	0.761	
Pop2	0.303	0.834	
Pop3	0.748	0.801	0.821	
Writing output files.
