****                   ADMIXTURE Version 1.3.0                  ****
****                    Copyright 2008-2015                     ****
****           David Alexander, Suyash Shringarpure,            ****
****                John  Novembre, Ken Lange                   ****
****                                                            ****
****                 Please cite our paper!                     ****
****   Information at www.genetics.ucla.edu/software/admixture  ****

Random seed: 1500
Point estimation method: Block relaxation algorithm
Convergence acceleration algorithm: QuasiNewton, 3 secant conditions
Point estimation will terminate when objective function delta < 0.0001
Estimation of standard errors disabled; will compute point estimates only.
Supervised analysis mode.  Examining .pop file...
Size of G: 3717x190081
Performing five EM steps to prime main algorithm
1 (EM) 	Elapsed: 85.558	Loglikelihood: -1.87458e+08	(delta): 8.79837e+08
2 (EM) 	Elapsed: 83.981	Loglikelihood: -1.79393e+08	(delta): 8.06495e+06
3 (EM) 	Elapsed: 82.71	Loglikelihood: -1.76478e+08	(delta): 2.91474e+06
4 (EM) 	Elapsed: 82.172	Loglikelihood: -1.73915e+08	(delta): 2.5631e+06
5 (EM) 	Elapsed: 82.361	Loglikelihood: -1.71034e+08	(delta): 2.88105e+06
Initial loglikelihood: -1.71034e+08
Starting main algorithm
1 (QN/Block) 	Elapsed: 212.367	Loglikelihood: -8.38791e+07	(delta): 8.71548e+07
2 (QN/Block) 	Elapsed: 212.454	Loglikelihood: -7.53217e+07	(delta): 8.55739e+06
3 (QN/Block) 	Elapsed: 226.094	Loglikelihood: -7.14456e+07	(delta): 3.87612e+06
4 (QN/Block) 	Elapsed: 223.389	Loglikelihood: -6.94492e+07	(delta): 1.99631e+06
5 (QN/Block) 	Elapsed: 240.255	Loglikelihood: -6.90584e+07	(delta): 390843
6 (QN/Block) 	Elapsed: 242.186	Loglikelihood: -6.89906e+07	(delta): 67793.4
7 (QN/Block) 	Elapsed: 217.885	Loglikelihood: -6.8964e+07	(delta): 26609.1
8 (QN/Block) 	Elapsed: 216.266	Loglikelihood: -6.89555e+07	(delta): 8524.8
9 (QN/Block) 	Elapsed: 206.522	Loglikelihood: -6.89544e+07	(delta): 1058.18
10 (QN/Block) 	Elapsed: 201.25	Loglikelihood: -6.89544e+07	(delta): 10.0727
11 (QN/Block) 	Elapsed: 208.624	Loglikelihood: -6.89544e+07	(delta): 0.886291
12 (QN/Block) 	Elapsed: 219.865	Loglikelihood: -6.89544e+07	(delta): 0.293971
13 (QN/Block) 	Elapsed: 205.077	Loglikelihood: -6.89544e+07	(delta): 0.158131
14 (QN/Block) 	Elapsed: 208.669	Loglikelihood: -6.89544e+07	(delta): 0.203391
15 (QN/Block) 	Elapsed: 187.892	Loglikelihood: -6.89544e+07	(delta): 0.0651359
16 (QN/Block) 	Elapsed: 199.03	Loglikelihood: -6.89544e+07	(delta): 0.00564869
17 (QN/Block) 	Elapsed: 176.065	Loglikelihood: -6.89544e+07	(delta): 0.000827357
18 (QN/Block) 	Elapsed: 175.474	Loglikelihood: -6.89544e+07	(delta): 0.000116572
19 (QN/Block) 	Elapsed: 176.09	Loglikelihood: -6.89544e+07	(delta): 1.72853e-05
Summary: 
Converged in 19 iterations (4536.59 sec)
Loglikelihood: -68954408.782784
Fst divergences between estimated populations: 
	Pop0	Pop1	Pop2	
Pop0	
Pop1	0.761	
Pop2	0.303	0.834	
Pop3	0.748	0.801	0.821	
Writing output files.
