****                   ADMIXTURE Version 1.3.0                  ****
****                    Copyright 2008-2015                     ****
****           David Alexander, Suyash Shringarpure,            ****
****                John  Novembre, Ken Lange                   ****
****                                                            ****
****                 Please cite our paper!                     ****
****   Information at www.genetics.ucla.edu/software/admixture  ****

Random seed: 1488
Point estimation method: Block relaxation algorithm
Convergence acceleration algorithm: QuasiNewton, 3 secant conditions
Point estimation will terminate when objective function delta < 0.0001
Estimation of standard errors disabled; will compute point estimates only.
Supervised analysis mode.  Examining .pop file...
Size of G: 3717x190081
Performing five EM steps to prime main algorithm
1 (EM) 	Elapsed: 82.542	Loglikelihood: -1.87718e+08	(delta): 8.79882e+08
2 (EM) 	Elapsed: 82.929	Loglikelihood: -1.79613e+08	(delta): 8.10481e+06
3 (EM) 	Elapsed: 82.256	Loglikelihood: -1.76652e+08	(delta): 2.96065e+06
4 (EM) 	Elapsed: 84.554	Loglikelihood: -1.74058e+08	(delta): 2.59462e+06
5 (EM) 	Elapsed: 85.307	Loglikelihood: -1.71114e+08	(delta): 2.94404e+06
Initial loglikelihood: -1.71114e+08
Starting main algorithm
1 (QN/Block) 	Elapsed: 215.117	Loglikelihood: -8.33116e+07	(delta): 8.7802e+07
2 (QN/Block) 	Elapsed: 212.023	Loglikelihood: -7.44642e+07	(delta): 8.84737e+06
3 (QN/Block) 	Elapsed: 225.782	Loglikelihood: -7.08968e+07	(delta): 3.56738e+06
4 (QN/Block) 	Elapsed: 221.902	Loglikelihood: -6.92992e+07	(delta): 1.59759e+06
5 (QN/Block) 	Elapsed: 216.421	Loglikelihood: -6.89926e+07	(delta): 306599
6 (QN/Block) 	Elapsed: 229.43	Loglikelihood: -6.89671e+07	(delta): 25533.9
7 (QN/Block) 	Elapsed: 214.423	Loglikelihood: -6.89591e+07	(delta): 7959.31
8 (QN/Block) 	Elapsed: 213.095	Loglikelihood: -6.89552e+07	(delta): 3879.3
9 (QN/Block) 	Elapsed: 224.01	Loglikelihood: -6.89545e+07	(delta): 784.316
10 (QN/Block) 	Elapsed: 240.195	Loglikelihood: -6.89544e+07	(delta): 44.5573
11 (QN/Block) 	Elapsed: 218.088	Loglikelihood: -6.89544e+07	(delta): 0.535244
12 (QN/Block) 	Elapsed: 223.22	Loglikelihood: -6.89544e+07	(delta): 0.113074
13 (QN/Block) 	Elapsed: 227.145	Loglikelihood: -6.89544e+07	(delta): 0.0970611
14 (QN/Block) 	Elapsed: 203.862	Loglikelihood: -6.89544e+07	(delta): 0.0526349
15 (QN/Block) 	Elapsed: 218.283	Loglikelihood: -6.89544e+07	(delta): 0.0198181
16 (QN/Block) 	Elapsed: 202.671	Loglikelihood: -6.89544e+07	(delta): 0.00392641
17 (QN/Block) 	Elapsed: 219.56	Loglikelihood: -6.89544e+07	(delta): 0.000799149
18 (QN/Block) 	Elapsed: 194.574	Loglikelihood: -6.89544e+07	(delta): 0.000520393
19 (QN/Block) 	Elapsed: 191.803	Loglikelihood: -6.89544e+07	(delta): 2.82079e-05
Summary: 
Converged in 19 iterations (4693.88 sec)
Loglikelihood: -68954415.863212
Fst divergences between estimated populations: 
	Pop0	Pop1	Pop2	
Pop0	
Pop1	0.761	
Pop2	0.303	0.834	
Pop3	0.748	0.801	0.821	
Writing output files.
