****                   ADMIXTURE Version 1.3.0                  ****
****                    Copyright 2008-2015                     ****
****           David Alexander, Suyash Shringarpure,            ****
****                John  Novembre, Ken Lange                   ****
****                                                            ****
****                 Please cite our paper!                     ****
****   Information at www.genetics.ucla.edu/software/admixture  ****

Random seed: 1454
Point estimation method: Block relaxation algorithm
Convergence acceleration algorithm: QuasiNewton, 3 secant conditions
Point estimation will terminate when objective function delta < 0.0001
Estimation of standard errors disabled; will compute point estimates only.
Supervised analysis mode.  Examining .pop file...
Size of G: 3717x190081
Performing five EM steps to prime main algorithm
1 (EM) 	Elapsed: 92.805	Loglikelihood: -1.87756e+08	(delta): 8.79416e+08
2 (EM) 	Elapsed: 93.415	Loglikelihood: -1.79843e+08	(delta): 7.91255e+06
3 (EM) 	Elapsed: 94.086	Loglikelihood: -1.77076e+08	(delta): 2.76663e+06
4 (EM) 	Elapsed: 99.145	Loglikelihood: -1.74734e+08	(delta): 2.34229e+06
5 (EM) 	Elapsed: 92.336	Loglikelihood: -1.72155e+08	(delta): 2.57928e+06
Initial loglikelihood: -1.72155e+08
Starting main algorithm
1 (QN/Block) 	Elapsed: 231.658	Loglikelihood: -8.33336e+07	(delta): 8.88212e+07
2 (QN/Block) 	Elapsed: 233.098	Loglikelihood: -7.50132e+07	(delta): 8.32044e+06
3 (QN/Block) 	Elapsed: 245.666	Loglikelihood: -7.13157e+07	(delta): 3.69744e+06
4 (QN/Block) 	Elapsed: 252.112	Loglikelihood: -6.94929e+07	(delta): 1.82282e+06
5 (QN/Block) 	Elapsed: 263.648	Loglikelihood: -6.91112e+07	(delta): 381729
6 (QN/Block) 	Elapsed: 245.129	Loglikelihood: -6.90078e+07	(delta): 103354
7 (QN/Block) 	Elapsed: 244.804	Loglikelihood: -6.89686e+07	(delta): 39183.8
8 (QN/Block) 	Elapsed: 248.002	Loglikelihood: -6.89558e+07	(delta): 12829.9
9 (QN/Block) 	Elapsed: 263.133	Loglikelihood: -6.89544e+07	(delta): 1416.15
10 (QN/Block) 	Elapsed: 242.898	Loglikelihood: -6.89544e+07	(delta): 13.9277
11 (QN/Block) 	Elapsed: 250.967	Loglikelihood: -6.89544e+07	(delta): 3.8834
12 (QN/Block) 	Elapsed: 251.54	Loglikelihood: -6.89544e+07	(delta): 1.79982
13 (QN/Block) 	Elapsed: 235.611	Loglikelihood: -6.89544e+07	(delta): 0.425807
14 (QN/Block) 	Elapsed: 236.453	Loglikelihood: -6.89544e+07	(delta): 0.0963317
15 (QN/Block) 	Elapsed: 231.085	Loglikelihood: -6.89544e+07	(delta): 0.0484124
16 (QN/Block) 	Elapsed: 211.941	Loglikelihood: -6.89544e+07	(delta): 0.0641006
17 (QN/Block) 	Elapsed: 214.202	Loglikelihood: -6.89544e+07	(delta): 0.0497129
18 (QN/Block) 	Elapsed: 220.292	Loglikelihood: -6.89544e+07	(delta): 0.013441
19 (QN/Block) 	Elapsed: 218.054	Loglikelihood: -6.89544e+07	(delta): 0.000936031
20 (QN/Block) 	Elapsed: 215.511	Loglikelihood: -6.89544e+07	(delta): 0.000103936
21 (QN/Block) 	Elapsed: 215.495	Loglikelihood: -6.89544e+07	(delta): 1.65403e-05
Summary: 
Converged in 21 iterations (5633.83 sec)
Loglikelihood: -68954368.099698
Fst divergences between estimated populations: 
	Pop0	Pop1	Pop2	
Pop0	
Pop1	0.761	
Pop2	0.303	0.834	
Pop3	0.748	0.801	0.821	
Writing output files.
