****                   ADMIXTURE Version 1.3.0                  ****
****                    Copyright 2008-2015                     ****
****           David Alexander, Suyash Shringarpure,            ****
****                John  Novembre, Ken Lange                   ****
****                                                            ****
****                 Please cite our paper!                     ****
****   Information at www.genetics.ucla.edu/software/admixture  ****

Random seed: 1477
Point estimation method: Block relaxation algorithm
Convergence acceleration algorithm: QuasiNewton, 3 secant conditions
Point estimation will terminate when objective function delta < 0.0001
Estimation of standard errors disabled; will compute point estimates only.
Supervised analysis mode.  Examining .pop file...
Size of G: 3717x190081
Performing five EM steps to prime main algorithm
1 (EM) 	Elapsed: 87.328	Loglikelihood: -1.87684e+08	(delta): 8.80105e+08
2 (EM) 	Elapsed: 84.923	Loglikelihood: -1.79703e+08	(delta): 7.98093e+06
3 (EM) 	Elapsed: 82.956	Loglikelihood: -1.76867e+08	(delta): 2.83598e+06
4 (EM) 	Elapsed: 84.437	Loglikelihood: -1.74419e+08	(delta): 2.44807e+06
5 (EM) 	Elapsed: 85.089	Loglikelihood: -1.71665e+08	(delta): 2.75383e+06
Initial loglikelihood: -1.71665e+08
Starting main algorithm
1 (QN/Block) 	Elapsed: 223.923	Loglikelihood: -8.34611e+07	(delta): 8.82042e+07
2 (QN/Block) 	Elapsed: 213.739	Loglikelihood: -7.49864e+07	(delta): 8.47467e+06
3 (QN/Block) 	Elapsed: 224.963	Loglikelihood: -7.12748e+07	(delta): 3.71163e+06
4 (QN/Block) 	Elapsed: 229.987	Loglikelihood: -6.9372e+07	(delta): 1.90278e+06
5 (QN/Block) 	Elapsed: 235.402	Loglikelihood: -6.90065e+07	(delta): 365556
6 (QN/Block) 	Elapsed: 249.949	Loglikelihood: -6.89615e+07	(delta): 44988.8
7 (QN/Block) 	Elapsed: 230.146	Loglikelihood: -6.89556e+07	(delta): 5842.73
8 (QN/Block) 	Elapsed: 228.748	Loglikelihood: -6.89546e+07	(delta): 1018.33
9 (QN/Block) 	Elapsed: 248.177	Loglikelihood: -6.89545e+07	(delta): 125.256
10 (QN/Block) 	Elapsed: 251.132	Loglikelihood: -6.89544e+07	(delta): 59.4327
11 (QN/Block) 	Elapsed: 254.353	Loglikelihood: -6.89544e+07	(delta): 24.6115
12 (QN/Block) 	Elapsed: 237.469	Loglikelihood: -6.89544e+07	(delta): 6.70099
13 (QN/Block) 	Elapsed: 236.845	Loglikelihood: -6.89544e+07	(delta): 2.24242
14 (QN/Block) 	Elapsed: 254.156	Loglikelihood: -6.89544e+07	(delta): 0.306019
15 (QN/Block) 	Elapsed: 231.462	Loglikelihood: -6.89544e+07	(delta): 0.0280538
16 (QN/Block) 	Elapsed: 240.852	Loglikelihood: -6.89544e+07	(delta): 0.0477871
17 (QN/Block) 	Elapsed: 226.727	Loglikelihood: -6.89544e+07	(delta): 0.0262948
18 (QN/Block) 	Elapsed: 222.907	Loglikelihood: -6.89544e+07	(delta): 0.047575
19 (QN/Block) 	Elapsed: 234.739	Loglikelihood: -6.89544e+07	(delta): 0.0208775
20 (QN/Block) 	Elapsed: 232.974	Loglikelihood: -6.89544e+07	(delta): 1.19358e-05
Summary: 
Converged in 20 iterations (5314.49 sec)
Loglikelihood: -68954391.418094
Fst divergences between estimated populations: 
	Pop0	Pop1	Pop2	
Pop0	
Pop1	0.761	
Pop2	0.303	0.834	
Pop3	0.748	0.801	0.821	
Writing output files.
