****                   ADMIXTURE Version 1.3.0                  ****
****                    Copyright 2008-2015                     ****
****           David Alexander, Suyash Shringarpure,            ****
****                John  Novembre, Ken Lange                   ****
****                                                            ****
****                 Please cite our paper!                     ****
****   Information at www.genetics.ucla.edu/software/admixture  ****

Random seed: 1495
Point estimation method: Block relaxation algorithm
Convergence acceleration algorithm: QuasiNewton, 3 secant conditions
Point estimation will terminate when objective function delta < 0.0001
Estimation of standard errors disabled; will compute point estimates only.
Supervised analysis mode.  Examining .pop file...
Size of G: 3717x190081
Performing five EM steps to prime main algorithm
1 (EM) 	Elapsed: 78.471	Loglikelihood: -1.87959e+08	(delta): 8.78719e+08
2 (EM) 	Elapsed: 78.407	Loglikelihood: -1.80194e+08	(delta): 7.76501e+06
3 (EM) 	Elapsed: 78.088	Loglikelihood: -1.77646e+08	(delta): 2.54874e+06
4 (EM) 	Elapsed: 77.955	Loglikelihood: -1.75578e+08	(delta): 2.06714e+06
5 (EM) 	Elapsed: 78.13	Loglikelihood: -1.73372e+08	(delta): 2.20697e+06
Initial loglikelihood: -1.73372e+08
Starting main algorithm
1 (QN/Block) 	Elapsed: 200.468	Loglikelihood: -8.17475e+07	(delta): 9.1624e+07
2 (QN/Block) 	Elapsed: 194.563	Loglikelihood: -7.42312e+07	(delta): 7.51633e+06
3 (QN/Block) 	Elapsed: 219.038	Loglikelihood: -7.10691e+07	(delta): 3.1621e+06
4 (QN/Block) 	Elapsed: 222.852	Loglikelihood: -6.94405e+07	(delta): 1.6286e+06
5 (QN/Block) 	Elapsed: 229.282	Loglikelihood: -6.90673e+07	(delta): 373194
6 (QN/Block) 	Elapsed: 246.604	Loglikelihood: -6.89944e+07	(delta): 72948.4
7 (QN/Block) 	Elapsed: 227.299	Loglikelihood: -6.89681e+07	(delta): 26266.5
8 (QN/Block) 	Elapsed: 221.478	Loglikelihood: -6.89569e+07	(delta): 11221.2
9 (QN/Block) 	Elapsed: 225.395	Loglikelihood: -6.89545e+07	(delta): 2398.12
10 (QN/Block) 	Elapsed: 240.064	Loglikelihood: -6.89544e+07	(delta): 129.199
11 (QN/Block) 	Elapsed: 222.233	Loglikelihood: -6.89544e+07	(delta): 1.26307
12 (QN/Block) 	Elapsed: 212.368	Loglikelihood: -6.89544e+07	(delta): 0.47234
13 (QN/Block) 	Elapsed: 214.843	Loglikelihood: -6.89544e+07	(delta): 0.155635
14 (QN/Block) 	Elapsed: 227.755	Loglikelihood: -6.89544e+07	(delta): 0.127777
15 (QN/Block) 	Elapsed: 235.867	Loglikelihood: -6.89544e+07	(delta): 0.0347886
16 (QN/Block) 	Elapsed: 217.996	Loglikelihood: -6.89544e+07	(delta): 0.0145036
17 (QN/Block) 	Elapsed: 214.782	Loglikelihood: -6.89544e+07	(delta): 0.0184811
18 (QN/Block) 	Elapsed: 230.539	Loglikelihood: -6.89544e+07	(delta): 0.00244667
19 (QN/Block) 	Elapsed: 214.241	Loglikelihood: -6.89544e+07	(delta): 8.92133e-05
Summary: 
Converged in 19 iterations (4779.66 sec)
Loglikelihood: -68954361.746421
Fst divergences between estimated populations: 
	Pop0	Pop1	Pop2	
Pop0	
Pop1	0.761	
Pop2	0.303	0.834	
Pop3	0.748	0.801	0.821	
Writing output files.
