****                   ADMIXTURE Version 1.3.0                  ****
****                    Copyright 2008-2015                     ****
****           David Alexander, Suyash Shringarpure,            ****
****                John  Novembre, Ken Lange                   ****
****                                                            ****
****                 Please cite our paper!                     ****
****   Information at www.genetics.ucla.edu/software/admixture  ****

Random seed: 1408
Point estimation method: Block relaxation algorithm
Convergence acceleration algorithm: QuasiNewton, 3 secant conditions
Point estimation will terminate when objective function delta < 0.0001
Estimation of standard errors disabled; will compute point estimates only.
Supervised analysis mode.  Examining .pop file...
Size of G: 3717x190081
Performing five EM steps to prime main algorithm
1 (EM) 	Elapsed: 144.449	Loglikelihood: -1.87476e+08	(delta): 8.79584e+08
2 (EM) 	Elapsed: 142.929	Loglikelihood: -1.79407e+08	(delta): 8.06846e+06
3 (EM) 	Elapsed: 143.119	Loglikelihood: -1.76428e+08	(delta): 2.97981e+06
4 (EM) 	Elapsed: 132.185	Loglikelihood: -1.73762e+08	(delta): 2.66569e+06
5 (EM) 	Elapsed: 91.089	Loglikelihood: -1.70731e+08	(delta): 3.03092e+06
Initial loglikelihood: -1.70731e+08
Starting main algorithm
1 (QN/Block) 	Elapsed: 258.146	Loglikelihood: -8.26437e+07	(delta): 8.80873e+07
2 (QN/Block) 	Elapsed: 313.965	Loglikelihood: -7.47195e+07	(delta): 7.92421e+06
3 (QN/Block) 	Elapsed: 330.649	Loglikelihood: -7.11873e+07	(delta): 3.53214e+06
4 (QN/Block) 	Elapsed: 289.593	Loglikelihood: -6.94398e+07	(delta): 1.7476e+06
5 (QN/Block) 	Elapsed: 270.319	Loglikelihood: -6.90047e+07	(delta): 435020
6 (QN/Block) 	Elapsed: 278.184	Loglikelihood: -6.89654e+07	(delta): 39309.8
7 (QN/Block) 	Elapsed: 325.095	Loglikelihood: -6.89579e+07	(delta): 7494.93
8 (QN/Block) 	Elapsed: 246.573	Loglikelihood: -6.89551e+07	(delta): 2838.2
9 (QN/Block) 	Elapsed: 253.511	Loglikelihood: -6.89544e+07	(delta): 642.962
10 (QN/Block) 	Elapsed: 266.664	Loglikelihood: -6.89544e+07	(delta): 68.4049
11 (QN/Block) 	Elapsed: 292.514	Loglikelihood: -6.89544e+07	(delta): 0.510567
12 (QN/Block) 	Elapsed: 306.131	Loglikelihood: -6.89544e+07	(delta): 0.0485914
13 (QN/Block) 	Elapsed: 343.787	Loglikelihood: -6.89544e+07	(delta): 0.0367217
14 (QN/Block) 	Elapsed: 264.027	Loglikelihood: -6.89544e+07	(delta): 0.0259681
15 (QN/Block) 	Elapsed: 376.582	Loglikelihood: -6.89544e+07	(delta): 0.0182412
16 (QN/Block) 	Elapsed: 297.079	Loglikelihood: -6.89544e+07	(delta): 0.0224807
17 (QN/Block) 	Elapsed: 247.745	Loglikelihood: -6.89544e+07	(delta): 0.0424751
18 (QN/Block) 	Elapsed: 299.4	Loglikelihood: -6.89544e+07	(delta): 0.00331768
19 (QN/Block) 	Elapsed: 247.1	Loglikelihood: -6.89544e+07	(delta): 6.12885e-05
Summary: 
Converged in 19 iterations (6398.3 sec)
Loglikelihood: -68954375.153225
Fst divergences between estimated populations: 
	Pop0	Pop1	Pop2	
Pop0	
Pop1	0.761	
Pop2	0.303	0.834	
Pop3	0.748	0.801	0.821	
Writing output files.
