****                   ADMIXTURE Version 1.3.0                  ****
****                    Copyright 2008-2015                     ****
****           David Alexander, Suyash Shringarpure,            ****
****                John  Novembre, Ken Lange                   ****
****                                                            ****
****                 Please cite our paper!                     ****
****   Information at www.genetics.ucla.edu/software/admixture  ****

Random seed: 1466
Point estimation method: Block relaxation algorithm
Convergence acceleration algorithm: QuasiNewton, 3 secant conditions
Point estimation will terminate when objective function delta < 0.0001
Estimation of standard errors disabled; will compute point estimates only.
Supervised analysis mode.  Examining .pop file...
Size of G: 3717x190081
Performing five EM steps to prime main algorithm
1 (EM) 	Elapsed: 81.118	Loglikelihood: -1.87524e+08	(delta): 8.80778e+08
2 (EM) 	Elapsed: 80.587	Loglikelihood: -1.79354e+08	(delta): 8.17014e+06
3 (EM) 	Elapsed: 78.079	Loglikelihood: -1.76344e+08	(delta): 3.00989e+06
4 (EM) 	Elapsed: 79.377	Loglikelihood: -1.7365e+08	(delta): 2.694e+06
5 (EM) 	Elapsed: 79.403	Loglikelihood: -1.70587e+08	(delta): 3.06305e+06
Initial loglikelihood: -1.70587e+08
Starting main algorithm
1 (QN/Block) 	Elapsed: 199.988	Loglikelihood: -8.29202e+07	(delta): 8.76664e+07
2 (QN/Block) 	Elapsed: 197.486	Loglikelihood: -7.49899e+07	(delta): 7.93026e+06
3 (QN/Block) 	Elapsed: 212.904	Loglikelihood: -7.12702e+07	(delta): 3.71971e+06
4 (QN/Block) 	Elapsed: 213.239	Loglikelihood: -6.9474e+07	(delta): 1.79616e+06
5 (QN/Block) 	Elapsed: 209.1	Loglikelihood: -6.89948e+07	(delta): 479207
6 (QN/Block) 	Elapsed: 231.813	Loglikelihood: -6.89624e+07	(delta): 32397.9
7 (QN/Block) 	Elapsed: 231.288	Loglikelihood: -6.89571e+07	(delta): 5340.43
8 (QN/Block) 	Elapsed: 215.703	Loglikelihood: -6.89547e+07	(delta): 2417.07
9 (QN/Block) 	Elapsed: 231.851	Loglikelihood: -6.89545e+07	(delta): 212.678
10 (QN/Block) 	Elapsed: 218.741	Loglikelihood: -6.89544e+07	(delta): 43.1032
11 (QN/Block) 	Elapsed: 246.587	Loglikelihood: -6.89544e+07	(delta): 16.7555
12 (QN/Block) 	Elapsed: 247.045	Loglikelihood: -6.89544e+07	(delta): 2.61225
13 (QN/Block) 	Elapsed: 227.661	Loglikelihood: -6.89544e+07	(delta): 0.0376785
14 (QN/Block) 	Elapsed: 228.997	Loglikelihood: -6.89544e+07	(delta): 0.0543874
15 (QN/Block) 	Elapsed: 251.933	Loglikelihood: -6.89544e+07	(delta): 0.00165808
16 (QN/Block) 	Elapsed: 229.392	Loglikelihood: -6.89544e+07	(delta): 0.000805929
17 (QN/Block) 	Elapsed: 232.455	Loglikelihood: -6.89544e+07	(delta): 0.000323981
18 (QN/Block) 	Elapsed: 234.284	Loglikelihood: -6.89544e+07	(delta): 0.000265852
19 (QN/Block) 	Elapsed: 232.667	Loglikelihood: -6.89544e+07	(delta): 4.75347e-06
Summary: 
Converged in 19 iterations (4858.51 sec)
Loglikelihood: -68954393.983045
Fst divergences between estimated populations: 
	Pop0	Pop1	Pop2	
Pop0	
Pop1	0.761	
Pop2	0.303	0.834	
Pop3	0.748	0.801	0.821	
Writing output files.
