****                   ADMIXTURE Version 1.3.0                  ****
****                    Copyright 2008-2015                     ****
****           David Alexander, Suyash Shringarpure,            ****
****                John  Novembre, Ken Lange                   ****
****                                                            ****
****                 Please cite our paper!                     ****
****   Information at www.genetics.ucla.edu/software/admixture  ****

Random seed: 1433
Point estimation method: Block relaxation algorithm
Convergence acceleration algorithm: QuasiNewton, 3 secant conditions
Point estimation will terminate when objective function delta < 0.0001
Estimation of standard errors disabled; will compute point estimates only.
Supervised analysis mode.  Examining .pop file...
Size of G: 3717x190081
Performing five EM steps to prime main algorithm
1 (EM) 	Elapsed: 75.767	Loglikelihood: -1.87616e+08	(delta): 8.80543e+08
2 (EM) 	Elapsed: 74.703	Loglikelihood: -1.79647e+08	(delta): 7.96873e+06
3 (EM) 	Elapsed: 75.058	Loglikelihood: -1.76821e+08	(delta): 2.82667e+06
4 (EM) 	Elapsed: 75.178	Loglikelihood: -1.74388e+08	(delta): 2.43292e+06
5 (EM) 	Elapsed: 75.144	Loglikelihood: -1.71684e+08	(delta): 2.70382e+06
Initial loglikelihood: -1.71684e+08
Starting main algorithm
1 (QN/Block) 	Elapsed: 186.044	Loglikelihood: -8.31397e+07	(delta): 8.85441e+07
2 (QN/Block) 	Elapsed: 179.744	Loglikelihood: -7.53969e+07	(delta): 7.74288e+06
3 (QN/Block) 	Elapsed: 185.068	Loglikelihood: -7.14833e+07	(delta): 3.91356e+06
4 (QN/Block) 	Elapsed: 198.72	Loglikelihood: -6.95711e+07	(delta): 1.91218e+06
5 (QN/Block) 	Elapsed: 208.593	Loglikelihood: -6.90305e+07	(delta): 540640
6 (QN/Block) 	Elapsed: 219.773	Loglikelihood: -6.89648e+07	(delta): 65646.7
7 (QN/Block) 	Elapsed: 213.503	Loglikelihood: -6.89566e+07	(delta): 8178.64
8 (QN/Block) 	Elapsed: 211.885	Loglikelihood: -6.89547e+07	(delta): 1975.15
9 (QN/Block) 	Elapsed: 210.424	Loglikelihood: -6.89545e+07	(delta): 214.537
10 (QN/Block) 	Elapsed: 232.247	Loglikelihood: -6.89544e+07	(delta): 19.9393
11 (QN/Block) 	Elapsed: 232.917	Loglikelihood: -6.89544e+07	(delta): 2.68433
12 (QN/Block) 	Elapsed: 239.697	Loglikelihood: -6.89544e+07	(delta): 2.04147
13 (QN/Block) 	Elapsed: 233.666	Loglikelihood: -6.89544e+07	(delta): 0.794654
14 (QN/Block) 	Elapsed: 239.397	Loglikelihood: -6.89544e+07	(delta): 0.0457554
15 (QN/Block) 	Elapsed: 244.858	Loglikelihood: -6.89544e+07	(delta): 0.0137865
16 (QN/Block) 	Elapsed: 249.279	Loglikelihood: -6.89544e+07	(delta): 0.0113757
17 (QN/Block) 	Elapsed: 226.158	Loglikelihood: -6.89544e+07	(delta): 0.00732361
18 (QN/Block) 	Elapsed: 229.558	Loglikelihood: -6.89544e+07	(delta): 0.00464819
19 (QN/Block) 	Elapsed: 234.51	Loglikelihood: -6.89544e+07	(delta): 0.000772715
20 (QN/Block) 	Elapsed: 244.757	Loglikelihood: -6.89544e+07	(delta): 0.000136539
21 (QN/Block) 	Elapsed: 243.631	Loglikelihood: -6.89544e+07	(delta): 5.20051e-06
Summary: 
Converged in 21 iterations (5217.61 sec)
Loglikelihood: -68954428.864069
Fst divergences between estimated populations: 
	Pop0	Pop1	Pop2	
Pop0	
Pop1	0.761	
Pop2	0.303	0.834	
Pop3	0.748	0.801	0.821	
Writing output files.
