****                   ADMIXTURE Version 1.3.0                  ****
****                    Copyright 2008-2015                     ****
****           David Alexander, Suyash Shringarpure,            ****
****                John  Novembre, Ken Lange                   ****
****                                                            ****
****                 Please cite our paper!                     ****
****   Information at www.genetics.ucla.edu/software/admixture  ****

Random seed: 1445
Point estimation method: Block relaxation algorithm
Convergence acceleration algorithm: QuasiNewton, 3 secant conditions
Point estimation will terminate when objective function delta < 0.0001
Estimation of standard errors disabled; will compute point estimates only.
Supervised analysis mode.  Examining .pop file...
Size of G: 3717x190081
Performing five EM steps to prime main algorithm
1 (EM) 	Elapsed: 84.653	Loglikelihood: -1.87818e+08	(delta): 8.80522e+08
2 (EM) 	Elapsed: 83.666	Loglikelihood: -1.79963e+08	(delta): 7.85484e+06
3 (EM) 	Elapsed: 85.542	Loglikelihood: -1.77307e+08	(delta): 2.65677e+06
4 (EM) 	Elapsed: 89.892	Loglikelihood: -1.75125e+08	(delta): 2.18123e+06
5 (EM) 	Elapsed: 91.699	Loglikelihood: -1.72798e+08	(delta): 2.32736e+06
Initial loglikelihood: -1.72798e+08
Starting main algorithm
1 (QN/Block) 	Elapsed: 228.651	Loglikelihood: -8.39277e+07	(delta): 8.88704e+07
2 (QN/Block) 	Elapsed: 227.41	Loglikelihood: -7.56651e+07	(delta): 8.26256e+06
3 (QN/Block) 	Elapsed: 232.866	Loglikelihood: -7.1704e+07	(delta): 3.96109e+06
4 (QN/Block) 	Elapsed: 240.416	Loglikelihood: -6.97189e+07	(delta): 1.98516e+06
5 (QN/Block) 	Elapsed: 245.273	Loglikelihood: -6.90502e+07	(delta): 668731
6 (QN/Block) 	Elapsed: 247.898	Loglikelihood: -6.8961e+07	(delta): 89189.1
7 (QN/Block) 	Elapsed: 245.982	Loglikelihood: -6.89552e+07	(delta): 5775.22
8 (QN/Block) 	Elapsed: 276.581	Loglikelihood: -6.89545e+07	(delta): 651.318
9 (QN/Block) 	Elapsed: 252.57	Loglikelihood: -6.89545e+07	(delta): 78.3482
10 (QN/Block) 	Elapsed: 246.887	Loglikelihood: -6.89544e+07	(delta): 17.5285
11 (QN/Block) 	Elapsed: 266.563	Loglikelihood: -6.89544e+07	(delta): 9.66563
12 (QN/Block) 	Elapsed: 265.957	Loglikelihood: -6.89544e+07	(delta): 9.41516
13 (QN/Block) 	Elapsed: 263.693	Loglikelihood: -6.89544e+07	(delta): 8.16064
14 (QN/Block) 	Elapsed: 260.995	Loglikelihood: -6.89544e+07	(delta): 2.16465
15 (QN/Block) 	Elapsed: 263.061	Loglikelihood: -6.89544e+07	(delta): 0.0224706
16 (QN/Block) 	Elapsed: 243	Loglikelihood: -6.89544e+07	(delta): 0.0033018
17 (QN/Block) 	Elapsed: 234.081	Loglikelihood: -6.89544e+07	(delta): 0.000696674
18 (QN/Block) 	Elapsed: 232.61	Loglikelihood: -6.89544e+07	(delta): 0.000286981
19 (QN/Block) 	Elapsed: 231.957	Loglikelihood: -6.89544e+07	(delta): 6.94692e-05
Summary: 
Converged in 19 iterations (5322.22 sec)
Loglikelihood: -68954413.723447
Fst divergences between estimated populations: 
	Pop0	Pop1	Pop2	
Pop0	
Pop1	0.761	
Pop2	0.303	0.834	
Pop3	0.748	0.801	0.821	
Writing output files.
