****                   ADMIXTURE Version 1.3.0                  ****
****                    Copyright 2008-2015                     ****
****           David Alexander, Suyash Shringarpure,            ****
****                John  Novembre, Ken Lange                   ****
****                                                            ****
****                 Please cite our paper!                     ****
****   Information at www.genetics.ucla.edu/software/admixture  ****

Random seed: 1498
Point estimation method: Block relaxation algorithm
Convergence acceleration algorithm: QuasiNewton, 3 secant conditions
Point estimation will terminate when objective function delta < 0.0001
Estimation of standard errors disabled; will compute point estimates only.
Supervised analysis mode.  Examining .pop file...
Size of G: 3717x190081
Performing five EM steps to prime main algorithm
1 (EM) 	Elapsed: 82.402	Loglikelihood: -1.87933e+08	(delta): 8.81259e+08
2 (EM) 	Elapsed: 79.333	Loglikelihood: -1.80159e+08	(delta): 7.77371e+06
3 (EM) 	Elapsed: 79.467	Loglikelihood: -1.77614e+08	(delta): 2.54518e+06
4 (EM) 	Elapsed: 80.651	Loglikelihood: -1.75616e+08	(delta): 1.99837e+06
5 (EM) 	Elapsed: 84.099	Loglikelihood: -1.73559e+08	(delta): 2.05637e+06
Initial loglikelihood: -1.73559e+08
Starting main algorithm
1 (QN/Block) 	Elapsed: 215.203	Loglikelihood: -8.30574e+07	(delta): 9.05021e+07
2 (QN/Block) 	Elapsed: 211.357	Loglikelihood: -7.54901e+07	(delta): 7.56731e+06
3 (QN/Block) 	Elapsed: 219.564	Loglikelihood: -7.18368e+07	(delta): 3.65323e+06
4 (QN/Block) 	Elapsed: 218.981	Loglikelihood: -6.9759e+07	(delta): 2.07785e+06
5 (QN/Block) 	Elapsed: 214.419	Loglikelihood: -6.90793e+07	(delta): 679646
6 (QN/Block) 	Elapsed: 235.482	Loglikelihood: -6.8966e+07	(delta): 113337
7 (QN/Block) 	Elapsed: 220.347	Loglikelihood: -6.8956e+07	(delta): 10026.3
8 (QN/Block) 	Elapsed: 234.483	Loglikelihood: -6.89546e+07	(delta): 1363.43
9 (QN/Block) 	Elapsed: 211.445	Loglikelihood: -6.89544e+07	(delta): 173.473
10 (QN/Block) 	Elapsed: 231.873	Loglikelihood: -6.89544e+07	(delta): 8.86475
11 (QN/Block) 	Elapsed: 208.131	Loglikelihood: -6.89544e+07	(delta): 0.201269
12 (QN/Block) 	Elapsed: 205.087	Loglikelihood: -6.89544e+07	(delta): 0.0625325
13 (QN/Block) 	Elapsed: 213.709	Loglikelihood: -6.89544e+07	(delta): 0.0825304
14 (QN/Block) 	Elapsed: 218.789	Loglikelihood: -6.89544e+07	(delta): 0.0606112
15 (QN/Block) 	Elapsed: 202.935	Loglikelihood: -6.89544e+07	(delta): 0.266522
16 (QN/Block) 	Elapsed: 213.844	Loglikelihood: -6.89544e+07	(delta): 0.00915714
17 (QN/Block) 	Elapsed: 205.062	Loglikelihood: -6.89544e+07	(delta): 1.7032e-05
Summary: 
Converged in 17 iterations (4240.93 sec)
Loglikelihood: -68954427.407157
Fst divergences between estimated populations: 
	Pop0	Pop1	Pop2	
Pop0	
Pop1	0.761	
Pop2	0.303	0.834	
Pop3	0.748	0.801	0.821	
Writing output files.
