****                   ADMIXTURE Version 1.3.0                  ****
****                    Copyright 2008-2015                     ****
****           David Alexander, Suyash Shringarpure,            ****
****                John  Novembre, Ken Lange                   ****
****                                                            ****
****                 Please cite our paper!                     ****
****   Information at www.genetics.ucla.edu/software/admixture  ****

Random seed: 1493
Point estimation method: Block relaxation algorithm
Convergence acceleration algorithm: QuasiNewton, 3 secant conditions
Point estimation will terminate when objective function delta < 0.0001
Estimation of standard errors disabled; will compute point estimates only.
Supervised analysis mode.  Examining .pop file...
Size of G: 3717x190081
Performing five EM steps to prime main algorithm
1 (EM) 	Elapsed: 74.987	Loglikelihood: -1.87378e+08	(delta): 8.78258e+08
2 (EM) 	Elapsed: 74.759	Loglikelihood: -1.79193e+08	(delta): 8.18494e+06
3 (EM) 	Elapsed: 74.835	Loglikelihood: -1.76074e+08	(delta): 3.11812e+06
4 (EM) 	Elapsed: 78.055	Loglikelihood: -1.73224e+08	(delta): 2.85047e+06
5 (EM) 	Elapsed: 78.016	Loglikelihood: -1.69915e+08	(delta): 3.30949e+06
Initial loglikelihood: -1.69915e+08
Starting main algorithm
1 (QN/Block) 	Elapsed: 190.747	Loglikelihood: -8.33674e+07	(delta): 8.65471e+07
2 (QN/Block) 	Elapsed: 181.947	Loglikelihood: -7.52283e+07	(delta): 8.13909e+06
3 (QN/Block) 	Elapsed: 192.936	Loglikelihood: -7.14116e+07	(delta): 3.81672e+06
4 (QN/Block) 	Elapsed: 190.37	Loglikelihood: -6.94023e+07	(delta): 2.00927e+06
5 (QN/Block) 	Elapsed: 189.367	Loglikelihood: -6.8996e+07	(delta): 406362
6 (QN/Block) 	Elapsed: 221.158	Loglikelihood: -6.89628e+07	(delta): 33124.4
7 (QN/Block) 	Elapsed: 214.651	Loglikelihood: -6.89567e+07	(delta): 6146.12
8 (QN/Block) 	Elapsed: 219.798	Loglikelihood: -6.89545e+07	(delta): 2184.82
9 (QN/Block) 	Elapsed: 248.645	Loglikelihood: -6.89543e+07	(delta): 166.983
10 (QN/Block) 	Elapsed: 227.373	Loglikelihood: -6.89543e+07	(delta): 6.69465
11 (QN/Block) 	Elapsed: 223.435	Loglikelihood: -6.89543e+07	(delta): 0.59385
12 (QN/Block) 	Elapsed: 222.757	Loglikelihood: -6.89543e+07	(delta): 0.0662171
13 (QN/Block) 	Elapsed: 233.859	Loglikelihood: -6.89543e+07	(delta): 0.0308521
14 (QN/Block) 	Elapsed: 223.203	Loglikelihood: -6.89543e+07	(delta): 0.0300377
15 (QN/Block) 	Elapsed: 223.914	Loglikelihood: -6.89543e+07	(delta): 0.0158458
16 (QN/Block) 	Elapsed: 224.325	Loglikelihood: -6.89543e+07	(delta): 0.00313145
17 (QN/Block) 	Elapsed: 214.333	Loglikelihood: -6.89543e+07	(delta): 0.00102656
18 (QN/Block) 	Elapsed: 212.718	Loglikelihood: -6.89543e+07	(delta): 3.2559e-05
Summary: 
Converged in 18 iterations (4392.47 sec)
Loglikelihood: -68954336.257771
Fst divergences between estimated populations: 
	Pop0	Pop1	Pop2	
Pop0	
Pop1	0.761	
Pop2	0.303	0.834	
Pop3	0.748	0.801	0.821	
Writing output files.
