****                   ADMIXTURE Version 1.3.0                  ****
****                    Copyright 2008-2015                     ****
****           David Alexander, Suyash Shringarpure,            ****
****                John  Novembre, Ken Lange                   ****
****                                                            ****
****                 Please cite our paper!                     ****
****   Information at www.genetics.ucla.edu/software/admixture  ****

Random seed: 1474
Point estimation method: Block relaxation algorithm
Convergence acceleration algorithm: QuasiNewton, 3 secant conditions
Point estimation will terminate when objective function delta < 0.0001
Estimation of standard errors disabled; will compute point estimates only.
Supervised analysis mode.  Examining .pop file...
Size of G: 3717x190081
Performing five EM steps to prime main algorithm
1 (EM) 	Elapsed: 89.026	Loglikelihood: -1.87631e+08	(delta): 8.80971e+08
2 (EM) 	Elapsed: 86.986	Loglikelihood: -1.79604e+08	(delta): 8.02718e+06
3 (EM) 	Elapsed: 84.719	Loglikelihood: -1.76755e+08	(delta): 2.84943e+06
4 (EM) 	Elapsed: 85.31	Loglikelihood: -1.74326e+08	(delta): 2.42894e+06
5 (EM) 	Elapsed: 83.804	Loglikelihood: -1.71669e+08	(delta): 2.6564e+06
Initial loglikelihood: -1.71669e+08
Starting main algorithm
1 (QN/Block) 	Elapsed: 216.298	Loglikelihood: -8.34204e+07	(delta): 8.82491e+07
2 (QN/Block) 	Elapsed: 218.308	Loglikelihood: -7.55058e+07	(delta): 7.91462e+06
3 (QN/Block) 	Elapsed: 235.234	Loglikelihood: -7.15926e+07	(delta): 3.91318e+06
4 (QN/Block) 	Elapsed: 234.561	Loglikelihood: -6.96879e+07	(delta): 1.90466e+06
5 (QN/Block) 	Elapsed: 232.225	Loglikelihood: -6.90858e+07	(delta): 602090
6 (QN/Block) 	Elapsed: 231.804	Loglikelihood: -6.89602e+07	(delta): 125584
7 (QN/Block) 	Elapsed: 229.984	Loglikelihood: -6.89555e+07	(delta): 4789.73
8 (QN/Block) 	Elapsed: 228.86	Loglikelihood: -6.89545e+07	(delta): 984.938
9 (QN/Block) 	Elapsed: 226.502	Loglikelihood: -6.89544e+07	(delta): 112.128
10 (QN/Block) 	Elapsed: 249.929	Loglikelihood: -6.89543e+07	(delta): 6.65148
11 (QN/Block) 	Elapsed: 232.207	Loglikelihood: -6.89543e+07	(delta): 0.102473
12 (QN/Block) 	Elapsed: 248.514	Loglikelihood: -6.89543e+07	(delta): 0.0183733
13 (QN/Block) 	Elapsed: 230.321	Loglikelihood: -6.89543e+07	(delta): 0.00374749
14 (QN/Block) 	Elapsed: 230.946	Loglikelihood: -6.89543e+07	(delta): 0.00060831
15 (QN/Block) 	Elapsed: 231.963	Loglikelihood: -6.89543e+07	(delta): 0.000433117
16 (QN/Block) 	Elapsed: 230.674	Loglikelihood: -6.89543e+07	(delta): 4.23789e-05
Summary: 
Converged in 16 iterations (4289.5 sec)
Loglikelihood: -68954348.960171
Fst divergences between estimated populations: 
	Pop0	Pop1	Pop2	
Pop0	
Pop1	0.761	
Pop2	0.303	0.834	
Pop3	0.748	0.801	0.821	
Writing output files.
