****                   ADMIXTURE Version 1.3.0                  ****
****                    Copyright 2008-2015                     ****
****           David Alexander, Suyash Shringarpure,            ****
****                John  Novembre, Ken Lange                   ****
****                                                            ****
****                 Please cite our paper!                     ****
****   Information at www.genetics.ucla.edu/software/admixture  ****

Random seed: 1437
Point estimation method: Block relaxation algorithm
Convergence acceleration algorithm: QuasiNewton, 3 secant conditions
Point estimation will terminate when objective function delta < 0.0001
Estimation of standard errors disabled; will compute point estimates only.
Supervised analysis mode.  Examining .pop file...
Size of G: 3717x190081
Performing five EM steps to prime main algorithm
1 (EM) 	Elapsed: 81.12	Loglikelihood: -1.87447e+08	(delta): 8.81128e+08
2 (EM) 	Elapsed: 79.815	Loglikelihood: -1.79237e+08	(delta): 8.20935e+06
3 (EM) 	Elapsed: 79.992	Loglikelihood: -1.76094e+08	(delta): 3.14341e+06
4 (EM) 	Elapsed: 79.724	Loglikelihood: -1.73217e+08	(delta): 2.87661e+06
5 (EM) 	Elapsed: 78.577	Loglikelihood: -1.69897e+08	(delta): 3.32049e+06
Initial loglikelihood: -1.69897e+08
Starting main algorithm
1 (QN/Block) 	Elapsed: 203.99	Loglikelihood: -8.38285e+07	(delta): 8.60684e+07
2 (QN/Block) 	Elapsed: 206.579	Loglikelihood: -7.53894e+07	(delta): 8.43914e+06
3 (QN/Block) 	Elapsed: 227.03	Loglikelihood: -7.15456e+07	(delta): 3.84384e+06
4 (QN/Block) 	Elapsed: 225.84	Loglikelihood: -6.95458e+07	(delta): 1.99975e+06
5 (QN/Block) 	Elapsed: 232.839	Loglikelihood: -6.89913e+07	(delta): 554494
6 (QN/Block) 	Elapsed: 252.025	Loglikelihood: -6.89611e+07	(delta): 30196.7
7 (QN/Block) 	Elapsed: 241.316	Loglikelihood: -6.89563e+07	(delta): 4868.56
8 (QN/Block) 	Elapsed: 232.421	Loglikelihood: -6.89545e+07	(delta): 1708.65
9 (QN/Block) 	Elapsed: 255.358	Loglikelihood: -6.89544e+07	(delta): 145.742
10 (QN/Block) 	Elapsed: 247.147	Loglikelihood: -6.89544e+07	(delta): 6.29291
11 (QN/Block) 	Elapsed: 249.087	Loglikelihood: -6.89544e+07	(delta): 1.98427
12 (QN/Block) 	Elapsed: 248.341	Loglikelihood: -6.89544e+07	(delta): 0.0862024
13 (QN/Block) 	Elapsed: 244.553	Loglikelihood: -6.89544e+07	(delta): 0.0463908
14 (QN/Block) 	Elapsed: 268.472	Loglikelihood: -6.89544e+07	(delta): 0.0119685
15 (QN/Block) 	Elapsed: 249.591	Loglikelihood: -6.89544e+07	(delta): 0.000590369
16 (QN/Block) 	Elapsed: 274.304	Loglikelihood: -6.89544e+07	(delta): 0.00396529
17 (QN/Block) 	Elapsed: 255.947	Loglikelihood: -6.89544e+07	(delta): 4.71324e-05
Summary: 
Converged in 17 iterations (4676.37 sec)
Loglikelihood: -68954392.118561
Fst divergences between estimated populations: 
	Pop0	Pop1	Pop2	
Pop0	
Pop1	0.761	
Pop2	0.303	0.834	
Pop3	0.748	0.801	0.821	
Writing output files.
