****                   ADMIXTURE Version 1.3.0                  ****
****                    Copyright 2008-2015                     ****
****           David Alexander, Suyash Shringarpure,            ****
****                John  Novembre, Ken Lange                   ****
****                                                            ****
****                 Please cite our paper!                     ****
****   Information at www.genetics.ucla.edu/software/admixture  ****

Random seed: 1496
Point estimation method: Block relaxation algorithm
Convergence acceleration algorithm: QuasiNewton, 3 secant conditions
Point estimation will terminate when objective function delta < 0.0001
Estimation of standard errors disabled; will compute point estimates only.
Supervised analysis mode.  Examining .pop file...
Size of G: 3717x190081
Performing five EM steps to prime main algorithm
1 (EM) 	Elapsed: 78.583	Loglikelihood: -1.87717e+08	(delta): 8.78668e+08
2 (EM) 	Elapsed: 79.332	Loglikelihood: -1.79861e+08	(delta): 7.85538e+06
3 (EM) 	Elapsed: 78.965	Loglikelihood: -1.77152e+08	(delta): 2.70916e+06
4 (EM) 	Elapsed: 79.505	Loglikelihood: -1.7488e+08	(delta): 2.27193e+06
5 (EM) 	Elapsed: 80.938	Loglikelihood: -1.72415e+08	(delta): 2.4655e+06
Initial loglikelihood: -1.72415e+08
Starting main algorithm
1 (QN/Block) 	Elapsed: 210.498	Loglikelihood: -8.29932e+07	(delta): 8.94214e+07
2 (QN/Block) 	Elapsed: 218.26	Loglikelihood: -7.53751e+07	(delta): 7.61807e+06
3 (QN/Block) 	Elapsed: 227.816	Loglikelihood: -7.15996e+07	(delta): 3.77549e+06
4 (QN/Block) 	Elapsed: 224.321	Loglikelihood: -6.96483e+07	(delta): 1.95128e+06
5 (QN/Block) 	Elapsed: 224.664	Loglikelihood: -6.90149e+07	(delta): 633463
6 (QN/Block) 	Elapsed: 244.314	Loglikelihood: -6.89586e+07	(delta): 56237.2
7 (QN/Block) 	Elapsed: 225.605	Loglikelihood: -6.89549e+07	(delta): 3754.96
8 (QN/Block) 	Elapsed: 225.599	Loglikelihood: -6.89545e+07	(delta): 437.583
9 (QN/Block) 	Elapsed: 232.246	Loglikelihood: -6.89544e+07	(delta): 96.244
10 (QN/Block) 	Elapsed: 232.834	Loglikelihood: -6.89543e+07	(delta): 12.9415
11 (QN/Block) 	Elapsed: 214.16	Loglikelihood: -6.89543e+07	(delta): 0.0645019
12 (QN/Block) 	Elapsed: 227.173	Loglikelihood: -6.89543e+07	(delta): 0.0293723
13 (QN/Block) 	Elapsed: 235.516	Loglikelihood: -6.89543e+07	(delta): 0.0247948
14 (QN/Block) 	Elapsed: 231.875	Loglikelihood: -6.89543e+07	(delta): 0.0124307
15 (QN/Block) 	Elapsed: 217.241	Loglikelihood: -6.89543e+07	(delta): 0.0017412
16 (QN/Block) 	Elapsed: 232.446	Loglikelihood: -6.89543e+07	(delta): 0.00126825
17 (QN/Block) 	Elapsed: 210.18	Loglikelihood: -6.89543e+07	(delta): 0.000363871
18 (QN/Block) 	Elapsed: 209.478	Loglikelihood: -6.89543e+07	(delta): 1.65999e-05
Summary: 
Converged in 18 iterations (4604.17 sec)
Loglikelihood: -68954345.916402
Fst divergences between estimated populations: 
	Pop0	Pop1	Pop2	
Pop0	
Pop1	0.761	
Pop2	0.303	0.834	
Pop3	0.748	0.801	0.821	
Writing output files.
