****                   ADMIXTURE Version 1.3.0                  ****
****                    Copyright 2008-2015                     ****
****           David Alexander, Suyash Shringarpure,            ****
****                John  Novembre, Ken Lange                   ****
****                                                            ****
****                 Please cite our paper!                     ****
****   Information at www.genetics.ucla.edu/software/admixture  ****

Random seed: 1431
Point estimation method: Block relaxation algorithm
Convergence acceleration algorithm: QuasiNewton, 3 secant conditions
Point estimation will terminate when objective function delta < 0.0001
Estimation of standard errors disabled; will compute point estimates only.
Supervised analysis mode.  Examining .pop file...
Size of G: 3717x190081
Performing five EM steps to prime main algorithm
1 (EM) 	Elapsed: 75.278	Loglikelihood: -1.88043e+08	(delta): 8.81506e+08
2 (EM) 	Elapsed: 74.942	Loglikelihood: -1.80403e+08	(delta): 7.64032e+06
3 (EM) 	Elapsed: 75.381	Loglikelihood: -1.77979e+08	(delta): 2.42386e+06
4 (EM) 	Elapsed: 75.345	Loglikelihood: -1.7612e+08	(delta): 1.85967e+06
5 (EM) 	Elapsed: 74.897	Loglikelihood: -1.74242e+08	(delta): 1.87785e+06
Initial loglikelihood: -1.74242e+08
Starting main algorithm
1 (QN/Block) 	Elapsed: 173.7	Loglikelihood: -8.2999e+07	(delta): 9.12427e+07
2 (QN/Block) 	Elapsed: 173.055	Loglikelihood: -7.52193e+07	(delta): 7.77973e+06
3 (QN/Block) 	Elapsed: 200.249	Loglikelihood: -7.17014e+07	(delta): 3.51792e+06
4 (QN/Block) 	Elapsed: 201.949	Loglikelihood: -6.97017e+07	(delta): 1.99961e+06
5 (QN/Block) 	Elapsed: 203.631	Loglikelihood: -6.90886e+07	(delta): 613138
6 (QN/Block) 	Elapsed: 198.133	Loglikelihood: -6.8962e+07	(delta): 126607
7 (QN/Block) 	Elapsed: 185.905	Loglikelihood: -6.8955e+07	(delta): 7023.95
8 (QN/Block) 	Elapsed: 187.172	Loglikelihood: -6.89545e+07	(delta): 518.554
9 (QN/Block) 	Elapsed: 204.099	Loglikelihood: -6.89544e+07	(delta): 45.3386
10 (QN/Block) 	Elapsed: 186.393	Loglikelihood: -6.89544e+07	(delta): 6.63138
11 (QN/Block) 	Elapsed: 204.985	Loglikelihood: -6.89544e+07	(delta): 5.67552
12 (QN/Block) 	Elapsed: 204.903	Loglikelihood: -6.89544e+07	(delta): 5.63548
13 (QN/Block) 	Elapsed: 205.907	Loglikelihood: -6.89544e+07	(delta): 4.94319
14 (QN/Block) 	Elapsed: 221.915	Loglikelihood: -6.89544e+07	(delta): 1.87861
15 (QN/Block) 	Elapsed: 227.024	Loglikelihood: -6.89544e+07	(delta): 0.0727153
16 (QN/Block) 	Elapsed: 217.892	Loglikelihood: -6.89544e+07	(delta): 0.011109
17 (QN/Block) 	Elapsed: 239.13	Loglikelihood: -6.89544e+07	(delta): 0.00735196
18 (QN/Block) 	Elapsed: 224.501	Loglikelihood: -6.89544e+07	(delta): 0.000246525
19 (QN/Block) 	Elapsed: 230.788	Loglikelihood: -6.89544e+07	(delta): 0.000208095
20 (QN/Block) 	Elapsed: 217.097	Loglikelihood: -6.89544e+07	(delta): 0.000139982
21 (QN/Block) 	Elapsed: 238.348	Loglikelihood: -6.89544e+07	(delta): 4.90248e-06
Summary: 
Converged in 21 iterations (4900.1 sec)
Loglikelihood: -68954382.097727
Fst divergences between estimated populations: 
	Pop0	Pop1	Pop2	
Pop0	
Pop1	0.761	
Pop2	0.303	0.834	
Pop3	0.748	0.801	0.821	
Writing output files.
