****                   ADMIXTURE Version 1.3.0                  ****
****                    Copyright 2008-2015                     ****
****           David Alexander, Suyash Shringarpure,            ****
****                John  Novembre, Ken Lange                   ****
****                                                            ****
****                 Please cite our paper!                     ****
****   Information at www.genetics.ucla.edu/software/admixture  ****

Random seed: 1470
Point estimation method: Block relaxation algorithm
Convergence acceleration algorithm: QuasiNewton, 3 secant conditions
Point estimation will terminate when objective function delta < 0.0001
Estimation of standard errors disabled; will compute point estimates only.
Supervised analysis mode.  Examining .pop file...
Size of G: 3717x190081
Performing five EM steps to prime main algorithm
1 (EM) 	Elapsed: 80.863	Loglikelihood: -1.87848e+08	(delta): 8.8159e+08
2 (EM) 	Elapsed: 79.8	Loglikelihood: -1.79893e+08	(delta): 7.95469e+06
3 (EM) 	Elapsed: 79.12	Loglikelihood: -1.77164e+08	(delta): 2.72894e+06
4 (EM) 	Elapsed: 79.464	Loglikelihood: -1.74884e+08	(delta): 2.27949e+06
5 (EM) 	Elapsed: 79.716	Loglikelihood: -1.72395e+08	(delta): 2.48926e+06
Initial loglikelihood: -1.72395e+08
Starting main algorithm
1 (QN/Block) 	Elapsed: 207.754	Loglikelihood: -8.22786e+07	(delta): 9.01166e+07
2 (QN/Block) 	Elapsed: 201.512	Loglikelihood: -7.43874e+07	(delta): 7.89119e+06
3 (QN/Block) 	Elapsed: 225.655	Loglikelihood: -7.11141e+07	(delta): 3.2733e+06
4 (QN/Block) 	Elapsed: 226.792	Loglikelihood: -6.94416e+07	(delta): 1.6725e+06
5 (QN/Block) 	Elapsed: 220.626	Loglikelihood: -6.90058e+07	(delta): 435795
6 (QN/Block) 	Elapsed: 239.559	Loglikelihood: -6.89584e+07	(delta): 47427.8
7 (QN/Block) 	Elapsed: 229.333	Loglikelihood: -6.89554e+07	(delta): 2922.15
8 (QN/Block) 	Elapsed: 231.316	Loglikelihood: -6.89545e+07	(delta): 897.837
9 (QN/Block) 	Elapsed: 236.389	Loglikelihood: -6.89545e+07	(delta): 72.336
10 (QN/Block) 	Elapsed: 251.987	Loglikelihood: -6.89545e+07	(delta): 16.6883
11 (QN/Block) 	Elapsed: 247.242	Loglikelihood: -6.89545e+07	(delta): 5.4313
12 (QN/Block) 	Elapsed: 229.051	Loglikelihood: -6.89545e+07	(delta): 0.515352
13 (QN/Block) 	Elapsed: 229.642	Loglikelihood: -6.89545e+07	(delta): 0.0461041
14 (QN/Block) 	Elapsed: 227.187	Loglikelihood: -6.89545e+07	(delta): 0.053597
15 (QN/Block) 	Elapsed: 246.088	Loglikelihood: -6.89545e+07	(delta): 0.0819577
16 (QN/Block) 	Elapsed: 228.182	Loglikelihood: -6.89545e+07	(delta): 0.00425671
17 (QN/Block) 	Elapsed: 226.495	Loglikelihood: -6.89545e+07	(delta): 0.000484049
18 (QN/Block) 	Elapsed: 232.515	Loglikelihood: -6.89545e+07	(delta): 8.71867e-05
Summary: 
Converged in 18 iterations (4706.52 sec)
Loglikelihood: -68954451.655769
Fst divergences between estimated populations: 
	Pop0	Pop1	Pop2	
Pop0	
Pop1	0.761	
Pop2	0.303	0.834	
Pop3	0.748	0.801	0.821	
Writing output files.
