****                   ADMIXTURE Version 1.3.0                  ****
****                    Copyright 2008-2015                     ****
****           David Alexander, Suyash Shringarpure,            ****
****                John  Novembre, Ken Lange                   ****
****                                                            ****
****                 Please cite our paper!                     ****
****   Information at www.genetics.ucla.edu/software/admixture  ****

Random seed: 1412
Point estimation method: Block relaxation algorithm
Convergence acceleration algorithm: QuasiNewton, 3 secant conditions
Point estimation will terminate when objective function delta < 0.0001
Estimation of standard errors disabled; will compute point estimates only.
Supervised analysis mode.  Examining .pop file...
Size of G: 3717x190081
Performing five EM steps to prime main algorithm
1 (EM) 	Elapsed: 131.149	Loglikelihood: -1.87665e+08	(delta): 8.80792e+08
2 (EM) 	Elapsed: 141.281	Loglikelihood: -1.79678e+08	(delta): 7.98729e+06
3 (EM) 	Elapsed: 133.433	Loglikelihood: -1.76801e+08	(delta): 2.87732e+06
4 (EM) 	Elapsed: 93.433	Loglikelihood: -1.74264e+08	(delta): 2.53725e+06
5 (EM) 	Elapsed: 125.459	Loglikelihood: -1.71404e+08	(delta): 2.85981e+06
Initial loglikelihood: -1.71404e+08
Starting main algorithm
1 (QN/Block) 	Elapsed: 327.834	Loglikelihood: -8.3168e+07	(delta): 8.82357e+07
2 (QN/Block) 	Elapsed: 312.399	Loglikelihood: -7.50887e+07	(delta): 8.07928e+06
3 (QN/Block) 	Elapsed: 260.473	Loglikelihood: -7.13473e+07	(delta): 3.74134e+06
4 (QN/Block) 	Elapsed: 349.166	Loglikelihood: -6.94946e+07	(delta): 1.8527e+06
5 (QN/Block) 	Elapsed: 323.62	Loglikelihood: -6.90106e+07	(delta): 484049
6 (QN/Block) 	Elapsed: 383.331	Loglikelihood: -6.89663e+07	(delta): 44267
7 (QN/Block) 	Elapsed: 344.377	Loglikelihood: -6.89583e+07	(delta): 8067.75
8 (QN/Block) 	Elapsed: 281.636	Loglikelihood: -6.8955e+07	(delta): 3231.48
9 (QN/Block) 	Elapsed: 278.717	Loglikelihood: -6.89544e+07	(delta): 593.526
10 (QN/Block) 	Elapsed: 258.867	Loglikelihood: -6.89544e+07	(delta): 46.4434
11 (QN/Block) 	Elapsed: 244.381	Loglikelihood: -6.89544e+07	(delta): 3.30318
12 (QN/Block) 	Elapsed: 384.544	Loglikelihood: -6.89544e+07	(delta): 2.65194
13 (QN/Block) 	Elapsed: 289.176	Loglikelihood: -6.89544e+07	(delta): 2.12433
14 (QN/Block) 	Elapsed: 382.165	Loglikelihood: -6.89544e+07	(delta): 0.962742
15 (QN/Block) 	Elapsed: 378.684	Loglikelihood: -6.89544e+07	(delta): 0.0668458
16 (QN/Block) 	Elapsed: 349.537	Loglikelihood: -6.89544e+07	(delta): 0.00159499
17 (QN/Block) 	Elapsed: 254.427	Loglikelihood: -6.89544e+07	(delta): 0.00290079
18 (QN/Block) 	Elapsed: 241.57	Loglikelihood: -6.89544e+07	(delta): 0.000189841
19 (QN/Block) 	Elapsed: 224.607	Loglikelihood: -6.89544e+07	(delta): 0.000285491
20 (QN/Block) 	Elapsed: 216.644	Loglikelihood: -6.89544e+07	(delta): 5.58794e-06
Summary: 
Converged in 20 iterations (6960.79 sec)
Loglikelihood: -68954382.181274
Fst divergences between estimated populations: 
	Pop0	Pop1	Pop2	
Pop0	
Pop1	0.761	
Pop2	0.303	0.834	
Pop3	0.748	0.801	0.821	
Writing output files.
