****                   ADMIXTURE Version 1.3.0                  ****
****                    Copyright 2008-2015                     ****
****           David Alexander, Suyash Shringarpure,            ****
****                John  Novembre, Ken Lange                   ****
****                                                            ****
****                 Please cite our paper!                     ****
****   Information at www.genetics.ucla.edu/software/admixture  ****

Random seed: 1487
Point estimation method: Block relaxation algorithm
Convergence acceleration algorithm: QuasiNewton, 3 secant conditions
Point estimation will terminate when objective function delta < 0.0001
Estimation of standard errors disabled; will compute point estimates only.
Supervised analysis mode.  Examining .pop file...
Size of G: 3717x190081
Performing five EM steps to prime main algorithm
1 (EM) 	Elapsed: 86.378	Loglikelihood: -1.87943e+08	(delta): 8.80124e+08
2 (EM) 	Elapsed: 85.38	Loglikelihood: -1.79986e+08	(delta): 7.95684e+06
3 (EM) 	Elapsed: 85.973	Loglikelihood: -1.77197e+08	(delta): 2.78926e+06
4 (EM) 	Elapsed: 85.473	Loglikelihood: -1.74807e+08	(delta): 2.38975e+06
5 (EM) 	Elapsed: 84.921	Loglikelihood: -1.72173e+08	(delta): 2.63401e+06
Initial loglikelihood: -1.72173e+08
Starting main algorithm
1 (QN/Block) 	Elapsed: 213.162	Loglikelihood: -8.25057e+07	(delta): 8.96676e+07
2 (QN/Block) 	Elapsed: 214.869	Loglikelihood: -7.46873e+07	(delta): 7.81834e+06
3 (QN/Block) 	Elapsed: 218.88	Loglikelihood: -7.11759e+07	(delta): 3.51137e+06
4 (QN/Block) 	Elapsed: 213.163	Loglikelihood: -6.95063e+07	(delta): 1.66967e+06
5 (QN/Block) 	Elapsed: 210.331	Loglikelihood: -6.90308e+07	(delta): 475489
6 (QN/Block) 	Elapsed: 223.08	Loglikelihood: -6.89598e+07	(delta): 70999.5
7 (QN/Block) 	Elapsed: 222.856	Loglikelihood: -6.89554e+07	(delta): 4385.32
8 (QN/Block) 	Elapsed: 224.633	Loglikelihood: -6.89545e+07	(delta): 924.033
9 (QN/Block) 	Elapsed: 219.334	Loglikelihood: -6.89544e+07	(delta): 63.041
10 (QN/Block) 	Elapsed: 239.908	Loglikelihood: -6.89544e+07	(delta): 5.47081
11 (QN/Block) 	Elapsed: 239.352	Loglikelihood: -6.89544e+07	(delta): 2.82259
12 (QN/Block) 	Elapsed: 232.723	Loglikelihood: -6.89544e+07	(delta): 2.69036
13 (QN/Block) 	Elapsed: 227.382	Loglikelihood: -6.89544e+07	(delta): 2.32376
14 (QN/Block) 	Elapsed: 226.52	Loglikelihood: -6.89544e+07	(delta): 1.33938
15 (QN/Block) 	Elapsed: 227.207	Loglikelihood: -6.89544e+07	(delta): 0.189768
16 (QN/Block) 	Elapsed: 231.803	Loglikelihood: -6.89544e+07	(delta): 0.00184189
17 (QN/Block) 	Elapsed: 205.448	Loglikelihood: -6.89544e+07	(delta): 0.00272202
18 (QN/Block) 	Elapsed: 201.661	Loglikelihood: -6.89544e+07	(delta): 0.000494003
19 (QN/Block) 	Elapsed: 206.626	Loglikelihood: -6.89544e+07	(delta): 0.000269443
20 (QN/Block) 	Elapsed: 210.611	Loglikelihood: -6.89544e+07	(delta): 3.29316e-06
Summary: 
Converged in 20 iterations (5014.22 sec)
Loglikelihood: -68954403.582661
Fst divergences between estimated populations: 
	Pop0	Pop1	Pop2	
Pop0	
Pop1	0.761	
Pop2	0.303	0.834	
Pop3	0.748	0.801	0.821	
Writing output files.
