****                   ADMIXTURE Version 1.3.0                  ****
****                    Copyright 2008-2015                     ****
****           David Alexander, Suyash Shringarpure,            ****
****                John  Novembre, Ken Lange                   ****
****                                                            ****
****                 Please cite our paper!                     ****
****   Information at www.genetics.ucla.edu/software/admixture  ****

Random seed: 1457
Point estimation method: Block relaxation algorithm
Convergence acceleration algorithm: QuasiNewton, 3 secant conditions
Point estimation will terminate when objective function delta < 0.0001
Estimation of standard errors disabled; will compute point estimates only.
Supervised analysis mode.  Examining .pop file...
Size of G: 3717x190081
Performing five EM steps to prime main algorithm
1 (EM) 	Elapsed: 95.337	Loglikelihood: -1.87955e+08	(delta): 8.78763e+08
2 (EM) 	Elapsed: 91.739	Loglikelihood: -1.80086e+08	(delta): 7.86883e+06
3 (EM) 	Elapsed: 89.04	Loglikelihood: -1.77402e+08	(delta): 2.68371e+06
4 (EM) 	Elapsed: 90.522	Loglikelihood: -1.75157e+08	(delta): 2.24535e+06
5 (EM) 	Elapsed: 90.414	Loglikelihood: -1.72714e+08	(delta): 2.4424e+06
Initial loglikelihood: -1.72714e+08
Starting main algorithm
1 (QN/Block) 	Elapsed: 229.646	Loglikelihood: -8.3575e+07	(delta): 8.91394e+07
2 (QN/Block) 	Elapsed: 228.714	Loglikelihood: -7.55888e+07	(delta): 7.98612e+06
3 (QN/Block) 	Elapsed: 241.478	Loglikelihood: -7.16554e+07	(delta): 3.93346e+06
4 (QN/Block) 	Elapsed: 239	Loglikelihood: -6.9595e+07	(delta): 2.06041e+06
5 (QN/Block) 	Elapsed: 239.654	Loglikelihood: -6.90359e+07	(delta): 559061
6 (QN/Block) 	Elapsed: 237.276	Loglikelihood: -6.89674e+07	(delta): 68494.4
7 (QN/Block) 	Elapsed: 246.566	Loglikelihood: -6.8958e+07	(delta): 9391.57
8 (QN/Block) 	Elapsed: 236.448	Loglikelihood: -6.89547e+07	(delta): 3304.54
9 (QN/Block) 	Elapsed: 239.815	Loglikelihood: -6.89544e+07	(delta): 324.005
10 (QN/Block) 	Elapsed: 252.887	Loglikelihood: -6.89544e+07	(delta): 8.48133
11 (QN/Block) 	Elapsed: 233.478	Loglikelihood: -6.89544e+07	(delta): 0.392531
12 (QN/Block) 	Elapsed: 241.011	Loglikelihood: -6.89544e+07	(delta): 0.0687149
13 (QN/Block) 	Elapsed: 223.432	Loglikelihood: -6.89544e+07	(delta): 0.0336232
14 (QN/Block) 	Elapsed: 212.541	Loglikelihood: -6.89544e+07	(delta): 0.0275614
15 (QN/Block) 	Elapsed: 239.722	Loglikelihood: -6.89544e+07	(delta): 0.0159683
16 (QN/Block) 	Elapsed: 237.137	Loglikelihood: -6.89544e+07	(delta): 0.00592807
17 (QN/Block) 	Elapsed: 217.814	Loglikelihood: -6.89544e+07	(delta): 0.00239107
18 (QN/Block) 	Elapsed: 217.125	Loglikelihood: -6.89544e+07	(delta): 0.000334173
19 (QN/Block) 	Elapsed: 216.937	Loglikelihood: -6.89544e+07	(delta): 7.81119e-05
Summary: 
Converged in 19 iterations (5071 sec)
Loglikelihood: -68954384.156054
Fst divergences between estimated populations: 
	Pop0	Pop1	Pop2	
Pop0	
Pop1	0.761	
Pop2	0.303	0.834	
Pop3	0.748	0.801	0.821	
Writing output files.
