****                   ADMIXTURE Version 1.3.0                  ****
****                    Copyright 2008-2015                     ****
****           David Alexander, Suyash Shringarpure,            ****
****                John  Novembre, Ken Lange                   ****
****                                                            ****
****                 Please cite our paper!                     ****
****   Information at www.genetics.ucla.edu/software/admixture  ****

Random seed: 1447
Point estimation method: Block relaxation algorithm
Convergence acceleration algorithm: QuasiNewton, 3 secant conditions
Point estimation will terminate when objective function delta < 0.0001
Estimation of standard errors disabled; will compute point estimates only.
Supervised analysis mode.  Examining .pop file...
Size of G: 3717x190081
Performing five EM steps to prime main algorithm
1 (EM) 	Elapsed: 99.39	Loglikelihood: -1.8784e+08	(delta): 8.78567e+08
2 (EM) 	Elapsed: 98.857	Loglikelihood: -1.79797e+08	(delta): 8.04348e+06
3 (EM) 	Elapsed: 98.285	Loglikelihood: -1.769e+08	(delta): 2.89703e+06
4 (EM) 	Elapsed: 96.496	Loglikelihood: -1.74385e+08	(delta): 2.51452e+06
5 (EM) 	Elapsed: 95.578	Loglikelihood: -1.7158e+08	(delta): 2.8058e+06
Initial loglikelihood: -1.7158e+08
Starting main algorithm
1 (QN/Block) 	Elapsed: 237.958	Loglikelihood: -8.3209e+07	(delta): 8.83706e+07
2 (QN/Block) 	Elapsed: 240.743	Loglikelihood: -7.49035e+07	(delta): 8.30555e+06
3 (QN/Block) 	Elapsed: 255.888	Loglikelihood: -7.11603e+07	(delta): 3.7432e+06
4 (QN/Block) 	Elapsed: 256.804	Loglikelihood: -6.94219e+07	(delta): 1.73833e+06
5 (QN/Block) 	Elapsed: 269.561	Loglikelihood: -6.90421e+07	(delta): 379880
6 (QN/Block) 	Elapsed: 286.418	Loglikelihood: -6.89836e+07	(delta): 58470.8
7 (QN/Block) 	Elapsed: 259.513	Loglikelihood: -6.89625e+07	(delta): 21074.1
8 (QN/Block) 	Elapsed: 258.609	Loglikelihood: -6.89551e+07	(delta): 7388.42
9 (QN/Block) 	Elapsed: 271.182	Loglikelihood: -6.89545e+07	(delta): 661.724
10 (QN/Block) 	Elapsed: 259.002	Loglikelihood: -6.89544e+07	(delta): 25.503
11 (QN/Block) 	Elapsed: 278.411	Loglikelihood: -6.89544e+07	(delta): 0.795566
12 (QN/Block) 	Elapsed: 272.904	Loglikelihood: -6.89544e+07	(delta): 0.357891
13 (QN/Block) 	Elapsed: 277.957	Loglikelihood: -6.89544e+07	(delta): 0.081058
14 (QN/Block) 	Elapsed: 277.651	Loglikelihood: -6.89544e+07	(delta): 0.0366419
15 (QN/Block) 	Elapsed: 272.178	Loglikelihood: -6.89544e+07	(delta): 0.029321
16 (QN/Block) 	Elapsed: 271.511	Loglikelihood: -6.89544e+07	(delta): 0.0202809
17 (QN/Block) 	Elapsed: 272.96	Loglikelihood: -6.89544e+07	(delta): 0.00438541
18 (QN/Block) 	Elapsed: 275.368	Loglikelihood: -6.89544e+07	(delta): 0.00110155
19 (QN/Block) 	Elapsed: 251.227	Loglikelihood: -6.89544e+07	(delta): 0.00172541
20 (QN/Block) 	Elapsed: 251.25	Loglikelihood: -6.89544e+07	(delta): 0.000245005
21 (QN/Block) 	Elapsed: 251.261	Loglikelihood: -6.89544e+07	(delta): 9.49204e-06
Summary: 
Converged in 21 iterations (6231.57 sec)
Loglikelihood: -68954433.426078
Fst divergences between estimated populations: 
	Pop0	Pop1	Pop2	
Pop0	
Pop1	0.761	
Pop2	0.303	0.834	
Pop3	0.748	0.801	0.821	
Writing output files.
