****                   ADMIXTURE Version 1.3.0                  ****
****                    Copyright 2008-2015                     ****
****           David Alexander, Suyash Shringarpure,            ****
****                John  Novembre, Ken Lange                   ****
****                                                            ****
****                 Please cite our paper!                     ****
****   Information at www.genetics.ucla.edu/software/admixture  ****

Random seed: 1468
Point estimation method: Block relaxation algorithm
Convergence acceleration algorithm: QuasiNewton, 3 secant conditions
Point estimation will terminate when objective function delta < 0.0001
Estimation of standard errors disabled; will compute point estimates only.
Supervised analysis mode.  Examining .pop file...
Size of G: 3717x190081
Performing five EM steps to prime main algorithm
1 (EM) 	Elapsed: 91.344	Loglikelihood: -1.87766e+08	(delta): 8.79514e+08
2 (EM) 	Elapsed: 84.993	Loglikelihood: -1.79883e+08	(delta): 7.88361e+06
3 (EM) 	Elapsed: 85.145	Loglikelihood: -1.77142e+08	(delta): 2.74091e+06
4 (EM) 	Elapsed: 84.96	Loglikelihood: -1.74815e+08	(delta): 2.32657e+06
5 (EM) 	Elapsed: 88.965	Loglikelihood: -1.72243e+08	(delta): 2.57225e+06
Initial loglikelihood: -1.72243e+08
Starting main algorithm
1 (QN/Block) 	Elapsed: 233.829	Loglikelihood: -8.33153e+07	(delta): 8.89276e+07
2 (QN/Block) 	Elapsed: 237.243	Loglikelihood: -7.49644e+07	(delta): 8.3509e+06
3 (QN/Block) 	Elapsed: 247.521	Loglikelihood: -7.12484e+07	(delta): 3.71601e+06
4 (QN/Block) 	Elapsed: 242.492	Loglikelihood: -6.94697e+07	(delta): 1.77871e+06
5 (QN/Block) 	Elapsed: 252.515	Loglikelihood: -6.89973e+07	(delta): 472385
6 (QN/Block) 	Elapsed: 270.375	Loglikelihood: -6.89621e+07	(delta): 35159.1
7 (QN/Block) 	Elapsed: 253.549	Loglikelihood: -6.89568e+07	(delta): 5358.35
8 (QN/Block) 	Elapsed: 255.288	Loglikelihood: -6.89548e+07	(delta): 1974.29
9 (QN/Block) 	Elapsed: 255.258	Loglikelihood: -6.89544e+07	(delta): 361.02
10 (QN/Block) 	Elapsed: 267.73	Loglikelihood: -6.89544e+07	(delta): 22.1917
11 (QN/Block) 	Elapsed: 263.864	Loglikelihood: -6.89544e+07	(delta): 0.456537
12 (QN/Block) 	Elapsed: 258.201	Loglikelihood: -6.89544e+07	(delta): 0.0436799
13 (QN/Block) 	Elapsed: 272.674	Loglikelihood: -6.89544e+07	(delta): 0.0264904
14 (QN/Block) 	Elapsed: 256.46	Loglikelihood: -6.89544e+07	(delta): 0.020336
15 (QN/Block) 	Elapsed: 271.098	Loglikelihood: -6.89544e+07	(delta): 0.00794187
16 (QN/Block) 	Elapsed: 263.582	Loglikelihood: -6.89544e+07	(delta): 0.00049977
17 (QN/Block) 	Elapsed: 257.095	Loglikelihood: -6.89544e+07	(delta): 0.000552416
18 (QN/Block) 	Elapsed: 257.462	Loglikelihood: -6.89544e+07	(delta): 0.000419483
19 (QN/Block) 	Elapsed: 256.818	Loglikelihood: -6.89544e+07	(delta): 1.65254e-05
Summary: 
Converged in 19 iterations (5481.14 sec)
Loglikelihood: -68954425.683291
Fst divergences between estimated populations: 
	Pop0	Pop1	Pop2	
Pop0	
Pop1	0.761	
Pop2	0.303	0.834	
Pop3	0.748	0.801	0.821	
Writing output files.
