****                   ADMIXTURE Version 1.3.0                  ****
****                    Copyright 2008-2015                     ****
****           David Alexander, Suyash Shringarpure,            ****
****                John  Novembre, Ken Lange                   ****
****                                                            ****
****                 Please cite our paper!                     ****
****   Information at www.genetics.ucla.edu/software/admixture  ****

Random seed: 1440
Point estimation method: Block relaxation algorithm
Convergence acceleration algorithm: QuasiNewton, 3 secant conditions
Point estimation will terminate when objective function delta < 0.0001
Estimation of standard errors disabled; will compute point estimates only.
Supervised analysis mode.  Examining .pop file...
Size of G: 3717x190081
Performing five EM steps to prime main algorithm
1 (EM) 	Elapsed: 81.124	Loglikelihood: -1.87552e+08	(delta): 8.81508e+08
2 (EM) 	Elapsed: 79.612	Loglikelihood: -1.79202e+08	(delta): 8.34998e+06
3 (EM) 	Elapsed: 79.312	Loglikelihood: -1.75987e+08	(delta): 3.21477e+06
4 (EM) 	Elapsed: 81.347	Loglikelihood: -1.73043e+08	(delta): 2.94471e+06
5 (EM) 	Elapsed: 82.329	Loglikelihood: -1.69656e+08	(delta): 3.38651e+06
Initial loglikelihood: -1.69656e+08
Starting main algorithm
1 (QN/Block) 	Elapsed: 222.864	Loglikelihood: -8.46405e+07	(delta): 8.50157e+07
2 (QN/Block) 	Elapsed: 214.298	Loglikelihood: -7.59682e+07	(delta): 8.67227e+06
3 (QN/Block) 	Elapsed: 228.359	Loglikelihood: -7.17043e+07	(delta): 4.26392e+06
4 (QN/Block) 	Elapsed: 232.735	Loglikelihood: -6.95813e+07	(delta): 2.12297e+06
5 (QN/Block) 	Elapsed: 243.999	Loglikelihood: -6.89983e+07	(delta): 583063
6 (QN/Block) 	Elapsed: 266.026	Loglikelihood: -6.89614e+07	(delta): 36875.7
7 (QN/Block) 	Elapsed: 237.093	Loglikelihood: -6.89557e+07	(delta): 5717.07
8 (QN/Block) 	Elapsed: 234.499	Loglikelihood: -6.89545e+07	(delta): 1191.62
9 (QN/Block) 	Elapsed: 244.942	Loglikelihood: -6.89544e+07	(delta): 76.7647
10 (QN/Block) 	Elapsed: 243.55	Loglikelihood: -6.89544e+07	(delta): 13.5648
11 (QN/Block) 	Elapsed: 266.065	Loglikelihood: -6.89544e+07	(delta): 5.30554
12 (QN/Block) 	Elapsed: 259.236	Loglikelihood: -6.89544e+07	(delta): 4.97812
13 (QN/Block) 	Elapsed: 278.529	Loglikelihood: -6.89544e+07	(delta): -0.197223
14 (QN/Block) 	Elapsed: 252.522	Loglikelihood: -6.89544e+07	(delta): 2.4055
15 (QN/Block) 	Elapsed: 266.285	Loglikelihood: -6.89544e+07	(delta): 0.178495
16 (QN/Block) 	Elapsed: 244.85	Loglikelihood: -6.89544e+07	(delta): 0.000984922
17 (QN/Block) 	Elapsed: 245.936	Loglikelihood: -6.89544e+07	(delta): 0.000280976
18 (QN/Block) 	Elapsed: 245.792	Loglikelihood: -6.89544e+07	(delta): 3.69251e-05
Summary: 
Converged in 18 iterations (5004.23 sec)
Loglikelihood: -68954390.108655
Fst divergences between estimated populations: 
	Pop0	Pop1	Pop2	
Pop0	
Pop1	0.761	
Pop2	0.303	0.834	
Pop3	0.748	0.801	0.821	
Writing output files.
