****                   ADMIXTURE Version 1.3.0                  ****
****                    Copyright 2008-2015                     ****
****           David Alexander, Suyash Shringarpure,            ****
****                John  Novembre, Ken Lange                   ****
****                                                            ****
****                 Please cite our paper!                     ****
****   Information at www.genetics.ucla.edu/software/admixture  ****

Random seed: 1441
Point estimation method: Block relaxation algorithm
Convergence acceleration algorithm: QuasiNewton, 3 secant conditions
Point estimation will terminate when objective function delta < 0.0001
Estimation of standard errors disabled; will compute point estimates only.
Supervised analysis mode.  Examining .pop file...
Size of G: 3717x190081
Performing five EM steps to prime main algorithm
1 (EM) 	Elapsed: 82.022	Loglikelihood: -1.87507e+08	(delta): 8.81068e+08
2 (EM) 	Elapsed: 82.741	Loglikelihood: -1.79282e+08	(delta): 8.22507e+06
3 (EM) 	Elapsed: 83.513	Loglikelihood: -1.76159e+08	(delta): 3.12293e+06
4 (EM) 	Elapsed: 83.655	Loglikelihood: -1.73315e+08	(delta): 2.84313e+06
5 (EM) 	Elapsed: 84.759	Loglikelihood: -1.70064e+08	(delta): 3.25099e+06
Initial loglikelihood: -1.70064e+08
Starting main algorithm
1 (QN/Block) 	Elapsed: 216.868	Loglikelihood: -8.41438e+07	(delta): 8.59207e+07
2 (QN/Block) 	Elapsed: 210.832	Loglikelihood: -7.56729e+07	(delta): 8.47085e+06
3 (QN/Block) 	Elapsed: 228.4	Loglikelihood: -7.16283e+07	(delta): 4.0446e+06
4 (QN/Block) 	Elapsed: 243.091	Loglikelihood: -6.95108e+07	(delta): 2.11754e+06
5 (QN/Block) 	Elapsed: 261.911	Loglikelihood: -6.91271e+07	(delta): 383705
6 (QN/Block) 	Elapsed: 238.624	Loglikelihood: -6.90032e+07	(delta): 123896
7 (QN/Block) 	Elapsed: 231.937	Loglikelihood: -6.89619e+07	(delta): 41306.7
8 (QN/Block) 	Elapsed: 247.211	Loglikelihood: -6.89549e+07	(delta): 6955.99
9 (QN/Block) 	Elapsed: 251.383	Loglikelihood: -6.89544e+07	(delta): 514.709
10 (QN/Block) 	Elapsed: 246.082	Loglikelihood: -6.89543e+07	(delta): 58.2512
11 (QN/Block) 	Elapsed: 246.465	Loglikelihood: -6.89543e+07	(delta): 4.48713
12 (QN/Block) 	Elapsed: 279.944	Loglikelihood: -6.89543e+07	(delta): 0.488497
13 (QN/Block) 	Elapsed: 245.86	Loglikelihood: -6.89543e+07	(delta): 0.25208
14 (QN/Block) 	Elapsed: 246.069	Loglikelihood: -6.89543e+07	(delta): 0.0448312
15 (QN/Block) 	Elapsed: 266.025	Loglikelihood: -6.89543e+07	(delta): 0.0359383
16 (QN/Block) 	Elapsed: 244.754	Loglikelihood: -6.89543e+07	(delta): 0.043924
17 (QN/Block) 	Elapsed: 252.376	Loglikelihood: -6.89543e+07	(delta): 0.0178609
18 (QN/Block) 	Elapsed: 251.702	Loglikelihood: -6.89543e+07	(delta): 0.0181262
19 (QN/Block) 	Elapsed: 266.197	Loglikelihood: -6.89543e+07	(delta): 0.000655159
20 (QN/Block) 	Elapsed: 245.531	Loglikelihood: -6.89543e+07	(delta): 4.45247e-05
Summary: 
Converged in 20 iterations (5522.39 sec)
Loglikelihood: -68954317.527180
Fst divergences between estimated populations: 
	Pop0	Pop1	Pop2	
Pop0	
Pop1	0.761	
Pop2	0.303	0.834	
Pop3	0.748	0.801	0.821	
Writing output files.
