****                   ADMIXTURE Version 1.3.0                  ****
****                    Copyright 2008-2015                     ****
****           David Alexander, Suyash Shringarpure,            ****
****                John  Novembre, Ken Lange                   ****
****                                                            ****
****                 Please cite our paper!                     ****
****   Information at www.genetics.ucla.edu/software/admixture  ****

Random seed: 1424
Point estimation method: Block relaxation algorithm
Convergence acceleration algorithm: QuasiNewton, 3 secant conditions
Point estimation will terminate when objective function delta < 0.0001
Estimation of standard errors disabled; will compute point estimates only.
Supervised analysis mode.  Examining .pop file...
Size of G: 3717x190081
Performing five EM steps to prime main algorithm
1 (EM) 	Elapsed: 142.734	Loglikelihood: -1.88039e+08	(delta): 8.78301e+08
2 (EM) 	Elapsed: 92.763	Loglikelihood: -1.80394e+08	(delta): 7.64523e+06
3 (EM) 	Elapsed: 89.377	Loglikelihood: -1.77964e+08	(delta): 2.43016e+06
4 (EM) 	Elapsed: 103.204	Loglikelihood: -1.75996e+08	(delta): 1.9678e+06
5 (EM) 	Elapsed: 142.757	Loglikelihood: -1.73881e+08	(delta): 2.1149e+06
Initial loglikelihood: -1.73881e+08
Starting main algorithm
1 (QN/Block) 	Elapsed: 319.382	Loglikelihood: -8.30308e+07	(delta): 9.08501e+07
2 (QN/Block) 	Elapsed: 281.93	Loglikelihood: -7.51354e+07	(delta): 7.89536e+06
3 (QN/Block) 	Elapsed: 349.938	Loglikelihood: -7.21138e+07	(delta): 3.02164e+06
4 (QN/Block) 	Elapsed: 356.909	Loglikelihood: -6.98845e+07	(delta): 2.22929e+06
5 (QN/Block) 	Elapsed: 271.329	Loglikelihood: -6.91747e+07	(delta): 709807
6 (QN/Block) 	Elapsed: 329.969	Loglikelihood: -6.90326e+07	(delta): 142060
7 (QN/Block) 	Elapsed: 307.773	Loglikelihood: -6.89716e+07	(delta): 60964.3
8 (QN/Block) 	Elapsed: 362.2	Loglikelihood: -6.89578e+07	(delta): 13827.1
9 (QN/Block) 	Elapsed: 345.469	Loglikelihood: -6.89556e+07	(delta): 2248.66
10 (QN/Block) 	Elapsed: 335.627	Loglikelihood: -6.89547e+07	(delta): 915.041
11 (QN/Block) 	Elapsed: 267.747	Loglikelihood: -6.89544e+07	(delta): 219.343
12 (QN/Block) 	Elapsed: 308.505	Loglikelihood: -6.89544e+07	(delta): 15.6512
13 (QN/Block) 	Elapsed: 338.949	Loglikelihood: -6.89544e+07	(delta): 0.151406
14 (QN/Block) 	Elapsed: 346.535	Loglikelihood: -6.89544e+07	(delta): 0.0434956
15 (QN/Block) 	Elapsed: 311.475	Loglikelihood: -6.89544e+07	(delta): 0.0192135
16 (QN/Block) 	Elapsed: 334.256	Loglikelihood: -6.89544e+07	(delta): 0.000441402
17 (QN/Block) 	Elapsed: 271.419	Loglikelihood: -6.89544e+07	(delta): 7.86036e-05
Summary: 
Converged in 17 iterations (6250.66 sec)
Loglikelihood: -68954416.036965
Fst divergences between estimated populations: 
	Pop0	Pop1	Pop2	
Pop0	
Pop1	0.761	
Pop2	0.303	0.834	
Pop3	0.748	0.801	0.821	
Writing output files.
