****                   ADMIXTURE Version 1.3.0                  ****
****                    Copyright 2008-2015                     ****
****           David Alexander, Suyash Shringarpure,            ****
****                John  Novembre, Ken Lange                   ****
****                                                            ****
****                 Please cite our paper!                     ****
****   Information at www.genetics.ucla.edu/software/admixture  ****

Random seed: 1405
Point estimation method: Block relaxation algorithm
Convergence acceleration algorithm: QuasiNewton, 3 secant conditions
Point estimation will terminate when objective function delta < 0.0001
Estimation of standard errors disabled; will compute point estimates only.
Supervised analysis mode.  Examining .pop file...
Size of G: 3717x190081
Performing five EM steps to prime main algorithm
1 (EM) 	Elapsed: 98.146	Loglikelihood: -1.87743e+08	(delta): 8.81928e+08
2 (EM) 	Elapsed: 122.45	Loglikelihood: -1.79851e+08	(delta): 7.89218e+06
3 (EM) 	Elapsed: 144.113	Loglikelihood: -1.77112e+08	(delta): 2.7391e+06
4 (EM) 	Elapsed: 107.631	Loglikelihood: -1.74805e+08	(delta): 2.30705e+06
5 (EM) 	Elapsed: 100.793	Loglikelihood: -1.72304e+08	(delta): 2.50155e+06
Initial loglikelihood: -1.72304e+08
Starting main algorithm
1 (QN/Block) 	Elapsed: 323.11	Loglikelihood: -8.33691e+07	(delta): 8.89345e+07
2 (QN/Block) 	Elapsed: 262.785	Loglikelihood: -7.55254e+07	(delta): 7.84369e+06
3 (QN/Block) 	Elapsed: 313.308	Loglikelihood: -7.15777e+07	(delta): 3.94765e+06
4 (QN/Block) 	Elapsed: 248.075	Loglikelihood: -6.9607e+07	(delta): 1.97074e+06
5 (QN/Block) 	Elapsed: 245.546	Loglikelihood: -6.90537e+07	(delta): 553308
6 (QN/Block) 	Elapsed: 357.015	Loglikelihood: -6.8972e+07	(delta): 81708.8
7 (QN/Block) 	Elapsed: 309.838	Loglikelihood: -6.89565e+07	(delta): 15485.5
8 (QN/Block) 	Elapsed: 377.99	Loglikelihood: -6.89546e+07	(delta): 1922.3
9 (QN/Block) 	Elapsed: 379.36	Loglikelihood: -6.89544e+07	(delta): 182.955
10 (QN/Block) 	Elapsed: 304.076	Loglikelihood: -6.89544e+07	(delta): 15.4514
11 (QN/Block) 	Elapsed: 348.637	Loglikelihood: -6.89544e+07	(delta): 2.78463
12 (QN/Block) 	Elapsed: 313.237	Loglikelihood: -6.89544e+07	(delta): 0.1469
13 (QN/Block) 	Elapsed: 323.053	Loglikelihood: -6.89544e+07	(delta): 0.179129
14 (QN/Block) 	Elapsed: 294.493	Loglikelihood: -6.89544e+07	(delta): 0.0377548
15 (QN/Block) 	Elapsed: 291.758	Loglikelihood: -6.89544e+07	(delta): 0.0189774
16 (QN/Block) 	Elapsed: 364.277	Loglikelihood: -6.89544e+07	(delta): 0.00474386
17 (QN/Block) 	Elapsed: 245.153	Loglikelihood: -6.89544e+07	(delta): 0.000187546
18 (QN/Block) 	Elapsed: 242.919	Loglikelihood: -6.89544e+07	(delta): 8.4281e-05
Summary: 
Converged in 18 iterations (6359.73 sec)
Loglikelihood: -68954354.098094
Fst divergences between estimated populations: 
	Pop0	Pop1	Pop2	
Pop0	
Pop1	0.761	
Pop2	0.303	0.834	
Pop3	0.748	0.801	0.821	
Writing output files.
