****                   ADMIXTURE Version 1.3.0                  ****
****                    Copyright 2008-2015                     ****
****           David Alexander, Suyash Shringarpure,            ****
****                John  Novembre, Ken Lange                   ****
****                                                            ****
****                 Please cite our paper!                     ****
****   Information at www.genetics.ucla.edu/software/admixture  ****

Random seed: 1423
Point estimation method: Block relaxation algorithm
Convergence acceleration algorithm: QuasiNewton, 3 secant conditions
Point estimation will terminate when objective function delta < 0.0001
Estimation of standard errors disabled; will compute point estimates only.
Supervised analysis mode.  Examining .pop file...
Size of G: 3717x190081
Performing five EM steps to prime main algorithm
1 (EM) 	Elapsed: 149.129	Loglikelihood: -1.88165e+08	(delta): 8.80006e+08
2 (EM) 	Elapsed: 148.048	Loglikelihood: -1.80528e+08	(delta): 7.63713e+06
3 (EM) 	Elapsed: 147.89	Loglikelihood: -1.7814e+08	(delta): 2.38791e+06
4 (EM) 	Elapsed: 147.79	Loglikelihood: -1.76333e+08	(delta): 1.80645e+06
5 (EM) 	Elapsed: 148.172	Loglikelihood: -1.74542e+08	(delta): 1.79173e+06
Initial loglikelihood: -1.74542e+08
Starting main algorithm
1 (QN/Block) 	Elapsed: 277.241	Loglikelihood: -8.43528e+07	(delta): 9.01889e+07
2 (QN/Block) 	Elapsed: 322.113	Loglikelihood: -7.59101e+07	(delta): 8.44266e+06
3 (QN/Block) 	Elapsed: 345.031	Loglikelihood: -7.19027e+07	(delta): 4.00742e+06
4 (QN/Block) 	Elapsed: 345.561	Loglikelihood: -6.97065e+07	(delta): 2.19616e+06
5 (QN/Block) 	Elapsed: 299.063	Loglikelihood: -6.90572e+07	(delta): 649373
6 (QN/Block) 	Elapsed: 360.373	Loglikelihood: -6.89638e+07	(delta): 93372.3
7 (QN/Block) 	Elapsed: 298.485	Loglikelihood: -6.89552e+07	(delta): 8607.34
8 (QN/Block) 	Elapsed: 346.817	Loglikelihood: -6.89546e+07	(delta): 622.428
9 (QN/Block) 	Elapsed: 380.787	Loglikelihood: -6.89545e+07	(delta): 46.8999
10 (QN/Block) 	Elapsed: 294.748	Loglikelihood: -6.89545e+07	(delta): 14.9749
11 (QN/Block) 	Elapsed: 244.124	Loglikelihood: -6.89545e+07	(delta): 4.76322
12 (QN/Block) 	Elapsed: 315.934	Loglikelihood: -6.89545e+07	(delta): -1.49203
13 (QN/Block) 	Elapsed: 246.985	Loglikelihood: -6.89545e+07	(delta): 5.16861
14 (QN/Block) 	Elapsed: 264.754	Loglikelihood: -6.89545e+07	(delta): 2.29518
15 (QN/Block) 	Elapsed: 306.98	Loglikelihood: -6.89545e+07	(delta): 0.138285
16 (QN/Block) 	Elapsed: 295.081	Loglikelihood: -6.89545e+07	(delta): 5.90086e-05
Summary: 
Converged in 16 iterations (5942.45 sec)
Loglikelihood: -68954498.235535
Fst divergences between estimated populations: 
	Pop0	Pop1	Pop2	
Pop0	
Pop1	0.761	
Pop2	0.303	0.834	
Pop3	0.748	0.801	0.821	
Writing output files.
