****                   ADMIXTURE Version 1.3.0                  ****
****                    Copyright 2008-2015                     ****
****           David Alexander, Suyash Shringarpure,            ****
****                John  Novembre, Ken Lange                   ****
****                                                            ****
****                 Please cite our paper!                     ****
****   Information at www.genetics.ucla.edu/software/admixture  ****

Random seed: 1403
Point estimation method: Block relaxation algorithm
Convergence acceleration algorithm: QuasiNewton, 3 secant conditions
Point estimation will terminate when objective function delta < 0.0001
Estimation of standard errors disabled; will compute point estimates only.
Supervised analysis mode.  Examining .pop file...
Size of G: 3717x190081
Performing five EM steps to prime main algorithm
1 (EM) 	Elapsed: 95.016	Loglikelihood: -1.87658e+08	(delta): 8.79982e+08
2 (EM) 	Elapsed: 113.718	Loglikelihood: -1.79583e+08	(delta): 8.0745e+06
3 (EM) 	Elapsed: 96.038	Loglikelihood: -1.76614e+08	(delta): 2.96886e+06
4 (EM) 	Elapsed: 135.264	Loglikelihood: -1.73966e+08	(delta): 2.64816e+06
5 (EM) 	Elapsed: 142.375	Loglikelihood: -1.7092e+08	(delta): 3.04636e+06
Initial loglikelihood: -1.7092e+08
Starting main algorithm
1 (QN/Block) 	Elapsed: 327.617	Loglikelihood: -8.29351e+07	(delta): 8.79848e+07
2 (QN/Block) 	Elapsed: 324.367	Loglikelihood: -7.46619e+07	(delta): 8.27316e+06
3 (QN/Block) 	Elapsed: 271.109	Loglikelihood: -7.11522e+07	(delta): 3.50976e+06
4 (QN/Block) 	Elapsed: 250.32	Loglikelihood: -6.94704e+07	(delta): 1.68178e+06
5 (QN/Block) 	Elapsed: 349.987	Loglikelihood: -6.90507e+07	(delta): 419653
6 (QN/Block) 	Elapsed: 267.945	Loglikelihood: -6.89764e+07	(delta): 74291.8
7 (QN/Block) 	Elapsed: 333.162	Loglikelihood: -6.896e+07	(delta): 16400
8 (QN/Block) 	Elapsed: 323.106	Loglikelihood: -6.89547e+07	(delta): 5333.8
9 (QN/Block) 	Elapsed: 339.555	Loglikelihood: -6.89544e+07	(delta): 281.294
10 (QN/Block) 	Elapsed: 349.134	Loglikelihood: -6.89544e+07	(delta): 23.0696
11 (QN/Block) 	Elapsed: 353.168	Loglikelihood: -6.89544e+07	(delta): 2.58439
12 (QN/Block) 	Elapsed: 316.186	Loglikelihood: -6.89544e+07	(delta): 0.183355
13 (QN/Block) 	Elapsed: 332.509	Loglikelihood: -6.89544e+07	(delta): 0.163418
14 (QN/Block) 	Elapsed: 314.851	Loglikelihood: -6.89544e+07	(delta): 0.108096
15 (QN/Block) 	Elapsed: 343.651	Loglikelihood: -6.89544e+07	(delta): 0.0657212
16 (QN/Block) 	Elapsed: 383.093	Loglikelihood: -6.89544e+07	(delta): 0.0041731
17 (QN/Block) 	Elapsed: 247.001	Loglikelihood: -6.89544e+07	(delta): 0.0115588
18 (QN/Block) 	Elapsed: 243.082	Loglikelihood: -6.89544e+07	(delta): 2.59727e-05
Summary: 
Converged in 18 iterations (6504.01 sec)
Loglikelihood: -68954389.090798
Fst divergences between estimated populations: 
	Pop0	Pop1	Pop2	
Pop0	
Pop1	0.761	
Pop2	0.303	0.834	
Pop3	0.748	0.801	0.821	
Writing output files.
