****                   ADMIXTURE Version 1.3.0                  ****
****                    Copyright 2008-2015                     ****
****           David Alexander, Suyash Shringarpure,            ****
****                John  Novembre, Ken Lange                   ****
****                                                            ****
****                 Please cite our paper!                     ****
****   Information at www.genetics.ucla.edu/software/admixture  ****

Random seed: 1485
Point estimation method: Block relaxation algorithm
Convergence acceleration algorithm: QuasiNewton, 3 secant conditions
Point estimation will terminate when objective function delta < 0.0001
Estimation of standard errors disabled; will compute point estimates only.
Supervised analysis mode.  Examining .pop file...
Size of G: 3717x190081
Performing five EM steps to prime main algorithm
1 (EM) 	Elapsed: 91.1	Loglikelihood: -1.88006e+08	(delta): 8.78317e+08
2 (EM) 	Elapsed: 94.57	Loglikelihood: -1.80231e+08	(delta): 7.77447e+06
3 (EM) 	Elapsed: 94.987	Loglikelihood: -1.77643e+08	(delta): 2.58832e+06
4 (EM) 	Elapsed: 94.533	Loglikelihood: -1.75511e+08	(delta): 2.13193e+06
5 (EM) 	Elapsed: 93.79	Loglikelihood: -1.73211e+08	(delta): 2.29991e+06
Initial loglikelihood: -1.73211e+08
Starting main algorithm
1 (QN/Block) 	Elapsed: 242.574	Loglikelihood: -8.30516e+07	(delta): 9.01597e+07
2 (QN/Block) 	Elapsed: 244.688	Loglikelihood: -7.50611e+07	(delta): 7.99048e+06
3 (QN/Block) 	Elapsed: 256.825	Loglikelihood: -7.19839e+07	(delta): 3.07714e+06
4 (QN/Block) 	Elapsed: 266.405	Loglikelihood: -6.9805e+07	(delta): 2.179e+06
5 (QN/Block) 	Elapsed: 250.037	Loglikelihood: -6.93596e+07	(delta): 445372
6 (QN/Block) 	Elapsed: 271.468	Loglikelihood: -6.90803e+07	(delta): 279324
7 (QN/Block) 	Elapsed: 251.403	Loglikelihood: -6.8978e+07	(delta): 102301
8 (QN/Block) 	Elapsed: 257.417	Loglikelihood: -6.89583e+07	(delta): 19684.1
9 (QN/Block) 	Elapsed: 254.809	Loglikelihood: -6.89547e+07	(delta): 3572.47
10 (QN/Block) 	Elapsed: 248.55	Loglikelihood: -6.89544e+07	(delta): 314.763
11 (QN/Block) 	Elapsed: 249.706	Loglikelihood: -6.89544e+07	(delta): 29.3065
12 (QN/Block) 	Elapsed: 260.72	Loglikelihood: -6.89544e+07	(delta): 2.14586
13 (QN/Block) 	Elapsed: 263.197	Loglikelihood: -6.89543e+07	(delta): 0.075014
14 (QN/Block) 	Elapsed: 238.721	Loglikelihood: -6.89543e+07	(delta): 0.0433315
15 (QN/Block) 	Elapsed: 260.918	Loglikelihood: -6.89543e+07	(delta): 0.0295628
16 (QN/Block) 	Elapsed: 227.929	Loglikelihood: -6.89543e+07	(delta): 0.0249772
17 (QN/Block) 	Elapsed: 252.27	Loglikelihood: -6.89543e+07	(delta): 0.0114886
18 (QN/Block) 	Elapsed: 258.35	Loglikelihood: -6.89543e+07	(delta): 0.0099697
19 (QN/Block) 	Elapsed: 229.519	Loglikelihood: -6.89543e+07	(delta): 0.017546
20 (QN/Block) 	Elapsed: 238.34	Loglikelihood: -6.89543e+07	(delta): 0.00130282
21 (QN/Block) 	Elapsed: 229.383	Loglikelihood: -6.89543e+07	(delta): 6.75023e-05
Summary: 
Converged in 21 iterations (5908.88 sec)
Loglikelihood: -68954349.826928
Fst divergences between estimated populations: 
	Pop0	Pop1	Pop2	
Pop0	
Pop1	0.761	
Pop2	0.303	0.834	
Pop3	0.748	0.801	0.821	
Writing output files.
