****                   ADMIXTURE Version 1.3.0                  ****
****                    Copyright 2008-2015                     ****
****           David Alexander, Suyash Shringarpure,            ****
****                John  Novembre, Ken Lange                   ****
****                                                            ****
****                 Please cite our paper!                     ****
****   Information at www.genetics.ucla.edu/software/admixture  ****

Random seed: 1402
Point estimation method: Block relaxation algorithm
Convergence acceleration algorithm: QuasiNewton, 3 secant conditions
Point estimation will terminate when objective function delta < 0.0001
Estimation of standard errors disabled; will compute point estimates only.
Supervised analysis mode.  Examining .pop file...
Size of G: 3717x190081
Performing five EM steps to prime main algorithm
1 (EM) 	Elapsed: 136.236	Loglikelihood: -1.87972e+08	(delta): 8.80339e+08
2 (EM) 	Elapsed: 112.895	Loglikelihood: -1.80195e+08	(delta): 7.77726e+06
3 (EM) 	Elapsed: 97.721	Loglikelihood: -1.77645e+08	(delta): 2.54997e+06
4 (EM) 	Elapsed: 98.134	Loglikelihood: -1.75592e+08	(delta): 2.05285e+06
5 (EM) 	Elapsed: 98.038	Loglikelihood: -1.73402e+08	(delta): 2.18981e+06
Initial loglikelihood: -1.73402e+08
Starting main algorithm
1 (QN/Block) 	Elapsed: 234.597	Loglikelihood: -8.27481e+07	(delta): 9.06544e+07
2 (QN/Block) 	Elapsed: 232.096	Loglikelihood: -7.49117e+07	(delta): 7.83637e+06
3 (QN/Block) 	Elapsed: 255.858	Loglikelihood: -7.13772e+07	(delta): 3.53449e+06
4 (QN/Block) 	Elapsed: 249.698	Loglikelihood: -6.95418e+07	(delta): 1.83535e+06
5 (QN/Block) 	Elapsed: 345.258	Loglikelihood: -6.90081e+07	(delta): 533720
6 (QN/Block) 	Elapsed: 304.382	Loglikelihood: -6.89577e+07	(delta): 50396.4
7 (QN/Block) 	Elapsed: 312.234	Loglikelihood: -6.8955e+07	(delta): 2775.56
8 (QN/Block) 	Elapsed: 246.565	Loglikelihood: -6.89545e+07	(delta): 477.544
9 (QN/Block) 	Elapsed: 270.695	Loglikelihood: -6.89544e+07	(delta): 35.0975
10 (QN/Block) 	Elapsed: 377.915	Loglikelihood: -6.89544e+07	(delta): 3.91727
11 (QN/Block) 	Elapsed: 341.87	Loglikelihood: -6.89544e+07	(delta): 0.240006
12 (QN/Block) 	Elapsed: 314.416	Loglikelihood: -6.89544e+07	(delta): 0.202565
13 (QN/Block) 	Elapsed: 264.942	Loglikelihood: -6.89544e+07	(delta): 0.00762972
14 (QN/Block) 	Elapsed: 245.098	Loglikelihood: -6.89544e+07	(delta): 0.00058727
15 (QN/Block) 	Elapsed: 346.956	Loglikelihood: -6.89544e+07	(delta): 0.000110716
16 (QN/Block) 	Elapsed: 273.832	Loglikelihood: -6.89544e+07	(delta): 8.20756e-05
Summary: 
Converged in 16 iterations (5357.46 sec)
Loglikelihood: -68954434.388557
Fst divergences between estimated populations: 
	Pop0	Pop1	Pop2	
Pop0	
Pop1	0.761	
Pop2	0.303	0.834	
Pop3	0.748	0.801	0.821	
Writing output files.
