****                   ADMIXTURE Version 1.3.0                  ****
****                    Copyright 2008-2015                     ****
****           David Alexander, Suyash Shringarpure,            ****
****                John  Novembre, Ken Lange                   ****
****                                                            ****
****                 Please cite our paper!                     ****
****   Information at www.genetics.ucla.edu/software/admixture  ****

Random seed: 1409
Point estimation method: Block relaxation algorithm
Convergence acceleration algorithm: QuasiNewton, 3 secant conditions
Point estimation will terminate when objective function delta < 0.0001
Estimation of standard errors disabled; will compute point estimates only.
Supervised analysis mode.  Examining .pop file...
Size of G: 3717x190081
Performing five EM steps to prime main algorithm
1 (EM) 	Elapsed: 145.631	Loglikelihood: -1.87896e+08	(delta): 8.81085e+08
2 (EM) 	Elapsed: 143.281	Loglikelihood: -1.79906e+08	(delta): 7.98974e+06
3 (EM) 	Elapsed: 130.586	Loglikelihood: -1.771e+08	(delta): 2.80537e+06
4 (EM) 	Elapsed: 144.177	Loglikelihood: -1.7471e+08	(delta): 2.39001e+06
5 (EM) 	Elapsed: 142.133	Loglikelihood: -1.72053e+08	(delta): 2.65692e+06
Initial loglikelihood: -1.72053e+08
Starting main algorithm
1 (QN/Block) 	Elapsed: 325.081	Loglikelihood: -8.2792e+07	(delta): 8.92615e+07
2 (QN/Block) 	Elapsed: 318.576	Loglikelihood: -7.44176e+07	(delta): 8.37443e+06
3 (QN/Block) 	Elapsed: 253.846	Loglikelihood: -7.10012e+07	(delta): 3.41637e+06
4 (QN/Block) 	Elapsed: 383.167	Loglikelihood: -6.93602e+07	(delta): 1.64103e+06
5 (QN/Block) 	Elapsed: 387.913	Loglikelihood: -6.90199e+07	(delta): 340239
6 (QN/Block) 	Elapsed: 278.196	Loglikelihood: -6.89749e+07	(delta): 45079.6
7 (QN/Block) 	Elapsed: 323.923	Loglikelihood: -6.89567e+07	(delta): 18152.2
8 (QN/Block) 	Elapsed: 352.123	Loglikelihood: -6.89545e+07	(delta): 2213.35
9 (QN/Block) 	Elapsed: 372.2	Loglikelihood: -6.89544e+07	(delta): 92.7345
10 (QN/Block) 	Elapsed: 266.373	Loglikelihood: -6.89544e+07	(delta): 5.43065
11 (QN/Block) 	Elapsed: 244.613	Loglikelihood: -6.89544e+07	(delta): 0.841597
12 (QN/Block) 	Elapsed: 269.264	Loglikelihood: -6.89544e+07	(delta): 0.24776
13 (QN/Block) 	Elapsed: 270.772	Loglikelihood: -6.89544e+07	(delta): 0.123848
14 (QN/Block) 	Elapsed: 290.205	Loglikelihood: -6.89544e+07	(delta): 0.101352
15 (QN/Block) 	Elapsed: 251.339	Loglikelihood: -6.89544e+07	(delta): 0.0144043
16 (QN/Block) 	Elapsed: 246.618	Loglikelihood: -6.89544e+07	(delta): 0.000449151
17 (QN/Block) 	Elapsed: 259.82	Loglikelihood: -6.89544e+07	(delta): 7.83652e-05
Summary: 
Converged in 17 iterations (6041.23 sec)
Loglikelihood: -68954392.963120
Fst divergences between estimated populations: 
	Pop0	Pop1	Pop2	
Pop0	
Pop1	0.761	
Pop2	0.303	0.834	
Pop3	0.748	0.801	0.821	
Writing output files.
