****                   ADMIXTURE Version 1.3.0                  ****
****                    Copyright 2008-2015                     ****
****           David Alexander, Suyash Shringarpure,            ****
****                John  Novembre, Ken Lange                   ****
****                                                            ****
****                 Please cite our paper!                     ****
****   Information at www.genetics.ucla.edu/software/admixture  ****

Random seed: 1476
Point estimation method: Block relaxation algorithm
Convergence acceleration algorithm: QuasiNewton, 3 secant conditions
Point estimation will terminate when objective function delta < 0.0001
Estimation of standard errors disabled; will compute point estimates only.
Supervised analysis mode.  Examining .pop file...
Size of G: 3717x190081
Performing five EM steps to prime main algorithm
1 (EM) 	Elapsed: 83.886	Loglikelihood: -1.87628e+08	(delta): 8.80316e+08
2 (EM) 	Elapsed: 80.978	Loglikelihood: -1.79604e+08	(delta): 8.02431e+06
3 (EM) 	Elapsed: 81.883	Loglikelihood: -1.76707e+08	(delta): 2.89704e+06
4 (EM) 	Elapsed: 85.641	Loglikelihood: -1.74188e+08	(delta): 2.51853e+06
5 (EM) 	Elapsed: 84.359	Loglikelihood: -1.71392e+08	(delta): 2.79625e+06
Initial loglikelihood: -1.71392e+08
Starting main algorithm
1 (QN/Block) 	Elapsed: 217.805	Loglikelihood: -8.38183e+07	(delta): 8.75735e+07
2 (QN/Block) 	Elapsed: 218.747	Loglikelihood: -7.57554e+07	(delta): 8.06292e+06
3 (QN/Block) 	Elapsed: 233.912	Loglikelihood: -7.16118e+07	(delta): 4.14361e+06
4 (QN/Block) 	Elapsed: 228.095	Loglikelihood: -6.96791e+07	(delta): 1.93267e+06
5 (QN/Block) 	Elapsed: 226.201	Loglikelihood: -6.90574e+07	(delta): 621689
6 (QN/Block) 	Elapsed: 229.528	Loglikelihood: -6.89602e+07	(delta): 97228.1
7 (QN/Block) 	Elapsed: 223.387	Loglikelihood: -6.89552e+07	(delta): 4949.07
8 (QN/Block) 	Elapsed: 224.097	Loglikelihood: -6.89545e+07	(delta): 774.225
9 (QN/Block) 	Elapsed: 225.31	Loglikelihood: -6.89544e+07	(delta): 78.0876
10 (QN/Block) 	Elapsed: 224.054	Loglikelihood: -6.89544e+07	(delta): 4.31341
11 (QN/Block) 	Elapsed: 229.853	Loglikelihood: -6.89544e+07	(delta): 0.102287
12 (QN/Block) 	Elapsed: 247.893	Loglikelihood: -6.89544e+07	(delta): 0.0464907
13 (QN/Block) 	Elapsed: 234.381	Loglikelihood: -6.89544e+07	(delta): 0.0141154
14 (QN/Block) 	Elapsed: 242.583	Loglikelihood: -6.89544e+07	(delta): 0.00870408
15 (QN/Block) 	Elapsed: 230.728	Loglikelihood: -6.89544e+07	(delta): 0.00205614
16 (QN/Block) 	Elapsed: 239.067	Loglikelihood: -6.89544e+07	(delta): 0.000690207
17 (QN/Block) 	Elapsed: 227.825	Loglikelihood: -6.89544e+07	(delta): 0.000578329
18 (QN/Block) 	Elapsed: 225.459	Loglikelihood: -6.89544e+07	(delta): 0.000267059
19 (QN/Block) 	Elapsed: 224.575	Loglikelihood: -6.89544e+07	(delta): 4.86672e-05
Summary: 
Converged in 19 iterations (4947.6 sec)
Loglikelihood: -68954376.735605
Fst divergences between estimated populations: 
	Pop0	Pop1	Pop2	
Pop0	
Pop1	0.761	
Pop2	0.303	0.834	
Pop3	0.748	0.801	0.821	
Writing output files.
