****                   ADMIXTURE Version 1.3.0                  ****
****                    Copyright 2008-2015                     ****
****           David Alexander, Suyash Shringarpure,            ****
****                John  Novembre, Ken Lange                   ****
****                                                            ****
****                 Please cite our paper!                     ****
****   Information at www.genetics.ucla.edu/software/admixture  ****

Random seed: 1456
Point estimation method: Block relaxation algorithm
Convergence acceleration algorithm: QuasiNewton, 3 secant conditions
Point estimation will terminate when objective function delta < 0.0001
Estimation of standard errors disabled; will compute point estimates only.
Supervised analysis mode.  Examining .pop file...
Size of G: 3717x190081
Performing five EM steps to prime main algorithm
1 (EM) 	Elapsed: 94.683	Loglikelihood: -1.87447e+08	(delta): 8.80037e+08
2 (EM) 	Elapsed: 93.878	Loglikelihood: -1.79327e+08	(delta): 8.12056e+06
3 (EM) 	Elapsed: 88.257	Loglikelihood: -1.76305e+08	(delta): 3.02213e+06
4 (EM) 	Elapsed: 90.743	Loglikelihood: -1.7363e+08	(delta): 2.67412e+06
5 (EM) 	Elapsed: 91.488	Loglikelihood: -1.70626e+08	(delta): 3.0045e+06
Initial loglikelihood: -1.70626e+08
Starting main algorithm
1 (QN/Block) 	Elapsed: 226.188	Loglikelihood: -8.33462e+07	(delta): 8.72796e+07
2 (QN/Block) 	Elapsed: 224.088	Loglikelihood: -7.55325e+07	(delta): 7.81371e+06
3 (QN/Block) 	Elapsed: 238.663	Loglikelihood: -7.16422e+07	(delta): 3.89032e+06
4 (QN/Block) 	Elapsed: 238.727	Loglikelihood: -6.9576e+07	(delta): 2.06618e+06
5 (QN/Block) 	Elapsed: 237.144	Loglikelihood: -6.90211e+07	(delta): 554889
6 (QN/Block) 	Elapsed: 259.071	Loglikelihood: -6.89632e+07	(delta): 57966
7 (QN/Block) 	Elapsed: 245.445	Loglikelihood: -6.89569e+07	(delta): 6318.25
8 (QN/Block) 	Elapsed: 242.503	Loglikelihood: -6.89547e+07	(delta): 2190.27
9 (QN/Block) 	Elapsed: 255.915	Loglikelihood: -6.89544e+07	(delta): 281.469
10 (QN/Block) 	Elapsed: 239.029	Loglikelihood: -6.89544e+07	(delta): 14.0311
11 (QN/Block) 	Elapsed: 252.029	Loglikelihood: -6.89544e+07	(delta): 4.0067
12 (QN/Block) 	Elapsed: 248.861	Loglikelihood: -6.89544e+07	(delta): 3.49878
13 (QN/Block) 	Elapsed: 243.861	Loglikelihood: -6.89544e+07	(delta): 0.81749
14 (QN/Block) 	Elapsed: 240.311	Loglikelihood: -6.89544e+07	(delta): 0.0229581
15 (QN/Block) 	Elapsed: 241.35	Loglikelihood: -6.89544e+07	(delta): 0.031875
16 (QN/Block) 	Elapsed: 222.475	Loglikelihood: -6.89544e+07	(delta): 0.0269153
17 (QN/Block) 	Elapsed: 237.618	Loglikelihood: -6.89544e+07	(delta): 0.00979865
18 (QN/Block) 	Elapsed: 237.41	Loglikelihood: -6.89544e+07	(delta): 0.00197178
19 (QN/Block) 	Elapsed: 216.453	Loglikelihood: -6.89544e+07	(delta): 0.000747219
20 (QN/Block) 	Elapsed: 216.177	Loglikelihood: -6.89544e+07	(delta): 3.43174e-05
Summary: 
Converged in 20 iterations (5410.71 sec)
Loglikelihood: -68954370.852530
Fst divergences between estimated populations: 
	Pop0	Pop1	Pop2	
Pop0	
Pop1	0.761	
Pop2	0.303	0.834	
Pop3	0.748	0.801	0.821	
Writing output files.
