****                   ADMIXTURE Version 1.3.0                  ****
****                    Copyright 2008-2015                     ****
****           David Alexander, Suyash Shringarpure,            ****
****                John  Novembre, Ken Lange                   ****
****                                                            ****
****                 Please cite our paper!                     ****
****   Information at www.genetics.ucla.edu/software/admixture  ****

Random seed: 1417
Point estimation method: Block relaxation algorithm
Convergence acceleration algorithm: QuasiNewton, 3 secant conditions
Point estimation will terminate when objective function delta < 0.0001
Estimation of standard errors disabled; will compute point estimates only.
Supervised analysis mode.  Examining .pop file...
Size of G: 3717x190081
Performing five EM steps to prime main algorithm
1 (EM) 	Elapsed: 94.34	Loglikelihood: -1.87566e+08	(delta): 8.80268e+08
2 (EM) 	Elapsed: 142.569	Loglikelihood: -1.79466e+08	(delta): 8.09988e+06
3 (EM) 	Elapsed: 99.225	Loglikelihood: -1.76506e+08	(delta): 2.96064e+06
4 (EM) 	Elapsed: 94.127	Loglikelihood: -1.73901e+08	(delta): 2.60424e+06
5 (EM) 	Elapsed: 142.975	Loglikelihood: -1.70979e+08	(delta): 2.9225e+06
Initial loglikelihood: -1.70979e+08
Starting main algorithm
1 (QN/Block) 	Elapsed: 319.619	Loglikelihood: -8.35645e+07	(delta): 8.74145e+07
2 (QN/Block) 	Elapsed: 314.834	Loglikelihood: -7.58584e+07	(delta): 7.70605e+06
3 (QN/Block) 	Elapsed: 341.378	Loglikelihood: -7.17123e+07	(delta): 4.1461e+06
4 (QN/Block) 	Elapsed: 320.493	Loglikelihood: -6.97127e+07	(delta): 1.99959e+06
5 (QN/Block) 	Elapsed: 350.629	Loglikelihood: -6.90386e+07	(delta): 674109
6 (QN/Block) 	Elapsed: 350.898	Loglikelihood: -6.89604e+07	(delta): 78196
7 (QN/Block) 	Elapsed: 285.432	Loglikelihood: -6.89555e+07	(delta): 4907.37
8 (QN/Block) 	Elapsed: 351.935	Loglikelihood: -6.89545e+07	(delta): 991.356
9 (QN/Block) 	Elapsed: 290.739	Loglikelihood: -6.89544e+07	(delta): 164.969
10 (QN/Block) 	Elapsed: 300.003	Loglikelihood: -6.89544e+07	(delta): 8.29117
11 (QN/Block) 	Elapsed: 317.63	Loglikelihood: -6.89544e+07	(delta): 0.271138
12 (QN/Block) 	Elapsed: 295.366	Loglikelihood: -6.89544e+07	(delta): 0.064475
13 (QN/Block) 	Elapsed: 280.947	Loglikelihood: -6.89544e+07	(delta): 0.0578456
14 (QN/Block) 	Elapsed: 337.787	Loglikelihood: -6.89544e+07	(delta): 0.0270616
15 (QN/Block) 	Elapsed: 280.135	Loglikelihood: -6.89544e+07	(delta): 0.218088
16 (QN/Block) 	Elapsed: 266.401	Loglikelihood: -6.89544e+07	(delta): 0.0239928
17 (QN/Block) 	Elapsed: 262.951	Loglikelihood: -6.89544e+07	(delta): 0.000242293
18 (QN/Block) 	Elapsed: 242.178	Loglikelihood: -6.89544e+07	(delta): 0.000118554
19 (QN/Block) 	Elapsed: 236.846	Loglikelihood: -6.89544e+07	(delta): 1.99378e-05
Summary: 
Converged in 19 iterations (6568.05 sec)
Loglikelihood: -68954365.574996
Fst divergences between estimated populations: 
	Pop0	Pop1	Pop2	
Pop0	
Pop1	0.761	
Pop2	0.303	0.834	
Pop3	0.748	0.801	0.821	
Writing output files.
