****                   ADMIXTURE Version 1.3.0                  ****
****                    Copyright 2008-2015                     ****
****           David Alexander, Suyash Shringarpure,            ****
****                John  Novembre, Ken Lange                   ****
****                                                            ****
****                 Please cite our paper!                     ****
****   Information at www.genetics.ucla.edu/software/admixture  ****

Random seed: 1416
Point estimation method: Block relaxation algorithm
Convergence acceleration algorithm: QuasiNewton, 3 secant conditions
Point estimation will terminate when objective function delta < 0.0001
Estimation of standard errors disabled; will compute point estimates only.
Supervised analysis mode.  Examining .pop file...
Size of G: 3717x190081
Performing five EM steps to prime main algorithm
1 (EM) 	Elapsed: 130.58	Loglikelihood: -1.87803e+08	(delta): 8.80075e+08
2 (EM) 	Elapsed: 107.007	Loglikelihood: -1.79767e+08	(delta): 8.03594e+06
3 (EM) 	Elapsed: 128.164	Loglikelihood: -1.76887e+08	(delta): 2.87963e+06
4 (EM) 	Elapsed: 142.427	Loglikelihood: -1.74386e+08	(delta): 2.50078e+06
5 (EM) 	Elapsed: 91.703	Loglikelihood: -1.71559e+08	(delta): 2.82718e+06
Initial loglikelihood: -1.71559e+08
Starting main algorithm
1 (QN/Block) 	Elapsed: 246.363	Loglikelihood: -8.23609e+07	(delta): 8.91983e+07
2 (QN/Block) 	Elapsed: 231.844	Loglikelihood: -7.43543e+07	(delta): 8.00662e+06
3 (QN/Block) 	Elapsed: 348.589	Loglikelihood: -7.09858e+07	(delta): 3.36853e+06
4 (QN/Block) 	Elapsed: 352.502	Loglikelihood: -6.95237e+07	(delta): 1.4621e+06
5 (QN/Block) 	Elapsed: 333.794	Loglikelihood: -6.91212e+07	(delta): 402443
6 (QN/Block) 	Elapsed: 302.269	Loglikelihood: -6.90212e+07	(delta): 100022
7 (QN/Block) 	Elapsed: 296.727	Loglikelihood: -6.89746e+07	(delta): 46666.8
8 (QN/Block) 	Elapsed: 349.028	Loglikelihood: -6.89562e+07	(delta): 18329.4
9 (QN/Block) 	Elapsed: 364.72	Loglikelihood: -6.89545e+07	(delta): 1683.89
10 (QN/Block) 	Elapsed: 373.167	Loglikelihood: -6.89544e+07	(delta): 114.282
11 (QN/Block) 	Elapsed: 334.68	Loglikelihood: -6.89544e+07	(delta): 1.87499
12 (QN/Block) 	Elapsed: 307.787	Loglikelihood: -6.89544e+07	(delta): 0.639488
13 (QN/Block) 	Elapsed: 344.814	Loglikelihood: -6.89544e+07	(delta): 0.11667
14 (QN/Block) 	Elapsed: 351.675	Loglikelihood: -6.89544e+07	(delta): 0.125279
15 (QN/Block) 	Elapsed: 344.194	Loglikelihood: -6.89544e+07	(delta): 0.231717
16 (QN/Block) 	Elapsed: 313.476	Loglikelihood: -6.89544e+07	(delta): 0.107969
17 (QN/Block) 	Elapsed: 244.443	Loglikelihood: -6.89544e+07	(delta): 0.00967337
18 (QN/Block) 	Elapsed: 240.563	Loglikelihood: -6.89544e+07	(delta): 0.000568241
19 (QN/Block) 	Elapsed: 224.438	Loglikelihood: -6.89544e+07	(delta): 7.24345e-05
Summary: 
Converged in 19 iterations (6745.73 sec)
Loglikelihood: -68954422.571028
Fst divergences between estimated populations: 
	Pop0	Pop1	Pop2	
Pop0	
Pop1	0.761	
Pop2	0.303	0.834	
Pop3	0.748	0.801	0.821	
Writing output files.
