****                   ADMIXTURE Version 1.3.0                  ****
****                    Copyright 2008-2015                     ****
****           David Alexander, Suyash Shringarpure,            ****
****                John  Novembre, Ken Lange                   ****
****                                                            ****
****                 Please cite our paper!                     ****
****   Information at www.genetics.ucla.edu/software/admixture  ****

Random seed: 1497
Point estimation method: Block relaxation algorithm
Convergence acceleration algorithm: QuasiNewton, 3 secant conditions
Point estimation will terminate when objective function delta < 0.0001
Estimation of standard errors disabled; will compute point estimates only.
Supervised analysis mode.  Examining .pop file...
Size of G: 3717x190081
Performing five EM steps to prime main algorithm
1 (EM) 	Elapsed: 80.003	Loglikelihood: -1.87691e+08	(delta): 8.77017e+08
2 (EM) 	Elapsed: 80.145	Loglikelihood: -1.79653e+08	(delta): 8.03855e+06
3 (EM) 	Elapsed: 79.639	Loglikelihood: -1.76718e+08	(delta): 2.93437e+06
4 (EM) 	Elapsed: 78.231	Loglikelihood: -1.74135e+08	(delta): 2.58347e+06
5 (EM) 	Elapsed: 80.092	Loglikelihood: -1.71214e+08	(delta): 2.92073e+06
Initial loglikelihood: -1.71214e+08
Starting main algorithm
1 (QN/Block) 	Elapsed: 212.563	Loglikelihood: -8.33066e+07	(delta): 8.79075e+07
2 (QN/Block) 	Elapsed: 206.637	Loglikelihood: -7.5176e+07	(delta): 8.13061e+06
3 (QN/Block) 	Elapsed: 211.223	Loglikelihood: -7.13378e+07	(delta): 3.83819e+06
4 (QN/Block) 	Elapsed: 215.939	Loglikelihood: -6.94796e+07	(delta): 1.85823e+06
5 (QN/Block) 	Elapsed: 231.7	Loglikelihood: -6.90614e+07	(delta): 418164
6 (QN/Block) 	Elapsed: 237.029	Loglikelihood: -6.89908e+07	(delta): 70656.4
7 (QN/Block) 	Elapsed: 213.565	Loglikelihood: -6.89646e+07	(delta): 26153.8
8 (QN/Block) 	Elapsed: 216.868	Loglikelihood: -6.8956e+07	(delta): 8553.78
9 (QN/Block) 	Elapsed: 230.217	Loglikelihood: -6.89544e+07	(delta): 1611.77
10 (QN/Block) 	Elapsed: 230.121	Loglikelihood: -6.89544e+07	(delta): 21.673
11 (QN/Block) 	Elapsed: 211.29	Loglikelihood: -6.89544e+07	(delta): 1.10279
12 (QN/Block) 	Elapsed: 210.593	Loglikelihood: -6.89544e+07	(delta): 0.178786
13 (QN/Block) 	Elapsed: 216	Loglikelihood: -6.89544e+07	(delta): 0.0843448
14 (QN/Block) 	Elapsed: 229.426	Loglikelihood: -6.89544e+07	(delta): 0.0344325
15 (QN/Block) 	Elapsed: 216.562	Loglikelihood: -6.89544e+07	(delta): 0.0226327
16 (QN/Block) 	Elapsed: 208.828	Loglikelihood: -6.89544e+07	(delta): 0.0168968
17 (QN/Block) 	Elapsed: 228.24	Loglikelihood: -6.89544e+07	(delta): 0.00257237
18 (QN/Block) 	Elapsed: 209.905	Loglikelihood: -6.89544e+07	(delta): 1.29044e-05
Summary: 
Converged in 18 iterations (4499.92 sec)
Loglikelihood: -68954409.249195
Fst divergences between estimated populations: 
	Pop0	Pop1	Pop2	
Pop0	
Pop1	0.761	
Pop2	0.303	0.834	
Pop3	0.748	0.801	0.821	
Writing output files.
