****                   ADMIXTURE Version 1.3.0                  ****
****                    Copyright 2008-2015                     ****
****           David Alexander, Suyash Shringarpure,            ****
****                John  Novembre, Ken Lange                   ****
****                                                            ****
****                 Please cite our paper!                     ****
****   Information at www.genetics.ucla.edu/software/admixture  ****

Cross-validation will be performed.  Folds=5.
Random seed: 1212
Point estimation method: Block relaxation algorithm
Convergence acceleration algorithm: QuasiNewton, 3 secant conditions
Point estimation will terminate when objective function delta < 0.0001
Estimation of standard errors disabled; will compute point estimates only.
Size of G: 3166x190081
Performing five EM steps to prime main algorithm
1 (EM) 	Elapsed: 46.895	Loglikelihood: -1.43831e+08	(delta): 8.46012e+08
2 (EM) 	Elapsed: 46.083	Loglikelihood: -1.39002e+08	(delta): 4.82874e+06
3 (EM) 	Elapsed: 46.235	Loglikelihood: -1.37968e+08	(delta): 1.03422e+06
4 (EM) 	Elapsed: 46.003	Loglikelihood: -1.37465e+08	(delta): 503242
5 (EM) 	Elapsed: 45.737	Loglikelihood: -1.37204e+08	(delta): 260720
Initial loglikelihood: -1.37204e+08
Starting main algorithm
1 (QN/Block) 	Elapsed: 139.287	Loglikelihood: -9.72629e+07	(delta): 3.99411e+07
2 (QN/Block) 	Elapsed: 134.534	Loglikelihood: -6.93146e+07	(delta): 2.79483e+07
3 (QN/Block) 	Elapsed: 144.142	Loglikelihood: -6.54989e+07	(delta): 3.81574e+06
4 (QN/Block) 	Elapsed: 145.514	Loglikelihood: -6.3812e+07	(delta): 1.68686e+06
5 (QN/Block) 	Elapsed: 153.669	Loglikelihood: -6.35792e+07	(delta): 232769
6 (QN/Block) 	Elapsed: 157.203	Loglikelihood: -6.35549e+07	(delta): 24370
7 (QN/Block) 	Elapsed: 143.843	Loglikelihood: -6.35491e+07	(delta): 5757.28
8 (QN/Block) 	Elapsed: 158.095	Loglikelihood: -6.35486e+07	(delta): 519.205
9 (QN/Block) 	Elapsed: 144.873	Loglikelihood: -6.35486e+07	(delta): 27.6508
10 (QN/Block) 	Elapsed: 146.919	Loglikelihood: -6.35486e+07	(delta): 3.46401
11 (QN/Block) 	Elapsed: 147.069	Loglikelihood: -6.35486e+07	(delta): 0.115788
12 (QN/Block) 	Elapsed: 154.798	Loglikelihood: -6.35486e+07	(delta): 0.02122
13 (QN/Block) 	Elapsed: 158.889	Loglikelihood: -6.35486e+07	(delta): 0.00155687
14 (QN/Block) 	Elapsed: 159.533	Loglikelihood: -6.35486e+07	(delta): 0.000123002
15 (QN/Block) 	Elapsed: 135.613	Loglikelihood: -6.35486e+07	(delta): 3.05399e-05
Summary: 
Converged in 15 iterations (2548.55 sec)
Loglikelihood: -63548562.926190
Fst divergences between estimated populations: 
	Pop0	
Pop0	
Pop1	0.786	
CV error (K=2): 0.08437
Writing output files.
