****                   ADMIXTURE Version 1.3.0                  ****
****                    Copyright 2008-2015                     ****
****           David Alexander, Suyash Shringarpure,            ****
****                John  Novembre, Ken Lange                   ****
****                                                            ****
****                 Please cite our paper!                     ****
****   Information at www.genetics.ucla.edu/software/admixture  ****

Cross-validation will be performed.  Folds=5.
Random seed: 1249
Point estimation method: Block relaxation algorithm
Convergence acceleration algorithm: QuasiNewton, 3 secant conditions
Point estimation will terminate when objective function delta < 0.0001
Estimation of standard errors disabled; will compute point estimates only.
Size of G: 3166x190081
Performing five EM steps to prime main algorithm
1 (EM) 	Elapsed: 46.617	Loglikelihood: -1.43916e+08	(delta): 8.4247e+08
2 (EM) 	Elapsed: 46.102	Loglikelihood: -1.39059e+08	(delta): 4.85698e+06
3 (EM) 	Elapsed: 46.518	Loglikelihood: -1.38014e+08	(delta): 1.04497e+06
4 (EM) 	Elapsed: 46.501	Loglikelihood: -1.37492e+08	(delta): 522566
5 (EM) 	Elapsed: 45.998	Loglikelihood: -1.37203e+08	(delta): 288779
Initial loglikelihood: -1.37203e+08
Starting main algorithm
1 (QN/Block) 	Elapsed: 140.654	Loglikelihood: -9.56191e+07	(delta): 4.15839e+07
2 (QN/Block) 	Elapsed: 140.47	Loglikelihood: -6.90508e+07	(delta): 2.65683e+07
3 (QN/Block) 	Elapsed: 148.252	Loglikelihood: -6.54527e+07	(delta): 3.59809e+06
4 (QN/Block) 	Elapsed: 148.756	Loglikelihood: -6.37976e+07	(delta): 1.65513e+06
5 (QN/Block) 	Elapsed: 157.698	Loglikelihood: -6.35785e+07	(delta): 219072
6 (QN/Block) 	Elapsed: 160.523	Loglikelihood: -6.35536e+07	(delta): 24846.6
7 (QN/Block) 	Elapsed: 148.639	Loglikelihood: -6.3549e+07	(delta): 4616.03
8 (QN/Block) 	Elapsed: 153.479	Loglikelihood: -6.35486e+07	(delta): 446.542
9 (QN/Block) 	Elapsed: 147.942	Loglikelihood: -6.35486e+07	(delta): 15.5776
10 (QN/Block) 	Elapsed: 148.04	Loglikelihood: -6.35486e+07	(delta): 0.988683
11 (QN/Block) 	Elapsed: 149.551	Loglikelihood: -6.35486e+07	(delta): 0.0651542
12 (QN/Block) 	Elapsed: 161.679	Loglikelihood: -6.35486e+07	(delta): 0.0227088
13 (QN/Block) 	Elapsed: 158.045	Loglikelihood: -6.35486e+07	(delta): 0.000343159
14 (QN/Block) 	Elapsed: 161.892	Loglikelihood: -6.35486e+07	(delta): 8.13156e-05
Summary: 
Converged in 14 iterations (2447.01 sec)
Loglikelihood: -63548562.441737
Fst divergences between estimated populations: 
	Pop0	
Pop0	
Pop1	0.786	
CV error (K=2): 0.08436
Writing output files.
