****                   ADMIXTURE Version 1.3.0                  ****
****                    Copyright 2008-2015                     ****
****           David Alexander, Suyash Shringarpure,            ****
****                John  Novembre, Ken Lange                   ****
****                                                            ****
****                 Please cite our paper!                     ****
****   Information at www.genetics.ucla.edu/software/admixture  ****

Cross-validation will be performed.  Folds=5.
Random seed: 1203
Point estimation method: Block relaxation algorithm
Convergence acceleration algorithm: QuasiNewton, 3 secant conditions
Point estimation will terminate when objective function delta < 0.0001
Estimation of standard errors disabled; will compute point estimates only.
Size of G: 3166x190081
Performing five EM steps to prime main algorithm
1 (EM) 	Elapsed: 46.883	Loglikelihood: -1.43836e+08	(delta): 8.41382e+08
2 (EM) 	Elapsed: 46.79	Loglikelihood: -1.39017e+08	(delta): 4.81931e+06
3 (EM) 	Elapsed: 46.704	Loglikelihood: -1.37964e+08	(delta): 1.05295e+06
4 (EM) 	Elapsed: 46.712	Loglikelihood: -1.37426e+08	(delta): 538126
5 (EM) 	Elapsed: 46.809	Loglikelihood: -1.37114e+08	(delta): 312517
Initial loglikelihood: -1.37114e+08
Starting main algorithm
1 (QN/Block) 	Elapsed: 140.643	Loglikelihood: -9.37572e+07	(delta): 4.33563e+07
2 (QN/Block) 	Elapsed: 139.894	Loglikelihood: -6.87213e+07	(delta): 2.5036e+07
3 (QN/Block) 	Elapsed: 143.784	Loglikelihood: -6.53166e+07	(delta): 3.40464e+06
4 (QN/Block) 	Elapsed: 129.711	Loglikelihood: -6.37573e+07	(delta): 1.55934e+06
5 (QN/Block) 	Elapsed: 129.505	Loglikelihood: -6.35721e+07	(delta): 185216
6 (QN/Block) 	Elapsed: 150.439	Loglikelihood: -6.35529e+07	(delta): 19133.3
7 (QN/Block) 	Elapsed: 147.508	Loglikelihood: -6.35489e+07	(delta): 4026.89
8 (QN/Block) 	Elapsed: 159.245	Loglikelihood: -6.35486e+07	(delta): 294.554
9 (QN/Block) 	Elapsed: 147.684	Loglikelihood: -6.35486e+07	(delta): 10.0217
10 (QN/Block) 	Elapsed: 148.298	Loglikelihood: -6.35486e+07	(delta): 0.765695
11 (QN/Block) 	Elapsed: 148.092	Loglikelihood: -6.35486e+07	(delta): 0.071323
12 (QN/Block) 	Elapsed: 160.205	Loglikelihood: -6.35486e+07	(delta): 0.00934903
13 (QN/Block) 	Elapsed: 148.131	Loglikelihood: -6.35486e+07	(delta): 0.000220001
14 (QN/Block) 	Elapsed: 146.929	Loglikelihood: -6.35486e+07	(delta): 5.77122e-05
Summary: 
Converged in 14 iterations (2363.77 sec)
Loglikelihood: -63548587.795983
Fst divergences between estimated populations: 
	Pop0	
Pop0	
Pop1	0.786	
CV error (K=2): 0.08437
Writing output files.
