****                   ADMIXTURE Version 1.3.0                  ****
****                    Copyright 2008-2015                     ****
****           David Alexander, Suyash Shringarpure,            ****
****                John  Novembre, Ken Lange                   ****
****                                                            ****
****                 Please cite our paper!                     ****
****   Information at www.genetics.ucla.edu/software/admixture  ****

Cross-validation will be performed.  Folds=5.
Random seed: 1255
Point estimation method: Block relaxation algorithm
Convergence acceleration algorithm: QuasiNewton, 3 secant conditions
Point estimation will terminate when objective function delta < 0.0001
Estimation of standard errors disabled; will compute point estimates only.
Size of G: 3166x190081
Performing five EM steps to prime main algorithm
1 (EM) 	Elapsed: 46.759	Loglikelihood: -1.43863e+08	(delta): 8.44749e+08
2 (EM) 	Elapsed: 46.459	Loglikelihood: -1.38997e+08	(delta): 4.86565e+06
3 (EM) 	Elapsed: 46.569	Loglikelihood: -1.37934e+08	(delta): 1.0633e+06
4 (EM) 	Elapsed: 46.847	Loglikelihood: -1.374e+08	(delta): 533483
5 (EM) 	Elapsed: 46.917	Loglikelihood: -1.371e+08	(delta): 300254
Initial loglikelihood: -1.371e+08
Starting main algorithm
1 (QN/Block) 	Elapsed: 134.245	Loglikelihood: -9.39977e+07	(delta): 4.31023e+07
2 (QN/Block) 	Elapsed: 131.77	Loglikelihood: -6.87957e+07	(delta): 2.5202e+07
3 (QN/Block) 	Elapsed: 147.806	Loglikelihood: -6.53474e+07	(delta): 3.44826e+06
4 (QN/Block) 	Elapsed: 148.696	Loglikelihood: -6.37585e+07	(delta): 1.58896e+06
5 (QN/Block) 	Elapsed: 160.946	Loglikelihood: -6.35732e+07	(delta): 185251
6 (QN/Block) 	Elapsed: 160.272	Loglikelihood: -6.35533e+07	(delta): 19913.9
7 (QN/Block) 	Elapsed: 147.77	Loglikelihood: -6.35489e+07	(delta): 4374.58
8 (QN/Block) 	Elapsed: 159.833	Loglikelihood: -6.35486e+07	(delta): 321.408
9 (QN/Block) 	Elapsed: 147.44	Loglikelihood: -6.35486e+07	(delta): 11.0062
10 (QN/Block) 	Elapsed: 148.509	Loglikelihood: -6.35486e+07	(delta): 0.813232
11 (QN/Block) 	Elapsed: 148.849	Loglikelihood: -6.35486e+07	(delta): 0.0697165
12 (QN/Block) 	Elapsed: 160.833	Loglikelihood: -6.35486e+07	(delta): 0.0126097
13 (QN/Block) 	Elapsed: 148.419	Loglikelihood: -6.35486e+07	(delta): 0.000309423
14 (QN/Block) 	Elapsed: 148.534	Loglikelihood: -6.35486e+07	(delta): 6.71744e-05
Summary: 
Converged in 14 iterations (2417.75 sec)
Loglikelihood: -63548590.074923
Fst divergences between estimated populations: 
	Pop0	
Pop0	
Pop1	0.786	
