****                   ADMIXTURE Version 1.3.0                  ****
****                    Copyright 2008-2015                     ****
****           David Alexander, Suyash Shringarpure,            ****
****                John  Novembre, Ken Lange                   ****
****                                                            ****
****                 Please cite our paper!                     ****
****   Information at www.genetics.ucla.edu/software/admixture  ****

Cross-validation will be performed.  Folds=5.
Random seed: 1204
Point estimation method: Block relaxation algorithm
Convergence acceleration algorithm: QuasiNewton, 3 secant conditions
Point estimation will terminate when objective function delta < 0.0001
Estimation of standard errors disabled; will compute point estimates only.
Size of G: 3166x190081
Performing five EM steps to prime main algorithm
1 (EM) 	Elapsed: 46.619	Loglikelihood: -1.43978e+08	(delta): 8.44114e+08
2 (EM) 	Elapsed: 46.547	Loglikelihood: -1.39027e+08	(delta): 4.95032e+06
3 (EM) 	Elapsed: 46.419	Loglikelihood: -1.37964e+08	(delta): 1.06339e+06
4 (EM) 	Elapsed: 46.165	Loglikelihood: -1.37458e+08	(delta): 506066
5 (EM) 	Elapsed: 45.934	Loglikelihood: -1.372e+08	(delta): 257495
Initial loglikelihood: -1.372e+08
Starting main algorithm
1 (QN/Block) 	Elapsed: 131.163	Loglikelihood: -9.68688e+07	(delta): 4.03317e+07
2 (QN/Block) 	Elapsed: 106.706	Loglikelihood: -6.92175e+07	(delta): 2.76512e+07
3 (QN/Block) 	Elapsed: 129.997	Loglikelihood: -6.54929e+07	(delta): 3.72462e+06
4 (QN/Block) 	Elapsed: 141.549	Loglikelihood: -6.38128e+07	(delta): 1.6801e+06
5 (QN/Block) 	Elapsed: 156.375	Loglikelihood: -6.35775e+07	(delta): 235307
6 (QN/Block) 	Elapsed: 159.664	Loglikelihood: -6.35543e+07	(delta): 23221.8
7 (QN/Block) 	Elapsed: 146.897	Loglikelihood: -6.3549e+07	(delta): 5232.38
8 (QN/Block) 	Elapsed: 156.501	Loglikelihood: -6.35486e+07	(delta): 460.464
9 (QN/Block) 	Elapsed: 133.894	Loglikelihood: -6.35486e+07	(delta): 22.2807
10 (QN/Block) 	Elapsed: 122.286	Loglikelihood: -6.35486e+07	(delta): 2.21421
11 (QN/Block) 	Elapsed: 137.01	Loglikelihood: -6.35486e+07	(delta): 0.0958365
12 (QN/Block) 	Elapsed: 156.182	Loglikelihood: -6.35486e+07	(delta): 0.0233619
13 (QN/Block) 	Elapsed: 159.532	Loglikelihood: -6.35486e+07	(delta): 0.00089737
14 (QN/Block) 	Elapsed: 143.762	Loglikelihood: -6.35486e+07	(delta): 9.62988e-05
Summary: 
Converged in 14 iterations (2302.88 sec)
Loglikelihood: -63548562.699836
Fst divergences between estimated populations: 
	Pop0	
Pop0	
Pop1	0.786	
CV error (K=2): 0.08437
Writing output files.
