****                   ADMIXTURE Version 1.3.0                  ****
****                    Copyright 2008-2015                     ****
****           David Alexander, Suyash Shringarpure,            ****
****                John  Novembre, Ken Lange                   ****
****                                                            ****
****                 Please cite our paper!                     ****
****   Information at www.genetics.ucla.edu/software/admixture  ****

Cross-validation will be performed.  Folds=5.
Random seed: 1242
Point estimation method: Block relaxation algorithm
Convergence acceleration algorithm: QuasiNewton, 3 secant conditions
Point estimation will terminate when objective function delta < 0.0001
Estimation of standard errors disabled; will compute point estimates only.
Size of G: 3166x190081
Performing five EM steps to prime main algorithm
1 (EM) 	Elapsed: 46.745	Loglikelihood: -1.4388e+08	(delta): 8.4419e+08
2 (EM) 	Elapsed: 46.43	Loglikelihood: -1.39052e+08	(delta): 4.8279e+06
3 (EM) 	Elapsed: 45.542	Loglikelihood: -1.38002e+08	(delta): 1.04973e+06
4 (EM) 	Elapsed: 46.321	Loglikelihood: -1.37497e+08	(delta): 505035
5 (EM) 	Elapsed: 46.251	Loglikelihood: -1.37241e+08	(delta): 256641
Initial loglikelihood: -1.37241e+08
Starting main algorithm
1 (QN/Block) 	Elapsed: 138.864	Loglikelihood: -9.81203e+07	(delta): 3.91203e+07
2 (QN/Block) 	Elapsed: 138.979	Loglikelihood: -6.92853e+07	(delta): 2.8835e+07
3 (QN/Block) 	Elapsed: 147.964	Loglikelihood: -6.56023e+07	(delta): 3.68305e+06
4 (QN/Block) 	Elapsed: 147.632	Loglikelihood: -6.39073e+07	(delta): 1.695e+06
5 (QN/Block) 	Elapsed: 151.092	Loglikelihood: -6.35852e+07	(delta): 322138
6 (QN/Block) 	Elapsed: 158.582	Loglikelihood: -6.35563e+07	(delta): 28829.4
7 (QN/Block) 	Elapsed: 143.553	Loglikelihood: -6.35494e+07	(delta): 6954.78
8 (QN/Block) 	Elapsed: 152.758	Loglikelihood: -6.35486e+07	(delta): 765.837
9 (QN/Block) 	Elapsed: 147.183	Loglikelihood: -6.35486e+07	(delta): 32.9984
10 (QN/Block) 	Elapsed: 147.979	Loglikelihood: -6.35486e+07	(delta): 1.77696
11 (QN/Block) 	Elapsed: 147.558	Loglikelihood: -6.35486e+07	(delta): 0.0843971
12 (QN/Block) 	Elapsed: 155.18	Loglikelihood: -6.35486e+07	(delta): 0.0277031
13 (QN/Block) 	Elapsed: 159.703	Loglikelihood: -6.35486e+07	(delta): 0.0010527
14 (QN/Block) 	Elapsed: 147.56	Loglikelihood: -6.35486e+07	(delta): 5.08577e-05
Summary: 
Converged in 14 iterations (2405.61 sec)
Loglikelihood: -63548565.615895
Fst divergences between estimated populations: 
	Pop0	
Pop0	
Pop1	0.786	
CV error (K=2): 0.08438
Writing output files.
