****                   ADMIXTURE Version 1.3.0                  ****
****                    Copyright 2008-2015                     ****
****           David Alexander, Suyash Shringarpure,            ****
****                John  Novembre, Ken Lange                   ****
****                                                            ****
****                 Please cite our paper!                     ****
****   Information at www.genetics.ucla.edu/software/admixture  ****

Cross-validation will be performed.  Folds=5.
Random seed: 1206
Point estimation method: Block relaxation algorithm
Convergence acceleration algorithm: QuasiNewton, 3 secant conditions
Point estimation will terminate when objective function delta < 0.0001
Estimation of standard errors disabled; will compute point estimates only.
Size of G: 3166x190081
Performing five EM steps to prime main algorithm
1 (EM) 	Elapsed: 47.094	Loglikelihood: -1.43761e+08	(delta): 8.45539e+08
2 (EM) 	Elapsed: 46.695	Loglikelihood: -1.38989e+08	(delta): 4.77113e+06
3 (EM) 	Elapsed: 46.698	Loglikelihood: -1.37971e+08	(delta): 1.01827e+06
4 (EM) 	Elapsed: 46.563	Loglikelihood: -1.37427e+08	(delta): 544451
5 (EM) 	Elapsed: 46.523	Loglikelihood: -1.37085e+08	(delta): 341750
Initial loglikelihood: -1.37085e+08
Starting main algorithm
1 (QN/Block) 	Elapsed: 141.267	Loglikelihood: -9.29813e+07	(delta): 4.41038e+07
2 (QN/Block) 	Elapsed: 141.7	Loglikelihood: -6.87397e+07	(delta): 2.42415e+07
3 (QN/Block) 	Elapsed: 149.684	Loglikelihood: -6.52082e+07	(delta): 3.53156e+06
4 (QN/Block) 	Elapsed: 150.795	Loglikelihood: -6.37284e+07	(delta): 1.47975e+06
5 (QN/Block) 	Elapsed: 162.629	Loglikelihood: -6.35706e+07	(delta): 157831
6 (QN/Block) 	Elapsed: 161.966	Loglikelihood: -6.35532e+07	(delta): 17401.8
7 (QN/Block) 	Elapsed: 149.888	Loglikelihood: -6.3549e+07	(delta): 4194.35
8 (QN/Block) 	Elapsed: 162.531	Loglikelihood: -6.35486e+07	(delta): 411.718
9 (QN/Block) 	Elapsed: 149.452	Loglikelihood: -6.35486e+07	(delta): 7.87842
10 (QN/Block) 	Elapsed: 149.9	Loglikelihood: -6.35486e+07	(delta): 0.724742
11 (QN/Block) 	Elapsed: 149.885	Loglikelihood: -6.35486e+07	(delta): 0.0601021
12 (QN/Block) 	Elapsed: 162.276	Loglikelihood: -6.35486e+07	(delta): 0.00366759
13 (QN/Block) 	Elapsed: 162.431	Loglikelihood: -6.35486e+07	(delta): 0.000154719
14 (QN/Block) 	Elapsed: 149.639	Loglikelihood: -6.35486e+07	(delta): 4.18946e-05
Summary: 
Converged in 14 iterations (2467.56 sec)
Loglikelihood: -63548563.086005
Fst divergences between estimated populations: 
	Pop0	
Pop0	
Pop1	0.786	
CV error (K=2): 0.08436
Writing output files.
