****                   ADMIXTURE Version 1.3.0                  ****
****                    Copyright 2008-2015                     ****
****           David Alexander, Suyash Shringarpure,            ****
****                John  Novembre, Ken Lange                   ****
****                                                            ****
****                 Please cite our paper!                     ****
****   Information at www.genetics.ucla.edu/software/admixture  ****

Cross-validation will be performed.  Folds=5.
Random seed: 1229
Point estimation method: Block relaxation algorithm
Convergence acceleration algorithm: QuasiNewton, 3 secant conditions
Point estimation will terminate when objective function delta < 0.0001
Estimation of standard errors disabled; will compute point estimates only.
Size of G: 3166x190081
Performing five EM steps to prime main algorithm
1 (EM) 	Elapsed: 46.085	Loglikelihood: -1.43781e+08	(delta): 8.44284e+08
2 (EM) 	Elapsed: 45.722	Loglikelihood: -1.39008e+08	(delta): 4.77246e+06
3 (EM) 	Elapsed: 45.679	Loglikelihood: -1.37981e+08	(delta): 1.02685e+06
4 (EM) 	Elapsed: 46.573	Loglikelihood: -1.3747e+08	(delta): 511473
5 (EM) 	Elapsed: 46.194	Loglikelihood: -1.37196e+08	(delta): 273978
Initial loglikelihood: -1.37196e+08
Starting main algorithm
1 (QN/Block) 	Elapsed: 141.593	Loglikelihood: -9.6181e+07	(delta): 4.1015e+07
2 (QN/Block) 	Elapsed: 141.651	Loglikelihood: -6.91615e+07	(delta): 2.70195e+07
3 (QN/Block) 	Elapsed: 149.885	Loglikelihood: -6.54727e+07	(delta): 3.68886e+06
4 (QN/Block) 	Elapsed: 149.995	Loglikelihood: -6.38397e+07	(delta): 1.63299e+06
5 (QN/Block) 	Elapsed: 158.106	Loglikelihood: -6.35691e+07	(delta): 270573
6 (QN/Block) 	Elapsed: 162.165	Loglikelihood: -6.35522e+07	(delta): 16895.5
7 (QN/Block) 	Elapsed: 149.954	Loglikelihood: -6.3549e+07	(delta): 3249.11
8 (QN/Block) 	Elapsed: 154.025	Loglikelihood: -6.35486e+07	(delta): 400.55
9 (QN/Block) 	Elapsed: 149.839	Loglikelihood: -6.35486e+07	(delta): 15.9092
10 (QN/Block) 	Elapsed: 149.635	Loglikelihood: -6.35486e+07	(delta): 1.14274
11 (QN/Block) 	Elapsed: 149.612	Loglikelihood: -6.35486e+07	(delta): 0.0652671
12 (QN/Block) 	Elapsed: 162.07	Loglikelihood: -6.35486e+07	(delta): 0.0169382
13 (QN/Block) 	Elapsed: 162.131	Loglikelihood: -6.35486e+07	(delta): 0.000472225
14 (QN/Block) 	Elapsed: 153.505	Loglikelihood: -6.35486e+07	(delta): 7.72327e-05
Summary: 
Converged in 14 iterations (2454.32 sec)
Loglikelihood: -63548561.875853
Fst divergences between estimated populations: 
	Pop0	
Pop0	
Pop1	0.786	
CV error (K=2): 0.08436
Writing output files.
