****                   ADMIXTURE Version 1.3.0                  ****
****                    Copyright 2008-2015                     ****
****           David Alexander, Suyash Shringarpure,            ****
****                John  Novembre, Ken Lange                   ****
****                                                            ****
****                 Please cite our paper!                     ****
****   Information at www.genetics.ucla.edu/software/admixture  ****

Cross-validation will be performed.  Folds=5.
Random seed: 1214
Point estimation method: Block relaxation algorithm
Convergence acceleration algorithm: QuasiNewton, 3 secant conditions
Point estimation will terminate when objective function delta < 0.0001
Estimation of standard errors disabled; will compute point estimates only.
Size of G: 3166x190081
Performing five EM steps to prime main algorithm
1 (EM) 	Elapsed: 47.245	Loglikelihood: -1.43824e+08	(delta): 8.4243e+08
2 (EM) 	Elapsed: 47.142	Loglikelihood: -1.39015e+08	(delta): 4.80891e+06
3 (EM) 	Elapsed: 46.927	Loglikelihood: -1.37975e+08	(delta): 1.04032e+06
4 (EM) 	Elapsed: 46.68	Loglikelihood: -1.37451e+08	(delta): 523844
5 (EM) 	Elapsed: 46.049	Loglikelihood: -1.3716e+08	(delta): 291473
Initial loglikelihood: -1.3716e+08
Starting main algorithm
1 (QN/Block) 	Elapsed: 138.53	Loglikelihood: -9.5057e+07	(delta): 4.21027e+07
2 (QN/Block) 	Elapsed: 136.233	Loglikelihood: -6.90306e+07	(delta): 2.60264e+07
3 (QN/Block) 	Elapsed: 146.271	Loglikelihood: -6.54076e+07	(delta): 3.62297e+06
4 (QN/Block) 	Elapsed: 147.206	Loglikelihood: -6.37716e+07	(delta): 1.63604e+06
5 (QN/Block) 	Elapsed: 156.296	Loglikelihood: -6.35809e+07	(delta): 190676
6 (QN/Block) 	Elapsed: 158.94	Loglikelihood: -6.35538e+07	(delta): 27075.3
7 (QN/Block) 	Elapsed: 147.025	Loglikelihood: -6.3549e+07	(delta): 4802.08
8 (QN/Block) 	Elapsed: 156.006	Loglikelihood: -6.35486e+07	(delta): 406.816
9 (QN/Block) 	Elapsed: 147.783	Loglikelihood: -6.35486e+07	(delta): 12.388
10 (QN/Block) 	Elapsed: 147.855	Loglikelihood: -6.35486e+07	(delta): 0.870531
11 (QN/Block) 	Elapsed: 148.346	Loglikelihood: -6.35486e+07	(delta): 0.0711774
12 (QN/Block) 	Elapsed: 160.626	Loglikelihood: -6.35486e+07	(delta): 0.0172665
13 (QN/Block) 	Elapsed: 148.249	Loglikelihood: -6.35486e+07	(delta): 0.0003618
14 (QN/Block) 	Elapsed: 147.908	Loglikelihood: -6.35486e+07	(delta): 8.34763e-05
Summary: 
Converged in 14 iterations (2410.94 sec)
Loglikelihood: -63548600.959109
Fst divergences between estimated populations: 
	Pop0	
Pop0	
Pop1	0.786	
CV error (K=2): 0.08438
Writing output files.
