****                   ADMIXTURE Version 1.3.0                  ****
****                    Copyright 2008-2015                     ****
****           David Alexander, Suyash Shringarpure,            ****
****                John  Novembre, Ken Lange                   ****
****                                                            ****
****                 Please cite our paper!                     ****
****   Information at www.genetics.ucla.edu/software/admixture  ****

Cross-validation will be performed.  Folds=5.
Random seed: 1202
Point estimation method: Block relaxation algorithm
Convergence acceleration algorithm: QuasiNewton, 3 secant conditions
Point estimation will terminate when objective function delta < 0.0001
Estimation of standard errors disabled; will compute point estimates only.
Size of G: 3166x190081
Performing five EM steps to prime main algorithm
1 (EM) 	Elapsed: 45.839	Loglikelihood: -1.43823e+08	(delta): 8.41322e+08
2 (EM) 	Elapsed: 44.888	Loglikelihood: -1.39062e+08	(delta): 4.76111e+06
3 (EM) 	Elapsed: 44.228	Loglikelihood: -1.38091e+08	(delta): 971005
4 (EM) 	Elapsed: 42.533	Loglikelihood: -1.37595e+08	(delta): 495602
5 (EM) 	Elapsed: 40.396	Loglikelihood: -1.37319e+08	(delta): 275885
Initial loglikelihood: -1.37319e+08
Starting main algorithm
1 (QN/Block) 	Elapsed: 103.874	Loglikelihood: -1.01612e+08	(delta): 3.57073e+07
2 (QN/Block) 	Elapsed: 128.135	Loglikelihood: -8.50445e+07	(delta): 1.65674e+07
3 (QN/Block) 	Elapsed: 148.511	Loglikelihood: -7.36781e+07	(delta): 1.13664e+07
4 (QN/Block) 	Elapsed: 148.56	Loglikelihood: -6.83619e+07	(delta): 5.31628e+06
5 (QN/Block) 	Elapsed: 149.35	Loglikelihood: -6.40225e+07	(delta): 4.33935e+06
6 (QN/Block) 	Elapsed: 148.954	Loglikelihood: -6.36609e+07	(delta): 361648
7 (QN/Block) 	Elapsed: 143.387	Loglikelihood: -6.35842e+07	(delta): 76683
8 (QN/Block) 	Elapsed: 137.035	Loglikelihood: -6.35552e+07	(delta): 28932.9
9 (QN/Block) 	Elapsed: 139.267	Loglikelihood: -6.35497e+07	(delta): 5512.92
10 (QN/Block) 	Elapsed: 160.381	Loglikelihood: -6.35486e+07	(delta): 1080.58
11 (QN/Block) 	Elapsed: 147.021	Loglikelihood: -6.35486e+07	(delta): 82.4159
12 (QN/Block) 	Elapsed: 159.336	Loglikelihood: -6.35486e+07	(delta): 5.02342
13 (QN/Block) 	Elapsed: 147.882	Loglikelihood: -6.35486e+07	(delta): 0.0174775
14 (QN/Block) 	Elapsed: 147.957	Loglikelihood: -6.35486e+07	(delta): 0.00737397
15 (QN/Block) 	Elapsed: 157.881	Loglikelihood: -6.35486e+07	(delta): 0.00015948
16 (QN/Block) 	Elapsed: 157.668	Loglikelihood: -6.35486e+07	(delta): 3.17395e-06
Summary: 
Converged in 16 iterations (2641.02 sec)
Loglikelihood: -63548561.055718
Fst divergences between estimated populations: 
	Pop0	
Pop0	
Pop1	0.786	
CV error (K=2): 0.08438
Writing output files.
