****                   ADMIXTURE Version 1.3.0                  ****
****                    Copyright 2008-2015                     ****
****           David Alexander, Suyash Shringarpure,            ****
****                John  Novembre, Ken Lange                   ****
****                                                            ****
****                 Please cite our paper!                     ****
****   Information at www.genetics.ucla.edu/software/admixture  ****

Cross-validation will be performed.  Folds=5.
Random seed: 1231
Point estimation method: Block relaxation algorithm
Convergence acceleration algorithm: QuasiNewton, 3 secant conditions
Point estimation will terminate when objective function delta < 0.0001
Estimation of standard errors disabled; will compute point estimates only.
Size of G: 3166x190081
Performing five EM steps to prime main algorithm
1 (EM) 	Elapsed: 46.474	Loglikelihood: -1.43992e+08	(delta): 8.44066e+08
2 (EM) 	Elapsed: 46.363	Loglikelihood: -1.39061e+08	(delta): 4.93072e+06
3 (EM) 	Elapsed: 46.563	Loglikelihood: -1.38015e+08	(delta): 1.04597e+06
4 (EM) 	Elapsed: 46.559	Loglikelihood: -1.37497e+08	(delta): 518150
5 (EM) 	Elapsed: 46.536	Loglikelihood: -1.37217e+08	(delta): 280140
Initial loglikelihood: -1.37217e+08
Starting main algorithm
1 (QN/Block) 	Elapsed: 139.037	Loglikelihood: -1.00406e+08	(delta): 3.68116e+07
2 (QN/Block) 	Elapsed: 139.801	Loglikelihood: -8.1642e+07	(delta): 1.87636e+07
3 (QN/Block) 	Elapsed: 147.663	Loglikelihood: -7.64427e+07	(delta): 5.19927e+06
4 (QN/Block) 	Elapsed: 160.01	Loglikelihood: -7.08166e+07	(delta): 5.62617e+06
5 (QN/Block) 	Elapsed: 160.421	Loglikelihood: -6.48725e+07	(delta): 5.9441e+06
6 (QN/Block) 	Elapsed: 160.859	Loglikelihood: -6.36336e+07	(delta): 1.23887e+06
7 (QN/Block) 	Elapsed: 148.465	Loglikelihood: -6.35638e+07	(delta): 69807.5
8 (QN/Block) 	Elapsed: 148.895	Loglikelihood: -6.35506e+07	(delta): 13208.4
9 (QN/Block) 	Elapsed: 148.757	Loglikelihood: -6.35488e+07	(delta): 1772.79
10 (QN/Block) 	Elapsed: 148.686	Loglikelihood: -6.35486e+07	(delta): 226.356
11 (QN/Block) 	Elapsed: 160.896	Loglikelihood: -6.35486e+07	(delta): 20.9189
12 (QN/Block) 	Elapsed: 161.299	Loglikelihood: -6.35486e+07	(delta): 0.262366
13 (QN/Block) 	Elapsed: 148.953	Loglikelihood: -6.35486e+07	(delta): 0.00149962
14 (QN/Block) 	Elapsed: 148.919	Loglikelihood: -6.35486e+07	(delta): 8.00788e-05
Summary: 
Converged in 14 iterations (2444.84 sec)
Loglikelihood: -63548561.450934
Fst divergences between estimated populations: 
	Pop0	
Pop0	
Pop1	0.786	
CV error (K=2): 0.08436
Writing output files.
