****                   ADMIXTURE Version 1.3.0                  ****
****                    Copyright 2008-2015                     ****
****           David Alexander, Suyash Shringarpure,            ****
****                John  Novembre, Ken Lange                   ****
****                                                            ****
****                 Please cite our paper!                     ****
****   Information at www.genetics.ucla.edu/software/admixture  ****

Cross-validation will be performed.  Folds=5.
Random seed: 1224
Point estimation method: Block relaxation algorithm
Convergence acceleration algorithm: QuasiNewton, 3 secant conditions
Point estimation will terminate when objective function delta < 0.0001
Estimation of standard errors disabled; will compute point estimates only.
Size of G: 3166x190081
Performing five EM steps to prime main algorithm
1 (EM) 	Elapsed: 45.394	Loglikelihood: -1.43837e+08	(delta): 8.46495e+08
2 (EM) 	Elapsed: 45.482	Loglikelihood: -1.39013e+08	(delta): 4.82377e+06
3 (EM) 	Elapsed: 45.763	Loglikelihood: -1.3797e+08	(delta): 1.04272e+06
4 (EM) 	Elapsed: 46.703	Loglikelihood: -1.3747e+08	(delta): 500087
5 (EM) 	Elapsed: 46.093	Loglikelihood: -1.37216e+08	(delta): 253761
Initial loglikelihood: -1.37216e+08
Starting main algorithm
1 (QN/Block) 	Elapsed: 141.435	Loglikelihood: -9.76266e+07	(delta): 3.95897e+07
2 (QN/Block) 	Elapsed: 141.013	Loglikelihood: -6.92798e+07	(delta): 2.83468e+07
3 (QN/Block) 	Elapsed: 149.478	Loglikelihood: -6.5531e+07	(delta): 3.74881e+06
4 (QN/Block) 	Elapsed: 148.885	Loglikelihood: -6.38318e+07	(delta): 1.6992e+06
5 (QN/Block) 	Elapsed: 156.347	Loglikelihood: -6.35769e+07	(delta): 254842
6 (QN/Block) 	Elapsed: 159.815	Loglikelihood: -6.35544e+07	(delta): 22558.7
7 (QN/Block) 	Elapsed: 147.208	Loglikelihood: -6.35491e+07	(delta): 5303.26
8 (QN/Block) 	Elapsed: 159.621	Loglikelihood: -6.35486e+07	(delta): 470.399
9 (QN/Block) 	Elapsed: 147.982	Loglikelihood: -6.35486e+07	(delta): 22.6694
10 (QN/Block) 	Elapsed: 151.097	Loglikelihood: -6.35486e+07	(delta): 2.34897
11 (QN/Block) 	Elapsed: 148.197	Loglikelihood: -6.35486e+07	(delta): 0.0885623
12 (QN/Block) 	Elapsed: 148.601	Loglikelihood: -6.35486e+07	(delta): 0.0251106
13 (QN/Block) 	Elapsed: 154.144	Loglikelihood: -6.35486e+07	(delta): 0.00129543
14 (QN/Block) 	Elapsed: 139.852	Loglikelihood: -6.35486e+07	(delta): 6.28233e-05
Summary: 
Converged in 14 iterations (2412.84 sec)
Loglikelihood: -63548578.325776
Fst divergences between estimated populations: 
	Pop0	
Pop0	
Pop1	0.786	
CV error (K=2): 0.08436
Writing output files.
