****                   ADMIXTURE Version 1.3.0                  ****
****                    Copyright 2008-2015                     ****
****           David Alexander, Suyash Shringarpure,            ****
****                John  Novembre, Ken Lange                   ****
****                                                            ****
****                 Please cite our paper!                     ****
****   Information at www.genetics.ucla.edu/software/admixture  ****

Cross-validation will be performed.  Folds=5.
Random seed: 1215
Point estimation method: Block relaxation algorithm
Convergence acceleration algorithm: QuasiNewton, 3 secant conditions
Point estimation will terminate when objective function delta < 0.0001
Estimation of standard errors disabled; will compute point estimates only.
Size of G: 3166x190081
Performing five EM steps to prime main algorithm
1 (EM) 	Elapsed: 46.873	Loglikelihood: -1.43958e+08	(delta): 8.43283e+08
2 (EM) 	Elapsed: 46.789	Loglikelihood: -1.39046e+08	(delta): 4.91241e+06
3 (EM) 	Elapsed: 46.724	Loglikelihood: -1.37961e+08	(delta): 1.08471e+06
4 (EM) 	Elapsed: 46.69	Loglikelihood: -1.3744e+08	(delta): 521509
5 (EM) 	Elapsed: 46.707	Loglikelihood: -1.37167e+08	(delta): 272288
Initial loglikelihood: -1.37167e+08
Starting main algorithm
1 (QN/Block) 	Elapsed: 142.449	Loglikelihood: -9.89635e+07	(delta): 3.8204e+07
2 (QN/Block) 	Elapsed: 141.721	Loglikelihood: -8.40951e+07	(delta): 1.48684e+07
3 (QN/Block) 	Elapsed: 149.602	Loglikelihood: -7.40016e+07	(delta): 1.00934e+07
4 (QN/Block) 	Elapsed: 160.49	Loglikelihood: -6.90009e+07	(delta): 5.00069e+06
5 (QN/Block) 	Elapsed: 160.757	Loglikelihood: -6.56176e+07	(delta): 3.38336e+06
6 (QN/Block) 	Elapsed: 159.759	Loglikelihood: -6.35854e+07	(delta): 2.03221e+06
7 (QN/Block) 	Elapsed: 147.729	Loglikelihood: -6.35547e+07	(delta): 30702.3
8 (QN/Block) 	Elapsed: 152.263	Loglikelihood: -6.35495e+07	(delta): 5217.65
9 (QN/Block) 	Elapsed: 160.115	Loglikelihood: -6.35489e+07	(delta): 533.529
10 (QN/Block) 	Elapsed: 148.214	Loglikelihood: -6.35487e+07	(delta): 266.632
11 (QN/Block) 	Elapsed: 162.422	Loglikelihood: -6.35486e+07	(delta): 78.9869
12 (QN/Block) 	Elapsed: 162.588	Loglikelihood: -6.35486e+07	(delta): 20.331
13 (QN/Block) 	Elapsed: 157.2	Loglikelihood: -6.35486e+07	(delta): 1.98644
14 (QN/Block) 	Elapsed: 149.321	Loglikelihood: -6.35486e+07	(delta): 0.000774235
15 (QN/Block) 	Elapsed: 150.02	Loglikelihood: -6.35486e+07	(delta): 6.40899e-05
Summary: 
Converged in 15 iterations (2632.48 sec)
Loglikelihood: -63548560.708374
Fst divergences between estimated populations: 
	Pop0	
Pop0	
Pop1	0.786	
CV error (K=2): 0.08438
Writing output files.
