****                   ADMIXTURE Version 1.3.0                  ****
****                    Copyright 2008-2015                     ****
****           David Alexander, Suyash Shringarpure,            ****
****                John  Novembre, Ken Lange                   ****
****                                                            ****
****                 Please cite our paper!                     ****
****   Information at www.genetics.ucla.edu/software/admixture  ****

Cross-validation will be performed.  Folds=5.
Random seed: 1246
Point estimation method: Block relaxation algorithm
Convergence acceleration algorithm: QuasiNewton, 3 secant conditions
Point estimation will terminate when objective function delta < 0.0001
Estimation of standard errors disabled; will compute point estimates only.
Size of G: 3166x190081
Performing five EM steps to prime main algorithm
1 (EM) 	Elapsed: 45.652	Loglikelihood: -1.43791e+08	(delta): 8.44892e+08
2 (EM) 	Elapsed: 46.479	Loglikelihood: -1.39023e+08	(delta): 4.76775e+06
3 (EM) 	Elapsed: 45.827	Loglikelihood: -1.3802e+08	(delta): 1.00247e+06
4 (EM) 	Elapsed: 46.038	Loglikelihood: -1.37515e+08	(delta): 505178
5 (EM) 	Elapsed: 46.44	Loglikelihood: -1.37239e+08	(delta): 276036
Initial loglikelihood: -1.37239e+08
Starting main algorithm
1 (QN/Block) 	Elapsed: 141.163	Loglikelihood: -9.66623e+07	(delta): 4.05769e+07
2 (QN/Block) 	Elapsed: 141.558	Loglikelihood: -6.92109e+07	(delta): 2.74514e+07
3 (QN/Block) 	Elapsed: 149.993	Loglikelihood: -6.54735e+07	(delta): 3.73747e+06
4 (QN/Block) 	Elapsed: 149.248	Loglikelihood: -6.38021e+07	(delta): 1.67141e+06
5 (QN/Block) 	Elapsed: 157.849	Loglikelihood: -6.35797e+07	(delta): 222324
6 (QN/Block) 	Elapsed: 162.434	Loglikelihood: -6.35546e+07	(delta): 25179.4
7 (QN/Block) 	Elapsed: 148.512	Loglikelihood: -6.35491e+07	(delta): 5468.29
8 (QN/Block) 	Elapsed: 162.341	Loglikelihood: -6.35486e+07	(delta): 469.012
9 (QN/Block) 	Elapsed: 149.992	Loglikelihood: -6.35486e+07	(delta): 18.8999
10 (QN/Block) 	Elapsed: 149.759	Loglikelihood: -6.35486e+07	(delta): 1.95317
11 (QN/Block) 	Elapsed: 145.091	Loglikelihood: -6.35486e+07	(delta): 0.0847084
12 (QN/Block) 	Elapsed: 149.478	Loglikelihood: -6.35486e+07	(delta): 0.0222644
13 (QN/Block) 	Elapsed: 138.34	Loglikelihood: -6.35486e+07	(delta): 0.000549108
14 (QN/Block) 	Elapsed: 156.335	Loglikelihood: -6.35486e+07	(delta): 0.000115074
15 (QN/Block) 	Elapsed: 147.436	Loglikelihood: -6.35486e+07	(delta): 1.24946e-05
Summary: 
Converged in 15 iterations (2574.12 sec)
Loglikelihood: -63548594.610921
Fst divergences between estimated populations: 
	Pop0	
Pop0	
Pop1	0.786	
CV error (K=2): 0.08437
Writing output files.
