****                   ADMIXTURE Version 1.3.0                  ****
****                    Copyright 2008-2015                     ****
****           David Alexander, Suyash Shringarpure,            ****
****                John  Novembre, Ken Lange                   ****
****                                                            ****
****                 Please cite our paper!                     ****
****   Information at www.genetics.ucla.edu/software/admixture  ****

Cross-validation will be performed.  Folds=5.
Random seed: 1244
Point estimation method: Block relaxation algorithm
Convergence acceleration algorithm: QuasiNewton, 3 secant conditions
Point estimation will terminate when objective function delta < 0.0001
Estimation of standard errors disabled; will compute point estimates only.
Size of G: 3166x190081
Performing five EM steps to prime main algorithm
1 (EM) 	Elapsed: 46.396	Loglikelihood: -1.43963e+08	(delta): 8.42406e+08
2 (EM) 	Elapsed: 45.488	Loglikelihood: -1.39065e+08	(delta): 4.89776e+06
3 (EM) 	Elapsed: 46.233	Loglikelihood: -1.38021e+08	(delta): 1.04335e+06
4 (EM) 	Elapsed: 46.184	Loglikelihood: -1.3749e+08	(delta): 531025
5 (EM) 	Elapsed: 44.701	Loglikelihood: -1.37181e+08	(delta): 309409
Initial loglikelihood: -1.37181e+08
Starting main algorithm
1 (QN/Block) 	Elapsed: 140.808	Loglikelihood: -9.47177e+07	(delta): 4.24632e+07
2 (QN/Block) 	Elapsed: 141.045	Loglikelihood: -6.89712e+07	(delta): 2.57465e+07
3 (QN/Block) 	Elapsed: 148.922	Loglikelihood: -6.53966e+07	(delta): 3.57464e+06
4 (QN/Block) 	Elapsed: 149.222	Loglikelihood: -6.37642e+07	(delta): 1.63239e+06
5 (QN/Block) 	Elapsed: 161.073	Loglikelihood: -6.35755e+07	(delta): 188693
6 (QN/Block) 	Elapsed: 161.142	Loglikelihood: -6.35538e+07	(delta): 21696
7 (QN/Block) 	Elapsed: 149.199	Loglikelihood: -6.3549e+07	(delta): 4815.67
8 (QN/Block) 	Elapsed: 157.317	Loglikelihood: -6.35486e+07	(delta): 395.81
9 (QN/Block) 	Elapsed: 149.305	Loglikelihood: -6.35486e+07	(delta): 11.3776
10 (QN/Block) 	Elapsed: 149.142	Loglikelihood: -6.35486e+07	(delta): 0.832943
11 (QN/Block) 	Elapsed: 147.885	Loglikelihood: -6.35486e+07	(delta): 0.0668292
12 (QN/Block) 	Elapsed: 159.944	Loglikelihood: -6.35486e+07	(delta): 0.0146718
13 (QN/Block) 	Elapsed: 149.1	Loglikelihood: -6.35486e+07	(delta): 0.00035356
14 (QN/Block) 	Elapsed: 149.346	Loglikelihood: -6.35486e+07	(delta): 8.13454e-05
Summary: 
Converged in 14 iterations (2432.28 sec)
Loglikelihood: -63548603.914709
Fst divergences between estimated populations: 
	Pop0	
Pop0	
Pop1	0.786	
CV error (K=2): 0.08436
Writing output files.
