****                   ADMIXTURE Version 1.3.0                  ****
****                    Copyright 2008-2015                     ****
****           David Alexander, Suyash Shringarpure,            ****
****                John  Novembre, Ken Lange                   ****
****                                                            ****
****                 Please cite our paper!                     ****
****   Information at www.genetics.ucla.edu/software/admixture  ****

Cross-validation will be performed.  Folds=5.
Random seed: 1218
Point estimation method: Block relaxation algorithm
Convergence acceleration algorithm: QuasiNewton, 3 secant conditions
Point estimation will terminate when objective function delta < 0.0001
Estimation of standard errors disabled; will compute point estimates only.
Size of G: 3166x190081
Performing five EM steps to prime main algorithm
1 (EM) 	Elapsed: 46.013	Loglikelihood: -1.43867e+08	(delta): 8.44679e+08
2 (EM) 	Elapsed: 44.072	Loglikelihood: -1.39011e+08	(delta): 4.85599e+06
3 (EM) 	Elapsed: 44.387	Loglikelihood: -1.37946e+08	(delta): 1.06488e+06
4 (EM) 	Elapsed: 35.928	Loglikelihood: -1.37416e+08	(delta): 529659
5 (EM) 	Elapsed: 46.204	Loglikelihood: -1.37124e+08	(delta): 291754
Initial loglikelihood: -1.37124e+08
Starting main algorithm
1 (QN/Block) 	Elapsed: 142.186	Loglikelihood: -9.44217e+07	(delta): 4.27028e+07
2 (QN/Block) 	Elapsed: 141.977	Loglikelihood: -6.88061e+07	(delta): 2.56156e+07
3 (QN/Block) 	Elapsed: 148.462	Loglikelihood: -6.53441e+07	(delta): 3.46196e+06
4 (QN/Block) 	Elapsed: 146.526	Loglikelihood: -6.37613e+07	(delta): 1.5828e+06
5 (QN/Block) 	Elapsed: 159.091	Loglikelihood: -6.35738e+07	(delta): 187475
6 (QN/Block) 	Elapsed: 159.227	Loglikelihood: -6.35535e+07	(delta): 20342.3
7 (QN/Block) 	Elapsed: 146.628	Loglikelihood: -6.35489e+07	(delta): 4551.89
8 (QN/Block) 	Elapsed: 157.597	Loglikelihood: -6.35486e+07	(delta): 331.593
9 (QN/Block) 	Elapsed: 145.864	Loglikelihood: -6.35486e+07	(delta): 10.3284
10 (QN/Block) 	Elapsed: 126.248	Loglikelihood: -6.35486e+07	(delta): 0.747476
11 (QN/Block) 	Elapsed: 135.179	Loglikelihood: -6.35486e+07	(delta): 0.0694881
12 (QN/Block) 	Elapsed: 162.536	Loglikelihood: -6.35486e+07	(delta): 0.00917765
13 (QN/Block) 	Elapsed: 150.193	Loglikelihood: -6.35486e+07	(delta): 0.000228234
14 (QN/Block) 	Elapsed: 135.976	Loglikelihood: -6.35486e+07	(delta): 5.46575e-05
Summary: 
Converged in 14 iterations (2364.14 sec)
Loglikelihood: -63548592.152413
Fst divergences between estimated populations: 
	Pop0	
Pop0	
Pop1	0.786	
CV error (K=2): 0.08437
Writing output files.
