****                   ADMIXTURE Version 1.3.0                  ****
****                    Copyright 2008-2015                     ****
****           David Alexander, Suyash Shringarpure,            ****
****                John  Novembre, Ken Lange                   ****
****                                                            ****
****                 Please cite our paper!                     ****
****   Information at www.genetics.ucla.edu/software/admixture  ****

Cross-validation will be performed.  Folds=5.
Random seed: 1227
Point estimation method: Block relaxation algorithm
Convergence acceleration algorithm: QuasiNewton, 3 secant conditions
Point estimation will terminate when objective function delta < 0.0001
Estimation of standard errors disabled; will compute point estimates only.
Size of G: 3166x190081
Performing five EM steps to prime main algorithm
1 (EM) 	Elapsed: 46.075	Loglikelihood: -1.43686e+08	(delta): 8.45519e+08
2 (EM) 	Elapsed: 46.019	Loglikelihood: -1.38733e+08	(delta): 4.95289e+06
3 (EM) 	Elapsed: 45.516	Loglikelihood: -1.37518e+08	(delta): 1.21417e+06
4 (EM) 	Elapsed: 45.361	Loglikelihood: -1.36763e+08	(delta): 755545
5 (EM) 	Elapsed: 45.574	Loglikelihood: -1.36137e+08	(delta): 625888
Initial loglikelihood: -1.36137e+08
Starting main algorithm
1 (QN/Block) 	Elapsed: 140.218	Loglikelihood: -8.4455e+07	(delta): 5.16821e+07
2 (QN/Block) 	Elapsed: 140.419	Loglikelihood: -6.69462e+07	(delta): 1.75088e+07
3 (QN/Block) 	Elapsed: 148.746	Loglikelihood: -6.46257e+07	(delta): 2.3205e+06
4 (QN/Block) 	Elapsed: 147.086	Loglikelihood: -6.36635e+07	(delta): 962251
5 (QN/Block) 	Elapsed: 159.605	Loglikelihood: -6.35599e+07	(delta): 103550
6 (QN/Block) 	Elapsed: 158.588	Loglikelihood: -6.35503e+07	(delta): 9611.41
7 (QN/Block) 	Elapsed: 146.25	Loglikelihood: -6.35487e+07	(delta): 1565.6
8 (QN/Block) 	Elapsed: 152.504	Loglikelihood: -6.35486e+07	(delta): 107.099
9 (QN/Block) 	Elapsed: 160.852	Loglikelihood: -6.35486e+07	(delta): 12.7976
10 (QN/Block) 	Elapsed: 162.192	Loglikelihood: -6.35486e+07	(delta): 2.90877
11 (QN/Block) 	Elapsed: 162.099	Loglikelihood: -6.35486e+07	(delta): 0.0375232
12 (QN/Block) 	Elapsed: 161.931	Loglikelihood: -6.35486e+07	(delta): 0.0147076
13 (QN/Block) 	Elapsed: 160.597	Loglikelihood: -6.35486e+07	(delta): 0.000617407
14 (QN/Block) 	Elapsed: 156.226	Loglikelihood: -6.35486e+07	(delta): 0.000178605
15 (QN/Block) 	Elapsed: 139.273	Loglikelihood: -6.35486e+07	(delta): 6.18845e-05
Summary: 
Converged in 15 iterations (2619.17 sec)
Loglikelihood: -63548620.671022
Fst divergences between estimated populations: 
	Pop0	
Pop0	
Pop1	0.786	
CV error (K=2): 0.08438
Writing output files.
