****                   ADMIXTURE Version 1.3.0                  ****
****                    Copyright 2008-2015                     ****
****           David Alexander, Suyash Shringarpure,            ****
****                John  Novembre, Ken Lange                   ****
****                                                            ****
****                 Please cite our paper!                     ****
****   Information at www.genetics.ucla.edu/software/admixture  ****

Cross-validation will be performed.  Folds=5.
Random seed: 1221
Point estimation method: Block relaxation algorithm
Convergence acceleration algorithm: QuasiNewton, 3 secant conditions
Point estimation will terminate when objective function delta < 0.0001
Estimation of standard errors disabled; will compute point estimates only.
Size of G: 3166x190081
Performing five EM steps to prime main algorithm
1 (EM) 	Elapsed: 46.378	Loglikelihood: -1.43728e+08	(delta): 8.41891e+08
2 (EM) 	Elapsed: 45.801	Loglikelihood: -1.39018e+08	(delta): 4.71005e+06
3 (EM) 	Elapsed: 45.613	Loglikelihood: -1.37992e+08	(delta): 1.02665e+06
4 (EM) 	Elapsed: 46.267	Loglikelihood: -1.37492e+08	(delta): 499391
5 (EM) 	Elapsed: 46.012	Loglikelihood: -1.37237e+08	(delta): 255187
Initial loglikelihood: -1.37237e+08
Starting main algorithm
1 (QN/Block) 	Elapsed: 139.381	Loglikelihood: -1.13852e+08	(delta): 2.33855e+07
2 (QN/Block) 	Elapsed: 139.038	Loglikelihood: -1.06292e+08	(delta): 7.56014e+06
3 (QN/Block) 	Elapsed: 147.085	Loglikelihood: -9.90919e+07	(delta): 7.1997e+06
4 (QN/Block) 	Elapsed: 156.996	Loglikelihood: -6.75515e+07	(delta): 3.15404e+07
5 (QN/Block) 	Elapsed: 136.774	Loglikelihood: -6.45439e+07	(delta): 3.00758e+06
6 (QN/Block) 	Elapsed: 141.82	Loglikelihood: -6.39398e+07	(delta): 604161
7 (QN/Block) 	Elapsed: 143.491	Loglikelihood: -6.36527e+07	(delta): 287063
8 (QN/Block) 	Elapsed: 151.232	Loglikelihood: -6.35735e+07	(delta): 79224.9
9 (QN/Block) 	Elapsed: 151.831	Loglikelihood: -6.35505e+07	(delta): 22992.2
10 (QN/Block) 	Elapsed: 146.985	Loglikelihood: -6.35488e+07	(delta): 1716.19
11 (QN/Block) 	Elapsed: 150.022	Loglikelihood: -6.35486e+07	(delta): 193.585
12 (QN/Block) 	Elapsed: 158.717	Loglikelihood: -6.35486e+07	(delta): 9.24132
13 (QN/Block) 	Elapsed: 152.501	Loglikelihood: -6.35486e+07	(delta): 1.07499
14 (QN/Block) 	Elapsed: 160.12	Loglikelihood: -6.35486e+07	(delta): 0.0134855
15 (QN/Block) 	Elapsed: 159.418	Loglikelihood: -6.35486e+07	(delta): 4.52697e-05
Summary: 
Converged in 15 iterations (2558.78 sec)
Loglikelihood: -63548570.235054
Fst divergences between estimated populations: 
	Pop0	
Pop0	
Pop1	0.786	
CV error (K=2): 0.08436
Writing output files.
