****                   ADMIXTURE Version 1.3.0                  ****
****                    Copyright 2008-2015                     ****
****           David Alexander, Suyash Shringarpure,            ****
****                John  Novembre, Ken Lange                   ****
****                                                            ****
****                 Please cite our paper!                     ****
****   Information at www.genetics.ucla.edu/software/admixture  ****

Cross-validation will be performed.  Folds=5.
Random seed: 1228
Point estimation method: Block relaxation algorithm
Convergence acceleration algorithm: QuasiNewton, 3 secant conditions
Point estimation will terminate when objective function delta < 0.0001
Estimation of standard errors disabled; will compute point estimates only.
Size of G: 3166x190081
Performing five EM steps to prime main algorithm
1 (EM) 	Elapsed: 46.302	Loglikelihood: -1.44013e+08	(delta): 8.419e+08
2 (EM) 	Elapsed: 44.898	Loglikelihood: -1.39101e+08	(delta): 4.91145e+06
3 (EM) 	Elapsed: 45.119	Loglikelihood: -1.38055e+08	(delta): 1.04588e+06
4 (EM) 	Elapsed: 45.711	Loglikelihood: -1.37533e+08	(delta): 522223
5 (EM) 	Elapsed: 45.694	Loglikelihood: -1.37244e+08	(delta): 289235
Initial loglikelihood: -1.37244e+08
Starting main algorithm
1 (QN/Block) 	Elapsed: 130.672	Loglikelihood: -9.61293e+07	(delta): 4.11144e+07
2 (QN/Block) 	Elapsed: 140.169	Loglikelihood: -6.9065e+07	(delta): 2.70643e+07
3 (QN/Block) 	Elapsed: 148.09	Loglikelihood: -6.544e+07	(delta): 3.62495e+06
4 (QN/Block) 	Elapsed: 148.229	Loglikelihood: -6.38217e+07	(delta): 1.61835e+06
5 (QN/Block) 	Elapsed: 156.019	Loglikelihood: -6.35698e+07	(delta): 251842
6 (QN/Block) 	Elapsed: 160.223	Loglikelihood: -6.35526e+07	(delta): 17255.1
7 (QN/Block) 	Elapsed: 147.731	Loglikelihood: -6.3549e+07	(delta): 3604.1
8 (QN/Block) 	Elapsed: 151.15	Loglikelihood: -6.35486e+07	(delta): 394.701
9 (QN/Block) 	Elapsed: 147.842	Loglikelihood: -6.35486e+07	(delta): 16.3066
10 (QN/Block) 	Elapsed: 148.872	Loglikelihood: -6.35486e+07	(delta): 1.17365
11 (QN/Block) 	Elapsed: 149.219	Loglikelihood: -6.35486e+07	(delta): 0.0698123
12 (QN/Block) 	Elapsed: 161.712	Loglikelihood: -6.35486e+07	(delta): 0.019671
13 (QN/Block) 	Elapsed: 161.63	Loglikelihood: -6.35486e+07	(delta): 0.000343651
14 (QN/Block) 	Elapsed: 149.004	Loglikelihood: -6.35486e+07	(delta): 5.66691e-05
Summary: 
Converged in 14 iterations (2418.42 sec)
Loglikelihood: -63548561.489007
Fst divergences between estimated populations: 
	Pop0	
Pop0	
Pop1	0.786	
CV error (K=2): 0.08436
Writing output files.
