****                   ADMIXTURE Version 1.3.0                  ****
****                    Copyright 2008-2015                     ****
****           David Alexander, Suyash Shringarpure,            ****
****                John  Novembre, Ken Lange                   ****
****                                                            ****
****                 Please cite our paper!                     ****
****   Information at www.genetics.ucla.edu/software/admixture  ****

Cross-validation will be performed.  Folds=5.
Random seed: 1211
Point estimation method: Block relaxation algorithm
Convergence acceleration algorithm: QuasiNewton, 3 secant conditions
Point estimation will terminate when objective function delta < 0.0001
Estimation of standard errors disabled; will compute point estimates only.
Size of G: 3166x190081
Performing five EM steps to prime main algorithm
1 (EM) 	Elapsed: 46.532	Loglikelihood: -1.43856e+08	(delta): 8.42249e+08
2 (EM) 	Elapsed: 46.62	Loglikelihood: -1.39031e+08	(delta): 4.82479e+06
3 (EM) 	Elapsed: 46.599	Loglikelihood: -1.37999e+08	(delta): 1.03298e+06
4 (EM) 	Elapsed: 46.69	Loglikelihood: -1.37481e+08	(delta): 517210
5 (EM) 	Elapsed: 46.537	Loglikelihood: -1.37198e+08	(delta): 283324
Initial loglikelihood: -1.37198e+08
Starting main algorithm
1 (QN/Block) 	Elapsed: 140.389	Loglikelihood: -9.59813e+07	(delta): 4.12167e+07
2 (QN/Block) 	Elapsed: 140.463	Loglikelihood: -6.91623e+07	(delta): 2.6819e+07
3 (QN/Block) 	Elapsed: 148.92	Loglikelihood: -6.54416e+07	(delta): 3.72063e+06
4 (QN/Block) 	Elapsed: 149.153	Loglikelihood: -6.37957e+07	(delta): 1.6459e+06
5 (QN/Block) 	Elapsed: 157.171	Loglikelihood: -6.35738e+07	(delta): 221962
6 (QN/Block) 	Elapsed: 160.671	Loglikelihood: -6.35531e+07	(delta): 20687.9
7 (QN/Block) 	Elapsed: 147.295	Loglikelihood: -6.3549e+07	(delta): 4075.6
8 (QN/Block) 	Elapsed: 152.18	Loglikelihood: -6.35486e+07	(delta): 437.608
9 (QN/Block) 	Elapsed: 148.174	Loglikelihood: -6.35486e+07	(delta): 12.2326
10 (QN/Block) 	Elapsed: 148.309	Loglikelihood: -6.35486e+07	(delta): 0.807865
11 (QN/Block) 	Elapsed: 147.595	Loglikelihood: -6.35486e+07	(delta): 0.0696692
12 (QN/Block) 	Elapsed: 158.95	Loglikelihood: -6.35486e+07	(delta): 0.0169698
13 (QN/Block) 	Elapsed: 139.328	Loglikelihood: -6.35486e+07	(delta): 0.000314645
14 (QN/Block) 	Elapsed: 131.935	Loglikelihood: -6.35486e+07	(delta): 4.89578e-05
Summary: 
Converged in 14 iterations (2393.12 sec)
Loglikelihood: -63548562.629614
Fst divergences between estimated populations: 
	Pop0	
Pop0	
Pop1	0.786	
CV error (K=2): 0.08437
Writing output files.
