****                   ADMIXTURE Version 1.3.0                  ****
****                    Copyright 2008-2015                     ****
****           David Alexander, Suyash Shringarpure,            ****
****                John  Novembre, Ken Lange                   ****
****                                                            ****
****                 Please cite our paper!                     ****
****   Information at www.genetics.ucla.edu/software/admixture  ****

Cross-validation will be performed.  Folds=5.
Random seed: 1235
Point estimation method: Block relaxation algorithm
Convergence acceleration algorithm: QuasiNewton, 3 secant conditions
Point estimation will terminate when objective function delta < 0.0001
Estimation of standard errors disabled; will compute point estimates only.
Size of G: 3166x190081
Performing five EM steps to prime main algorithm
1 (EM) 	Elapsed: 46.564	Loglikelihood: -1.44003e+08	(delta): 8.41635e+08
2 (EM) 	Elapsed: 46.462	Loglikelihood: -1.39074e+08	(delta): 4.92925e+06
3 (EM) 	Elapsed: 46.478	Loglikelihood: -1.38008e+08	(delta): 1.06644e+06
4 (EM) 	Elapsed: 46.468	Loglikelihood: -1.37458e+08	(delta): 549488
5 (EM) 	Elapsed: 46.264	Loglikelihood: -1.37133e+08	(delta): 324987
Initial loglikelihood: -1.37133e+08
Starting main algorithm
1 (QN/Block) 	Elapsed: 140.714	Loglikelihood: -9.38116e+07	(delta): 4.33216e+07
2 (QN/Block) 	Elapsed: 140.616	Loglikelihood: -6.87349e+07	(delta): 2.50767e+07
3 (QN/Block) 	Elapsed: 147.578	Loglikelihood: -6.53053e+07	(delta): 3.42961e+06
4 (QN/Block) 	Elapsed: 148.778	Loglikelihood: -6.3747e+07	(delta): 1.55836e+06
5 (QN/Block) 	Elapsed: 160.322	Loglikelihood: -6.35737e+07	(delta): 173294
6 (QN/Block) 	Elapsed: 158.801	Loglikelihood: -6.35535e+07	(delta): 20211.3
7 (QN/Block) 	Elapsed: 146.545	Loglikelihood: -6.3549e+07	(delta): 4508.03
8 (QN/Block) 	Elapsed: 158.858	Loglikelihood: -6.35486e+07	(delta): 344.942
9 (QN/Block) 	Elapsed: 147.417	Loglikelihood: -6.35486e+07	(delta): 9.23897
10 (QN/Block) 	Elapsed: 148.305	Loglikelihood: -6.35486e+07	(delta): 0.745862
11 (QN/Block) 	Elapsed: 146.807	Loglikelihood: -6.35486e+07	(delta): 0.0720892
12 (QN/Block) 	Elapsed: 158.344	Loglikelihood: -6.35486e+07	(delta): 0.0136671
13 (QN/Block) 	Elapsed: 146.433	Loglikelihood: -6.35486e+07	(delta): 0.000290513
14 (QN/Block) 	Elapsed: 146.392	Loglikelihood: -6.35486e+07	(delta): 5.98654e-05
Summary: 
Converged in 14 iterations (2417.94 sec)
Loglikelihood: -63548598.874936
Fst divergences between estimated populations: 
	Pop0	
Pop0	
Pop1	0.786	
CV error (K=2): 0.08438
Writing output files.
