****                   ADMIXTURE Version 1.3.0                  ****
****                    Copyright 2008-2015                     ****
****           David Alexander, Suyash Shringarpure,            ****
****                John  Novembre, Ken Lange                   ****
****                                                            ****
****                 Please cite our paper!                     ****
****   Information at www.genetics.ucla.edu/software/admixture  ****

Cross-validation will be performed.  Folds=5.
Random seed: 1223
Point estimation method: Block relaxation algorithm
Convergence acceleration algorithm: QuasiNewton, 3 secant conditions
Point estimation will terminate when objective function delta < 0.0001
Estimation of standard errors disabled; will compute point estimates only.
Size of G: 3166x190081
Performing five EM steps to prime main algorithm
1 (EM) 	Elapsed: 45.969	Loglikelihood: -1.43862e+08	(delta): 8.42006e+08
2 (EM) 	Elapsed: 45.562	Loglikelihood: -1.39065e+08	(delta): 4.79723e+06
3 (EM) 	Elapsed: 45.993	Loglikelihood: -1.38033e+08	(delta): 1.03195e+06
4 (EM) 	Elapsed: 46.241	Loglikelihood: -1.37531e+08	(delta): 501402
5 (EM) 	Elapsed: 46.201	Loglikelihood: -1.3727e+08	(delta): 261024
Initial loglikelihood: -1.3727e+08
Starting main algorithm
1 (QN/Block) 	Elapsed: 139.779	Loglikelihood: -1.03588e+08	(delta): 3.36821e+07
2 (QN/Block) 	Elapsed: 139.657	Loglikelihood: -8.79379e+07	(delta): 1.56504e+07
3 (QN/Block) 	Elapsed: 147.856	Loglikelihood: -7.53323e+07	(delta): 1.26056e+07
4 (QN/Block) 	Elapsed: 147.332	Loglikelihood: -6.99807e+07	(delta): 5.35156e+06
5 (QN/Block) 	Elapsed: 148.05	Loglikelihood: -6.46114e+07	(delta): 5.36929e+06
6 (QN/Block) 	Elapsed: 146.044	Loglikelihood: -6.35901e+07	(delta): 1.02131e+06
7 (QN/Block) 	Elapsed: 145.09	Loglikelihood: -6.3558e+07	(delta): 32065.6
8 (QN/Block) 	Elapsed: 144.179	Loglikelihood: -6.35505e+07	(delta): 7524.22
9 (QN/Block) 	Elapsed: 144.161	Loglikelihood: -6.35488e+07	(delta): 1705.09
10 (QN/Block) 	Elapsed: 156.182	Loglikelihood: -6.35486e+07	(delta): 233.031
11 (QN/Block) 	Elapsed: 155.235	Loglikelihood: -6.35486e+07	(delta): 0.716904
12 (QN/Block) 	Elapsed: 145.335	Loglikelihood: -6.35486e+07	(delta): 0.0132476
13 (QN/Block) 	Elapsed: 146.007	Loglikelihood: -6.35486e+07	(delta): 0.00154075
14 (QN/Block) 	Elapsed: 144.753	Loglikelihood: -6.35486e+07	(delta): 0.000279739
15 (QN/Block) 	Elapsed: 149.63	Loglikelihood: -6.35486e+07	(delta): 1.33365e-06
Summary: 
Converged in 15 iterations (2522.8 sec)
Loglikelihood: -63548566.576326
Fst divergences between estimated populations: 
	Pop0	
Pop0	
Pop1	0.786	
CV error (K=2): 0.08436
Writing output files.
