****                   ADMIXTURE Version 1.3.0                  ****
****                    Copyright 2008-2015                     ****
****           David Alexander, Suyash Shringarpure,            ****
****                John  Novembre, Ken Lange                   ****
****                                                            ****
****                 Please cite our paper!                     ****
****   Information at www.genetics.ucla.edu/software/admixture  ****

Cross-validation will be performed.  Folds=5.
Random seed: 1207
Point estimation method: Block relaxation algorithm
Convergence acceleration algorithm: QuasiNewton, 3 secant conditions
Point estimation will terminate when objective function delta < 0.0001
Estimation of standard errors disabled; will compute point estimates only.
Size of G: 3166x190081
Performing five EM steps to prime main algorithm
1 (EM) 	Elapsed: 46.971	Loglikelihood: -1.43912e+08	(delta): 8.44965e+08
2 (EM) 	Elapsed: 46.603	Loglikelihood: -1.38969e+08	(delta): 4.94305e+06
3 (EM) 	Elapsed: 46.599	Loglikelihood: -1.3788e+08	(delta): 1.08865e+06
4 (EM) 	Elapsed: 46.524	Loglikelihood: -1.37312e+08	(delta): 568611
5 (EM) 	Elapsed: 46.451	Loglikelihood: -1.36962e+08	(delta): 350026
Initial loglikelihood: -1.36962e+08
Starting main algorithm
1 (QN/Block) 	Elapsed: 141.051	Loglikelihood: -9.19192e+07	(delta): 4.50423e+07
2 (QN/Block) 	Elapsed: 140.978	Loglikelihood: -6.84237e+07	(delta): 2.34956e+07
3 (QN/Block) 	Elapsed: 148.468	Loglikelihood: -6.52015e+07	(delta): 3.22221e+06
4 (QN/Block) 	Elapsed: 138.06	Loglikelihood: -6.37329e+07	(delta): 1.46853e+06
5 (QN/Block) 	Elapsed: 125.858	Loglikelihood: -6.35711e+07	(delta): 161794
6 (QN/Block) 	Elapsed: 147.071	Loglikelihood: -6.35527e+07	(delta): 18449.2
7 (QN/Block) 	Elapsed: 146.339	Loglikelihood: -6.35488e+07	(delta): 3864.63
8 (QN/Block) 	Elapsed: 160.585	Loglikelihood: -6.35486e+07	(delta): 251.108
9 (QN/Block) 	Elapsed: 148.469	Loglikelihood: -6.35486e+07	(delta): 8.89521
10 (QN/Block) 	Elapsed: 148.986	Loglikelihood: -6.35486e+07	(delta): 0.629977
11 (QN/Block) 	Elapsed: 149.081	Loglikelihood: -6.35486e+07	(delta): 0.0678254
12 (QN/Block) 	Elapsed: 161.263	Loglikelihood: -6.35486e+07	(delta): 0.00845193
13 (QN/Block) 	Elapsed: 148.843	Loglikelihood: -6.35486e+07	(delta): 0.000236571
14 (QN/Block) 	Elapsed: 148.89	Loglikelihood: -6.35486e+07	(delta): 5.03063e-05
Summary: 
Converged in 14 iterations (2376.93 sec)
Loglikelihood: -63548562.243543
Fst divergences between estimated populations: 
	Pop0	
Pop0	
Pop1	0.786	
CV error (K=2): 0.08437
Writing output files.
