****                   ADMIXTURE Version 1.3.0                  ****
****                    Copyright 2008-2015                     ****
****           David Alexander, Suyash Shringarpure,            ****
****                John  Novembre, Ken Lange                   ****
****                                                            ****
****                 Please cite our paper!                     ****
****   Information at www.genetics.ucla.edu/software/admixture  ****

Cross-validation will be performed.  Folds=5.
Random seed: 1219
Point estimation method: Block relaxation algorithm
Convergence acceleration algorithm: QuasiNewton, 3 secant conditions
Point estimation will terminate when objective function delta < 0.0001
Estimation of standard errors disabled; will compute point estimates only.
Size of G: 3166x190081
Performing five EM steps to prime main algorithm
1 (EM) 	Elapsed: 46.286	Loglikelihood: -1.43898e+08	(delta): 8.44345e+08
2 (EM) 	Elapsed: 46.05	Loglikelihood: -1.39024e+08	(delta): 4.87432e+06
3 (EM) 	Elapsed: 45.905	Loglikelihood: -1.37978e+08	(delta): 1.04577e+06
4 (EM) 	Elapsed: 45.524	Loglikelihood: -1.37472e+08	(delta): 506100
5 (EM) 	Elapsed: 45.848	Loglikelihood: -1.37211e+08	(delta): 261446
Initial loglikelihood: -1.37211e+08
Starting main algorithm
1 (QN/Block) 	Elapsed: 138.964	Loglikelihood: -9.6906e+07	(delta): 4.03047e+07
2 (QN/Block) 	Elapsed: 140.28	Loglikelihood: -6.91538e+07	(delta): 2.77522e+07
3 (QN/Block) 	Elapsed: 147.893	Loglikelihood: -6.5482e+07	(delta): 3.67177e+06
4 (QN/Block) 	Elapsed: 146.867	Loglikelihood: -6.38223e+07	(delta): 1.65967e+06
5 (QN/Block) 	Elapsed: 152.424	Loglikelihood: -6.35734e+07	(delta): 248930
6 (QN/Block) 	Elapsed: 155.935	Loglikelihood: -6.35533e+07	(delta): 20086.8
7 (QN/Block) 	Elapsed: 146.597	Loglikelihood: -6.3549e+07	(delta): 4308.1
8 (QN/Block) 	Elapsed: 149.457	Loglikelihood: -6.35486e+07	(delta): 439.295
9 (QN/Block) 	Elapsed: 143.001	Loglikelihood: -6.35486e+07	(delta): 15.4032
10 (QN/Block) 	Elapsed: 142.472	Loglikelihood: -6.35486e+07	(delta): 0.775713
11 (QN/Block) 	Elapsed: 143.552	Loglikelihood: -6.35486e+07	(delta): 0.0672321
12 (QN/Block) 	Elapsed: 159.927	Loglikelihood: -6.35486e+07	(delta): 0.0183376
13 (QN/Block) 	Elapsed: 159.057	Loglikelihood: -6.35486e+07	(delta): 0.000415385
14 (QN/Block) 	Elapsed: 157.391	Loglikelihood: -6.35486e+07	(delta): 5.64456e-05
Summary: 
Converged in 14 iterations (2403.13 sec)
Loglikelihood: -63548561.654333
Fst divergences between estimated populations: 
	Pop0	
Pop0	
Pop1	0.786	
CV error (K=2): 0.08436
Writing output files.
