****                   ADMIXTURE Version 1.3.0                  ****
****                    Copyright 2008-2015                     ****
****           David Alexander, Suyash Shringarpure,            ****
****                John  Novembre, Ken Lange                   ****
****                                                            ****
****                 Please cite our paper!                     ****
****   Information at www.genetics.ucla.edu/software/admixture  ****

Cross-validation will be performed.  Folds=5.
Random seed: 1225
Point estimation method: Block relaxation algorithm
Convergence acceleration algorithm: QuasiNewton, 3 secant conditions
Point estimation will terminate when objective function delta < 0.0001
Estimation of standard errors disabled; will compute point estimates only.
Size of G: 3166x190081
Performing five EM steps to prime main algorithm
1 (EM) 	Elapsed: 46.147	Loglikelihood: -1.44032e+08	(delta): 8.43757e+08
2 (EM) 	Elapsed: 44.126	Loglikelihood: -1.39054e+08	(delta): 4.97758e+06
3 (EM) 	Elapsed: 45.956	Loglikelihood: -1.37997e+08	(delta): 1.05718e+06
4 (EM) 	Elapsed: 46.018	Loglikelihood: -1.37458e+08	(delta): 539473
5 (EM) 	Elapsed: 46.174	Loglikelihood: -1.3714e+08	(delta): 318043
Initial loglikelihood: -1.3714e+08
Starting main algorithm
1 (QN/Block) 	Elapsed: 140.747	Loglikelihood: -9.39314e+07	(delta): 4.32083e+07
2 (QN/Block) 	Elapsed: 141.251	Loglikelihood: -6.88223e+07	(delta): 2.51091e+07
3 (QN/Block) 	Elapsed: 147.641	Loglikelihood: -6.53273e+07	(delta): 3.49501e+06
4 (QN/Block) 	Elapsed: 147.752	Loglikelihood: -6.375e+07	(delta): 1.57727e+06
5 (QN/Block) 	Elapsed: 148.167	Loglikelihood: -6.35733e+07	(delta): 176720
6 (QN/Block) 	Elapsed: 149.292	Loglikelihood: -6.35535e+07	(delta): 19853.7
7 (QN/Block) 	Elapsed: 145.281	Loglikelihood: -6.3549e+07	(delta): 4506.49
8 (QN/Block) 	Elapsed: 156.813	Loglikelihood: -6.35486e+07	(delta): 338.81
9 (QN/Block) 	Elapsed: 145.457	Loglikelihood: -6.35486e+07	(delta): 10.8085
10 (QN/Block) 	Elapsed: 144.152	Loglikelihood: -6.35486e+07	(delta): 0.988715
11 (QN/Block) 	Elapsed: 144.785	Loglikelihood: -6.35486e+07	(delta): 0.0712071
12 (QN/Block) 	Elapsed: 158.833	Loglikelihood: -6.35486e+07	(delta): 0.012378
13 (QN/Block) 	Elapsed: 146.314	Loglikelihood: -6.35486e+07	(delta): 0.000281863
14 (QN/Block) 	Elapsed: 146.54	Loglikelihood: -6.35486e+07	(delta): 5.99772e-05
Summary: 
Converged in 14 iterations (2380.88 sec)
Loglikelihood: -63548605.846055
Fst divergences between estimated populations: 
	Pop0	
Pop0	
Pop1	0.786	
CV error (K=2): 0.08439
Writing output files.
