****                   ADMIXTURE Version 1.3.0                  ****
****                    Copyright 2008-2015                     ****
****           David Alexander, Suyash Shringarpure,            ****
****                John  Novembre, Ken Lange                   ****
****                                                            ****
****                 Please cite our paper!                     ****
****   Information at www.genetics.ucla.edu/software/admixture  ****

Cross-validation will be performed.  Folds=5.
Random seed: 1234
Point estimation method: Block relaxation algorithm
Convergence acceleration algorithm: QuasiNewton, 3 secant conditions
Point estimation will terminate when objective function delta < 0.0001
Estimation of standard errors disabled; will compute point estimates only.
Size of G: 3166x190081
Performing five EM steps to prime main algorithm
1 (EM) 	Elapsed: 46.037	Loglikelihood: -1.43941e+08	(delta): 8.43378e+08
2 (EM) 	Elapsed: 44.432	Loglikelihood: -1.39054e+08	(delta): 4.88781e+06
3 (EM) 	Elapsed: 45.28	Loglikelihood: -1.37996e+08	(delta): 1.05806e+06
4 (EM) 	Elapsed: 46.015	Loglikelihood: -1.37488e+08	(delta): 507894
5 (EM) 	Elapsed: 45.785	Loglikelihood: -1.37228e+08	(delta): 260107
Initial loglikelihood: -1.37228e+08
Starting main algorithm
1 (QN/Block) 	Elapsed: 117.606	Loglikelihood: -9.75611e+07	(delta): 3.96665e+07
2 (QN/Block) 	Elapsed: 127.15	Loglikelihood: -6.92166e+07	(delta): 2.83445e+07
3 (QN/Block) 	Elapsed: 148.487	Loglikelihood: -6.55152e+07	(delta): 3.70143e+06
4 (QN/Block) 	Elapsed: 148.89	Loglikelihood: -6.38384e+07	(delta): 1.67681e+06
5 (QN/Block) 	Elapsed: 156.622	Loglikelihood: -6.35743e+07	(delta): 264073
6 (QN/Block) 	Elapsed: 160.492	Loglikelihood: -6.35538e+07	(delta): 20468.5
7 (QN/Block) 	Elapsed: 147.461	Loglikelihood: -6.3549e+07	(delta): 4835.38
8 (QN/Block) 	Elapsed: 158.789	Loglikelihood: -6.35486e+07	(delta): 429.74
9 (QN/Block) 	Elapsed: 146.072	Loglikelihood: -6.35486e+07	(delta): 15.386
10 (QN/Block) 	Elapsed: 148.384	Loglikelihood: -6.35486e+07	(delta): 0.845869
11 (QN/Block) 	Elapsed: 148.504	Loglikelihood: -6.35486e+07	(delta): 0.0775137
12 (QN/Block) 	Elapsed: 157.806	Loglikelihood: -6.35486e+07	(delta): 0.012382
13 (QN/Block) 	Elapsed: 158.432	Loglikelihood: -6.35486e+07	(delta): 0.000209652
14 (QN/Block) 	Elapsed: 144.957	Loglikelihood: -6.35486e+07	(delta): 5.4419e-05
Summary: 
Converged in 14 iterations (2387.04 sec)
Loglikelihood: -63548561.937889
Fst divergences between estimated populations: 
	Pop0	
Pop0	
Pop1	0.786	
CV error (K=2): 0.08437
Writing output files.
