****                   ADMIXTURE Version 1.3.0                  ****
****                    Copyright 2008-2015                     ****
****           David Alexander, Suyash Shringarpure,            ****
****                John  Novembre, Ken Lange                   ****
****                                                            ****
****                 Please cite our paper!                     ****
****   Information at www.genetics.ucla.edu/software/admixture  ****

Cross-validation will be performed.  Folds=5.
Random seed: 1220
Point estimation method: Block relaxation algorithm
Convergence acceleration algorithm: QuasiNewton, 3 secant conditions
Point estimation will terminate when objective function delta < 0.0001
Estimation of standard errors disabled; will compute point estimates only.
Size of G: 3166x190081
Performing five EM steps to prime main algorithm
1 (EM) 	Elapsed: 46.759	Loglikelihood: -1.43894e+08	(delta): 8.46031e+08
2 (EM) 	Elapsed: 44.661	Loglikelihood: -1.39011e+08	(delta): 4.88281e+06
3 (EM) 	Elapsed: 46.255	Loglikelihood: -1.37947e+08	(delta): 1.06376e+06
4 (EM) 	Elapsed: 46.362	Loglikelihood: -1.37447e+08	(delta): 500166
5 (EM) 	Elapsed: 44.851	Loglikelihood: -1.37198e+08	(delta): 249496
Initial loglikelihood: -1.37198e+08
Starting main algorithm
1 (QN/Block) 	Elapsed: 138.395	Loglikelihood: -9.73958e+07	(delta): 3.98018e+07
2 (QN/Block) 	Elapsed: 138.306	Loglikelihood: -6.92659e+07	(delta): 2.81299e+07
3 (QN/Block) 	Elapsed: 147.315	Loglikelihood: -6.55255e+07	(delta): 3.74046e+06
4 (QN/Block) 	Elapsed: 147.456	Loglikelihood: -6.38249e+07	(delta): 1.7005e+06
5 (QN/Block) 	Elapsed: 156.019	Loglikelihood: -6.35794e+07	(delta): 245594
6 (QN/Block) 	Elapsed: 160.031	Loglikelihood: -6.35547e+07	(delta): 24617
7 (QN/Block) 	Elapsed: 147.221	Loglikelihood: -6.35491e+07	(delta): 5653.62
8 (QN/Block) 	Elapsed: 158.037	Loglikelihood: -6.35486e+07	(delta): 476.459
9 (QN/Block) 	Elapsed: 147.342	Loglikelihood: -6.35486e+07	(delta): 24.0048
10 (QN/Block) 	Elapsed: 133.246	Loglikelihood: -6.35486e+07	(delta): 2.21822
11 (QN/Block) 	Elapsed: 129.259	Loglikelihood: -6.35486e+07	(delta): 0.0983302
12 (QN/Block) 	Elapsed: 157.592	Loglikelihood: -6.35486e+07	(delta): 0.0233399
13 (QN/Block) 	Elapsed: 158.296	Loglikelihood: -6.35486e+07	(delta): 0.000562683
14 (QN/Block) 	Elapsed: 160.588	Loglikelihood: -6.35486e+07	(delta): 8.90493e-05
Summary: 
Converged in 14 iterations (2397.6 sec)
Loglikelihood: -63548580.321790
Fst divergences between estimated populations: 
	Pop0	
Pop0	
Pop1	0.786	
CV error (K=2): 0.08436
Writing output files.
