****                   ADMIXTURE Version 1.3.0                  ****
****                    Copyright 2008-2015                     ****
****           David Alexander, Suyash Shringarpure,            ****
****                John  Novembre, Ken Lange                   ****
****                                                            ****
****                 Please cite our paper!                     ****
****   Information at www.genetics.ucla.edu/software/admixture  ****

Cross-validation will be performed.  Folds=5.
Random seed: 1258
Point estimation method: Block relaxation algorithm
Convergence acceleration algorithm: QuasiNewton, 3 secant conditions
Point estimation will terminate when objective function delta < 0.0001
Estimation of standard errors disabled; will compute point estimates only.
Size of G: 3166x190081
Performing five EM steps to prime main algorithm
1 (EM) 	Elapsed: 46.585	Loglikelihood: -1.43856e+08	(delta): 8.41104e+08
2 (EM) 	Elapsed: 45.316	Loglikelihood: -1.39073e+08	(delta): 4.7828e+06
3 (EM) 	Elapsed: 46.112	Loglikelihood: -1.3807e+08	(delta): 1.00362e+06
4 (EM) 	Elapsed: 46.192	Loglikelihood: -1.37567e+08	(delta): 502908
5 (EM) 	Elapsed: 45.701	Loglikelihood: -1.37296e+08	(delta): 270925
Initial loglikelihood: -1.37296e+08
Starting main algorithm
1 (QN/Block) 	Elapsed: 121.132	Loglikelihood: -1.36003e+08	(delta): 1.29323e+06
2 (QN/Block) 	Elapsed: 139.099	Loglikelihood: -1.36276e+08	(delta): -273535
3 (QN/Block) 	Elapsed: 149.079	Loglikelihood: -1.19728e+08	(delta): 1.65479e+07
4 (QN/Block) 	Elapsed: 160.388	Loglikelihood: -7.9251e+07	(delta): 4.04774e+07
5 (QN/Block) 	Elapsed: 149.06	Loglikelihood: -6.95259e+07	(delta): 9.72506e+06
6 (QN/Block) 	Elapsed: 157.727	Loglikelihood: -6.4213e+07	(delta): 5.31288e+06
7 (QN/Block) 	Elapsed: 161.91	Loglikelihood: -6.37157e+07	(delta): 497353
8 (QN/Block) 	Elapsed: 150.193	Loglikelihood: -6.35877e+07	(delta): 127965
9 (QN/Block) 	Elapsed: 162.109	Loglikelihood: -6.35528e+07	(delta): 34923.6
10 (QN/Block) 	Elapsed: 153.264	Loglikelihood: -6.35488e+07	(delta): 4020.22
11 (QN/Block) 	Elapsed: 153.307	Loglikelihood: -6.35486e+07	(delta): 171.571
12 (QN/Block) 	Elapsed: 148.366	Loglikelihood: -6.35486e+07	(delta): 6.56884
