****                   ADMIXTURE Version 1.3.0                  ****
****                    Copyright 2008-2015                     ****
****           David Alexander, Suyash Shringarpure,            ****
****                John  Novembre, Ken Lange                   ****
****                                                            ****
****                 Please cite our paper!                     ****
****   Information at www.genetics.ucla.edu/software/admixture  ****

Cross-validation will be performed.  Folds=5.
Random seed: 1247
Point estimation method: Block relaxation algorithm
Convergence acceleration algorithm: QuasiNewton, 3 secant conditions
Point estimation will terminate when objective function delta < 0.0001
Estimation of standard errors disabled; will compute point estimates only.
Size of G: 3166x190081
Performing five EM steps to prime main algorithm
1 (EM) 	Elapsed: 45.877	Loglikelihood: -1.43728e+08	(delta): 8.45702e+08
2 (EM) 	Elapsed: 44.986	Loglikelihood: -1.39051e+08	(delta): 4.67708e+06
3 (EM) 	Elapsed: 46.154	Loglikelihood: -1.38054e+08	(delta): 996645
4 (EM) 	Elapsed: 45.903	Loglikelihood: -1.37553e+08	(delta): 500741
5 (EM) 	Elapsed: 46.877	Loglikelihood: -1.37282e+08	(delta): 270906
Initial loglikelihood: -1.37282e+08
Starting main algorithm
1 (QN/Block) 	Elapsed: 142.255	Loglikelihood: -1.05661e+08	(delta): 3.16217e+07
2 (QN/Block) 	Elapsed: 137.643	Loglikelihood: -8.93666e+07	(delta): 1.62941e+07
3 (QN/Block) 	Elapsed: 148.702	Loglikelihood: -8.46152e+07	(delta): 4.75133e+06
4 (QN/Block) 	Elapsed: 153.589	Loglikelihood: -7.02293e+07	(delta): 1.4386e+07
5 (QN/Block) 	Elapsed: 144.847	Loglikelihood: -6.39819e+07	(delta): 6.24736e+06
6 (QN/Block) 	Elapsed: 127.517	Loglikelihood: -6.35962e+07	(delta): 385756
7 (QN/Block) 	Elapsed: 161.557	Loglikelihood: -6.35577e+07	(delta): 38501
8 (QN/Block) 	Elapsed: 148.754	Loglikelihood: -6.35515e+07	(delta): 6177.5
9 (QN/Block) 	Elapsed: 153.737	Loglikelihood: -6.35498e+07	(delta): 1663.52
10 (QN/Block) 	Elapsed: 148.86	Loglikelihood: -6.35489e+07	(delta): 909.848
11 (QN/Block) 	Elapsed: 153.833	Loglikelihood: -6.35486e+07	(delta): 329.065
12 (QN/Block) 	Elapsed: 158.051	Loglikelihood: -6.35486e+07	(delta): 12.6961
13 (QN/Block) 	Elapsed: 140.985	Loglikelihood: -6.35486e+07	(delta): 0.00337432
14 (QN/Block) 	Elapsed: 149.298	Loglikelihood: -6.35486e+07	(delta): 7.39694e-05
Summary: 
Converged in 14 iterations (2389.28 sec)
Loglikelihood: -63548561.365299
Fst divergences between estimated populations: 
	Pop0	
Pop0	
Pop1	0.786	
CV error (K=2): 0.08436
Writing output files.
