****                   ADMIXTURE Version 1.3.0                  ****
****                    Copyright 2008-2015                     ****
****           David Alexander, Suyash Shringarpure,            ****
****                John  Novembre, Ken Lange                   ****
****                                                            ****
****                 Please cite our paper!                     ****
****   Information at www.genetics.ucla.edu/software/admixture  ****

Cross-validation will be performed.  Folds=5.
Random seed: 1201
Point estimation method: Block relaxation algorithm
Convergence acceleration algorithm: QuasiNewton, 3 secant conditions
Point estimation will terminate when objective function delta < 0.0001
Estimation of standard errors disabled; will compute point estimates only.
Size of G: 3166x190081
Performing five EM steps to prime main algorithm
1 (EM) 	Elapsed: 46.61	Loglikelihood: -1.43947e+08	(delta): 8.44771e+08
2 (EM) 	Elapsed: 46.73	Loglikelihood: -1.39024e+08	(delta): 4.92314e+06
3 (EM) 	Elapsed: 46.605	Loglikelihood: -1.37958e+08	(delta): 1.0659e+06
4 (EM) 	Elapsed: 46.677	Loglikelihood: -1.37405e+08	(delta): 552888
5 (EM) 	Elapsed: 46.732	Loglikelihood: -1.37071e+08	(delta): 333728
Initial loglikelihood: -1.37071e+08
Starting main algorithm
1 (QN/Block) 	Elapsed: 141.48	Loglikelihood: -9.2679e+07	(delta): 4.4392e+07
2 (QN/Block) 	Elapsed: 140.918	Loglikelihood: -6.84819e+07	(delta): 2.4197e+07
3 (QN/Block) 	Elapsed: 149.533	Loglikelihood: -6.52281e+07	(delta): 3.25383e+06
4 (QN/Block) 	Elapsed: 149.181	Loglikelihood: -6.37454e+07	(delta): 1.48274e+06
5 (QN/Block) 	Elapsed: 161.483	Loglikelihood: -6.35711e+07	(delta): 174222
6 (QN/Block) 	Elapsed: 161.494	Loglikelihood: -6.35528e+07	(delta): 18285.6
7 (QN/Block) 	Elapsed: 148.552	Loglikelihood: -6.35488e+07	(delta): 4013.76
8 (QN/Block) 	Elapsed: 157.893	Loglikelihood: -6.35486e+07	(delta): 261.851
9 (QN/Block) 	Elapsed: 148.603	Loglikelihood: -6.35486e+07	(delta): 9.17298
10 (QN/Block) 	Elapsed: 141.51	Loglikelihood: -6.35486e+07	(delta): 0.727558
11 (QN/Block) 	Elapsed: 129.136	Loglikelihood: -6.35486e+07	(delta): 0.0679922
12 (QN/Block) 	Elapsed: 144.322	Loglikelihood: -6.35486e+07	(delta): 0.0114962
13 (QN/Block) 	Elapsed: 132.022	Loglikelihood: -6.35486e+07	(delta): 0.000271291
14 (QN/Block) 	Elapsed: 148.557	Loglikelihood: -6.35486e+07	(delta): 5.02169e-05
Summary: 
Converged in 14 iterations (2378.4 sec)
Loglikelihood: -63548561.956364
Fst divergences between estimated populations: 
	Pop0	
Pop0	
Pop1	0.786	
CV error (K=2): 0.08437
Writing output files.
