****                   ADMIXTURE Version 1.3.0                  ****
****                    Copyright 2008-2015                     ****
****           David Alexander, Suyash Shringarpure,            ****
****                John  Novembre, Ken Lange                   ****
****                                                            ****
****                 Please cite our paper!                     ****
****   Information at www.genetics.ucla.edu/software/admixture  ****

Cross-validation will be performed.  Folds=5.
Random seed: 1213
Point estimation method: Block relaxation algorithm
Convergence acceleration algorithm: QuasiNewton, 3 secant conditions
Point estimation will terminate when objective function delta < 0.0001
Estimation of standard errors disabled; will compute point estimates only.
Size of G: 3166x190081
Performing five EM steps to prime main algorithm
1 (EM) 	Elapsed: 41.074	Loglikelihood: -1.43798e+08	(delta): 8.42821e+08
2 (EM) 	Elapsed: 45.164	Loglikelihood: -1.39011e+08	(delta): 4.78627e+06
3 (EM) 	Elapsed: 45.531	Loglikelihood: -1.37969e+08	(delta): 1.04285e+06
4 (EM) 	Elapsed: 45.904	Loglikelihood: -1.37457e+08	(delta): 511924
5 (EM) 	Elapsed: 46.093	Loglikelihood: -1.37186e+08	(delta): 270997
Initial loglikelihood: -1.37186e+08
Starting main algorithm
1 (QN/Block) 	Elapsed: 139.921	Loglikelihood: -9.63939e+07	(delta): 4.07918e+07
2 (QN/Block) 	Elapsed: 139.345	Loglikelihood: -6.93403e+07	(delta): 2.70536e+07
3 (QN/Block) 	Elapsed: 149.016	Loglikelihood: -6.56071e+07	(delta): 3.73318e+06
4 (QN/Block) 	Elapsed: 148.919	Loglikelihood: -6.38505e+07	(delta): 1.75654e+06
5 (QN/Block) 	Elapsed: 156.187	Loglikelihood: -6.35803e+07	(delta): 270250
6 (QN/Block) 	Elapsed: 158.208	Loglikelihood: -6.35546e+07	(delta): 25698.3
7 (QN/Block) 	Elapsed: 146.865	Loglikelihood: -6.35491e+07	(delta): 5448.02
8 (QN/Block) 	Elapsed: 159.5	Loglikelihood: -6.35487e+07	(delta): 489.907
9 (QN/Block) 	Elapsed: 155.692	Loglikelihood: -6.35486e+07	(delta): 31.6884
10 (QN/Block) 	Elapsed: 152.939	Loglikelihood: -6.35486e+07	(delta): 7.78908
11 (QN/Block) 	Elapsed: 161.131	Loglikelihood: -6.35486e+07	(delta): 0.819221
12 (QN/Block) 	Elapsed: 148.713	Loglikelihood: -6.35486e+07	(delta): 0.0191481
13 (QN/Block) 	Elapsed: 152.794	Loglikelihood: -6.35486e+07	(delta): 0.000509754
14 (QN/Block) 	Elapsed: 159.815	Loglikelihood: -6.35486e+07	(delta): 5.24297e-05
Summary: 
Converged in 14 iterations (2442.43 sec)
Loglikelihood: -63548610.115761
Fst divergences between estimated populations: 
	Pop0	
Pop0	
Pop1	0.786	
CV error (K=2): 0.08436
Writing output files.
