****                   ADMIXTURE Version 1.3.0                  ****
****                    Copyright 2008-2015                     ****
****           David Alexander, Suyash Shringarpure,            ****
****                John  Novembre, Ken Lange                   ****
****                                                            ****
****                 Please cite our paper!                     ****
****   Information at www.genetics.ucla.edu/software/admixture  ****

Cross-validation will be performed.  Folds=5.
Random seed: 1239
Point estimation method: Block relaxation algorithm
Convergence acceleration algorithm: QuasiNewton, 3 secant conditions
Point estimation will terminate when objective function delta < 0.0001
Estimation of standard errors disabled; will compute point estimates only.
Size of G: 3166x190081
Performing five EM steps to prime main algorithm
1 (EM) 	Elapsed: 47.188	Loglikelihood: -1.43965e+08	(delta): 8.42759e+08
2 (EM) 	Elapsed: 46.736	Loglikelihood: -1.39074e+08	(delta): 4.89153e+06
3 (EM) 	Elapsed: 46.672	Loglikelihood: -1.38006e+08	(delta): 1.06786e+06
4 (EM) 	Elapsed: 46.516	Loglikelihood: -1.37486e+08	(delta): 519306
5 (EM) 	Elapsed: 46.499	Loglikelihood: -1.3721e+08	(delta): 276644
Initial loglikelihood: -1.3721e+08
Starting main algorithm
1 (QN/Block) 	Elapsed: 141.873	Loglikelihood: -9.61831e+07	(delta): 4.10267e+07
2 (QN/Block) 	Elapsed: 142.034	Loglikelihood: -6.9105e+07	(delta): 2.7078e+07
3 (QN/Block) 	Elapsed: 149.973	Loglikelihood: -6.5448e+07	(delta): 3.65701e+06
4 (QN/Block) 	Elapsed: 149.901	Loglikelihood: -6.37971e+07	(delta): 1.65095e+06
5 (QN/Block) 	Elapsed: 156.376	Loglikelihood: -6.3575e+07	(delta): 222078
6 (QN/Block) 	Elapsed: 160.689	Loglikelihood: -6.35538e+07	(delta): 21174.4
7 (QN/Block) 	Elapsed: 147.453	Loglikelihood: -6.35491e+07	(delta): 4746.27
8 (QN/Block) 	Elapsed: 161.902	Loglikelihood: -6.35486e+07	(delta): 471.283
9 (QN/Block) 	Elapsed: 162.332	Loglikelihood: -6.35486e+07	(delta): 28.9391
10 (QN/Block) 	Elapsed: 150.196	Loglikelihood: -6.35486e+07	(delta): 1.6734
11 (QN/Block) 	Elapsed: 150.423	Loglikelihood: -6.35486e+07	(delta): 0.0878956
12 (QN/Block) 	Elapsed: 162.577	Loglikelihood: -6.35486e+07	(delta): 0.0206465
13 (QN/Block) 	Elapsed: 162.679	Loglikelihood: -6.35486e+07	(delta): 0.00041268
14 (QN/Block) 	Elapsed: 162.302	Loglikelihood: -6.35486e+07	(delta): 0.000104792
15 (QN/Block) 	Elapsed: 145.95	Loglikelihood: -6.35486e+07	(delta): 3.07411e-05
Summary: 
Converged in 15 iterations (2634.25 sec)
Loglikelihood: -63548563.257084
Fst divergences between estimated populations: 
	Pop0	
Pop0	
Pop1	0.786	
CV error (K=2): 0.08437
Writing output files.
