****                   ADMIXTURE Version 1.3.0                  ****
****                    Copyright 2008-2015                     ****
****           David Alexander, Suyash Shringarpure,            ****
****                John  Novembre, Ken Lange                   ****
****                                                            ****
****                 Please cite our paper!                     ****
****   Information at www.genetics.ucla.edu/software/admixture  ****

Cross-validation will be performed.  Folds=5.
Random seed: 1222
Point estimation method: Block relaxation algorithm
Convergence acceleration algorithm: QuasiNewton, 3 secant conditions
Point estimation will terminate when objective function delta < 0.0001
Estimation of standard errors disabled; will compute point estimates only.
Size of G: 3166x190081
Performing five EM steps to prime main algorithm
1 (EM) 	Elapsed: 46.461	Loglikelihood: -1.43862e+08	(delta): 8.45807e+08
2 (EM) 	Elapsed: 46.195	Loglikelihood: -1.39014e+08	(delta): 4.84787e+06
3 (EM) 	Elapsed: 46.376	Loglikelihood: -1.37962e+08	(delta): 1.05192e+06
4 (EM) 	Elapsed: 46.449	Loglikelihood: -1.37446e+08	(delta): 516826
5 (EM) 	Elapsed: 46.238	Loglikelihood: -1.37169e+08	(delta): 276869
Initial loglikelihood: -1.37169e+08
Starting main algorithm
1 (QN/Block) 	Elapsed: 140.711	Loglikelihood: -9.54601e+07	(delta): 4.17086e+07
2 (QN/Block) 	Elapsed: 140.655	Loglikelihood: -6.89465e+07	(delta): 2.65135e+07
3 (QN/Block) 	Elapsed: 148.841	Loglikelihood: -6.54372e+07	(delta): 3.50933e+06
4 (QN/Block) 	Elapsed: 148.23	Loglikelihood: -6.37963e+07	(delta): 1.64091e+06
5 (QN/Block) 	Elapsed: 157.107	Loglikelihood: -6.35878e+07	(delta): 208488
6 (QN/Block) 	Elapsed: 158.993	Loglikelihood: -6.35557e+07	(delta): 32099.8
7 (QN/Block) 	Elapsed: 147.677	Loglikelihood: -6.35491e+07	(delta): 6606.77
8 (QN/Block) 	Elapsed: 160.287	Loglikelihood: -6.35486e+07	(delta): 467.731
9 (QN/Block) 	Elapsed: 147.012	Loglikelihood: -6.35486e+07	(delta): 17.8098
10 (QN/Block) 	Elapsed: 146.478	Loglikelihood: -6.35486e+07	(delta): 0.987276
11 (QN/Block) 	Elapsed: 146.926	Loglikelihood: -6.35486e+07	(delta): 0.070234
12 (QN/Block) 	Elapsed: 148.541	Loglikelihood: -6.35486e+07	(delta): 0.00857977
13 (QN/Block) 	Elapsed: 148.48	Loglikelihood: -6.35486e+07	(delta): 0.000327095
14 (QN/Block) 	Elapsed: 147.025	Loglikelihood: -6.35486e+07	(delta): 5.68777e-05
Summary: 
Converged in 14 iterations (2408.17 sec)
Loglikelihood: -63548624.578767
Fst divergences between estimated populations: 
	Pop0	
Pop0	
Pop1	0.786	
CV error (K=2): 0.08437
Writing output files.
