****                   ADMIXTURE Version 1.3.0                  ****
****                    Copyright 2008-2015                     ****
****           David Alexander, Suyash Shringarpure,            ****
****                John  Novembre, Ken Lange                   ****
****                                                            ****
****                 Please cite our paper!                     ****
****   Information at www.genetics.ucla.edu/software/admixture  ****

Cross-validation will be performed.  Folds=5.
Random seed: 1240
Point estimation method: Block relaxation algorithm
Convergence acceleration algorithm: QuasiNewton, 3 secant conditions
Point estimation will terminate when objective function delta < 0.0001
Estimation of standard errors disabled; will compute point estimates only.
Size of G: 3166x190081
Performing five EM steps to prime main algorithm
1 (EM) 	Elapsed: 45.49	Loglikelihood: -1.43758e+08	(delta): 8.444e+08
2 (EM) 	Elapsed: 46.029	Loglikelihood: -1.39019e+08	(delta): 4.73944e+06
3 (EM) 	Elapsed: 45.924	Loglikelihood: -1.3801e+08	(delta): 1.0089e+06
4 (EM) 	Elapsed: 46.258	Loglikelihood: -1.37496e+08	(delta): 513600
5 (EM) 	Elapsed: 45.155	Loglikelihood: -1.37206e+08	(delta): 290066
Initial loglikelihood: -1.37206e+08
Starting main algorithm
1 (QN/Block) 	Elapsed: 138.232	Loglikelihood: -9.55e+07	(delta): 4.17059e+07
2 (QN/Block) 	Elapsed: 137.923	Loglikelihood: -6.91726e+07	(delta): 2.63275e+07
3 (QN/Block) 	Elapsed: 146.916	Loglikelihood: -6.54756e+07	(delta): 3.69699e+06
4 (QN/Block) 	Elapsed: 148.029	Loglikelihood: -6.38372e+07	(delta): 1.63838e+06
5 (QN/Block) 	Elapsed: 154.975	Loglikelihood: -6.35677e+07	(delta): 269466
6 (QN/Block) 	Elapsed: 158.318	Loglikelihood: -6.3552e+07	(delta): 15703.4
7 (QN/Block) 	Elapsed: 145.883	Loglikelihood: -6.35489e+07	(delta): 3095.41
8 (QN/Block) 	Elapsed: 151.968	Loglikelihood: -6.35486e+07	(delta): 344.046
9 (QN/Block) 	Elapsed: 147.426	Loglikelihood: -6.35486e+07	(delta): 17.5761
10 (QN/Block) 	Elapsed: 149.39	Loglikelihood: -6.35486e+07	(delta): 1.43564
11 (QN/Block) 	Elapsed: 149.54	Loglikelihood: -6.35486e+07	(delta): 0.0709602
12 (QN/Block) 	Elapsed: 161.749	Loglikelihood: -6.35486e+07	(delta): 0.0146173
13 (QN/Block) 	Elapsed: 149.579	Loglikelihood: -6.35486e+07	(delta): 0.000264972
14 (QN/Block) 	Elapsed: 148.723	Loglikelihood: -6.35486e+07	(delta): 5.76153e-05
Summary: 
Converged in 14 iterations (2407.61 sec)
Loglikelihood: -63548564.680230
Fst divergences between estimated populations: 
	Pop0	
Pop0	
Pop1	0.786	
CV error (K=2): 0.08436
Writing output files.
