****                   ADMIXTURE Version 1.3.0                  ****
****                    Copyright 2008-2015                     ****
****           David Alexander, Suyash Shringarpure,            ****
****                John  Novembre, Ken Lange                   ****
****                                                            ****
****                 Please cite our paper!                     ****
****   Information at www.genetics.ucla.edu/software/admixture  ****

Cross-validation will be performed.  Folds=5.
Random seed: 1245
Point estimation method: Block relaxation algorithm
Convergence acceleration algorithm: QuasiNewton, 3 secant conditions
Point estimation will terminate when objective function delta < 0.0001
Estimation of standard errors disabled; will compute point estimates only.
Size of G: 3166x190081
Performing five EM steps to prime main algorithm
1 (EM) 	Elapsed: 47.876	Loglikelihood: -1.43853e+08	(delta): 8.42088e+08
2 (EM) 	Elapsed: 47.5	Loglikelihood: -1.39003e+08	(delta): 4.84965e+06
3 (EM) 	Elapsed: 47.709	Loglikelihood: -1.37951e+08	(delta): 1.05257e+06
4 (EM) 	Elapsed: 47.406	Loglikelihood: -1.37383e+08	(delta): 567334
5 (EM) 	Elapsed: 47.761	Loglikelihood: -1.37019e+08	(delta): 364316
Initial loglikelihood: -1.37019e+08
Starting main algorithm
1 (QN/Block) 	Elapsed: 139.364	Loglikelihood: -9.17264e+07	(delta): 4.52925e+07
2 (QN/Block) 	Elapsed: 139.112	Loglikelihood: -6.84161e+07	(delta): 2.33104e+07
3 (QN/Block) 	Elapsed: 147.231	Loglikelihood: -6.5175e+07	(delta): 3.24102e+06
4 (QN/Block) 	Elapsed: 147.156	Loglikelihood: -6.37265e+07	(delta): 1.44853e+06
5 (QN/Block) 	Elapsed: 158.592	Loglikelihood: -6.3569e+07	(delta): 157492
6 (QN/Block) 	Elapsed: 157.78	Loglikelihood: -6.35524e+07	(delta): 16572.6
7 (QN/Block) 	Elapsed: 145.535	Loglikelihood: -6.35489e+07	(delta): 3566.28
8 (QN/Block) 	Elapsed: 156.069	Loglikelihood: -6.35486e+07	(delta): 307.213
9 (QN/Block) 	Elapsed: 145.013	Loglikelihood: -6.35486e+07	(delta): 8.05967
10 (QN/Block) 	Elapsed: 144.718	Loglikelihood: -6.35486e+07	(delta): 0.385902
11 (QN/Block) 	Elapsed: 144.646	Loglikelihood: -6.35486e+07	(delta): 0.0583328
12 (QN/Block) 	Elapsed: 156.712	Loglikelihood: -6.35486e+07	(delta): 0.00334518
13 (QN/Block) 	Elapsed: 143.327	Loglikelihood: -6.35486e+07	(delta): 9.52482e-05
Summary: 
Converged in 13 iterations (2249.03 sec)
Loglikelihood: -63548563.410912
Fst divergences between estimated populations: 
	Pop0	
Pop0	
Pop1	0.786	
CV error (K=2): 0.08437
Writing output files.
