****                   ADMIXTURE Version 1.3.0                  ****
****                    Copyright 2008-2015                     ****
****           David Alexander, Suyash Shringarpure,            ****
****                John  Novembre, Ken Lange                   ****
****                                                            ****
****                 Please cite our paper!                     ****
****   Information at www.genetics.ucla.edu/software/admixture  ****

Cross-validation will be performed.  Folds=5.
Random seed: 1210
Point estimation method: Block relaxation algorithm
Convergence acceleration algorithm: QuasiNewton, 3 secant conditions
Point estimation will terminate when objective function delta < 0.0001
Estimation of standard errors disabled; will compute point estimates only.
Size of G: 3166x190081
Performing five EM steps to prime main algorithm
1 (EM) 	Elapsed: 46.745	Loglikelihood: -1.43797e+08	(delta): 8.436e+08
2 (EM) 	Elapsed: 46.827	Loglikelihood: -1.3901e+08	(delta): 4.7868e+06
3 (EM) 	Elapsed: 46.695	Loglikelihood: -1.3796e+08	(delta): 1.04958e+06
4 (EM) 	Elapsed: 46.803	Loglikelihood: -1.37447e+08	(delta): 512991
5 (EM) 	Elapsed: 46.826	Loglikelihood: -1.37177e+08	(delta): 269870
Initial loglikelihood: -1.37177e+08
Starting main algorithm
1 (QN/Block) 	Elapsed: 140.453	Loglikelihood: -9.5871e+07	(delta): 4.13064e+07
2 (QN/Block) 	Elapsed: 139.819	Loglikelihood: -6.90536e+07	(delta): 2.68174e+07
3 (QN/Block) 	Elapsed: 148.161	Loglikelihood: -6.54359e+07	(delta): 3.61767e+06
4 (QN/Block) 	Elapsed: 148.332	Loglikelihood: -6.37876e+07	(delta): 1.6483e+06
5 (QN/Block) 	Elapsed: 152.028	Loglikelihood: -6.35806e+07	(delta): 206998
6 (QN/Block) 	Elapsed: 142.565	Loglikelihood: -6.35545e+07	(delta): 26074.1
7 (QN/Block) 	Elapsed: 127.108	Loglikelihood: -6.3549e+07	(delta): 5482.03
8 (QN/Block) 	Elapsed: 146.586	Loglikelihood: -6.35486e+07	(delta): 466.499
9 (QN/Block) 	Elapsed: 145.787	Loglikelihood: -6.35486e+07	(delta): 17.8561
10 (QN/Block) 	Elapsed: 148.041	Loglikelihood: -6.35486e+07	(delta): 1.64259
11 (QN/Block) 	Elapsed: 147.904	Loglikelihood: -6.35486e+07	(delta): 0.0774686
12 (QN/Block) 	Elapsed: 156.192	Loglikelihood: -6.35486e+07	(delta): 0.0208242
13 (QN/Block) 	Elapsed: 155.786	Loglikelihood: -6.35486e+07	(delta): 0.000504762
14 (QN/Block) 	Elapsed: 152.127	Loglikelihood: -6.35486e+07	(delta): 7.8395e-05
Summary: 
Converged in 14 iterations (2374.22 sec)
Loglikelihood: -63548563.005499
Fst divergences between estimated populations: 
	Pop0	
Pop0	
Pop1	0.786	
CV error (K=2): 0.08438
Writing output files.
