****                   ADMIXTURE Version 1.3.0                  ****
****                    Copyright 2008-2015                     ****
****           David Alexander, Suyash Shringarpure,            ****
****                John  Novembre, Ken Lange                   ****
****                                                            ****
****                 Please cite our paper!                     ****
****   Information at www.genetics.ucla.edu/software/admixture  ****

Cross-validation will be performed.  Folds=5.
Random seed: 1233
Point estimation method: Block relaxation algorithm
Convergence acceleration algorithm: QuasiNewton, 3 secant conditions
Point estimation will terminate when objective function delta < 0.0001
Estimation of standard errors disabled; will compute point estimates only.
Size of G: 3166x190081
Performing five EM steps to prime main algorithm
1 (EM) 	Elapsed: 47.201	Loglikelihood: -1.4382e+08	(delta): 8.45389e+08
2 (EM) 	Elapsed: 47.243	Loglikelihood: -1.39008e+08	(delta): 4.81202e+06
3 (EM) 	Elapsed: 47.01	Loglikelihood: -1.37972e+08	(delta): 1.03503e+06
4 (EM) 	Elapsed: 46.856	Loglikelihood: -1.37444e+08	(delta): 528036
5 (EM) 	Elapsed: 46.633	Loglikelihood: -1.37144e+08	(delta): 300611
Initial loglikelihood: -1.37144e+08
Starting main algorithm
1 (QN/Block) 	Elapsed: 141.669	Loglikelihood: -9.44518e+07	(delta): 4.2692e+07
2 (QN/Block) 	Elapsed: 141.469	Loglikelihood: -6.88374e+07	(delta): 2.56145e+07
3 (QN/Block) 	Elapsed: 148.871	Loglikelihood: -6.53794e+07	(delta): 3.45795e+06
4 (QN/Block) 	Elapsed: 149.93	Loglikelihood: -6.37728e+07	(delta): 1.60661e+06
5 (QN/Block) 	Elapsed: 156.879	Loglikelihood: -6.35848e+07	(delta): 188066
6 (QN/Block) 	Elapsed: 159.445	Loglikelihood: -6.35544e+07	(delta): 30370.9
7 (QN/Block) 	Elapsed: 147.195	Loglikelihood: -6.3549e+07	(delta): 5371.76
8 (QN/Block) 	Elapsed: 151.425	Loglikelihood: -6.35486e+07	(delta): 431.85
9 (QN/Block) 	Elapsed: 156.234	Loglikelihood: -6.35486e+07	(delta): 15.9435
10 (QN/Block) 	Elapsed: 161.085	Loglikelihood: -6.35486e+07	(delta): 0.90913
11 (QN/Block) 	Elapsed: 147.648	Loglikelihood: -6.35486e+07	(delta): 0.0747974
12 (QN/Block) 	Elapsed: 158.927	Loglikelihood: -6.35486e+07	(delta): 0.0124102
13 (QN/Block) 	Elapsed: 159.584	Loglikelihood: -6.35486e+07	(delta): 0.00026761
14 (QN/Block) 	Elapsed: 146.377	Loglikelihood: -6.35486e+07	(delta): 0.000128023
15 (QN/Block) 	Elapsed: 148.773	Loglikelihood: -6.35486e+07	(delta): -9.23872e-07
16 (QN/Block) 	Elapsed: 149.052	Loglikelihood: -6.35486e+07	(delta): 1.75834e-06
Summary: 
Converged in 16 iterations (2757.74 sec)
Loglikelihood: -63548563.772662
Fst divergences between estimated populations: 
	Pop0	
Pop0	
Pop1	0.786	
CV error (K=2): 0.08437
Writing output files.
