****                   ADMIXTURE Version 1.3.0                  ****
****                    Copyright 2008-2015                     ****
****           David Alexander, Suyash Shringarpure,            ****
****                John  Novembre, Ken Lange                   ****
****                                                            ****
****                 Please cite our paper!                     ****
****   Information at www.genetics.ucla.edu/software/admixture  ****

Cross-validation will be performed.  Folds=5.
Random seed: 1230
Point estimation method: Block relaxation algorithm
Convergence acceleration algorithm: QuasiNewton, 3 secant conditions
Point estimation will terminate when objective function delta < 0.0001
Estimation of standard errors disabled; will compute point estimates only.
Size of G: 3166x190081
Performing five EM steps to prime main algorithm
1 (EM) 	Elapsed: 46.52	Loglikelihood: -1.43967e+08	(delta): 8.42609e+08
2 (EM) 	Elapsed: 46.159	Loglikelihood: -1.39088e+08	(delta): 4.87894e+06
3 (EM) 	Elapsed: 46.018	Loglikelihood: -1.38034e+08	(delta): 1.05472e+06
4 (EM) 	Elapsed: 46.432	Loglikelihood: -1.37504e+08	(delta): 529120
5 (EM) 	Elapsed: 46.793	Loglikelihood: -1.37207e+08	(delta): 297100
Initial loglikelihood: -1.37207e+08
Starting main algorithm
1 (QN/Block) 	Elapsed: 140.76	Loglikelihood: -9.53873e+07	(delta): 4.182e+07
2 (QN/Block) 	Elapsed: 141.004	Loglikelihood: -6.9001e+07	(delta): 2.63863e+07
3 (QN/Block) 	Elapsed: 148.949	Loglikelihood: -6.53994e+07	(delta): 3.60164e+06
4 (QN/Block) 	Elapsed: 149.251	Loglikelihood: -6.37724e+07	(delta): 1.62691e+06
5 (QN/Block) 	Elapsed: 157.424	Loglikelihood: -6.35779e+07	(delta): 194531
6 (QN/Block) 	Elapsed: 161.545	Loglikelihood: -6.35538e+07	(delta): 24089.6
7 (QN/Block) 	Elapsed: 149.281	Loglikelihood: -6.3549e+07	(delta): 4817.29
8 (QN/Block) 	Elapsed: 153.523	Loglikelihood: -6.35486e+07	(delta): 428.259
9 (QN/Block) 	Elapsed: 149.552	Loglikelihood: -6.35486e+07	(delta): 14.2882
10 (QN/Block) 	Elapsed: 149.352	Loglikelihood: -6.35486e+07	(delta): 0.779884
11 (QN/Block) 	Elapsed: 149.36	Loglikelihood: -6.35486e+07	(delta): 0.0657836
12 (QN/Block) 	Elapsed: 161.364	Loglikelihood: -6.35486e+07	(delta): 0.015944
13 (QN/Block) 	Elapsed: 153.665	Loglikelihood: -6.35486e+07	(delta): 0.000348926
14 (QN/Block) 	Elapsed: 152.939	Loglikelihood: -6.35486e+07	(delta): 5.98803e-05
Summary: 
Converged in 14 iterations (2439.63 sec)
Loglikelihood: -63548563.519740
Fst divergences between estimated populations: 
	Pop0	
Pop0	
Pop1	0.786	
CV error (K=2): 0.08436
Writing output files.
