****                   ADMIXTURE Version 1.3.0                  ****
****                    Copyright 2008-2015                     ****
****           David Alexander, Suyash Shringarpure,            ****
****                John  Novembre, Ken Lange                   ****
****                                                            ****
****                 Please cite our paper!                     ****
****   Information at www.genetics.ucla.edu/software/admixture  ****

Cross-validation will be performed.  Folds=5.
Random seed: 1209
Point estimation method: Block relaxation algorithm
Convergence acceleration algorithm: QuasiNewton, 3 secant conditions
Point estimation will terminate when objective function delta < 0.0001
Estimation of standard errors disabled; will compute point estimates only.
Size of G: 3166x190081
Performing five EM steps to prime main algorithm
1 (EM) 	Elapsed: 46.823	Loglikelihood: -1.43974e+08	(delta): 8.42581e+08
2 (EM) 	Elapsed: 46.933	Loglikelihood: -1.39029e+08	(delta): 4.9457e+06
3 (EM) 	Elapsed: 46.79	Loglikelihood: -1.37953e+08	(delta): 1.07542e+06
4 (EM) 	Elapsed: 46.84	Loglikelihood: -1.37413e+08	(delta): 540482
5 (EM) 	Elapsed: 46.846	Loglikelihood: -1.37103e+08	(delta): 310003
Initial loglikelihood: -1.37103e+08
Starting main algorithm
1 (QN/Block) 	Elapsed: 140.539	Loglikelihood: -9.38909e+07	(delta): 4.32119e+07
2 (QN/Block) 	Elapsed: 141.247	Loglikelihood: -6.8825e+07	(delta): 2.50659e+07
3 (QN/Block) 	Elapsed: 149.849	Loglikelihood: -6.53361e+07	(delta): 3.48898e+06
4 (QN/Block) 	Elapsed: 148.954	Loglikelihood: -6.37577e+07	(delta): 1.57839e+06
5 (QN/Block) 	Elapsed: 161.968	Loglikelihood: -6.35709e+07	(delta): 186810
6 (QN/Block) 	Elapsed: 162.445	Loglikelihood: -6.3553e+07	(delta): 17859.9
7 (QN/Block) 	Elapsed: 149.195	Loglikelihood: -6.35489e+07	(delta): 4100.64
8 (QN/Block) 	Elapsed: 161.651	Loglikelihood: -6.35486e+07	(delta): 319.895
9 (QN/Block) 	Elapsed: 149.612	Loglikelihood: -6.35486e+07	(delta): 8.43803
10 (QN/Block) 	Elapsed: 149.096	Loglikelihood: -6.35486e+07	(delta): 0.708337
11 (QN/Block) 	Elapsed: 149.478	Loglikelihood: -6.35486e+07	(delta): 0.0657462
12 (QN/Block) 	Elapsed: 149.782	Loglikelihood: -6.35486e+07	(delta): 0.0105467
13 (QN/Block) 	Elapsed: 139.669	Loglikelihood: -6.35486e+07	(delta): 0.000202917
14 (QN/Block) 	Elapsed: 137.177	Loglikelihood: -6.35486e+07	(delta): 3.59043e-05
Summary: 
Converged in 14 iterations (2414.49 sec)
Loglikelihood: -63548562.610836
Fst divergences between estimated populations: 
	Pop0	
Pop0	
Pop1	0.786	
CV error (K=2): 0.08436
Writing output files.
