****                   ADMIXTURE Version 1.3.0                  ****
****                    Copyright 2008-2015                     ****
****           David Alexander, Suyash Shringarpure,            ****
****                John  Novembre, Ken Lange                   ****
****                                                            ****
****                 Please cite our paper!                     ****
****   Information at www.genetics.ucla.edu/software/admixture  ****

Cross-validation will be performed.  Folds=5.
Random seed: 1236
Point estimation method: Block relaxation algorithm
Convergence acceleration algorithm: QuasiNewton, 3 secant conditions
Point estimation will terminate when objective function delta < 0.0001
Estimation of standard errors disabled; will compute point estimates only.
Size of G: 3166x190081
Performing five EM steps to prime main algorithm
1 (EM) 	Elapsed: 45.949	Loglikelihood: -1.43801e+08	(delta): 8.43892e+08
2 (EM) 	Elapsed: 45.737	Loglikelihood: -1.38999e+08	(delta): 4.80151e+06
3 (EM) 	Elapsed: 45.84	Loglikelihood: -1.37955e+08	(delta): 1.04406e+06
4 (EM) 	Elapsed: 45.894	Loglikelihood: -1.37435e+08	(delta): 519923
5 (EM) 	Elapsed: 46.068	Loglikelihood: -1.37151e+08	(delta): 283846
Initial loglikelihood: -1.37151e+08
Starting main algorithm
1 (QN/Block) 	Elapsed: 139.56	Loglikelihood: -9.5287e+07	(delta): 4.18642e+07
2 (QN/Block) 	Elapsed: 139.263	Loglikelihood: -6.91179e+07	(delta): 2.61691e+07
3 (QN/Block) 	Elapsed: 146.083	Loglikelihood: -6.54681e+07	(delta): 3.6498e+06
4 (QN/Block) 	Elapsed: 151.054	Loglikelihood: -6.38778e+07	(delta): 1.59039e+06
5 (QN/Block) 	Elapsed: 147.271	Loglikelihood: -6.36578e+07	(delta): 219923
6 (QN/Block) 	Elapsed: 155.467	Loglikelihood: -6.356e+07	(delta): 97796
7 (QN/Block) 	Elapsed: 147.504	Loglikelihood: -6.35502e+07	(delta): 9873.56
8 (QN/Block) 	Elapsed: 147.565	Loglikelihood: -6.35487e+07	(delta): 1467.98
9 (QN/Block) 	Elapsed: 160.018	Loglikelihood: -6.35486e+07	(delta): 130.559
10 (QN/Block) 	Elapsed: 147.545	Loglikelihood: -6.35486e+07	(delta): 2.85576
11 (QN/Block) 	Elapsed: 147.875	Loglikelihood: -6.35486e+07	(delta): 0.26298
12 (QN/Block) 	Elapsed: 147.383	Loglikelihood: -6.35486e+07	(delta): 0.0388855
13 (QN/Block) 	Elapsed: 160.05	Loglikelihood: -6.35486e+07	(delta): 0.00231735
14 (QN/Block) 	Elapsed: 158.645	Loglikelihood: -6.35486e+07	(delta): 9.9808e-05
Summary: 
Converged in 14 iterations (2414.45 sec)
Loglikelihood: -63548562.603302
Fst divergences between estimated populations: 
	Pop0	
Pop0	
Pop1	0.786	
CV error (K=2): 0.08437
Writing output files.
