****                   ADMIXTURE Version 1.3.0                  ****
****                    Copyright 2008-2015                     ****
****           David Alexander, Suyash Shringarpure,            ****
****                John  Novembre, Ken Lange                   ****
****                                                            ****
****                 Please cite our paper!                     ****
****   Information at www.genetics.ucla.edu/software/admixture  ****

Cross-validation will be performed.  Folds=5.
Random seed: 1217
Point estimation method: Block relaxation algorithm
Convergence acceleration algorithm: QuasiNewton, 3 secant conditions
Point estimation will terminate when objective function delta < 0.0001
Estimation of standard errors disabled; will compute point estimates only.
Size of G: 3166x190081
Performing five EM steps to prime main algorithm
1 (EM) 	Elapsed: 46.627	Loglikelihood: -1.43717e+08	(delta): 8.46339e+08
2 (EM) 	Elapsed: 45.165	Loglikelihood: -1.38951e+08	(delta): 4.76662e+06
3 (EM) 	Elapsed: 46.631	Loglikelihood: -1.37908e+08	(delta): 1.04234e+06
4 (EM) 	Elapsed: 46.984	Loglikelihood: -1.37394e+08	(delta): 514353
5 (EM) 	Elapsed: 46.833	Loglikelihood: -1.37113e+08	(delta): 280825
Initial loglikelihood: -1.37113e+08
Starting main algorithm
1 (QN/Block) 	Elapsed: 127.494	Loglikelihood: -9.47081e+07	(delta): 4.2405e+07
2 (QN/Block) 	Elapsed: 146.272	Loglikelihood: -6.89029e+07	(delta): 2.58052e+07
3 (QN/Block) 	Elapsed: 147.518	Loglikelihood: -6.53433e+07	(delta): 3.55965e+06
4 (QN/Block) 	Elapsed: 147.148	Loglikelihood: -6.37564e+07	(delta): 1.58689e+06
5 (QN/Block) 	Elapsed: 159.778	Loglikelihood: -6.35765e+07	(delta): 179893
6 (QN/Block) 	Elapsed: 169.864	Loglikelihood: -6.35534e+07	(delta): 23107.4
7 (QN/Block) 	Elapsed: 141.665	Loglikelihood: -6.3549e+07	(delta): 4440.23
8 (QN/Block) 	Elapsed: 149.779	Loglikelihood: -6.35486e+07	(delta): 383.647
9 (QN/Block) 	Elapsed: 133.528	Loglikelihood: -6.35486e+07	(delta): 11.1939
10 (QN/Block) 	Elapsed: 148.237	Loglikelihood: -6.35486e+07	(delta): 0.846372
11 (QN/Block) 	Elapsed: 152.176	Loglikelihood: -6.35486e+07	(delta): 0.072961
12 (QN/Block) 	Elapsed: 166.677	Loglikelihood: -6.35486e+07	(delta): 0.0165254
13 (QN/Block) 	Elapsed: 165.143	Loglikelihood: -6.35486e+07	(delta): 0.000420295
14 (QN/Block) 	Elapsed: 156.836	Loglikelihood: -6.35486e+07	(delta): 6.91116e-05
Summary: 
Converged in 14 iterations (2434.07 sec)
Loglikelihood: -63548565.417847
Fst divergences between estimated populations: 
	Pop0	
Pop0	
Pop1	0.786	
CV error (K=2): 0.08437
Writing output files.
