****                   ADMIXTURE Version 1.3.0                  ****
****                    Copyright 2008-2015                     ****
****           David Alexander, Suyash Shringarpure,            ****
****                John  Novembre, Ken Lange                   ****
****                                                            ****
****                 Please cite our paper!                     ****
****   Information at www.genetics.ucla.edu/software/admixture  ****

Cross-validation will be performed.  Folds=5.
Random seed: 1250
Point estimation method: Block relaxation algorithm
Convergence acceleration algorithm: QuasiNewton, 3 secant conditions
Point estimation will terminate when objective function delta < 0.0001
Estimation of standard errors disabled; will compute point estimates only.
Size of G: 3166x190081
Performing five EM steps to prime main algorithm
1 (EM) 	Elapsed: 46.145	Loglikelihood: -1.43865e+08	(delta): 8.4278e+08
2 (EM) 	Elapsed: 45.293	Loglikelihood: -1.39019e+08	(delta): 4.84538e+06
3 (EM) 	Elapsed: 45.818	Loglikelihood: -1.37972e+08	(delta): 1.04733e+06
4 (EM) 	Elapsed: 46.131	Loglikelihood: -1.37459e+08	(delta): 513437
5 (EM) 	Elapsed: 44.928	Loglikelihood: -1.37185e+08	(delta): 273622
Initial loglikelihood: -1.37185e+08
Starting main algorithm
1 (QN/Block) 	Elapsed: 138.053	Loglikelihood: -9.59271e+07	(delta): 4.12578e+07
2 (QN/Block) 	Elapsed: 138.538	Loglikelihood: -6.90789e+07	(delta): 2.68482e+07
3 (QN/Block) 	Elapsed: 146.22	Loglikelihood: -6.54378e+07	(delta): 3.64109e+06
4 (QN/Block) 	Elapsed: 148.978	Loglikelihood: -6.37851e+07	(delta): 1.65272e+06
5 (QN/Block) 	Elapsed: 150.338	Loglikelihood: -6.35792e+07	(delta): 205893
6 (QN/Block) 	Elapsed: 146.718	Loglikelihood: -6.35542e+07	(delta): 24933.6
7 (QN/Block) 	Elapsed: 139.389	Loglikelihood: -6.35491e+07	(delta): 5161.77
8 (QN/Block) 	Elapsed: 146.08	Loglikelihood: -6.35486e+07	(delta): 444.509
9 (QN/Block) 	Elapsed: 141.435	Loglikelihood: -6.35486e+07	(delta): 13.9216
10 (QN/Block) 	Elapsed: 140.012	Loglikelihood: -6.35486e+07	(delta): 0.836181
11 (QN/Block) 	Elapsed: 142.693	Loglikelihood: -6.35486e+07	(delta): 0.0707223
12 (QN/Block) 	Elapsed: 156.033	Loglikelihood: -6.35486e+07	(delta): 0.0112378
13 (QN/Block) 	Elapsed: 148.839	Loglikelihood: -6.35486e+07	(delta): 0.000275575
14 (QN/Block) 	Elapsed: 149.403	Loglikelihood: -6.35486e+07	(delta): 6.38217e-05
Summary: 
Converged in 14 iterations (2350.97 sec)
Loglikelihood: -63548605.683517
Fst divergences between estimated populations: 
	Pop0	
Pop0	
Pop1	0.786	
CV error (K=2): 0.08439
Writing output files.
