****                   ADMIXTURE Version 1.3.0                  ****
****                    Copyright 2008-2015                     ****
****           David Alexander, Suyash Shringarpure,            ****
****                John  Novembre, Ken Lange                   ****
****                                                            ****
****                 Please cite our paper!                     ****
****   Information at www.genetics.ucla.edu/software/admixture  ****

Cross-validation will be performed.  Folds=5.
Random seed: 1251
Point estimation method: Block relaxation algorithm
Convergence acceleration algorithm: QuasiNewton, 3 secant conditions
Point estimation will terminate when objective function delta < 0.0001
Estimation of standard errors disabled; will compute point estimates only.
Size of G: 3166x190081
Performing five EM steps to prime main algorithm
1 (EM) 	Elapsed: 45.447	Loglikelihood: -1.4391e+08	(delta): 8.43172e+08
2 (EM) 	Elapsed: 45.7	Loglikelihood: -1.39053e+08	(delta): 4.85778e+06
3 (EM) 	Elapsed: 46.196	Loglikelihood: -1.38016e+08	(delta): 1.03623e+06
4 (EM) 	Elapsed: 45.755	Loglikelihood: -1.37503e+08	(delta): 513622
5 (EM) 	Elapsed: 46.083	Loglikelihood: -1.37225e+08	(delta): 277828
Initial loglikelihood: -1.37225e+08
Starting main algorithm
1 (QN/Block) 	Elapsed: 139.874	Loglikelihood: -9.64252e+07	(delta): 4.07997e+07
2 (QN/Block) 	Elapsed: 139.308	Loglikelihood: -6.9112e+07	(delta): 2.73132e+07
3 (QN/Block) 	Elapsed: 146.576	Loglikelihood: -6.54651e+07	(delta): 3.6469e+06
4 (QN/Block) 	Elapsed: 146.896	Loglikelihood: -6.38486e+07	(delta): 1.6165e+06
5 (QN/Block) 	Elapsed: 148.777	Loglikelihood: -6.35679e+07	(delta): 280776
6 (QN/Block) 	Elapsed: 138.847	Loglikelihood: -6.35521e+07	(delta): 15718.8
7 (QN/Block) 	Elapsed: 129.297	Loglikelihood: -6.3549e+07	(delta): 3175
8 (QN/Block) 	Elapsed: 143.202	Loglikelihood: -6.35486e+07	(delta): 382.949
9 (QN/Block) 	Elapsed: 159.072	Loglikelihood: -6.35486e+07	(delta): 17.0273
10 (QN/Block) 	Elapsed: 147.219	Loglikelihood: -6.35486e+07	(delta): 0.861223
11 (QN/Block) 	Elapsed: 145.445	Loglikelihood: -6.35486e+07	(delta): 0.0647664
12 (QN/Block) 	Elapsed: 155.105	Loglikelihood: -6.35486e+07	(delta): 0.0119708
13 (QN/Block) 	Elapsed: 159.246	Loglikelihood: -6.35486e+07	(delta): 0.000145115
14 (QN/Block) 	Elapsed: 146.768	Loglikelihood: -6.35486e+07	(delta): 5.18337e-05
Summary: 
Converged in 14 iterations (2364.46 sec)
Loglikelihood: -63548560.770123
Fst divergences between estimated populations: 
	Pop0	
Pop0	
Pop1	0.786	
