****                   ADMIXTURE Version 1.3.0                  ****
****                    Copyright 2008-2015                     ****
****           David Alexander, Suyash Shringarpure,            ****
****                John  Novembre, Ken Lange                   ****
****                                                            ****
****                 Please cite our paper!                     ****
****   Information at www.genetics.ucla.edu/software/admixture  ****

Cross-validation will be performed.  Folds=5.
Random seed: 1204
Point estimation method: Block relaxation algorithm
Convergence acceleration algorithm: QuasiNewton, 3 secant conditions
Point estimation will terminate when objective function delta < 0.0001
Estimation of standard errors disabled; will compute point estimates only.
Size of G: 1762x190081
Performing five EM steps to prime main algorithm
1 (EM) 	Elapsed: 24.942	Loglikelihood: -3.84078e+07	(delta): 5.12265e+08
2 (EM) 	Elapsed: 24.69	Loglikelihood: -3.69848e+07	(delta): 1.42302e+06
3 (EM) 	Elapsed: 24.785	Loglikelihood: -3.67134e+07	(delta): 271355
4 (EM) 	Elapsed: 24.735	Loglikelihood: -3.65822e+07	(delta): 131243
5 (EM) 	Elapsed: 24.56	Loglikelihood: -3.65166e+07	(delta): 65628.3
Initial loglikelihood: -3.65166e+07
Starting main algorithm
1 (QN/Block) 	Elapsed: 65.226	Loglikelihood: -3.43142e+07	(delta): 2.20235e+06
2 (QN/Block) 	Elapsed: 64.946	Loglikelihood: -3.33826e+07	(delta): 931565
3 (QN/Block) 	Elapsed: 69.504	Loglikelihood: -3.26713e+07	(delta): 711312
4 (QN/Block) 	Elapsed: 73.693	Loglikelihood: -3.2209e+07	(delta): 462352
5 (QN/Block) 	Elapsed: 70.692	Loglikelihood: -3.18212e+07	(delta): 387815
6 (QN/Block) 	Elapsed: 64.247	Loglikelihood: -3.15677e+07	(delta): 253443
7 (QN/Block) 	Elapsed: 70.99	Loglikelihood: -3.11894e+07	(delta): 378313
8 (QN/Block) 	Elapsed: 70.296	Loglikelihood: -3.10175e+07	(delta): 171892
9 (QN/Block) 	Elapsed: 70.976	Loglikelihood: -3.0948e+07	(delta): 69478.9
10 (QN/Block) 	Elapsed: 69.042	Loglikelihood: -3.09346e+07	(delta): 13391.1
11 (QN/Block) 	Elapsed: 69.105	Loglikelihood: -3.09309e+07	(delta): 3712.95
12 (QN/Block) 	Elapsed: 69.372	Loglikelihood: -3.09298e+07	(delta): 1117.13
13 (QN/Block) 	Elapsed: 71.324	Loglikelihood: -3.09295e+07	(delta): 295.494
14 (QN/Block) 	Elapsed: 75.797	Loglikelihood: -3.09295e+07	(delta): 30.0364
15 (QN/Block) 	Elapsed: 71.399	Loglikelihood: -3.09295e+07	(delta): 3.17413
16 (QN/Block) 	Elapsed: 73.545	Loglikelihood: -3.09295e+07	(delta): 0.0143549
17 (QN/Block) 	Elapsed: 68.887	Loglikelihood: -3.09295e+07	(delta): 0.001661
18 (QN/Block) 	Elapsed: 68.925	Loglikelihood: -3.09295e+07	(delta): 0.000613395
19 (QN/Block) 	Elapsed: 69.339	Loglikelihood: -3.09295e+07	(delta): 4.04976e-05
Summary: 
Converged in 19 iterations (1512.35 sec)
Loglikelihood: -30929482.480300
Fst divergences between estimated populations: 
	Pop0	
Pop0	
Pop1	0.330	
CV error (K=2): 0.07278
Writing output files.
