****                   ADMIXTURE Version 1.3.0                  ****
****                    Copyright 2008-2015                     ****
****           David Alexander, Suyash Shringarpure,            ****
****                John  Novembre, Ken Lange                   ****
****                                                            ****
****                 Please cite our paper!                     ****
****   Information at www.genetics.ucla.edu/software/admixture  ****

Cross-validation will be performed.  Folds=5.
Random seed: 1203
Point estimation method: Block relaxation algorithm
Convergence acceleration algorithm: QuasiNewton, 3 secant conditions
Point estimation will terminate when objective function delta < 0.0001
Estimation of standard errors disabled; will compute point estimates only.
Size of G: 1762x190081
Performing five EM steps to prime main algorithm
1 (EM) 	Elapsed: 25.173	Loglikelihood: -3.84069e+07	(delta): 5.10272e+08
2 (EM) 	Elapsed: 24.995	Loglikelihood: -3.69888e+07	(delta): 1.41814e+06
3 (EM) 	Elapsed: 24.901	Loglikelihood: -3.67136e+07	(delta): 275147
4 (EM) 	Elapsed: 30.876	Loglikelihood: -3.65765e+07	(delta): 137165
5 (EM) 	Elapsed: 36.59	Loglikelihood: -3.65056e+07	(delta): 70880.5
Initial loglikelihood: -3.65056e+07
Starting main algorithm
1 (QN/Block) 	Elapsed: 89.267	Loglikelihood: -3.39216e+07	(delta): 2.58401e+06
2 (QN/Block) 	Elapsed: 89.972	Loglikelihood: -3.21783e+07	(delta): 1.7433e+06
3 (QN/Block) 	Elapsed: 97.167	Loglikelihood: -3.14518e+07	(delta): 726501
4 (QN/Block) 	Elapsed: 111.516	Loglikelihood: -3.10894e+07	(delta): 362358
5 (QN/Block) 	Elapsed: 106.213	Loglikelihood: -3.09431e+07	(delta): 146309
6 (QN/Block) 	Elapsed: 112.455	Loglikelihood: -3.09314e+07	(delta): 11758.5
7 (QN/Block) 	Elapsed: 111.837	Loglikelihood: -3.09297e+07	(delta): 1665.96
8 (QN/Block) 	Elapsed: 103.506	Loglikelihood: -3.09295e+07	(delta): 193.294
9 (QN/Block) 	Elapsed: 98.862	Loglikelihood: -3.09295e+07	(delta): 14.6773
10 (QN/Block) 	Elapsed: 98.15	Loglikelihood: -3.09295e+07	(delta): 1.23046
11 (QN/Block) 	Elapsed: 106.175	Loglikelihood: -3.09295e+07	(delta): 0.197746
12 (QN/Block) 	Elapsed: 110.265	Loglikelihood: -3.09295e+07	(delta): 0.00335472
13 (QN/Block) 	Elapsed: 106.048	Loglikelihood: -3.09295e+07	(delta): 0.000549484
14 (QN/Block) 	Elapsed: 95.899	Loglikelihood: -3.09295e+07	(delta): 8.93287e-05
Summary: 
Converged in 14 iterations (1664.71 sec)
Loglikelihood: -30929482.477763
Fst divergences between estimated populations: 
	Pop0	
Pop0	
Pop1	0.330	
CV error (K=2): 0.07278
Writing output files.
