****                   ADMIXTURE Version 1.3.0                  ****
****                    Copyright 2008-2015                     ****
****           David Alexander, Suyash Shringarpure,            ****
****                John  Novembre, Ken Lange                   ****
****                                                            ****
****                 Please cite our paper!                     ****
****   Information at www.genetics.ucla.edu/software/admixture  ****

Cross-validation will be performed.  Folds=5.
Random seed: 1230
Point estimation method: Block relaxation algorithm
Convergence acceleration algorithm: QuasiNewton, 3 secant conditions
Point estimation will terminate when objective function delta < 0.0001
Estimation of standard errors disabled; will compute point estimates only.
Size of G: 1762x190081
Performing five EM steps to prime main algorithm
1 (EM) 	Elapsed: 27.207	Loglikelihood: -3.84471e+07	(delta): 5.11309e+08
2 (EM) 	Elapsed: 24.058	Loglikelihood: -3.7005e+07	(delta): 1.44209e+06
3 (EM) 	Elapsed: 24.067	Loglikelihood: -3.67362e+07	(delta): 268809
4 (EM) 	Elapsed: 24.296	Loglikelihood: -3.66016e+07	(delta): 134541
5 (EM) 	Elapsed: 23.966	Loglikelihood: -3.65311e+07	(delta): 70591.2
Initial loglikelihood: -3.65311e+07
Starting main algorithm
1 (QN/Block) 	Elapsed: 64.975	Loglikelihood: -3.51075e+07	(delta): 1.42353e+06
2 (QN/Block) 	Elapsed: 65.096	Loglikelihood: -3.37962e+07	(delta): 1.31133e+06
3 (QN/Block) 	Elapsed: 69.619	Loglikelihood: -3.28682e+07	(delta): 927974
4 (QN/Block) 	Elapsed: 75.94	Loglikelihood: -3.20101e+07	(delta): 858169
5 (QN/Block) 	Elapsed: 73.358	Loglikelihood: -3.11517e+07	(delta): 858339
6 (QN/Block) 	Elapsed: 75.765	Loglikelihood: -3.10089e+07	(delta): 142772
7 (QN/Block) 	Elapsed: 68.619	Loglikelihood: -3.09587e+07	(delta): 50254.7
8 (QN/Block) 	Elapsed: 68.775	Loglikelihood: -3.09338e+07	(delta): 24904.7
9 (QN/Block) 	Elapsed: 68.627	Loglikelihood: -3.09297e+07	(delta): 4079.17
10 (QN/Block) 	Elapsed: 68.616	Loglikelihood: -3.09295e+07	(delta): 208.614
11 (QN/Block) 	Elapsed: 73.172	Loglikelihood: -3.09295e+07	(delta): 12.0439
12 (QN/Block) 	Elapsed: 73.09	Loglikelihood: -3.09295e+07	(delta): 1.38055
13 (QN/Block) 	Elapsed: 70.094	Loglikelihood: -3.09295e+07	(delta): 0.00510555
14 (QN/Block) 	Elapsed: 66.878	Loglikelihood: -3.09295e+07	(delta): 0.000229985
15 (QN/Block) 	Elapsed: 67.329	Loglikelihood: -3.09295e+07	(delta): 2.39573e-05
Summary: 
Converged in 15 iterations (1227.95 sec)
Loglikelihood: -30929482.737759
Fst divergences between estimated populations: 
	Pop0	
Pop0	
Pop1	0.330	
CV error (K=2): 0.07276
Writing output files.
