****                   ADMIXTURE Version 1.3.0                  ****
****                    Copyright 2008-2015                     ****
****           David Alexander, Suyash Shringarpure,            ****
****                John  Novembre, Ken Lange                   ****
****                                                            ****
****                 Please cite our paper!                     ****
****   Information at www.genetics.ucla.edu/software/admixture  ****

Cross-validation will be performed.  Folds=5.
Random seed: 1218
Point estimation method: Block relaxation algorithm
Convergence acceleration algorithm: QuasiNewton, 3 secant conditions
Point estimation will terminate when objective function delta < 0.0001
Estimation of standard errors disabled; will compute point estimates only.
Size of G: 1762x190081
Performing five EM steps to prime main algorithm
1 (EM) 	Elapsed: 24.975	Loglikelihood: -3.83687e+07	(delta): 5.13688e+08
2 (EM) 	Elapsed: 24.821	Loglikelihood: -3.69777e+07	(delta): 1.39093e+06
3 (EM) 	Elapsed: 24.781	Loglikelihood: -3.6703e+07	(delta): 274728
4 (EM) 	Elapsed: 24.738	Loglikelihood: -3.65729e+07	(delta): 130107
5 (EM) 	Elapsed: 24.748	Loglikelihood: -3.65098e+07	(delta): 63129.9
Initial loglikelihood: -3.65098e+07
Starting main algorithm
1 (QN/Block) 	Elapsed: 65.613	Loglikelihood: -3.38218e+07	(delta): 2.68796e+06
2 (QN/Block) 	Elapsed: 67.732	Loglikelihood: -3.25746e+07	(delta): 1.24722e+06
3 (QN/Block) 	Elapsed: 69.364	Loglikelihood: -3.18993e+07	(delta): 675257
4 (QN/Block) 	Elapsed: 79.055	Loglikelihood: -3.13216e+07	(delta): 577713
5 (QN/Block) 	Elapsed: 75.288	Loglikelihood: -3.10261e+07	(delta): 295549
6 (QN/Block) 	Elapsed: 78.586	Loglikelihood: -3.09673e+07	(delta): 58798
7 (QN/Block) 	Elapsed: 75.668	Loglikelihood: -3.09383e+07	(delta): 29000.9
8 (QN/Block) 	Elapsed: 72.51	Loglikelihood: -3.09311e+07	(delta): 7199.24
9 (QN/Block) 	Elapsed: 68.776	Loglikelihood: -3.09296e+07	(delta): 1430.52
10 (QN/Block) 	Elapsed: 71.301	Loglikelihood: -3.09295e+07	(delta): 158.119
11 (QN/Block) 	Elapsed: 71.356	Loglikelihood: -3.09295e+07	(delta): 3.69551
12 (QN/Block) 	Elapsed: 69.075	Loglikelihood: -3.09295e+07	(delta): 0.0561112
13 (QN/Block) 	Elapsed: 70.798	Loglikelihood: -3.09295e+07	(delta): 0.00299361
14 (QN/Block) 	Elapsed: 70.223	Loglikelihood: -3.09295e+07	(delta): 0.00025795
15 (QN/Block) 	Elapsed: 68.778	Loglikelihood: -3.09295e+07	(delta): 0.000115607
16 (QN/Block) 	Elapsed: 70.973	Loglikelihood: -3.09295e+07	(delta): 7.93487e-07
Summary: 
Converged in 16 iterations (1323.65 sec)
Loglikelihood: -30929482.497454
Fst divergences between estimated populations: 
	Pop0	
Pop0	
Pop1	0.330	
CV error (K=2): 0.07279
Writing output files.
