****                   ADMIXTURE Version 1.3.0                  ****
****                    Copyright 2008-2015                     ****
****           David Alexander, Suyash Shringarpure,            ****
****                John  Novembre, Ken Lange                   ****
****                                                            ****
****                 Please cite our paper!                     ****
****   Information at www.genetics.ucla.edu/software/admixture  ****

Cross-validation will be performed.  Folds=5.
Random seed: 1210
Point estimation method: Block relaxation algorithm
Convergence acceleration algorithm: QuasiNewton, 3 secant conditions
Point estimation will terminate when objective function delta < 0.0001
Estimation of standard errors disabled; will compute point estimates only.
Size of G: 1762x190081
Performing five EM steps to prime main algorithm
1 (EM) 	Elapsed: 24.99	Loglikelihood: -3.83072e+07	(delta): 5.12771e+08
2 (EM) 	Elapsed: 24.821	Loglikelihood: -3.69716e+07	(delta): 1.33558e+06
3 (EM) 	Elapsed: 25.026	Loglikelihood: -3.67027e+07	(delta): 268910
4 (EM) 	Elapsed: 24.979	Loglikelihood: -3.65734e+07	(delta): 129304
5 (EM) 	Elapsed: 24.806	Loglikelihood: -3.65106e+07	(delta): 62788
Initial loglikelihood: -3.65106e+07
Starting main algorithm
1 (QN/Block) 	Elapsed: 66.147	Loglikelihood: -3.40453e+07	(delta): 2.4653e+06
2 (QN/Block) 	Elapsed: 65.921	Loglikelihood: -3.28851e+07	(delta): 1.16015e+06
3 (QN/Block) 	Elapsed: 70.616	Loglikelihood: -3.20555e+07	(delta): 829593
4 (QN/Block) 	Elapsed: 77.118	Loglikelihood: -3.16347e+07	(delta): 420854
5 (QN/Block) 	Elapsed: 74.945	Loglikelihood: -3.13689e+07	(delta): 265744
6 (QN/Block) 	Elapsed: 76.823	Loglikelihood: -3.13e+07	(delta): 68996.7
7 (QN/Block) 	Elapsed: 70.443	Loglikelihood: -3.12706e+07	(delta): 29346.4
8 (QN/Block) 	Elapsed: 69.817	Loglikelihood: -3.1252e+07	(delta): 18644.4
9 (QN/Block) 	Elapsed: 74.14	Loglikelihood: -3.1046e+07	(delta): 206005
10 (QN/Block) 	Elapsed: 70.073	Loglikelihood: -3.09567e+07	(delta): 89293.8
11 (QN/Block) 	Elapsed: 69.701	Loglikelihood: -3.09366e+07	(delta): 20055
12 (QN/Block) 	Elapsed: 69.475	Loglikelihood: -3.09314e+07	(delta): 5240.23
13 (QN/Block) 	Elapsed: 69.633	Loglikelihood: -3.09296e+07	(delta): 1812.55
14 (QN/Block) 	Elapsed: 69.466	Loglikelihood: -3.09295e+07	(delta): 70.2964
15 (QN/Block) 	Elapsed: 71.549	Loglikelihood: -3.09295e+07	(delta): 1.54618
16 (QN/Block) 	Elapsed: 69.444	Loglikelihood: -3.09295e+07	(delta): 0.0377802
17 (QN/Block) 	Elapsed: 69.473	Loglikelihood: -3.09295e+07	(delta): 0.00220013
18 (QN/Block) 	Elapsed: 69.708	Loglikelihood: -3.09295e+07	(delta): 0.000229847
19 (QN/Block) 	Elapsed: 69.566	Loglikelihood: -3.09295e+07	(delta): 5.91986e-05
Summary: 
Converged in 19 iterations (1530.03 sec)
Loglikelihood: -30929482.480231
Fst divergences between estimated populations: 
	Pop0	
Pop0	
Pop1	0.330	
CV error (K=2): 0.07278
Writing output files.
