****                   ADMIXTURE Version 1.3.0                  ****
****                    Copyright 2008-2015                     ****
****           David Alexander, Suyash Shringarpure,            ****
****                John  Novembre, Ken Lange                   ****
****                                                            ****
****                 Please cite our paper!                     ****
****   Information at www.genetics.ucla.edu/software/admixture  ****

Cross-validation will be performed.  Folds=5.
Random seed: 1231
Point estimation method: Block relaxation algorithm
Convergence acceleration algorithm: QuasiNewton, 3 secant conditions
Point estimation will terminate when objective function delta < 0.0001
Estimation of standard errors disabled; will compute point estimates only.
Size of G: 1762x190081
Performing five EM steps to prime main algorithm
1 (EM) 	Elapsed: 24.387	Loglikelihood: -3.83949e+07	(delta): 5.12401e+08
2 (EM) 	Elapsed: 24.191	Loglikelihood: -3.69983e+07	(delta): 1.39665e+06
3 (EM) 	Elapsed: 24.169	Loglikelihood: -3.67278e+07	(delta): 270462
4 (EM) 	Elapsed: 24.216	Loglikelihood: -3.65926e+07	(delta): 135156
5 (EM) 	Elapsed: 24.32	Loglikelihood: -3.65235e+07	(delta): 69158.3
Initial loglikelihood: -3.65235e+07
Starting main algorithm
1 (QN/Block) 	Elapsed: 65.21	Loglikelihood: -3.46065e+07	(delta): 1.91699e+06
2 (QN/Block) 	Elapsed: 64.965	Loglikelihood: -3.34577e+07	(delta): 1.14876e+06
3 (QN/Block) 	Elapsed: 69.414	Loglikelihood: -3.27706e+07	(delta): 687133
4 (QN/Block) 	Elapsed: 76.255	Loglikelihood: -3.25015e+07	(delta): 269112
5 (QN/Block) 	Elapsed: 76.029	Loglikelihood: -3.22356e+07	(delta): 265933
6 (QN/Block) 	Elapsed: 75.585	Loglikelihood: -3.12636e+07	(delta): 971942
7 (QN/Block) 	Elapsed: 75.811	Loglikelihood: -3.10119e+07	(delta): 251755
8 (QN/Block) 	Elapsed: 68.53	Loglikelihood: -3.09598e+07	(delta): 52078.9
9 (QN/Block) 	Elapsed: 68.701	Loglikelihood: -3.09344e+07	(delta): 25388.1
10 (QN/Block) 	Elapsed: 68.812	Loglikelihood: -3.09305e+07	(delta): 3928.49
11 (QN/Block) 	Elapsed: 72.788	Loglikelihood: -3.09295e+07	(delta): 939.869
12 (QN/Block) 	Elapsed: 70.284	Loglikelihood: -3.09295e+07	(delta): 39.9774
13 (QN/Block) 	Elapsed: 67.633	Loglikelihood: -3.09295e+07	(delta): 1.6332
14 (QN/Block) 	Elapsed: 75.068	Loglikelihood: -3.09295e+07	(delta): 1.10097
15 (QN/Block) 	Elapsed: 74.742	Loglikelihood: -3.09295e+07	(delta): 0.4184
16 (QN/Block) 	Elapsed: 74.824	Loglikelihood: -3.09295e+07	(delta): 0.00288834
17 (QN/Block) 	Elapsed: 75.224	Loglikelihood: -3.09295e+07	(delta): 3.82401e-05
Summary: 
Converged in 17 iterations (1397.83 sec)
Loglikelihood: -30929482.477756
Fst divergences between estimated populations: 
	Pop0	
Pop0	
Pop1	0.330	
CV error (K=2): 0.07279
Writing output files.
