****                   ADMIXTURE Version 1.3.0                  ****
****                    Copyright 2008-2015                     ****
****           David Alexander, Suyash Shringarpure,            ****
****                John  Novembre, Ken Lange                   ****
****                                                            ****
****                 Please cite our paper!                     ****
****   Information at www.genetics.ucla.edu/software/admixture  ****

Cross-validation will be performed.  Folds=5.
Random seed: 1212
Point estimation method: Block relaxation algorithm
Convergence acceleration algorithm: QuasiNewton, 3 secant conditions
Point estimation will terminate when objective function delta < 0.0001
Estimation of standard errors disabled; will compute point estimates only.
Size of G: 1762x190081
Performing five EM steps to prime main algorithm
1 (EM) 	Elapsed: 24.838	Loglikelihood: -3.83844e+07	(delta): 5.129e+08
2 (EM) 	Elapsed: 24.676	Loglikelihood: -3.69896e+07	(delta): 1.39477e+06
3 (EM) 	Elapsed: 24.675	Loglikelihood: -3.67212e+07	(delta): 268456
4 (EM) 	Elapsed: 24.639	Loglikelihood: -3.65894e+07	(delta): 131824
5 (EM) 	Elapsed: 24.627	Loglikelihood: -3.65221e+07	(delta): 67274.2
Initial loglikelihood: -3.65221e+07
Starting main algorithm
1 (QN/Block) 	Elapsed: 65.026	Loglikelihood: -3.49976e+07	(delta): 1.52446e+06
2 (QN/Block) 	Elapsed: 64.545	Loglikelihood: -3.38136e+07	(delta): 1.18406e+06
3 (QN/Block) 	Elapsed: 65.621	Loglikelihood: -3.30307e+07	(delta): 782876
4 (QN/Block) 	Elapsed: 64.803	Loglikelihood: -3.22012e+07	(delta): 829447
5 (QN/Block) 	Elapsed: 62.027	Loglikelihood: -3.14705e+07	(delta): 730694
6 (QN/Block) 	Elapsed: 73.073	Loglikelihood: -3.13193e+07	(delta): 151220
7 (QN/Block) 	Elapsed: 71.234	Loglikelihood: -3.12759e+07	(delta): 43440
8 (QN/Block) 	Elapsed: 69.08	Loglikelihood: -3.12503e+07	(delta): 25625.4
9 (QN/Block) 	Elapsed: 68.77	Loglikelihood: -3.12316e+07	(delta): 18664.9
10 (QN/Block) 	Elapsed: 75.438	Loglikelihood: -3.1105e+07	(delta): 126562
11 (QN/Block) 	Elapsed: 68.756	Loglikelihood: -3.09699e+07	(delta): 135158
12 (QN/Block) 	Elapsed: 71.008	Loglikelihood: -3.09392e+07	(delta): 30685.1
13 (QN/Block) 	Elapsed: 68.71	Loglikelihood: -3.0932e+07	(delta): 7192.34
14 (QN/Block) 	Elapsed: 68.825	Loglikelihood: -3.093e+07	(delta): 2012.47
15 (QN/Block) 	Elapsed: 68.861	Loglikelihood: -3.09295e+07	(delta): 435.166
16 (QN/Block) 	Elapsed: 73.453	Loglikelihood: -3.09295e+07	(delta): 63.4195
17 (QN/Block) 	Elapsed: 75.765	Loglikelihood: -3.09295e+07	(delta): 3.27512
18 (QN/Block) 	Elapsed: 75.67	Loglikelihood: -3.09295e+07	(delta): 0.0151698
19 (QN/Block) 	Elapsed: 68.996	Loglikelihood: -3.09295e+07	(delta): 0.00235311
20 (QN/Block) 	Elapsed: 69.113	Loglikelihood: -3.09295e+07	(delta): 0.000105631
21 (QN/Block) 	Elapsed: 69.138	Loglikelihood: -3.09295e+07	(delta): 2.83122e-05
Summary: 
Converged in 21 iterations (1647.08 sec)
Loglikelihood: -30929482.502749
Fst divergences between estimated populations: 
	Pop0	
Pop0	
Pop1	0.330	
CV error (K=2): 0.07279
Writing output files.
