****                   ADMIXTURE Version 1.3.0                  ****
****                    Copyright 2008-2015                     ****
****           David Alexander, Suyash Shringarpure,            ****
****                John  Novembre, Ken Lange                   ****
****                                                            ****
****                 Please cite our paper!                     ****
****   Information at www.genetics.ucla.edu/software/admixture  ****

Cross-validation will be performed.  Folds=5.
Random seed: 1221
Point estimation method: Block relaxation algorithm
Convergence acceleration algorithm: QuasiNewton, 3 secant conditions
Point estimation will terminate when objective function delta < 0.0001
Estimation of standard errors disabled; will compute point estimates only.
Size of G: 1762x190081
Performing five EM steps to prime main algorithm
1 (EM) 	Elapsed: 25.151	Loglikelihood: -3.83786e+07	(delta): 5.11194e+08
2 (EM) 	Elapsed: 24.948	Loglikelihood: -3.699e+07	(delta): 1.38862e+06
3 (EM) 	Elapsed: 25.119	Loglikelihood: -3.67167e+07	(delta): 273280
4 (EM) 	Elapsed: 25.073	Loglikelihood: -3.65835e+07	(delta): 133152
5 (EM) 	Elapsed: 24.953	Loglikelihood: -3.65172e+07	(delta): 66343.2
Initial loglikelihood: -3.65172e+07
Starting main algorithm
1 (QN/Block) 	Elapsed: 66.648	Loglikelihood: -3.49136e+07	(delta): 1.60361e+06
2 (QN/Block) 	Elapsed: 66.622	Loglikelihood: -3.40699e+07	(delta): 843677
3 (QN/Block) 	Elapsed: 71.189	Loglikelihood: -3.35324e+07	(delta): 537494
4 (QN/Block) 	Elapsed: 77.501	Loglikelihood: -3.30009e+07	(delta): 531498
5 (QN/Block) 	Elapsed: 77.622	Loglikelihood: -3.17811e+07	(delta): 1.21978e+06
6 (QN/Block) 	Elapsed: 77.764	Loglikelihood: -3.14781e+07	(delta): 302979
7 (QN/Block) 	Elapsed: 73.333	Loglikelihood: -3.13636e+07	(delta): 114494
8 (QN/Block) 	Elapsed: 70.608	Loglikelihood: -3.13041e+07	(delta): 59495.8
9 (QN/Block) 	Elapsed: 77.77	Loglikelihood: -3.12371e+07	(delta): 67014.3
10 (QN/Block) 	Elapsed: 77.137	Loglikelihood: -3.11119e+07	(delta): 125212
11 (QN/Block) 	Elapsed: 76.779	Loglikelihood: -3.09775e+07	(delta): 134430
12 (QN/Block) 	Elapsed: 74.681	Loglikelihood: -3.09419e+07	(delta): 35575.5
13 (QN/Block) 	Elapsed: 70.403	Loglikelihood: -3.09314e+07	(delta): 10528.8
14 (QN/Block) 	Elapsed: 75.044	Loglikelihood: -3.09297e+07	(delta): 1702.21
15 (QN/Block) 	Elapsed: 70.501	Loglikelihood: -3.09295e+07	(delta): 173.603
16 (QN/Block) 	Elapsed: 70.372	Loglikelihood: -3.09295e+07	(delta): 24.3454
17 (QN/Block) 	Elapsed: 77.662	Loglikelihood: -3.09295e+07	(delta): 2.02539
18 (QN/Block) 	Elapsed: 70.804	Loglikelihood: -3.09295e+07	(delta): 0.00111528
19 (QN/Block) 	Elapsed: 70.763	Loglikelihood: -3.09295e+07	(delta): 0.000156421
20 (QN/Block) 	Elapsed: 70.582	Loglikelihood: -3.09295e+07	(delta): 3.75882e-05
Summary: 
Converged in 20 iterations (1652.78 sec)
Loglikelihood: -30929482.480232
Fst divergences between estimated populations: 
	Pop0	
Pop0	
Pop1	0.330	
CV error (K=2): 0.07277
Writing output files.
