****                   ADMIXTURE Version 1.3.0                  ****
****                    Copyright 2008-2015                     ****
****           David Alexander, Suyash Shringarpure,            ****
****                John  Novembre, Ken Lange                   ****
****                                                            ****
****                 Please cite our paper!                     ****
****   Information at www.genetics.ucla.edu/software/admixture  ****

Cross-validation will be performed.  Folds=5.
Random seed: 1208
Point estimation method: Block relaxation algorithm
Convergence acceleration algorithm: QuasiNewton, 3 secant conditions
Point estimation will terminate when objective function delta < 0.0001
Estimation of standard errors disabled; will compute point estimates only.
Size of G: 1762x190081
Performing five EM steps to prime main algorithm
1 (EM) 	Elapsed: 24.916	Loglikelihood: -3.83959e+07	(delta): 5.10608e+08
2 (EM) 	Elapsed: 24.779	Loglikelihood: -3.6989e+07	(delta): 1.40693e+06
3 (EM) 	Elapsed: 24.748	Loglikelihood: -3.67228e+07	(delta): 266254
4 (EM) 	Elapsed: 24.695	Loglikelihood: -3.65903e+07	(delta): 132485
5 (EM) 	Elapsed: 24.717	Loglikelihood: -3.65227e+07	(delta): 67533.5
Initial loglikelihood: -3.65227e+07
Starting main algorithm
1 (QN/Block) 	Elapsed: 65.818	Loglikelihood: -3.42567e+07	(delta): 2.26602e+06
2 (QN/Block) 	Elapsed: 65.691	Loglikelihood: -3.33868e+07	(delta): 869922
3 (QN/Block) 	Elapsed: 70.232	Loglikelihood: -3.28331e+07	(delta): 553665
4 (QN/Block) 	Elapsed: 76.898	Loglikelihood: -3.21877e+07	(delta): 645389
5 (QN/Block) 	Elapsed: 76.9	Loglikelihood: -3.15296e+07	(delta): 658096
6 (QN/Block) 	Elapsed: 72.164	Loglikelihood: -3.11558e+07	(delta): 373875
7 (QN/Block) 	Elapsed: 71.87	Loglikelihood: -3.10298e+07	(delta): 125964
8 (QN/Block) 	Elapsed: 71.567	Loglikelihood: -3.09435e+07	(delta): 86280.5
9 (QN/Block) 	Elapsed: 71.456	Loglikelihood: -3.09318e+07	(delta): 11738.8
10 (QN/Block) 	Elapsed: 69.183	Loglikelihood: -3.09299e+07	(delta): 1895.23
11 (QN/Block) 	Elapsed: 69.164	Loglikelihood: -3.09295e+07	(delta): 390.338
12 (QN/Block) 	Elapsed: 75.891	Loglikelihood: -3.09295e+07	(delta): 21.7703
13 (QN/Block) 	Elapsed: 69.227	Loglikelihood: -3.09295e+07	(delta): 1.6293
14 (QN/Block) 	Elapsed: 69.255	Loglikelihood: -3.09295e+07	(delta): 0.338189
15 (QN/Block) 	Elapsed: 76.018	Loglikelihood: -3.09295e+07	(delta): 0.00711899
16 (QN/Block) 	Elapsed: 69.36	Loglikelihood: -3.09295e+07	(delta): 2.31303e-05
Summary: 
Converged in 16 iterations (1318.95 sec)
Loglikelihood: -30929482.477747
Fst divergences between estimated populations: 
	Pop0	
Pop0	
Pop1	0.330	
CV error (K=2): 0.07277
Writing output files.
