****                   ADMIXTURE Version 1.3.0                  ****
****                    Copyright 2008-2015                     ****
****           David Alexander, Suyash Shringarpure,            ****
****                John  Novembre, Ken Lange                   ****
****                                                            ****
****                 Please cite our paper!                     ****
****   Information at www.genetics.ucla.edu/software/admixture  ****

Cross-validation will be performed.  Folds=5.
Random seed: 1220
Point estimation method: Block relaxation algorithm
Convergence acceleration algorithm: QuasiNewton, 3 secant conditions
Point estimation will terminate when objective function delta < 0.0001
Estimation of standard errors disabled; will compute point estimates only.
Size of G: 1762x190081
Performing five EM steps to prime main algorithm
1 (EM) 	Elapsed: 24.804	Loglikelihood: -3.83945e+07	(delta): 5.13085e+08
2 (EM) 	Elapsed: 24.619	Loglikelihood: -3.69716e+07	(delta): 1.42292e+06
3 (EM) 	Elapsed: 24.521	Loglikelihood: -3.66983e+07	(delta): 273297
4 (EM) 	Elapsed: 24.387	Loglikelihood: -3.6568e+07	(delta): 130276
5 (EM) 	Elapsed: 24.165	Loglikelihood: -3.65051e+07	(delta): 62942.7
Initial loglikelihood: -3.65051e+07
Starting main algorithm
1 (QN/Block) 	Elapsed: 61.412	Loglikelihood: -3.42209e+07	(delta): 2.28415e+06
2 (QN/Block) 	Elapsed: 51.078	Loglikelihood: -3.3441e+07	(delta): 779945
3 (QN/Block) 	Elapsed: 60.945	Loglikelihood: -3.28135e+07	(delta): 627465
4 (QN/Block) 	Elapsed: 72.884	Loglikelihood: -3.23404e+07	(delta): 473103
5 (QN/Block) 	Elapsed: 71.309	Loglikelihood: -3.1909e+07	(delta): 431349
6 (QN/Block) 	Elapsed: 76.029	Loglikelihood: -3.1424e+07	(delta): 485004
7 (QN/Block) 	Elapsed: 75.947	Loglikelihood: -3.11295e+07	(delta): 294537
8 (QN/Block) 	Elapsed: 71.475	Loglikelihood: -3.10169e+07	(delta): 112638
9 (QN/Block) 	Elapsed: 69.1	Loglikelihood: -3.09436e+07	(delta): 73294.6
10 (QN/Block) 	Elapsed: 68.742	Loglikelihood: -3.09318e+07	(delta): 11768.3
11 (QN/Block) 	Elapsed: 68.747	Loglikelihood: -3.09298e+07	(delta): 2040.49
12 (QN/Block) 	Elapsed: 71.046	Loglikelihood: -3.09295e+07	(delta): 255.213
13 (QN/Block) 	Elapsed: 70.944	Loglikelihood: -3.09295e+07	(delta): 18.506
14 (QN/Block) 	Elapsed: 68.815	Loglikelihood: -3.09295e+07	(delta): 3.21558
15 (QN/Block) 	Elapsed: 71.236	Loglikelihood: -3.09295e+07	(delta): 1.48915
16 (QN/Block) 	Elapsed: 75.754	Loglikelihood: -3.09295e+07	(delta): 0.271862
17 (QN/Block) 	Elapsed: 68.919	Loglikelihood: -3.09295e+07	(delta): 0.000162147
18 (QN/Block) 	Elapsed: 68.948	Loglikelihood: -3.09295e+07	(delta): 2.33836e-05
Summary: 
Converged in 18 iterations (1424.91 sec)
Loglikelihood: -30929482.480232
Fst divergences between estimated populations: 
	Pop0	
Pop0	
Pop1	0.330	
CV error (K=2): 0.07278
Writing output files.
