****                   ADMIXTURE Version 1.3.0                  ****
****                    Copyright 2008-2015                     ****
****           David Alexander, Suyash Shringarpure,            ****
****                John  Novembre, Ken Lange                   ****
****                                                            ****
****                 Please cite our paper!                     ****
****   Information at www.genetics.ucla.edu/software/admixture  ****

Cross-validation will be performed.  Folds=5.
Random seed: 1223
Point estimation method: Block relaxation algorithm
Convergence acceleration algorithm: QuasiNewton, 3 secant conditions
Point estimation will terminate when objective function delta < 0.0001
Estimation of standard errors disabled; will compute point estimates only.
Size of G: 1762x190081
Performing five EM steps to prime main algorithm
1 (EM) 	Elapsed: 25.069	Loglikelihood: -3.84223e+07	(delta): 5.12101e+08
2 (EM) 	Elapsed: 24.84	Loglikelihood: -3.70011e+07	(delta): 1.42123e+06
3 (EM) 	Elapsed: 24.984	Loglikelihood: -3.67281e+07	(delta): 272989
4 (EM) 	Elapsed: 24.929	Loglikelihood: -3.65942e+07	(delta): 133946
5 (EM) 	Elapsed: 24.858	Loglikelihood: -3.65261e+07	(delta): 68045
Initial loglikelihood: -3.65261e+07
Starting main algorithm
1 (QN/Block) 	Elapsed: 66.58	Loglikelihood: -3.50413e+07	(delta): 1.48479e+06
2 (QN/Block) 	Elapsed: 66.555	Loglikelihood: -3.3998e+07	(delta): 1.04335e+06
3 (QN/Block) 	Elapsed: 71.342	Loglikelihood: -3.32402e+07	(delta): 757804
4 (QN/Block) 	Elapsed: 77.962	Loglikelihood: -3.2513e+07	(delta): 727128
5 (QN/Block) 	Elapsed: 75.556	Loglikelihood: -3.17808e+07	(delta): 732247
6 (QN/Block) 	Elapsed: 77.485	Loglikelihood: -3.14962e+07	(delta): 284641
7 (QN/Block) 	Elapsed: 72.339	Loglikelihood: -3.1381e+07	(delta): 115153
8 (QN/Block) 	Elapsed: 72.708	Loglikelihood: -3.13011e+07	(delta): 79889.8
9 (QN/Block) 	Elapsed: 70.3	Loglikelihood: -3.12604e+07	(delta): 40756.7
10 (QN/Block) 	Elapsed: 70.422	Loglikelihood: -3.12413e+07	(delta): 19030.5
11 (QN/Block) 	Elapsed: 74.636	Loglikelihood: -3.12157e+07	(delta): 25666.5
12 (QN/Block) 	Elapsed: 74.511	Loglikelihood: -3.10299e+07	(delta): 185768
13 (QN/Block) 	Elapsed: 76.883	Loglikelihood: -3.09669e+07	(delta): 62979.6
14 (QN/Block) 	Elapsed: 69.74	Loglikelihood: -3.09401e+07	(delta): 26828.2
15 (QN/Block) 	Elapsed: 69.958	Loglikelihood: -3.09318e+07	(delta): 8318.43
16 (QN/Block) 	Elapsed: 69.942	Loglikelihood: -3.09304e+07	(delta): 1342.65
17 (QN/Block) 	Elapsed: 69.851	Loglikelihood: -3.09299e+07	(delta): 564.784
18 (QN/Block) 	Elapsed: 70.156	Loglikelihood: -3.09296e+07	(delta): 253.993
19 (QN/Block) 	Elapsed: 72.176	Loglikelihood: -3.09295e+07	(delta): 114.989
20 (QN/Block) 	Elapsed: 76.483	Loglikelihood: -3.09295e+07	(delta): 9.78626
21 (QN/Block) 	Elapsed: 69.891	Loglikelihood: -3.09295e+07	(delta): 0.0249008
22 (QN/Block) 	Elapsed: 70.313	Loglikelihood: -3.09295e+07	(delta): 0.00154966
23 (QN/Block) 	Elapsed: 69.866	Loglikelihood: -3.09295e+07	(delta): 0.000182644
24 (QN/Block) 	Elapsed: 70.402	Loglikelihood: -3.09295e+07	(delta): 2.64123e-05
Summary: 
Converged in 24 iterations (1923.56 sec)
Loglikelihood: -30929482.480232
Fst divergences between estimated populations: 
	Pop0	
Pop0	
Pop1	0.330	
CV error (K=2): 0.07277
Writing output files.
