****                   ADMIXTURE Version 1.3.0                  ****
****                    Copyright 2008-2015                     ****
****           David Alexander, Suyash Shringarpure,            ****
****                John  Novembre, Ken Lange                   ****
****                                                            ****
****                 Please cite our paper!                     ****
****   Information at www.genetics.ucla.edu/software/admixture  ****

Cross-validation will be performed.  Folds=5.
Random seed: 1216
Point estimation method: Block relaxation algorithm
Convergence acceleration algorithm: QuasiNewton, 3 secant conditions
Point estimation will terminate when objective function delta < 0.0001
Estimation of standard errors disabled; will compute point estimates only.
Size of G: 1762x190081
Performing five EM steps to prime main algorithm
1 (EM) 	Elapsed: 24.828	Loglikelihood: -3.83638e+07	(delta): 5.11347e+08
2 (EM) 	Elapsed: 24.665	Loglikelihood: -3.6973e+07	(delta): 1.39087e+06
3 (EM) 	Elapsed: 24.661	Loglikelihood: -3.6708e+07	(delta): 265001
4 (EM) 	Elapsed: 24.579	Loglikelihood: -3.65762e+07	(delta): 131745
5 (EM) 	Elapsed: 24.6	Loglikelihood: -3.65099e+07	(delta): 66346.6
Initial loglikelihood: -3.65099e+07
Starting main algorithm
1 (QN/Block) 	Elapsed: 65.368	Loglikelihood: -3.47332e+07	(delta): 1.77671e+06
2 (QN/Block) 	Elapsed: 65.217	Loglikelihood: -3.30042e+07	(delta): 1.72893e+06
3 (QN/Block) 	Elapsed: 69.657	Loglikelihood: -3.19621e+07	(delta): 1.04212e+06
4 (QN/Block) 	Elapsed: 76.64	Loglikelihood: -3.13125e+07	(delta): 649577
5 (QN/Block) 	Elapsed: 71.347	Loglikelihood: -3.09835e+07	(delta): 329053
6 (QN/Block) 	Elapsed: 72.954	Loglikelihood: -3.09565e+07	(delta): 26975.2
7 (QN/Block) 	Elapsed: 66.905	Loglikelihood: -3.09383e+07	(delta): 18202.2
8 (QN/Block) 	Elapsed: 67.188	Loglikelihood: -3.09308e+07	(delta): 7474.95
9 (QN/Block) 	Elapsed: 70.898	Loglikelihood: -3.09295e+07	(delta): 1326.9
10 (QN/Block) 	Elapsed: 75.385	Loglikelihood: -3.09295e+07	(delta): 28.5712
11 (QN/Block) 	Elapsed: 68.612	Loglikelihood: -3.09295e+07	(delta): 2.32757
12 (QN/Block) 	Elapsed: 75.55	Loglikelihood: -3.09295e+07	(delta): 0.689633
13 (QN/Block) 	Elapsed: 68.701	Loglikelihood: -3.09295e+07	(delta): 0.10772
14 (QN/Block) 	Elapsed: 68.779	Loglikelihood: -3.09295e+07	(delta): 0.0165964
15 (QN/Block) 	Elapsed: 75.556	Loglikelihood: -3.09295e+07	(delta): 0.00994716
16 (QN/Block) 	Elapsed: 68.897	Loglikelihood: -3.09295e+07	(delta): 5.19976e-05
Summary: 
Converged in 16 iterations (1305.55 sec)
Loglikelihood: -30929482.612391
Fst divergences between estimated populations: 
	Pop0	
Pop0	
Pop1	0.330	
CV error (K=2): 0.07278
Writing output files.
