****                   ADMIXTURE Version 1.3.0                  ****
****                    Copyright 2008-2015                     ****
****           David Alexander, Suyash Shringarpure,            ****
****                John  Novembre, Ken Lange                   ****
****                                                            ****
****                 Please cite our paper!                     ****
****   Information at www.genetics.ucla.edu/software/admixture  ****

Cross-validation will be performed.  Folds=5.
Random seed: 1225
Point estimation method: Block relaxation algorithm
Convergence acceleration algorithm: QuasiNewton, 3 secant conditions
Point estimation will terminate when objective function delta < 0.0001
Estimation of standard errors disabled; will compute point estimates only.
Size of G: 1762x190081
Performing five EM steps to prime main algorithm
1 (EM) 	Elapsed: 24.813	Loglikelihood: -3.83903e+07	(delta): 5.11769e+08
2 (EM) 	Elapsed: 24.659	Loglikelihood: -3.69671e+07	(delta): 1.42324e+06
3 (EM) 	Elapsed: 24.658	Loglikelihood: -3.66911e+07	(delta): 275992
4 (EM) 	Elapsed: 24.765	Loglikelihood: -3.65536e+07	(delta): 137437
5 (EM) 	Elapsed: 24.75	Loglikelihood: -3.64822e+07	(delta): 71453
Initial loglikelihood: -3.64822e+07
Starting main algorithm
1 (QN/Block) 	Elapsed: 65.788	Loglikelihood: -3.36471e+07	(delta): 2.83511e+06
2 (QN/Block) 	Elapsed: 65.701	Loglikelihood: -3.21343e+07	(delta): 1.51278e+06
3 (QN/Block) 	Elapsed: 70.298	Loglikelihood: -3.14816e+07	(delta): 652709
4 (QN/Block) 	Elapsed: 76.956	Loglikelihood: -3.11112e+07	(delta): 370403
5 (QN/Block) 	Elapsed: 76.974	Loglikelihood: -3.09407e+07	(delta): 170543
6 (QN/Block) 	Elapsed: 76.756	Loglikelihood: -3.09302e+07	(delta): 10501.9
7 (QN/Block) 	Elapsed: 76.752	Loglikelihood: -3.09296e+07	(delta): 565.378
8 (QN/Block) 	Elapsed: 69.756	Loglikelihood: -3.09295e+07	(delta): 89.1468
9 (QN/Block) 	Elapsed: 69.482	Loglikelihood: -3.09295e+07	(delta): 6.06839
10 (QN/Block) 	Elapsed: 69.348	Loglikelihood: -3.09295e+07	(delta): 8.50888
11 (QN/Block) 	Elapsed: 73.906	Loglikelihood: -3.09295e+07	(delta): 0.953253
12 (QN/Block) 	Elapsed: 69.235	Loglikelihood: -3.09295e+07	(delta): 0.00122568
13 (QN/Block) 	Elapsed: 69.206	Loglikelihood: -3.09295e+07	(delta): 5.02653e-05
Summary: 
Converged in 13 iterations (1101.52 sec)
Loglikelihood: -30929482.478959
Fst divergences between estimated populations: 
	Pop0	
Pop0	
Pop1	0.330	
CV error (K=2): 0.07277
Writing output files.
