****                   ADMIXTURE Version 1.3.0                  ****
****                    Copyright 2008-2015                     ****
****           David Alexander, Suyash Shringarpure,            ****
****                John  Novembre, Ken Lange                   ****
****                                                            ****
****                 Please cite our paper!                     ****
****   Information at www.genetics.ucla.edu/software/admixture  ****

Cross-validation will be performed.  Folds=5.
Random seed: 1213
Point estimation method: Block relaxation algorithm
Convergence acceleration algorithm: QuasiNewton, 3 secant conditions
Point estimation will terminate when objective function delta < 0.0001
Estimation of standard errors disabled; will compute point estimates only.
Size of G: 1762x190081
Performing five EM steps to prime main algorithm
1 (EM) 	Elapsed: 24.959	Loglikelihood: -3.84002e+07	(delta): 5.10458e+08
2 (EM) 	Elapsed: 24.767	Loglikelihood: -3.69872e+07	(delta): 1.41297e+06
3 (EM) 	Elapsed: 24.856	Loglikelihood: -3.67167e+07	(delta): 270488
4 (EM) 	Elapsed: 24.834	Loglikelihood: -3.65838e+07	(delta): 132888
5 (EM) 	Elapsed: 24.681	Loglikelihood: -3.65164e+07	(delta): 67429.1
Initial loglikelihood: -3.65164e+07
Starting main algorithm
1 (QN/Block) 	Elapsed: 65.926	Loglikelihood: -3.47873e+07	(delta): 1.72909e+06
2 (QN/Block) 	Elapsed: 65.744	Loglikelihood: -3.36155e+07	(delta): 1.17178e+06
3 (QN/Block) 	Elapsed: 70.46	Loglikelihood: -3.27969e+07	(delta): 818607
4 (QN/Block) 	Elapsed: 76.915	Loglikelihood: -3.20149e+07	(delta): 781976
5 (QN/Block) 	Elapsed: 72.493	Loglikelihood: -3.12453e+07	(delta): 769685
6 (QN/Block) 	Elapsed: 76.459	Loglikelihood: -3.10345e+07	(delta): 210714
7 (QN/Block) 	Elapsed: 69.345	Loglikelihood: -3.09682e+07	(delta): 66303.4
8 (QN/Block) 	Elapsed: 68.739	Loglikelihood: -3.09379e+07	(delta): 30313.3
9 (QN/Block) 	Elapsed: 71.235	Loglikelihood: -3.09299e+07	(delta): 8061.56
10 (QN/Block) 	Elapsed: 76.072	Loglikelihood: -3.09295e+07	(delta): 332.599
11 (QN/Block) 	Elapsed: 71.575	Loglikelihood: -3.09295e+07	(delta): 39.3628
12 (QN/Block) 	Elapsed: 76.183	Loglikelihood: -3.09295e+07	(delta): 5.96715
13 (QN/Block) 	Elapsed: 74.386	Loglikelihood: -3.09295e+07	(delta): 1.26479
14 (QN/Block) 	Elapsed: 76.558	Loglikelihood: -3.09295e+07	(delta): 0.00181967
15 (QN/Block) 	Elapsed: 74.125	Loglikelihood: -3.09295e+07	(delta): 5.93141e-05
Summary: 
Converged in 15 iterations (1262.59 sec)
Loglikelihood: -30929482.480242
Fst divergences between estimated populations: 
	Pop0	
Pop0	
Pop1	0.330	
CV error (K=2): 0.07278
Writing output files.
