****                   ADMIXTURE Version 1.3.0                  ****
****                    Copyright 2008-2015                     ****
****           David Alexander, Suyash Shringarpure,            ****
****                John  Novembre, Ken Lange                   ****
****                                                            ****
****                 Please cite our paper!                     ****
****   Information at www.genetics.ucla.edu/software/admixture  ****

Cross-validation will be performed.  Folds=5.
Random seed: 1236
Point estimation method: Block relaxation algorithm
Convergence acceleration algorithm: QuasiNewton, 3 secant conditions
Point estimation will terminate when objective function delta < 0.0001
Estimation of standard errors disabled; will compute point estimates only.
Size of G: 1762x190081
Performing five EM steps to prime main algorithm
1 (EM) 	Elapsed: 24.039	Loglikelihood: -3.83658e+07	(delta): 5.13392e+08
2 (EM) 	Elapsed: 24.002	Loglikelihood: -3.69663e+07	(delta): 1.39954e+06
3 (EM) 	Elapsed: 24.011	Loglikelihood: -3.66934e+07	(delta): 272915
4 (EM) 	Elapsed: 24.102	Loglikelihood: -3.65629e+07	(delta): 130472
5 (EM) 	Elapsed: 23.853	Loglikelihood: -3.64991e+07	(delta): 63846.5
Initial loglikelihood: -3.64991e+07
Starting main algorithm
1 (QN/Block) 	Elapsed: 64.513	Loglikelihood: -3.39865e+07	(delta): 2.5126e+06
2 (QN/Block) 	Elapsed: 64.607	Loglikelihood: -3.27186e+07	(delta): 1.26788e+06
3 (QN/Block) 	Elapsed: 68.837	Loglikelihood: -3.19996e+07	(delta): 718965
4 (QN/Block) 	Elapsed: 75.506	Loglikelihood: -3.12899e+07	(delta): 709722
5 (QN/Block) 	Elapsed: 75.473	Loglikelihood: -3.10188e+07	(delta): 271148
6 (QN/Block) 	Elapsed: 68.375	Loglikelihood: -3.09645e+07	(delta): 54209.3
7 (QN/Block) 	Elapsed: 70.812	Loglikelihood: -3.09329e+07	(delta): 31600.4
8 (QN/Block) 	Elapsed: 75.112	Loglikelihood: -3.09297e+07	(delta): 3283.88
9 (QN/Block) 	Elapsed: 75.132	Loglikelihood: -3.09295e+07	(delta): 151.729
10 (QN/Block) 	Elapsed: 68.507	Loglikelihood: -3.09295e+07	(delta): 23.7101
11 (QN/Block) 	Elapsed: 75.064	Loglikelihood: -3.09295e+07	(delta): 4.39601
12 (QN/Block) 	Elapsed: 68.54	Loglikelihood: -3.09295e+07	(delta): 0.117508
13 (QN/Block) 	Elapsed: 68.637	Loglikelihood: -3.09295e+07	(delta): 0.00590717
14 (QN/Block) 	Elapsed: 68.463	Loglikelihood: -3.09295e+07	(delta): 0.000564724
15 (QN/Block) 	Elapsed: 67.72	Loglikelihood: -3.09295e+07	(delta): 8.96826e-05
Summary: 
Converged in 15 iterations (1227.52 sec)
Loglikelihood: -30929482.480248
Fst divergences between estimated populations: 
	Pop0	
Pop0	
Pop1	0.330	
CV error (K=2): 0.07277
Writing output files.
