****                   ADMIXTURE Version 1.3.0                  ****
****                    Copyright 2008-2015                     ****
****           David Alexander, Suyash Shringarpure,            ****
****                John  Novembre, Ken Lange                   ****
****                                                            ****
****                 Please cite our paper!                     ****
****   Information at www.genetics.ucla.edu/software/admixture  ****

Cross-validation will be performed.  Folds=5.
Random seed: 1239
Point estimation method: Block relaxation algorithm
Convergence acceleration algorithm: QuasiNewton, 3 secant conditions
Point estimation will terminate when objective function delta < 0.0001
Estimation of standard errors disabled; will compute point estimates only.
Size of G: 1762x190081
Performing five EM steps to prime main algorithm
1 (EM) 	Elapsed: 24.156	Loglikelihood: -3.84531e+07	(delta): 5.12021e+08
2 (EM) 	Elapsed: 23.997	Loglikelihood: -3.70013e+07	(delta): 1.45186e+06
3 (EM) 	Elapsed: 23.909	Loglikelihood: -3.67212e+07	(delta): 280062
4 (EM) 	Elapsed: 24.023	Loglikelihood: -3.65846e+07	(delta): 136566
5 (EM) 	Elapsed: 23.832	Loglikelihood: -3.65157e+07	(delta): 68889.1
Initial loglikelihood: -3.65157e+07
Starting main algorithm
1 (QN/Block) 	Elapsed: 64.33	Loglikelihood: -3.39003e+07	(delta): 2.61545e+06
2 (QN/Block) 	Elapsed: 64.015	Loglikelihood: -3.28011e+07	(delta): 1.0992e+06
3 (QN/Block) 	Elapsed: 68.642	Loglikelihood: -3.19793e+07	(delta): 821807
4 (QN/Block) 	Elapsed: 75.222	Loglikelihood: -3.15916e+07	(delta): 387655
5 (QN/Block) 	Elapsed: 72.998	Loglikelihood: -3.13793e+07	(delta): 212346
6 (QN/Block) 	Elapsed: 73.06	Loglikelihood: -3.12939e+07	(delta): 85414.4
7 (QN/Block) 	Elapsed: 75.037	Loglikelihood: -3.12667e+07	(delta): 27212.5
8 (QN/Block) 	Elapsed: 70.763	Loglikelihood: -3.12456e+07	(delta): 21038.3
9 (QN/Block) 	Elapsed: 69.75	Loglikelihood: -3.12088e+07	(delta): 36830.2
10 (QN/Block) 	Elapsed: 74.921	Loglikelihood: -3.10205e+07	(delta): 188257
11 (QN/Block) 	Elapsed: 64.161	Loglikelihood: -3.09645e+07	(delta): 56060.4
12 (QN/Block) 	Elapsed: 67.453	Loglikelihood: -3.09413e+07	(delta): 23170.7
13 (QN/Block) 	Elapsed: 68.464	Loglikelihood: -3.09303e+07	(delta): 11028.3
14 (QN/Block) 	Elapsed: 68.607	Loglikelihood: -3.09296e+07	(delta): 627.897
15 (QN/Block) 	Elapsed: 68.232	Loglikelihood: -3.09295e+07	(delta): 148.602
16 (QN/Block) 	Elapsed: 73.396	Loglikelihood: -3.09295e+07	(delta): 10.8743
17 (QN/Block) 	Elapsed: 71.236	Loglikelihood: -3.09295e+07	(delta): 0.174381
18 (QN/Block) 	Elapsed: 68.821	Loglikelihood: -3.09295e+07	(delta): 0.0436
19 (QN/Block) 	Elapsed: 68.917	Loglikelihood: -3.09295e+07	(delta): 0.0130522
20 (QN/Block) 	Elapsed: 69.034	Loglikelihood: -3.09295e+07	(delta): 0.0136146
21 (QN/Block) 	Elapsed: 76.061	Loglikelihood: -3.09295e+07	(delta): 0.0069944
22 (QN/Block) 	Elapsed: 75.487	Loglikelihood: -3.09295e+07	(delta): 2.33464e-05
Summary: 
Converged in 22 iterations (1736.66 sec)
Loglikelihood: -30929482.480231
Fst divergences between estimated populations: 
	Pop0	
Pop0	
Pop1	0.330	
CV error (K=2): 0.07279
Writing output files.
