****                   ADMIXTURE Version 1.3.0                  ****
****                    Copyright 2008-2015                     ****
****           David Alexander, Suyash Shringarpure,            ****
****                John  Novembre, Ken Lange                   ****
****                                                            ****
****                 Please cite our paper!                     ****
****   Information at www.genetics.ucla.edu/software/admixture  ****

Cross-validation will be performed.  Folds=5.
Random seed: 1219
Point estimation method: Block relaxation algorithm
Convergence acceleration algorithm: QuasiNewton, 3 secant conditions
Point estimation will terminate when objective function delta < 0.0001
Estimation of standard errors disabled; will compute point estimates only.
Size of G: 1762x190081
Performing five EM steps to prime main algorithm
1 (EM) 	Elapsed: 32.632	Loglikelihood: -3.83595e+07	(delta): 5.12729e+08
2 (EM) 	Elapsed: 31.621	Loglikelihood: -3.69787e+07	(delta): 1.38084e+06
3 (EM) 	Elapsed: 30.582	Loglikelihood: -3.67095e+07	(delta): 269130
4 (EM) 	Elapsed: 24.272	Loglikelihood: -3.65796e+07	(delta): 129919
5 (EM) 	Elapsed: 20.465	Loglikelihood: -3.65153e+07	(delta): 64321.1
Initial loglikelihood: -3.65153e+07
Starting main algorithm
1 (QN/Block) 	Elapsed: 51.967	Loglikelihood: -3.38809e+07	(delta): 2.63439e+06
2 (QN/Block) 	Elapsed: 63.413	Loglikelihood: -3.25889e+07	(delta): 1.292e+06
3 (QN/Block) 	Elapsed: 69.58	Loglikelihood: -3.18846e+07	(delta): 704323
4 (QN/Block) 	Elapsed: 76.511	Loglikelihood: -3.13061e+07	(delta): 578455
5 (QN/Block) 	Elapsed: 76.609	Loglikelihood: -3.1021e+07	(delta): 285175
6 (QN/Block) 	Elapsed: 69.698	Loglikelihood: -3.0972e+07	(delta): 49016.2
7 (QN/Block) 	Elapsed: 69.891	Loglikelihood: -3.09375e+07	(delta): 34468.3
8 (QN/Block) 	Elapsed: 71.499	Loglikelihood: -3.09301e+07	(delta): 7429.95
9 (QN/Block) 	Elapsed: 69.187	Loglikelihood: -3.09296e+07	(delta): 450.762
10 (QN/Block) 	Elapsed: 68.95	Loglikelihood: -3.09295e+07	(delta): 96.686
11 (QN/Block) 	Elapsed: 68.886	Loglikelihood: -3.09295e+07	(delta): 20.4107
12 (QN/Block) 	Elapsed: 75.631	Loglikelihood: -3.09295e+07	(delta): 2.07435
13 (QN/Block) 	Elapsed: 71.243	Loglikelihood: -3.09295e+07	(delta): 0.0216139
14 (QN/Block) 	Elapsed: 75.796	Loglikelihood: -3.09295e+07	(delta): 0.000334177
15 (QN/Block) 	Elapsed: 69.061	Loglikelihood: -3.09295e+07	(delta): 3.92273e-05
Summary: 
Converged in 15 iterations (1245.43 sec)
Loglikelihood: -30929482.480230
Fst divergences between estimated populations: 
	Pop0	
Pop0	
Pop1	0.330	
CV error (K=2): 0.07278
Writing output files.
