****                   ADMIXTURE Version 1.3.0                  ****
****                    Copyright 2008-2015                     ****
****           David Alexander, Suyash Shringarpure,            ****
****                John  Novembre, Ken Lange                   ****
****                                                            ****
****                 Please cite our paper!                     ****
****   Information at www.genetics.ucla.edu/software/admixture  ****

Cross-validation will be performed.  Folds=5.
Random seed: 1201
Point estimation method: Block relaxation algorithm
Convergence acceleration algorithm: QuasiNewton, 3 secant conditions
Point estimation will terminate when objective function delta < 0.0001
Estimation of standard errors disabled; will compute point estimates only.
Size of G: 1762x190081
Performing five EM steps to prime main algorithm
1 (EM) 	Elapsed: 25.054	Loglikelihood: -3.84359e+07	(delta): 5.12613e+08
2 (EM) 	Elapsed: 24.876	Loglikelihood: -3.69935e+07	(delta): 1.44235e+06
3 (EM) 	Elapsed: 24.834	Loglikelihood: -3.67163e+07	(delta): 277197
4 (EM) 	Elapsed: 24.824	Loglikelihood: -3.65815e+07	(delta): 134811
5 (EM) 	Elapsed: 24.807	Loglikelihood: -3.65141e+07	(delta): 67377.3
Initial loglikelihood: -3.65141e+07
Starting main algorithm
1 (QN/Block) 	Elapsed: 65.928	Loglikelihood: -3.46869e+07	(delta): 1.82723e+06
2 (QN/Block) 	Elapsed: 65.953	Loglikelihood: -3.3738e+07	(delta): 948871
3 (QN/Block) 	Elapsed: 70.499	Loglikelihood: -3.29524e+07	(delta): 785647
4 (QN/Block) 	Elapsed: 77.163	Loglikelihood: -3.23917e+07	(delta): 560727
5 (QN/Block) 	Elapsed: 77.205	Loglikelihood: -3.20076e+07	(delta): 384030
6 (QN/Block) 	Elapsed: 74.698	Loglikelihood: -3.17325e+07	(delta): 275134
7 (QN/Block) 	Elapsed: 74.748	Loglikelihood: -3.14759e+07	(delta): 256603
8 (QN/Block) 	Elapsed: 76.842	Loglikelihood: -3.13668e+07	(delta): 109138
9 (QN/Block) 	Elapsed: 72.186	Loglikelihood: -3.12906e+07	(delta): 76175.2
10 (QN/Block) 	Elapsed: 71.978	Loglikelihood: -3.1247e+07	(delta): 43625.8
11 (QN/Block) 	Elapsed: 74.217	Loglikelihood: -3.12164e+07	(delta): 30608
12 (QN/Block) 	Elapsed: 71.998	Loglikelihood: -3.10047e+07	(delta): 211642
13 (QN/Block) 	Elapsed: 71.985	Loglikelihood: -3.09415e+07	(delta): 63222.8
14 (QN/Block) 	Elapsed: 72.06	Loglikelihood: -3.09325e+07	(delta): 8976.84
15 (QN/Block) 	Elapsed: 69.703	Loglikelihood: -3.09309e+07	(delta): 1613.34
16 (QN/Block) 	Elapsed: 69.702	Loglikelihood: -3.09302e+07	(delta): 661.294
17 (QN/Block) 	Elapsed: 76.182	Loglikelihood: -3.09297e+07	(delta): 500.466
18 (QN/Block) 	Elapsed: 76.469	Loglikelihood: -3.09295e+07	(delta): 226.255
19 (QN/Block) 	Elapsed: 77.002	Loglikelihood: -3.09295e+07	(delta): 25.4379
20 (QN/Block) 	Elapsed: 76.656	Loglikelihood: -3.09295e+07	(delta): 0.0647906
21 (QN/Block) 	Elapsed: 92.637	Loglikelihood: -3.09295e+07	(delta): 0.00173846
22 (QN/Block) 	Elapsed: 70.026	Loglikelihood: -3.09295e+07	(delta): 8.09506e-05
Summary: 
Converged in 22 iterations (1821.51 sec)
Loglikelihood: -30929482.480331
Fst divergences between estimated populations: 
	Pop0	
Pop0	
Pop1	0.330	
CV error (K=2): 0.07277
Writing output files.
