****                   ADMIXTURE Version 1.3.0                  ****
****                    Copyright 2008-2015                     ****
****           David Alexander, Suyash Shringarpure,            ****
****                John  Novembre, Ken Lange                   ****
****                                                            ****
****                 Please cite our paper!                     ****
****   Information at www.genetics.ucla.edu/software/admixture  ****

Cross-validation will be performed.  Folds=5.
Random seed: 1237
Point estimation method: Block relaxation algorithm
Convergence acceleration algorithm: QuasiNewton, 3 secant conditions
Point estimation will terminate when objective function delta < 0.0001
Estimation of standard errors disabled; will compute point estimates only.
Size of G: 1762x190081
Performing five EM steps to prime main algorithm
1 (EM) 	Elapsed: 38.332	Loglikelihood: -3.83819e+07	(delta): 5.1213e+08
2 (EM) 	Elapsed: 38.219	Loglikelihood: -3.69826e+07	(delta): 1.39921e+06
3 (EM) 	Elapsed: 26.248	Loglikelihood: -3.67096e+07	(delta): 273085
4 (EM) 	Elapsed: 24.087	Loglikelihood: -3.65775e+07	(delta): 132062
5 (EM) 	Elapsed: 24.174	Loglikelihood: -3.65128e+07	(delta): 64691.6
Initial loglikelihood: -3.65128e+07
Starting main algorithm
1 (QN/Block) 	Elapsed: 64.869	Loglikelihood: -3.48667e+07	(delta): 1.64614e+06
2 (QN/Block) 	Elapsed: 64.827	Loglikelihood: -3.36494e+07	(delta): 1.21724e+06
3 (QN/Block) 	Elapsed: 69.685	Loglikelihood: -3.28018e+07	(delta): 847662
4 (QN/Block) 	Elapsed: 75.923	Loglikelihood: -3.24673e+07	(delta): 334502
5 (QN/Block) 	Elapsed: 75.823	Loglikelihood: -3.21129e+07	(delta): 354328
6 (QN/Block) 	Elapsed: 76.026	Loglikelihood: -3.14138e+07	(delta): 699175
7 (QN/Block) 	Elapsed: 69.262	Loglikelihood: -3.1231e+07	(delta): 182789
8 (QN/Block) 	Elapsed: 75.799	Loglikelihood: -3.09936e+07	(delta): 237358
9 (QN/Block) 	Elapsed: 75.825	Loglikelihood: -3.09352e+07	(delta): 58465.1
10 (QN/Block) 	Elapsed: 75.83	Loglikelihood: -3.09301e+07	(delta): 5028.67
11 (QN/Block) 	Elapsed: 75.422	Loglikelihood: -3.09296e+07	(delta): 550.782
12 (QN/Block) 	Elapsed: 68.996	Loglikelihood: -3.09295e+07	(delta): 84.8889
13 (QN/Block) 	Elapsed: 73.392	Loglikelihood: -3.09295e+07	(delta): 5.42214
14 (QN/Block) 	Elapsed: 75.551	Loglikelihood: -3.09295e+07	(delta): 0.386204
15 (QN/Block) 	Elapsed: 75.688	Loglikelihood: -3.09295e+07	(delta): 0.00717756
16 (QN/Block) 	Elapsed: 68.983	Loglikelihood: -3.09295e+07	(delta): 0.000428826
17 (QN/Block) 	Elapsed: 69.024	Loglikelihood: -3.09295e+07	(delta): 9.73791e-06
Summary: 
Converged in 17 iterations (1444.09 sec)
Loglikelihood: -30929482.477742
Fst divergences between estimated populations: 
	Pop0	
Pop0	
Pop1	0.330	
CV error (K=2): 0.07276
Writing output files.
