****                   ADMIXTURE Version 1.3.0                  ****
****                    Copyright 2008-2015                     ****
****           David Alexander, Suyash Shringarpure,            ****
****                John  Novembre, Ken Lange                   ****
****                                                            ****
****                 Please cite our paper!                     ****
****   Information at www.genetics.ucla.edu/software/admixture  ****

Cross-validation will be performed.  Folds=5.
Random seed: 1234
Point estimation method: Block relaxation algorithm
Convergence acceleration algorithm: QuasiNewton, 3 secant conditions
Point estimation will terminate when objective function delta < 0.0001
Estimation of standard errors disabled; will compute point estimates only.
Size of G: 1762x190081
Performing five EM steps to prime main algorithm
1 (EM) 	Elapsed: 24.158	Loglikelihood: -3.83132e+07	(delta): 5.1271e+08
2 (EM) 	Elapsed: 23.953	Loglikelihood: -3.6963e+07	(delta): 1.35026e+06
3 (EM) 	Elapsed: 23.781	Loglikelihood: -3.66996e+07	(delta): 263353
4 (EM) 	Elapsed: 23.918	Loglikelihood: -3.65733e+07	(delta): 126342
5 (EM) 	Elapsed: 24.022	Loglikelihood: -3.65118e+07	(delta): 61435.8
Initial loglikelihood: -3.65118e+07
Starting main algorithm
1 (QN/Block) 	Elapsed: 64.505	Loglikelihood: -3.51704e+07	(delta): 1.34142e+06
2 (QN/Block) 	Elapsed: 64.179	Loglikelihood: -3.42274e+07	(delta): 943000
3 (QN/Block) 	Elapsed: 68.257	Loglikelihood: -3.35239e+07	(delta): 703501
4 (QN/Block) 	Elapsed: 74.781	Loglikelihood: -3.30595e+07	(delta): 464404
5 (QN/Block) 	Elapsed: 74.908	Loglikelihood: -3.20337e+07	(delta): 1.02579e+06
6 (QN/Block) 	Elapsed: 72.728	Loglikelihood: -3.14787e+07	(delta): 555001
7 (QN/Block) 	Elapsed: 74.63	Loglikelihood: -3.13296e+07	(delta): 149094
8 (QN/Block) 	Elapsed: 67.653	Loglikelihood: -3.1253e+07	(delta): 76681.9
9 (QN/Block) 	Elapsed: 74.749	Loglikelihood: -3.11332e+07	(delta): 119802
10 (QN/Block) 	Elapsed: 74.399	Loglikelihood: -3.09849e+07	(delta): 148264
11 (QN/Block) 	Elapsed: 74.468	Loglikelihood: -3.09499e+07	(delta): 34956.1
12 (QN/Block) 	Elapsed: 70.032	Loglikelihood: -3.09364e+07	(delta): 13544.5
13 (QN/Block) 	Elapsed: 67.985	Loglikelihood: -3.09312e+07	(delta): 5165.07
14 (QN/Block) 	Elapsed: 67.926	Loglikelihood: -3.09297e+07	(delta): 1539.77
15 (QN/Block) 	Elapsed: 70.278	Loglikelihood: -3.09295e+07	(delta): 195.854
16 (QN/Block) 	Elapsed: 73.863	Loglikelihood: -3.09295e+07	(delta): 4.40231
17 (QN/Block) 	Elapsed: 65.687	Loglikelihood: -3.09295e+07	(delta): 0.0277665
18 (QN/Block) 	Elapsed: 75.086	Loglikelihood: -3.09295e+07	(delta): 0.000504505
19 (QN/Block) 	Elapsed: 68.084	Loglikelihood: -3.09295e+07	(delta): 0.000146981
20 (QN/Block) 	Elapsed: 68.42	Loglikelihood: -3.09295e+07	(delta): 2.01948e-05
Summary: 
Converged in 20 iterations (1595.9 sec)
Loglikelihood: -30929482.480231
Fst divergences between estimated populations: 
	Pop0	
Pop0	
Pop1	0.330	
CV error (K=2): 0.07277
Writing output files.
