****                   ADMIXTURE Version 1.3.0                  ****
****                    Copyright 2008-2015                     ****
****           David Alexander, Suyash Shringarpure,            ****
****                John  Novembre, Ken Lange                   ****
****                                                            ****
****                 Please cite our paper!                     ****
****   Information at www.genetics.ucla.edu/software/admixture  ****

Cross-validation will be performed.  Folds=5.
Random seed: 1226
Point estimation method: Block relaxation algorithm
Convergence acceleration algorithm: QuasiNewton, 3 secant conditions
Point estimation will terminate when objective function delta < 0.0001
Estimation of standard errors disabled; will compute point estimates only.
Size of G: 1762x190081
Performing five EM steps to prime main algorithm
1 (EM) 	Elapsed: 37.975	Loglikelihood: -3.84163e+07	(delta): 5.11522e+08
2 (EM) 	Elapsed: 38.418	Loglikelihood: -3.69925e+07	(delta): 1.42385e+06
3 (EM) 	Elapsed: 38.477	Loglikelihood: -3.67233e+07	(delta): 269133
4 (EM) 	Elapsed: 24.574	Loglikelihood: -3.65894e+07	(delta): 133909
5 (EM) 	Elapsed: 24.657	Loglikelihood: -3.65202e+07	(delta): 69259
Initial loglikelihood: -3.65202e+07
Starting main algorithm
1 (QN/Block) 	Elapsed: 65.683	Loglikelihood: -3.51709e+07	(delta): 1.34925e+06
2 (QN/Block) 	Elapsed: 65.44	Loglikelihood: -3.41239e+07	(delta): 1.04696e+06
3 (QN/Block) 	Elapsed: 70.132	Loglikelihood: -3.32191e+07	(delta): 904861
4 (QN/Block) 	Elapsed: 76.708	Loglikelihood: -3.26098e+07	(delta): 609326
5 (QN/Block) 	Elapsed: 76.559	Loglikelihood: -3.20558e+07	(delta): 553925
6 (QN/Block) 	Elapsed: 72.349	Loglikelihood: -3.16623e+07	(delta): 393528
7 (QN/Block) 	Elapsed: 74.173	Loglikelihood: -3.1426e+07	(delta): 236275
8 (QN/Block) 	Elapsed: 71.923	Loglikelihood: -3.13307e+07	(delta): 95291.2
9 (QN/Block) 	Elapsed: 69.332	Loglikelihood: -3.12794e+07	(delta): 51289.8
10 (QN/Block) 	Elapsed: 68.977	Loglikelihood: -3.12489e+07	(delta): 30538.5
11 (QN/Block) 	Elapsed: 68.775	Loglikelihood: -3.12083e+07	(delta): 40640.6
12 (QN/Block) 	Elapsed: 70.932	Loglikelihood: -3.0996e+07	(delta): 212239
13 (QN/Block) 	Elapsed: 71.262	Loglikelihood: -3.09426e+07	(delta): 53429.1
14 (QN/Block) 	Elapsed: 68.546	Loglikelihood: -3.09324e+07	(delta): 10186.8
15 (QN/Block) 	Elapsed: 68.716	Loglikelihood: -3.09306e+07	(delta): 1834.77
16 (QN/Block) 	Elapsed: 68.961	Loglikelihood: -3.09299e+07	(delta): 644.069
17 (QN/Block) 	Elapsed: 68.759	Loglikelihood: -3.09297e+07	(delta): 202.992
18 (QN/Block) 	Elapsed: 68.135	Loglikelihood: -3.09296e+07	(delta): 165.312
19 (QN/Block) 	Elapsed: 75.733	Loglikelihood: -3.09295e+07	(delta): 74.9361
20 (QN/Block) 	Elapsed: 74.975	Loglikelihood: -3.09295e+07	(delta): 10.6852
21 (QN/Block) 	Elapsed: 75.597	Loglikelihood: -3.09295e+07	(delta): 0.022458
22 (QN/Block) 	Elapsed: 68.403	Loglikelihood: -3.09295e+07	(delta): 0.000151396
23 (QN/Block) 	Elapsed: 68.478	Loglikelihood: -3.09295e+07	(delta): 2.32756e-05
Summary: 
Converged in 23 iterations (1871.16 sec)
Loglikelihood: -30929482.480231
Fst divergences between estimated populations: 
	Pop0	
Pop0	
Pop1	0.330	
CV error (K=2): 0.07278
Writing output files.
