****                   ADMIXTURE Version 1.3.0                  ****
****                    Copyright 2008-2015                     ****
****           David Alexander, Suyash Shringarpure,            ****
****                John  Novembre, Ken Lange                   ****
****                                                            ****
****                 Please cite our paper!                     ****
****   Information at www.genetics.ucla.edu/software/admixture  ****

Cross-validation will be performed.  Folds=5.
Random seed: 1233
Point estimation method: Block relaxation algorithm
Convergence acceleration algorithm: QuasiNewton, 3 secant conditions
Point estimation will terminate when objective function delta < 0.0001
Estimation of standard errors disabled; will compute point estimates only.
Size of G: 1762x190081
Performing five EM steps to prime main algorithm
1 (EM) 	Elapsed: 37.658	Loglikelihood: -3.83989e+07	(delta): 5.14029e+08
2 (EM) 	Elapsed: 37.514	Loglikelihood: -3.69871e+07	(delta): 1.41184e+06
3 (EM) 	Elapsed: 37.58	Loglikelihood: -3.67133e+07	(delta): 273775
4 (EM) 	Elapsed: 37.645	Loglikelihood: -3.65798e+07	(delta): 133550
5 (EM) 	Elapsed: 24.194	Loglikelihood: -3.65131e+07	(delta): 66720.1
Initial loglikelihood: -3.65131e+07
Starting main algorithm
1 (QN/Block) 	Elapsed: 65.245	Loglikelihood: -3.37873e+07	(delta): 2.72575e+06
2 (QN/Block) 	Elapsed: 68.647	Loglikelihood: -3.27659e+07	(delta): 1.02137e+06
3 (QN/Block) 	Elapsed: 69.833	Loglikelihood: -3.2015e+07	(delta): 750978
4 (QN/Block) 	Elapsed: 76.353	Loglikelihood: -3.1621e+07	(delta): 393953
5 (QN/Block) 	Elapsed: 76.149	Loglikelihood: -3.1432e+07	(delta): 189027
6 (QN/Block) 	Elapsed: 76.167	Loglikelihood: -3.13634e+07	(delta): 68553.2
7 (QN/Block) 	Elapsed: 73.39	Loglikelihood: -3.12882e+07	(delta): 75249.1
8 (QN/Block) 	Elapsed: 73.484	Loglikelihood: -3.12548e+07	(delta): 33364.3
9 (QN/Block) 	Elapsed: 73.383	Loglikelihood: -3.12423e+07	(delta): 12551.7
10 (QN/Block) 	Elapsed: 75.6	Loglikelihood: -3.11985e+07	(delta): 43723.2
11 (QN/Block) 	Elapsed: 75.448	Loglikelihood: -3.10263e+07	(delta): 172223
12 (QN/Block) 	Elapsed: 70.572	Loglikelihood: -3.09503e+07	(delta): 76023.2
13 (QN/Block) 	Elapsed: 70.944	Loglikelihood: -3.09338e+07	(delta): 16516.9
14 (QN/Block) 	Elapsed: 68.478	Loglikelihood: -3.09306e+07	(delta): 3211.44
15 (QN/Block) 	Elapsed: 68.624	Loglikelihood: -3.09297e+07	(delta): 884.326
16 (QN/Block) 	Elapsed: 68.611	Loglikelihood: -3.09295e+07	(delta): 166.106
17 (QN/Block) 	Elapsed: 75.651	Loglikelihood: -3.09295e+07	(delta): 26.7341
18 (QN/Block) 	Elapsed: 75.391	Loglikelihood: -3.09295e+07	(delta): 1.19483
19 (QN/Block) 	Elapsed: 68.951	Loglikelihood: -3.09295e+07	(delta): 0.0241777
20 (QN/Block) 	Elapsed: 75.198	Loglikelihood: -3.09295e+07	(delta): 0.000861056
21 (QN/Block) 	Elapsed: 68.793	Loglikelihood: -3.09295e+07	(delta): 0.000109565
22 (QN/Block) 	Elapsed: 68.992	Loglikelihood: -3.09295e+07	(delta): 1.31316e-05
Summary: 
Converged in 22 iterations (1835.69 sec)
Loglikelihood: -30929482.480238
Fst divergences between estimated populations: 
	Pop0	
Pop0	
Pop1	0.330	
CV error (K=2): 0.07276
Writing output files.
