****                   ADMIXTURE Version 1.3.0                  ****
****                    Copyright 2008-2015                     ****
****           David Alexander, Suyash Shringarpure,            ****
****                John  Novembre, Ken Lange                   ****
****                                                            ****
****                 Please cite our paper!                     ****
****   Information at www.genetics.ucla.edu/software/admixture  ****

Cross-validation will be performed.  Folds=5.
Random seed: 1222
Point estimation method: Block relaxation algorithm
Convergence acceleration algorithm: QuasiNewton, 3 secant conditions
Point estimation will terminate when objective function delta < 0.0001
Estimation of standard errors disabled; will compute point estimates only.
Size of G: 1762x190081
Performing five EM steps to prime main algorithm
1 (EM) 	Elapsed: 24.979	Loglikelihood: -3.83536e+07	(delta): 5.14305e+08
2 (EM) 	Elapsed: 24.815	Loglikelihood: -3.6977e+07	(delta): 1.37657e+06
3 (EM) 	Elapsed: 24.796	Loglikelihood: -3.67039e+07	(delta): 273093
4 (EM) 	Elapsed: 24.759	Loglikelihood: -3.65745e+07	(delta): 129382
5 (EM) 	Elapsed: 24.766	Loglikelihood: -3.65121e+07	(delta): 62413.2
Initial loglikelihood: -3.65121e+07
Starting main algorithm
1 (QN/Block) 	Elapsed: 66.059	Loglikelihood: -3.38456e+07	(delta): 2.66652e+06
2 (QN/Block) 	Elapsed: 65.949	Loglikelihood: -3.28351e+07	(delta): 1.01049e+06
3 (QN/Block) 	Elapsed: 70.52	Loglikelihood: -3.20463e+07	(delta): 788817
4 (QN/Block) 	Elapsed: 77.162	Loglikelihood: -3.16384e+07	(delta): 407879
5 (QN/Block) 	Elapsed: 74.931	Loglikelihood: -3.14574e+07	(delta): 181050
6 (QN/Block) 	Elapsed: 76.923	Loglikelihood: -3.13838e+07	(delta): 73600.2
7 (QN/Block) 	Elapsed: 74.652	Loglikelihood: -3.1295e+07	(delta): 88801.5
8 (QN/Block) 	Elapsed: 76.74	Loglikelihood: -3.12583e+07	(delta): 36677
9 (QN/Block) 	Elapsed: 76.624	Loglikelihood: -3.12447e+07	(delta): 13585.5
10 (QN/Block) 	Elapsed: 69.65	Loglikelihood: -3.12098e+07	(delta): 34890.9
11 (QN/Block) 	Elapsed: 71.887	Loglikelihood: -3.10083e+07	(delta): 201532
12 (QN/Block) 	Elapsed: 74.25	Loglikelihood: -3.0943e+07	(delta): 65306.1
13 (QN/Block) 	Elapsed: 72.187	Loglikelihood: -3.09326e+07	(delta): 10363
14 (QN/Block) 	Elapsed: 69.818	Loglikelihood: -3.09305e+07	(delta): 2132.46
15 (QN/Block) 	Elapsed: 69.851	Loglikelihood: -3.09297e+07	(delta): 758.377
16 (QN/Block) 	Elapsed: 69.628	Loglikelihood: -3.09295e+07	(delta): 228.11
17 (QN/Block) 	Elapsed: 76.439	Loglikelihood: -3.09295e+07	(delta): 16.0113
18 (QN/Block) 	Elapsed: 74.048	Loglikelihood: -3.09295e+07	(delta): 0.039914
19 (QN/Block) 	Elapsed: 70.009	Loglikelihood: -3.09295e+07	(delta): 0.00044458
20 (QN/Block) 	Elapsed: 69.558	Loglikelihood: -3.09295e+07	(delta): 4.05125e-05
Summary: 
Converged in 20 iterations (1634.52 sec)
Loglikelihood: -30929482.480243
Fst divergences between estimated populations: 
	Pop0	
Pop0	
Pop1	0.330	
CV error (K=2): 0.07277
Writing output files.
