****                   ADMIXTURE Version 1.3.0                  ****
****                    Copyright 2008-2015                     ****
****           David Alexander, Suyash Shringarpure,            ****
****                John  Novembre, Ken Lange                   ****
****                                                            ****
****                 Please cite our paper!                     ****
****   Information at www.genetics.ucla.edu/software/admixture  ****

Cross-validation will be performed.  Folds=5.
Random seed: 1217
Point estimation method: Block relaxation algorithm
Convergence acceleration algorithm: QuasiNewton, 3 secant conditions
Point estimation will terminate when objective function delta < 0.0001
Estimation of standard errors disabled; will compute point estimates only.
Size of G: 1762x190081
Performing five EM steps to prime main algorithm
1 (EM) 	Elapsed: 25.225	Loglikelihood: -3.83988e+07	(delta): 5.12618e+08
2 (EM) 	Elapsed: 24.988	Loglikelihood: -3.69793e+07	(delta): 1.41941e+06
3 (EM) 	Elapsed: 24.973	Loglikelihood: -3.6712e+07	(delta): 267374
4 (EM) 	Elapsed: 25	Loglikelihood: -3.65784e+07	(delta): 133601
5 (EM) 	Elapsed: 24.851	Loglikelihood: -3.65104e+07	(delta): 67942.9
Initial loglikelihood: -3.65104e+07
Starting main algorithm
1 (QN/Block) 	Elapsed: 66.422	Loglikelihood: -3.47305e+07	(delta): 1.77994e+06
2 (QN/Block) 	Elapsed: 66.384	Loglikelihood: -3.38403e+07	(delta): 890230
3 (QN/Block) 	Elapsed: 70.948	Loglikelihood: -3.32226e+07	(delta): 617659
4 (QN/Block) 	Elapsed: 77.464	Loglikelihood: -3.28076e+07	(delta): 414954
5 (QN/Block) 	Elapsed: 77.464	Loglikelihood: -3.24354e+07	(delta): 372219
6 (QN/Block) 	Elapsed: 73.15	Loglikelihood: -3.1918e+07	(delta): 517415
7 (QN/Block) 	Elapsed: 78.116	Loglikelihood: -3.16278e+07	(delta): 290191
8 (QN/Block) 	Elapsed: 75.461	Loglikelihood: -3.1222e+07	(delta): 405807
9 (QN/Block) 	Elapsed: 77.602	Loglikelihood: -3.10374e+07	(delta): 184646
10 (QN/Block) 	Elapsed: 72.49	Loglikelihood: -3.09555e+07	(delta): 81911.7
11 (QN/Block) 	Elapsed: 69.911	Loglikelihood: -3.09369e+07	(delta): 18508.2
12 (QN/Block) 	Elapsed: 69.755	Loglikelihood: -3.09311e+07	(delta): 5821.82
13 (QN/Block) 	Elapsed: 70.077	Loglikelihood: -3.09297e+07	(delta): 1459.32
14 (QN/Block) 	Elapsed: 72.173	Loglikelihood: -3.09295e+07	(delta): 164.25
15 (QN/Block) 	Elapsed: 76.872	Loglikelihood: -3.09295e+07	(delta): 8.89429
16 (QN/Block) 	Elapsed: 77.021	Loglikelihood: -3.09295e+07	(delta): 3.42826
17 (QN/Block) 	Elapsed: 70.369	Loglikelihood: -3.09295e+07	(delta): 2.69107
18 (QN/Block) 	Elapsed: 76.944	Loglikelihood: -3.09295e+07	(delta): 1.64863
19 (QN/Block) 	Elapsed: 72.767	Loglikelihood: -3.09295e+07	(delta): 0.221104
20 (QN/Block) 	Elapsed: 70.462	Loglikelihood: -3.09295e+07	(delta): 0.000633255
21 (QN/Block) 	Elapsed: 70.068	Loglikelihood: -3.09295e+07	(delta): 8.15056e-05
Summary: 
Converged in 21 iterations (1722.96 sec)
Loglikelihood: -30929482.480277
Fst divergences between estimated populations: 
	Pop0	
Pop0	
Pop1	0.330	
CV error (K=2): 0.07277
Writing output files.
