****                   ADMIXTURE Version 1.3.0                  ****
****                    Copyright 2008-2015                     ****
****           David Alexander, Suyash Shringarpure,            ****
****                John  Novembre, Ken Lange                   ****
****                                                            ****
****                 Please cite our paper!                     ****
****   Information at www.genetics.ucla.edu/software/admixture  ****

Cross-validation will be performed.  Folds=5.
Random seed: 1227
Point estimation method: Block relaxation algorithm
Convergence acceleration algorithm: QuasiNewton, 3 secant conditions
Point estimation will terminate when objective function delta < 0.0001
Estimation of standard errors disabled; will compute point estimates only.
Size of G: 1762x190081
Performing five EM steps to prime main algorithm
1 (EM) 	Elapsed: 24.297	Loglikelihood: -3.83993e+07	(delta): 5.12133e+08
2 (EM) 	Elapsed: 24.13	Loglikelihood: -3.6987e+07	(delta): 1.41233e+06
3 (EM) 	Elapsed: 24.41	Loglikelihood: -3.67162e+07	(delta): 270771
4 (EM) 	Elapsed: 24.253	Loglikelihood: -3.65833e+07	(delta): 132952
5 (EM) 	Elapsed: 24.112	Loglikelihood: -3.65163e+07	(delta): 67004.5
Initial loglikelihood: -3.65163e+07
Starting main algorithm
1 (QN/Block) 	Elapsed: 65.052	Loglikelihood: -3.51377e+07	(delta): 1.37854e+06
2 (QN/Block) 	Elapsed: 65.257	Loglikelihood: -3.41782e+07	(delta): 959566
3 (QN/Block) 	Elapsed: 69.898	Loglikelihood: -3.33413e+07	(delta): 836891
4 (QN/Block) 	Elapsed: 76.466	Loglikelihood: -3.26177e+07	(delta): 723624
5 (QN/Block) 	Elapsed: 76.219	Loglikelihood: -3.15235e+07	(delta): 1.0942e+06
6 (QN/Block) 	Elapsed: 73.739	Loglikelihood: -3.13426e+07	(delta): 180824
7 (QN/Block) 	Elapsed: 69.032	Loglikelihood: -3.1288e+07	(delta): 54632
8 (QN/Block) 	Elapsed: 71.216	Loglikelihood: -3.12491e+07	(delta): 38925.2
9 (QN/Block) 	Elapsed: 75.125	Loglikelihood: -3.1133e+07	(delta): 116036
10 (QN/Block) 	Elapsed: 75.096	Loglikelihood: -3.09848e+07	(delta): 148242
11 (QN/Block) 	Elapsed: 75.474	Loglikelihood: -3.09525e+07	(delta): 32283.9
12 (QN/Block) 	Elapsed: 70.713	Loglikelihood: -3.0936e+07	(delta): 16552.9
13 (QN/Block) 	Elapsed: 68.246	Loglikelihood: -3.09309e+07	(delta): 5057.91
14 (QN/Block) 	Elapsed: 72.875	Loglikelihood: -3.09297e+07	(delta): 1241.3
15 (QN/Block) 	Elapsed: 72.52	Loglikelihood: -3.09295e+07	(delta): 181.275
16 (QN/Block) 	Elapsed: 74.981	Loglikelihood: -3.09295e+07	(delta): 2.04107
17 (QN/Block) 	Elapsed: 67.964	Loglikelihood: -3.09295e+07	(delta): 0.0363645
18 (QN/Block) 	Elapsed: 75.194	Loglikelihood: -3.09295e+07	(delta): 0.0012165
19 (QN/Block) 	Elapsed: 68.273	Loglikelihood: -3.09295e+07	(delta): 0.000233073
20 (QN/Block) 	Elapsed: 68.331	Loglikelihood: -3.09295e+07	(delta): 2.31378e-05
Summary: 
Converged in 20 iterations (1617 sec)
Loglikelihood: -30929482.478794
Fst divergences between estimated populations: 
	Pop0	
Pop0	
Pop1	0.330	
CV error (K=2): 0.07277
Writing output files.
