****                   ADMIXTURE Version 1.3.0                  ****
****                    Copyright 2008-2015                     ****
****           David Alexander, Suyash Shringarpure,            ****
****                John  Novembre, Ken Lange                   ****
****                                                            ****
****                 Please cite our paper!                     ****
****   Information at www.genetics.ucla.edu/software/admixture  ****

Cross-validation will be performed.  Folds=5.
Random seed: 1235
Point estimation method: Block relaxation algorithm
Convergence acceleration algorithm: QuasiNewton, 3 secant conditions
Point estimation will terminate when objective function delta < 0.0001
Estimation of standard errors disabled; will compute point estimates only.
Size of G: 1762x190081
Performing five EM steps to prime main algorithm
1 (EM) 	Elapsed: 36.624	Loglikelihood: -3.84252e+07	(delta): 5.10452e+08
2 (EM) 	Elapsed: 24.276	Loglikelihood: -3.70041e+07	(delta): 1.42111e+06
3 (EM) 	Elapsed: 24.139	Loglikelihood: -3.67341e+07	(delta): 269973
4 (EM) 	Elapsed: 24.375	Loglikelihood: -3.65975e+07	(delta): 136634
5 (EM) 	Elapsed: 24.348	Loglikelihood: -3.6526e+07	(delta): 71552
Initial loglikelihood: -3.6526e+07
Starting main algorithm
1 (QN/Block) 	Elapsed: 65.797	Loglikelihood: -3.51453e+07	(delta): 1.38062e+06
2 (QN/Block) 	Elapsed: 65.173	Loglikelihood: -3.38737e+07	(delta): 1.27164e+06
3 (QN/Block) 	Elapsed: 69.458	Loglikelihood: -3.28768e+07	(delta): 996895
4 (QN/Block) 	Elapsed: 76.633	Loglikelihood: -3.22612e+07	(delta): 615563
5 (QN/Block) 	Elapsed: 75.979	Loglikelihood: -3.16793e+07	(delta): 581904
6 (QN/Block) 	Elapsed: 73.856	Loglikelihood: -3.16763e+07	(delta): 3080.61
7 (QN/Block) 	Elapsed: 73.435	Loglikelihood: -3.1184e+07	(delta): 492216
8 (QN/Block) 	Elapsed: 76.222	Loglikelihood: -3.10496e+07	(delta): 134426
9 (QN/Block) 	Elapsed: 71.223	Loglikelihood: -3.09553e+07	(delta): 94260
10 (QN/Block) 	Elapsed: 73.376	Loglikelihood: -3.09362e+07	(delta): 19166.7
11 (QN/Block) 	Elapsed: 69.181	Loglikelihood: -3.09312e+07	(delta): 5004.58
12 (QN/Block) 	Elapsed: 73.669	Loglikelihood: -3.09296e+07	(delta): 1622.24
13 (QN/Block) 	Elapsed: 76.174	Loglikelihood: -3.09295e+07	(delta): 73.074
14 (QN/Block) 	Elapsed: 73.831	Loglikelihood: -3.09295e+07	(delta): 0.583471
15 (QN/Block) 	Elapsed: 68.638	Loglikelihood: -3.09295e+07	(delta): 0.0137966
16 (QN/Block) 	Elapsed: 68.994	Loglikelihood: -3.09295e+07	(delta): 0.00271156
17 (QN/Block) 	Elapsed: 69.142	Loglikelihood: -3.09295e+07	(delta): 0.000532225
18 (QN/Block) 	Elapsed: 69.299	Loglikelihood: -3.09295e+07	(delta): 2.13347e-05
Summary: 
Converged in 18 iterations (1484.65 sec)
Loglikelihood: -30929482.490189
Fst divergences between estimated populations: 
	Pop0	
Pop0	
Pop1	0.330	
CV error (K=2): 0.07279
Writing output files.
