****                   ADMIXTURE Version 1.3.0                  ****
****                    Copyright 2008-2015                     ****
****           David Alexander, Suyash Shringarpure,            ****
****                John  Novembre, Ken Lange                   ****
****                                                            ****
****                 Please cite our paper!                     ****
****   Information at www.genetics.ucla.edu/software/admixture  ****

Cross-validation will be performed.  Folds=5.
Random seed: 1238
Point estimation method: Block relaxation algorithm
Convergence acceleration algorithm: QuasiNewton, 3 secant conditions
Point estimation will terminate when objective function delta < 0.0001
Estimation of standard errors disabled; will compute point estimates only.
Size of G: 1762x190081
Performing five EM steps to prime main algorithm
1 (EM) 	Elapsed: 24.393	Loglikelihood: -3.84245e+07	(delta): 5.13167e+08
2 (EM) 	Elapsed: 24.248	Loglikelihood: -3.69901e+07	(delta): 1.43437e+06
3 (EM) 	Elapsed: 24.222	Loglikelihood: -3.67177e+07	(delta): 272422
4 (EM) 	Elapsed: 24.186	Loglikelihood: -3.65857e+07	(delta): 131935
5 (EM) 	Elapsed: 24.285	Loglikelihood: -3.65206e+07	(delta): 65141.3
Initial loglikelihood: -3.65206e+07
Starting main algorithm
1 (QN/Block) 	Elapsed: 65.379	Loglikelihood: -3.48973e+07	(delta): 1.6233e+06
2 (QN/Block) 	Elapsed: 64.769	Loglikelihood: -3.37778e+07	(delta): 1.11946e+06
3 (QN/Block) 	Elapsed: 69.18	Loglikelihood: -3.32133e+07	(delta): 564491
4 (QN/Block) 	Elapsed: 76.12	Loglikelihood: -3.2376e+07	(delta): 837301
5 (QN/Block) 	Elapsed: 75.673	Loglikelihood: -3.15167e+07	(delta): 859373
6 (QN/Block) 	Elapsed: 75.663	Loglikelihood: -3.13556e+07	(delta): 161030
7 (QN/Block) 	Elapsed: 75.675	Loglikelihood: -3.12979e+07	(delta): 57765.7
8 (QN/Block) 	Elapsed: 70.72	Loglikelihood: -3.12619e+07	(delta): 35930.4
9 (QN/Block) 	Elapsed: 71.169	Loglikelihood: -3.12444e+07	(delta): 17555.9
10 (QN/Block) 	Elapsed: 69.106	Loglikelihood: -3.12137e+07	(delta): 30668.1
11 (QN/Block) 	Elapsed: 69.184	Loglikelihood: -3.10182e+07	(delta): 195555
12 (QN/Block) 	Elapsed: 71.579	Loglikelihood: -3.09497e+07	(delta): 68501
13 (QN/Block) 	Elapsed: 69.058	Loglikelihood: -3.0935e+07	(delta): 14706.1
14 (QN/Block) 	Elapsed: 69.127	Loglikelihood: -3.09302e+07	(delta): 4773.17
15 (QN/Block) 	Elapsed: 70.18	Loglikelihood: -3.09296e+07	(delta): 617.691
16 (QN/Block) 	Elapsed: 68.483	Loglikelihood: -3.09295e+07	(delta): 80.4325
17 (QN/Block) 	Elapsed: 75.053	Loglikelihood: -3.09295e+07	(delta): 6.43368
18 (QN/Block) 	Elapsed: 68.542	Loglikelihood: -3.09295e+07	(delta): 0.0477077
19 (QN/Block) 	Elapsed: 68.606	Loglikelihood: -3.09295e+07	(delta): 0.000894204
20 (QN/Block) 	Elapsed: 68.492	Loglikelihood: -3.09295e+07	(delta): 5.92768e-05
Summary: 
Converged in 20 iterations (1596.5 sec)
Loglikelihood: -30929482.484339
Fst divergences between estimated populations: 
	Pop0	
Pop0	
Pop1	0.330	
CV error (K=2): 0.07277
Writing output files.
