****                   ADMIXTURE Version 1.3.0                  ****
****                    Copyright 2008-2015                     ****
****           David Alexander, Suyash Shringarpure,            ****
****                John  Novembre, Ken Lange                   ****
****                                                            ****
****                 Please cite our paper!                     ****
****   Information at www.genetics.ucla.edu/software/admixture  ****

Cross-validation will be performed.  Folds=5.
Random seed: 1228
Point estimation method: Block relaxation algorithm
Convergence acceleration algorithm: QuasiNewton, 3 secant conditions
Point estimation will terminate when objective function delta < 0.0001
Estimation of standard errors disabled; will compute point estimates only.
Size of G: 1762x190081
Performing five EM steps to prime main algorithm
1 (EM) 	Elapsed: 34.976	Loglikelihood: -3.84291e+07	(delta): 5.11536e+08
2 (EM) 	Elapsed: 24.586	Loglikelihood: -3.70118e+07	(delta): 1.41732e+06
3 (EM) 	Elapsed: 24.199	Loglikelihood: -3.67392e+07	(delta): 272507
4 (EM) 	Elapsed: 24.278	Loglikelihood: -3.66026e+07	(delta): 136691
5 (EM) 	Elapsed: 24.338	Loglikelihood: -3.65321e+07	(delta): 70478.9
Initial loglikelihood: -3.65321e+07
Starting main algorithm
1 (QN/Block) 	Elapsed: 66.182	Loglikelihood: -3.41619e+07	(delta): 2.37016e+06
2 (QN/Block) 	Elapsed: 66.187	Loglikelihood: -3.30314e+07	(delta): 1.13056e+06
3 (QN/Block) 	Elapsed: 70.694	Loglikelihood: -3.22967e+07	(delta): 734656
4 (QN/Block) 	Elapsed: 77.885	Loglikelihood: -3.18195e+07	(delta): 477200
5 (QN/Block) 	Elapsed: 72.635	Loglikelihood: -3.14931e+07	(delta): 326441
6 (QN/Block) 	Elapsed: 76.608	Loglikelihood: -3.13908e+07	(delta): 102287
7 (QN/Block) 	Elapsed: 74.406	Loglikelihood: -3.13258e+07	(delta): 64968.2
8 (QN/Block) 	Elapsed: 74.098	Loglikelihood: -3.12883e+07	(delta): 37461.3
9 (QN/Block) 	Elapsed: 74.476	Loglikelihood: -3.12529e+07	(delta): 35437.5
10 (QN/Block) 	Elapsed: 69.41	Loglikelihood: -3.12285e+07	(delta): 24391
11 (QN/Block) 	Elapsed: 76.249	Loglikelihood: -3.10974e+07	(delta): 131078
12 (QN/Block) 	Elapsed: 69.481	Loglikelihood: -3.09657e+07	(delta): 131745
13 (QN/Block) 	Elapsed: 73.566	Loglikelihood: -3.09389e+07	(delta): 26779.6
14 (QN/Block) 	Elapsed: 69.194	Loglikelihood: -3.0931e+07	(delta): 7951.82
15 (QN/Block) 	Elapsed: 69.106	Loglikelihood: -3.09298e+07	(delta): 1174.54
16 (QN/Block) 	Elapsed: 69.06	Loglikelihood: -3.09295e+07	(delta): 249.914
17 (QN/Block) 	Elapsed: 73.642	Loglikelihood: -3.09295e+07	(delta): 54.1996
18 (QN/Block) 	Elapsed: 75.936	Loglikelihood: -3.09295e+07	(delta): 3.14062
19 (QN/Block) 	Elapsed: 76.158	Loglikelihood: -3.09295e+07	(delta): 0.0138533
20 (QN/Block) 	Elapsed: 71.303	Loglikelihood: -3.09295e+07	(delta): 0.00263362
21 (QN/Block) 	Elapsed: 68.894	Loglikelihood: -3.09295e+07	(delta): 0.000198863
22 (QN/Block) 	Elapsed: 66.607	Loglikelihood: -3.09295e+07	(delta): 4.57279e-05
Summary: 
Converged in 22 iterations (1784.32 sec)
Loglikelihood: -30929482.480350
Fst divergences between estimated populations: 
	Pop0	
Pop0	
Pop1	0.330	
CV error (K=2): 0.07277
Writing output files.
