****                   ADMIXTURE Version 1.3.0                  ****
****                    Copyright 2008-2015                     ****
****           David Alexander, Suyash Shringarpure,            ****
****                John  Novembre, Ken Lange                   ****
****                                                            ****
****                 Please cite our paper!                     ****
****   Information at www.genetics.ucla.edu/software/admixture  ****

Cross-validation will be performed.  Folds=5.
Random seed: 1209
Point estimation method: Block relaxation algorithm
Convergence acceleration algorithm: QuasiNewton, 3 secant conditions
Point estimation will terminate when objective function delta < 0.0001
Estimation of standard errors disabled; will compute point estimates only.
Size of G: 1762x190081
Performing five EM steps to prime main algorithm
1 (EM) 	Elapsed: 24.942	Loglikelihood: -3.83578e+07	(delta): 5.12436e+08
2 (EM) 	Elapsed: 24.777	Loglikelihood: -3.69875e+07	(delta): 1.37036e+06
3 (EM) 	Elapsed: 24.84	Loglikelihood: -3.67236e+07	(delta): 263904
4 (EM) 	Elapsed: 24.826	Loglikelihood: -3.65926e+07	(delta): 130995
5 (EM) 	Elapsed: 24.687	Loglikelihood: -3.6526e+07	(delta): 66556.6
Initial loglikelihood: -3.6526e+07
Starting main algorithm
1 (QN/Block) 	Elapsed: 65.726	Loglikelihood: -3.42517e+07	(delta): 2.27427e+06
2 (QN/Block) 	Elapsed: 65.517	Loglikelihood: -3.29478e+07	(delta): 1.3039e+06
3 (QN/Block) 	Elapsed: 70.188	Loglikelihood: -3.22212e+07	(delta): 726627
4 (QN/Block) 	Elapsed: 76.511	Loglikelihood: -3.14974e+07	(delta): 723773
5 (QN/Block) 	Elapsed: 76.606	Loglikelihood: -3.10412e+07	(delta): 456248
6 (QN/Block) 	Elapsed: 76.468	Loglikelihood: -3.09847e+07	(delta): 56520.7
7 (QN/Block) 	Elapsed: 74.565	Loglikelihood: -3.09484e+07	(delta): 36303.5
8 (QN/Block) 	Elapsed: 76.539	Loglikelihood: -3.09334e+07	(delta): 14957.6
9 (QN/Block) 	Elapsed: 69.522	Loglikelihood: -3.09301e+07	(delta): 3334.06
10 (QN/Block) 	Elapsed: 72.125	Loglikelihood: -3.09295e+07	(delta): 561.808
11 (QN/Block) 	Elapsed: 76.421	Loglikelihood: -3.09295e+07	(delta): 21.7223
12 (QN/Block) 	Elapsed: 69.4	Loglikelihood: -3.09295e+07	(delta): 0.840805
13 (QN/Block) 	Elapsed: 69.598	Loglikelihood: -3.09295e+07	(delta): 0.0233099
14 (QN/Block) 	Elapsed: 69.436	Loglikelihood: -3.09295e+07	(delta): 0.00176512
15 (QN/Block) 	Elapsed: 69.394	Loglikelihood: -3.09295e+07	(delta): 0.000232823
16 (QN/Block) 	Elapsed: 69.523	Loglikelihood: -3.09295e+07	(delta): 7.67037e-06
Summary: 
Converged in 16 iterations (1325.93 sec)
Loglikelihood: -30929482.478162
Fst divergences between estimated populations: 
	Pop0	
Pop0	
Pop1	0.330	
CV error (K=2): 0.07277
Writing output files.
